[1.347s] Invoking command in '/home/jasurbek/ros2_ws/build/examples_rclpy_minimal_publisher': PYTHONPATH=/home/jasurbek/ros2_ws/install/examples_rclpy_minimal_publisher/lib/python3.10/site-packages:${PYTHONPATH} /usr/bin/python3 setup.py develop --prefix /home/jasurbek/ros2_ws/install/examples_rclpy_minimal_publisher --editable --build-directory /home/jasurbek/ros2_ws/build/examples_rclpy_minimal_publisher/build --no-deps install_data --install-dir /home/jasurbek/ros2_ws/install/examples_rclpy_minimal_publisher
[1.999s] running develop
[1.999s] /usr/lib/python3/dist-packages/setuptools/command/easy_install.py:158: EasyInstallDeprecationWarning: easy_install command is deprecated. Use build and pip and other standards-based tools.
[1.999s]   warnings.warn(
[2.003s] /usr/lib/python3/dist-packages/setuptools/command/install.py:34: SetuptoolsDeprecationWarning: setup.py install is deprecated. Use build and pip and other standards-based tools.
[2.003s]   warnings.warn(
[2.173s] /usr/lib/python3/dist-packages/pkg_resources/__init__.py:116: PkgResourcesDeprecationWarning: 1.1build1 is an invalid version and will not be supported in a future release
[2.173s]   warnings.warn(
[2.173s] /usr/lib/python3/dist-packages/pkg_resources/__init__.py:116: PkgResourcesDeprecationWarning: 0.1.43ubuntu1 is an invalid version and will not be supported in a future release
[2.174s]   warnings.warn(
[2.437s] running egg_info
[2.437s] creating examples_rclpy_minimal_publisher.egg-info
[2.438s] writing examples_rclpy_minimal_publisher.egg-info/PKG-INFO
[2.438s] writing dependency_links to examples_rclpy_minimal_publisher.egg-info/dependency_links.txt
[2.439s] writing entry points to examples_rclpy_minimal_publisher.egg-info/entry_points.txt
[2.440s] writing requirements to examples_rclpy_minimal_publisher.egg-info/requires.txt
[2.440s] writing top-level names to examples_rclpy_minimal_publisher.egg-info/top_level.txt
[2.441s] writing manifest file 'examples_rclpy_minimal_publisher.egg-info/SOURCES.txt'
[2.445s] reading manifest file 'examples_rclpy_minimal_publisher.egg-info/SOURCES.txt'
[2.447s] writing manifest file 'examples_rclpy_minimal_publisher.egg-info/SOURCES.txt'
[2.450s] running build_ext
[2.451s] Creating /home/jasurbek/ros2_ws/install/examples_rclpy_minimal_publisher/lib/python3.10/site-packages/examples-rclpy-minimal-publisher.egg-link (link to .)
[2.453s] Installing publisher_local_function script to /home/jasurbek/ros2_ws/install/examples_rclpy_minimal_publisher/lib/examples_rclpy_minimal_publisher
[2.453s] Installing publisher_member_function script to /home/jasurbek/ros2_ws/install/examples_rclpy_minimal_publisher/lib/examples_rclpy_minimal_publisher
[2.453s] Installing publisher_old_school script to /home/jasurbek/ros2_ws/install/examples_rclpy_minimal_publisher/lib/examples_rclpy_minimal_publisher
[2.454s] 
[2.454s] Installed /home/jasurbek/ros2_ws/build/examples_rclpy_minimal_publisher
[2.455s] running install_data
[2.455s] creating /home/jasurbek/ros2_ws/install/examples_rclpy_minimal_publisher/share/ament_index
[2.455s] creating /home/jasurbek/ros2_ws/install/examples_rclpy_minimal_publisher/share/ament_index/resource_index
[2.456s] creating /home/jasurbek/ros2_ws/install/examples_rclpy_minimal_publisher/share/ament_index/resource_index/packages
[2.456s] copying resource/examples_rclpy_minimal_publisher -> /home/jasurbek/ros2_ws/install/examples_rclpy_minimal_publisher/share/ament_index/resource_index/packages
[2.456s] copying package.xml -> /home/jasurbek/ros2_ws/install/examples_rclpy_minimal_publisher/share/examples_rclpy_minimal_publisher
[2.530s] Invoked command in '/home/jasurbek/ros2_ws/build/examples_rclpy_minimal_publisher' returned '0': PYTHONPATH=/home/jasurbek/ros2_ws/install/examples_rclpy_minimal_publisher/lib/python3.10/site-packages:${PYTHONPATH} /usr/bin/python3 setup.py develop --prefix /home/jasurbek/ros2_ws/install/examples_rclpy_minimal_publisher --editable --build-directory /home/jasurbek/ros2_ws/build/examples_rclpy_minimal_publisher/build --no-deps install_data --install-dir /home/jasurbek/ros2_ws/install/examples_rclpy_minimal_publisher
