[0.866s] Invoking command in '/home/jasurbek/ros2_ws/src/py_pubsub': PYTHONPATH=/home/jasurbek/ros2_ws/src/install/py_pubsub/lib/python3.10/site-packages:${PYTHONPATH} /usr/bin/python3 setup.py egg_info --egg-base ../build/py_pubsub build --build-base /home/jasurbek/ros2_ws/src/build/py_pubsub/build install --prefix /home/jasurbek/ros2_ws/src/install/py_pubsub --record /home/jasurbek/ros2_ws/src/build/py_pubsub/install.log --single-version-externally-managed
[1.204s] running egg_info
[1.205s] writing ../build/py_pubsub/py_pubsub.egg-info/PKG-INFO
[1.206s] writing dependency_links to ../build/py_pubsub/py_pubsub.egg-info/dependency_links.txt
[1.207s] writing entry points to ../build/py_pubsub/py_pubsub.egg-info/entry_points.txt
[1.207s] writing requirements to ../build/py_pubsub/py_pubsub.egg-info/requires.txt
[1.207s] writing top-level names to ../build/py_pubsub/py_pubsub.egg-info/top_level.txt
[1.210s] reading manifest file '../build/py_pubsub/py_pubsub.egg-info/SOURCES.txt'
[1.211s] writing manifest file '../build/py_pubsub/py_pubsub.egg-info/SOURCES.txt'
[1.211s] running build
[1.212s] running build_py
[1.212s] copying py_pubsub/subscriber_member_function.py -> /home/jasurbek/ros2_ws/src/build/py_pubsub/build/lib/py_pubsub
[1.212s] copying py_pubsub/publisher_member_function.py -> /home/jasurbek/ros2_ws/src/build/py_pubsub/build/lib/py_pubsub
[1.213s] running install
[1.213s] /usr/lib/python3/dist-packages/setuptools/command/install.py:34: SetuptoolsDeprecationWarning: setup.py install is deprecated. Use build and pip and other standards-based tools.
[1.213s]   warnings.warn(
[1.213s] running install_lib
[1.214s] copying /home/jasurbek/ros2_ws/src/build/py_pubsub/build/lib/py_pubsub/subscriber_member_function.py -> /home/jasurbek/ros2_ws/src/install/py_pubsub/lib/python3.10/site-packages/py_pubsub
[1.215s] copying /home/jasurbek/ros2_ws/src/build/py_pubsub/build/lib/py_pubsub/publisher_member_function.py -> /home/jasurbek/ros2_ws/src/install/py_pubsub/lib/python3.10/site-packages/py_pubsub
[1.215s] byte-compiling /home/jasurbek/ros2_ws/src/install/py_pubsub/lib/python3.10/site-packages/py_pubsub/subscriber_member_function.py to subscriber_member_function.cpython-310.pyc
[1.217s] byte-compiling /home/jasurbek/ros2_ws/src/install/py_pubsub/lib/python3.10/site-packages/py_pubsub/publisher_member_function.py to publisher_member_function.cpython-310.pyc
[1.217s] running install_data
[1.218s] running install_egg_info
[1.220s] removing '/home/jasurbek/ros2_ws/src/install/py_pubsub/lib/python3.10/site-packages/py_pubsub-0.0.0-py3.10.egg-info' (and everything under it)
[1.221s] Copying ../build/py_pubsub/py_pubsub.egg-info to /home/jasurbek/ros2_ws/src/install/py_pubsub/lib/python3.10/site-packages/py_pubsub-0.0.0-py3.10.egg-info
[1.222s] running install_scripts
[1.251s] Installing listener script to /home/jasurbek/ros2_ws/src/install/py_pubsub/lib/py_pubsub
[1.251s] Installing talker script to /home/jasurbek/ros2_ws/src/install/py_pubsub/lib/py_pubsub
[1.252s] writing list of installed files to '/home/jasurbek/ros2_ws/src/build/py_pubsub/install.log'
[1.286s] Invoked command in '/home/jasurbek/ros2_ws/src/py_pubsub' returned '0': PYTHONPATH=/home/jasurbek/ros2_ws/src/install/py_pubsub/lib/python3.10/site-packages:${PYTHONPATH} /usr/bin/python3 setup.py egg_info --egg-base ../build/py_pubsub build --build-base /home/jasurbek/ros2_ws/src/build/py_pubsub/build install --prefix /home/jasurbek/ros2_ws/src/install/py_pubsub --record /home/jasurbek/ros2_ws/src/build/py_pubsub/install.log --single-version-externally-managed
