[1.547s] Invoking command in '/home/jasurbek/ros2_ws/src/examples/rclpy/topics/pointcloud_publisher': PYTHONPATH=/home/jasurbek/ros2_ws/src/install/examples_rclpy_pointcloud_publisher/lib/python3.10/site-packages:${PYTHONPATH} /usr/bin/python3 setup.py egg_info --egg-base ../../../../build/examples_rclpy_pointcloud_publisher build --build-base /home/jasurbek/ros2_ws/src/build/examples_rclpy_pointcloud_publisher/build install --prefix /home/jasurbek/ros2_ws/src/install/examples_rclpy_pointcloud_publisher --record /home/jasurbek/ros2_ws/src/build/examples_rclpy_pointcloud_publisher/install.log --single-version-externally-managed
[2.150s] running egg_info
[2.151s] creating ../../../../build/examples_rclpy_pointcloud_publisher/examples_rclpy_pointcloud_publisher.egg-info
[2.152s] writing ../../../../build/examples_rclpy_pointcloud_publisher/examples_rclpy_pointcloud_publisher.egg-info/PKG-INFO
[2.152s] writing dependency_links to ../../../../build/examples_rclpy_pointcloud_publisher/examples_rclpy_pointcloud_publisher.egg-info/dependency_links.txt
[2.153s] writing entry points to ../../../../build/examples_rclpy_pointcloud_publisher/examples_rclpy_pointcloud_publisher.egg-info/entry_points.txt
[2.153s] writing requirements to ../../../../build/examples_rclpy_pointcloud_publisher/examples_rclpy_pointcloud_publisher.egg-info/requires.txt
[2.154s] writing top-level names to ../../../../build/examples_rclpy_pointcloud_publisher/examples_rclpy_pointcloud_publisher.egg-info/top_level.txt
[2.154s] writing manifest file '../../../../build/examples_rclpy_pointcloud_publisher/examples_rclpy_pointcloud_publisher.egg-info/SOURCES.txt'
[2.157s] reading manifest file '../../../../build/examples_rclpy_pointcloud_publisher/examples_rclpy_pointcloud_publisher.egg-info/SOURCES.txt'
[2.159s] writing manifest file '../../../../build/examples_rclpy_pointcloud_publisher/examples_rclpy_pointcloud_publisher.egg-info/SOURCES.txt'
[2.160s] running build
[2.160s] running build_py
[2.160s] creating /home/jasurbek/ros2_ws/src/build/examples_rclpy_pointcloud_publisher/build
[2.161s] creating /home/jasurbek/ros2_ws/src/build/examples_rclpy_pointcloud_publisher/build/lib
[2.161s] creating /home/jasurbek/ros2_ws/src/build/examples_rclpy_pointcloud_publisher/build/lib/examples_rclpy_pointcloud_publisher
[2.161s] copying examples_rclpy_pointcloud_publisher/pointcloud_publisher.py -> /home/jasurbek/ros2_ws/src/build/examples_rclpy_pointcloud_publisher/build/lib/examples_rclpy_pointcloud_publisher
[2.162s] copying examples_rclpy_pointcloud_publisher/__init__.py -> /home/jasurbek/ros2_ws/src/build/examples_rclpy_pointcloud_publisher/build/lib/examples_rclpy_pointcloud_publisher
[2.163s] running install
[2.163s] /usr/lib/python3/dist-packages/setuptools/command/install.py:34: SetuptoolsDeprecationWarning: setup.py install is deprecated. Use build and pip and other standards-based tools.
[2.163s]   warnings.warn(
[2.164s] running install_lib
[2.166s] creating /home/jasurbek/ros2_ws/src/install/examples_rclpy_pointcloud_publisher/lib/python3.10/site-packages/examples_rclpy_pointcloud_publisher
[2.166s] copying /home/jasurbek/ros2_ws/src/build/examples_rclpy_pointcloud_publisher/build/lib/examples_rclpy_pointcloud_publisher/pointcloud_publisher.py -> /home/jasurbek/ros2_ws/src/install/examples_rclpy_pointcloud_publisher/lib/python3.10/site-packages/examples_rclpy_pointcloud_publisher
[2.166s] copying /home/jasurbek/ros2_ws/src/build/examples_rclpy_pointcloud_publisher/build/lib/examples_rclpy_pointcloud_publisher/__init__.py -> /home/jasurbek/ros2_ws/src/install/examples_rclpy_pointcloud_publisher/lib/python3.10/site-packages/examples_rclpy_pointcloud_publisher
[2.168s] byte-compiling /home/jasurbek/ros2_ws/src/install/examples_rclpy_pointcloud_publisher/lib/python3.10/site-packages/examples_rclpy_pointcloud_publisher/pointcloud_publisher.py to pointcloud_publisher.cpython-310.pyc
[2.170s] byte-compiling /home/jasurbek/ros2_ws/src/install/examples_rclpy_pointcloud_publisher/lib/python3.10/site-packages/examples_rclpy_pointcloud_publisher/__init__.py to __init__.cpython-310.pyc
[2.170s] running install_data
[2.171s] creating /home/jasurbek/ros2_ws/src/install/examples_rclpy_pointcloud_publisher/share/ament_index
[2.171s] creating /home/jasurbek/ros2_ws/src/install/examples_rclpy_pointcloud_publisher/share/ament_index/resource_index
[2.172s] creating /home/jasurbek/ros2_ws/src/install/examples_rclpy_pointcloud_publisher/share/ament_index/resource_index/packages
[2.172s] copying resource/examples_rclpy_pointcloud_publisher -> /home/jasurbek/ros2_ws/src/install/examples_rclpy_pointcloud_publisher/share/ament_index/resource_index/packages
[2.173s] copying package.xml -> /home/jasurbek/ros2_ws/src/install/examples_rclpy_pointcloud_publisher/share/examples_rclpy_pointcloud_publisher
[2.174s] running install_egg_info
[2.178s] Copying ../../../../build/examples_rclpy_pointcloud_publisher/examples_rclpy_pointcloud_publisher.egg-info to /home/jasurbek/ros2_ws/src/install/examples_rclpy_pointcloud_publisher/lib/python3.10/site-packages/examples_rclpy_pointcloud_publisher-0.16.1-py3.10.egg-info
[2.181s] running install_scripts
[2.228s] Installing pointcloud_publisher script to /home/jasurbek/ros2_ws/src/install/examples_rclpy_pointcloud_publisher/lib/examples_rclpy_pointcloud_publisher
[2.229s] writing list of installed files to '/home/jasurbek/ros2_ws/src/build/examples_rclpy_pointcloud_publisher/install.log'
[2.275s] Invoked command in '/home/jasurbek/ros2_ws/src/examples/rclpy/topics/pointcloud_publisher' returned '0': PYTHONPATH=/home/jasurbek/ros2_ws/src/install/examples_rclpy_pointcloud_publisher/lib/python3.10/site-packages:${PYTHONPATH} /usr/bin/python3 setup.py egg_info --egg-base ../../../../build/examples_rclpy_pointcloud_publisher build --build-base /home/jasurbek/ros2_ws/src/build/examples_rclpy_pointcloud_publisher/build install --prefix /home/jasurbek/ros2_ws/src/install/examples_rclpy_pointcloud_publisher --record /home/jasurbek/ros2_ws/src/build/examples_rclpy_pointcloud_publisher/install.log --single-version-externally-managed
