[0.752s] Invoking command in '/home/jasurbek/ros2_ws/src/py_pubsub': PYTHONPATH=/home/jasurbek/ros2_ws/install/py_pubsub/lib/python3.10/site-packages:${PYTHONPATH} /usr/bin/python3 setup.py egg_info --egg-base ../../build/py_pubsub build --build-base /home/jasurbek/ros2_ws/build/py_pubsub/build install --prefix /home/jasurbek/ros2_ws/install/py_pubsub --record /home/jasurbek/ros2_ws/build/py_pubsub/install.log --single-version-externally-managed
[1.060s] running egg_info
[1.061s] writing ../../build/py_pubsub/py_pubsub.egg-info/PKG-INFO
[1.064s] writing dependency_links to ../../build/py_pubsub/py_pubsub.egg-info/dependency_links.txt
[1.065s] writing entry points to ../../build/py_pubsub/py_pubsub.egg-info/entry_points.txt
[1.065s] writing requirements to ../../build/py_pubsub/py_pubsub.egg-info/requires.txt
[1.066s] writing top-level names to ../../build/py_pubsub/py_pubsub.egg-info/top_level.txt
[1.068s] reading manifest file '../../build/py_pubsub/py_pubsub.egg-info/SOURCES.txt'
[1.069s] writing manifest file '../../build/py_pubsub/py_pubsub.egg-info/SOURCES.txt'
[1.069s] running build
[1.069s] running build_py
[1.070s] running install
[1.071s] /usr/lib/python3/dist-packages/setuptools/command/install.py:34: SetuptoolsDeprecationWarning: setup.py install is deprecated. Use build and pip and other standards-based tools.
[1.071s]   warnings.warn(
[1.071s] running install_lib
[1.073s] running install_data
[1.073s] running install_egg_info
[1.075s] removing '/home/jasurbek/ros2_ws/install/py_pubsub/lib/python3.10/site-packages/py_pubsub-0.0.0-py3.10.egg-info' (and everything under it)
[1.075s] Copying ../../build/py_pubsub/py_pubsub.egg-info to /home/jasurbek/ros2_ws/install/py_pubsub/lib/python3.10/site-packages/py_pubsub-0.0.0-py3.10.egg-info
[1.076s] running install_scripts
[1.101s] Installing listener script to /home/jasurbek/ros2_ws/install/py_pubsub/lib/py_pubsub
[1.102s] Installing talker script to /home/jasurbek/ros2_ws/install/py_pubsub/lib/py_pubsub
[1.103s] writing list of installed files to '/home/jasurbek/ros2_ws/build/py_pubsub/install.log'
[1.132s] Invoked command in '/home/jasurbek/ros2_ws/src/py_pubsub' returned '0': PYTHONPATH=/home/jasurbek/ros2_ws/install/py_pubsub/lib/python3.10/site-packages:${PYTHONPATH} /usr/bin/python3 setup.py egg_info --egg-base ../../build/py_pubsub build --build-base /home/jasurbek/ros2_ws/build/py_pubsub/build install --prefix /home/jasurbek/ros2_ws/install/py_pubsub --record /home/jasurbek/ros2_ws/build/py_pubsub/install.log --single-version-externally-managed
