[1.248s] Invoking command in '/home/jasurbek/ros2_ws/build/examples_rclpy_pointcloud_publisher': PYTHONPATH=/home/jasurbek/ros2_ws/install/examples_rclpy_pointcloud_publisher/lib/python3.10/site-packages:${PYTHONPATH} /usr/bin/python3 setup.py develop --prefix /home/jasurbek/ros2_ws/install/examples_rclpy_pointcloud_publisher --editable --build-directory /home/jasurbek/ros2_ws/build/examples_rclpy_pointcloud_publisher/build --no-deps install_data --install-dir /home/jasurbek/ros2_ws/install/examples_rclpy_pointcloud_publisher
[1.819s] running develop
[1.820s] /usr/lib/python3/dist-packages/setuptools/command/easy_install.py:158: EasyInstallDeprecationWarning: easy_install command is deprecated. Use build and pip and other standards-based tools.
[1.820s]   warnings.warn(
[1.824s] /usr/lib/python3/dist-packages/setuptools/command/install.py:34: SetuptoolsDeprecationWarning: setup.py install is deprecated. Use build and pip and other standards-based tools.
[1.824s]   warnings.warn(
[1.960s] /usr/lib/python3/dist-packages/pkg_resources/__init__.py:116: PkgResourcesDeprecationWarning: 1.1build1 is an invalid version and will not be supported in a future release
[1.960s]   warnings.warn(
[1.963s] /usr/lib/python3/dist-packages/pkg_resources/__init__.py:116: PkgResourcesDeprecationWarning: 0.1.43ubuntu1 is an invalid version and will not be supported in a future release
[1.963s]   warnings.warn(
[2.198s] running egg_info
[2.199s] creating examples_rclpy_pointcloud_publisher.egg-info
[2.200s] writing examples_rclpy_pointcloud_publisher.egg-info/PKG-INFO
[2.201s] writing dependency_links to examples_rclpy_pointcloud_publisher.egg-info/dependency_links.txt
[2.202s] writing entry points to examples_rclpy_pointcloud_publisher.egg-info/entry_points.txt
[2.202s] writing requirements to examples_rclpy_pointcloud_publisher.egg-info/requires.txt
[2.203s] writing top-level names to examples_rclpy_pointcloud_publisher.egg-info/top_level.txt
[2.204s] writing manifest file 'examples_rclpy_pointcloud_publisher.egg-info/SOURCES.txt'
[2.209s] reading manifest file 'examples_rclpy_pointcloud_publisher.egg-info/SOURCES.txt'
[2.211s] writing manifest file 'examples_rclpy_pointcloud_publisher.egg-info/SOURCES.txt'
[2.215s] running build_ext
[2.216s] Creating /home/jasurbek/ros2_ws/install/examples_rclpy_pointcloud_publisher/lib/python3.10/site-packages/examples-rclpy-pointcloud-publisher.egg-link (link to .)
[2.219s] Installing pointcloud_publisher script to /home/jasurbek/ros2_ws/install/examples_rclpy_pointcloud_publisher/lib/examples_rclpy_pointcloud_publisher
[2.220s] 
[2.220s] Installed /home/jasurbek/ros2_ws/build/examples_rclpy_pointcloud_publisher
[2.221s] running install_data
[2.221s] creating /home/jasurbek/ros2_ws/install/examples_rclpy_pointcloud_publisher/share/ament_index
[2.222s] creating /home/jasurbek/ros2_ws/install/examples_rclpy_pointcloud_publisher/share/ament_index/resource_index
[2.222s] creating /home/jasurbek/ros2_ws/install/examples_rclpy_pointcloud_publisher/share/ament_index/resource_index/packages
[2.223s] copying resource/examples_rclpy_pointcloud_publisher -> /home/jasurbek/ros2_ws/install/examples_rclpy_pointcloud_publisher/share/ament_index/resource_index/packages
[2.224s] copying package.xml -> /home/jasurbek/ros2_ws/install/examples_rclpy_pointcloud_publisher/share/examples_rclpy_pointcloud_publisher
[2.279s] Invoked command in '/home/jasurbek/ros2_ws/build/examples_rclpy_pointcloud_publisher' returned '0': PYTHONPATH=/home/jasurbek/ros2_ws/install/examples_rclpy_pointcloud_publisher/lib/python3.10/site-packages:${PYTHONPATH} /usr/bin/python3 setup.py develop --prefix /home/jasurbek/ros2_ws/install/examples_rclpy_pointcloud_publisher --editable --build-directory /home/jasurbek/ros2_ws/build/examples_rclpy_pointcloud_publisher/build --no-deps install_data --install-dir /home/jasurbek/ros2_ws/install/examples_rclpy_pointcloud_publisher
