[0.021s] Invoking command in '/home/jasurbek/ros2_ws/build/examples_rclcpp_minimal_timer': CMAKE_PREFIX_PATH=/opt/ros/humble /usr/bin/cmake /home/jasurbek/ros2_ws/src/examples/rclcpp/timers/minimal_timer -DAMENT_CMAKE_SYMLINK_INSTALL=1 -DCMAKE_INSTALL_PREFIX=/home/jasurbek/ros2_ws/install/examples_rclcpp_minimal_timer
[0.146s] -- The C compiler identification is GNU 11.2.0
[0.258s] -- The CXX compiler identification is GNU 11.2.0
[0.274s] -- Detecting C compiler ABI info
[0.409s] -- Detecting C compiler ABI info - done
[0.430s] -- Check for working C compiler: /usr/bin/cc - skipped
[0.431s] -- Detecting C compile features
[0.432s] -- Detecting C compile features - done
[0.440s] -- Detecting CXX compiler ABI info
[0.581s] -- Detecting CXX compiler ABI info - done
[0.594s] -- Check for working CXX compiler: /usr/bin/c++ - skipped
[0.594s] -- Detecting CXX compile features
[0.595s] -- Detecting CXX compile features - done
[0.600s] -- Found ament_cmake: 1.3.2 (/opt/ros/humble/share/ament_cmake/cmake)
[0.996s] -- Found Python3: /usr/bin/python3.10 (found version "3.10.6") found components: Interpreter 
[1.155s] -- Override CMake install command with custom implementation using symlinks instead of copying resources
[1.209s] -- Found rclcpp: 16.0.1 (/opt/ros/humble/share/rclcpp/cmake)
[1.331s] -- Found rosidl_generator_c: 3.1.3 (/opt/ros/humble/share/rosidl_generator_c/cmake)
[1.343s] -- Found rosidl_adapter: 3.1.3 (/opt/ros/humble/share/rosidl_adapter/cmake)
[1.365s] -- Found rosidl_generator_cpp: 3.1.3 (/opt/ros/humble/share/rosidl_generator_cpp/cmake)
[1.401s] -- Using all available rosidl_typesupport_c: rosidl_typesupport_fastrtps_c;rosidl_typesupport_introspection_c
[1.452s] -- Using all available rosidl_typesupport_cpp: rosidl_typesupport_fastrtps_cpp;rosidl_typesupport_introspection_cpp
[1.654s] -- Found rmw_implementation_cmake: 6.1.0 (/opt/ros/humble/share/rmw_implementation_cmake/cmake)
[1.659s] -- Found rmw_fastrtps_cpp: 6.2.1 (/opt/ros/humble/share/rmw_fastrtps_cpp/cmake)
[1.866s] -- Found OpenSSL: /usr/lib/x86_64-linux-gnu/libcrypto.so (found version "3.0.2")  
[1.918s] -- Found FastRTPS: /opt/ros/humble/include  
[2.018s] -- Using RMW implementation 'rmw_fastrtps_cpp' as default
[2.458s] -- Found ament_lint_auto: 0.12.4 (/opt/ros/humble/share/ament_lint_auto/cmake)
[2.612s] -- Added test 'copyright' to check source files copyright and LICENSE
[2.613s] -- Added test 'cppcheck' to perform static code analysis on C / C++ code
[2.613s] -- Configured cppcheck include dirs: 
[2.614s] -- Configured cppcheck exclude dirs and/or files: 
[2.614s] -- Added test 'cpplint' to check C / C++ code against the Google style
[2.615s] -- Configured cpplint exclude dirs and/or files: 
[2.615s] -- Added test 'lint_cmake' to check CMake code style
[2.616s] -- Added test 'uncrustify' to check C / C++ code style
[2.617s] -- Configured uncrustify additional arguments: 
[2.617s] -- Added test 'xmllint' to check XML markup files
[2.620s] -- Configuring done
[2.647s] -- Generating done
[2.650s] -- Build files have been written to: /home/jasurbek/ros2_ws/build/examples_rclcpp_minimal_timer
[2.672s] Invoked command in '/home/jasurbek/ros2_ws/build/examples_rclcpp_minimal_timer' returned '0': CMAKE_PREFIX_PATH=/opt/ros/humble /usr/bin/cmake /home/jasurbek/ros2_ws/src/examples/rclcpp/timers/minimal_timer -DAMENT_CMAKE_SYMLINK_INSTALL=1 -DCMAKE_INSTALL_PREFIX=/home/jasurbek/ros2_ws/install/examples_rclcpp_minimal_timer
[2.673s] Invoking command in '/home/jasurbek/ros2_ws/build/examples_rclcpp_minimal_timer': CMAKE_PREFIX_PATH=/opt/ros/humble /usr/bin/cmake --build /home/jasurbek/ros2_ws/build/examples_rclcpp_minimal_timer -- -j2 -l2
[2.770s] [ 25%] [32mBuilding CXX object CMakeFiles/timer_lambda.dir/lambda.cpp.o[0m
[9.407s] [ 50%] [32m[1mLinking CXX executable timer_lambda[0m
[9.605s] [ 50%] Built target timer_lambda
[9.636s] [ 75%] [32mBuilding CXX object CMakeFiles/timer_member_function.dir/member_function.cpp.o[0m
[16.361s] [100%] [32m[1mLinking CXX executable timer_member_function[0m
[16.565s] [100%] Built target timer_member_function
[16.585s] Invoked command in '/home/jasurbek/ros2_ws/build/examples_rclcpp_minimal_timer' returned '0': CMAKE_PREFIX_PATH=/opt/ros/humble /usr/bin/cmake --build /home/jasurbek/ros2_ws/build/examples_rclcpp_minimal_timer -- -j2 -l2
[16.630s] Invoking command in '/home/jasurbek/ros2_ws/build/examples_rclcpp_minimal_timer': CMAKE_PREFIX_PATH=/opt/ros/humble /usr/bin/cmake --install /home/jasurbek/ros2_ws/build/examples_rclcpp_minimal_timer
[16.640s] -- Install configuration: ""
[16.642s] -- Execute custom install script
[16.643s] -- Symlinking: /home/jasurbek/ros2_ws/install/examples_rclcpp_minimal_timer/lib/examples_rclcpp_minimal_timer/timer_lambda
[16.659s] -- Symlinking: /home/jasurbek/ros2_ws/install/examples_rclcpp_minimal_timer/lib/examples_rclcpp_minimal_timer/timer_member_function
[16.670s] -- Symlinking: /home/jasurbek/ros2_ws/install/examples_rclcpp_minimal_timer/share/ament_index/resource_index/package_run_dependencies/examples_rclcpp_minimal_timer
[16.687s] -- Symlinking: /home/jasurbek/ros2_ws/install/examples_rclcpp_minimal_timer/share/ament_index/resource_index/parent_prefix_path/examples_rclcpp_minimal_timer
[16.705s] -- Symlinking: /home/jasurbek/ros2_ws/install/examples_rclcpp_minimal_timer/share/examples_rclcpp_minimal_timer/environment/ament_prefix_path.sh
[16.721s] -- Symlinking: /home/jasurbek/ros2_ws/install/examples_rclcpp_minimal_timer/share/examples_rclcpp_minimal_timer/environment/ament_prefix_path.dsv
[16.737s] -- Symlinking: /home/jasurbek/ros2_ws/install/examples_rclcpp_minimal_timer/share/examples_rclcpp_minimal_timer/environment/path.sh
[16.753s] -- Symlinking: /home/jasurbek/ros2_ws/install/examples_rclcpp_minimal_timer/share/examples_rclcpp_minimal_timer/environment/path.dsv
[16.770s] -- Symlinking: /home/jasurbek/ros2_ws/install/examples_rclcpp_minimal_timer/share/examples_rclcpp_minimal_timer/local_setup.bash
[16.790s] -- Symlinking: /home/jasurbek/ros2_ws/install/examples_rclcpp_minimal_timer/share/examples_rclcpp_minimal_timer/local_setup.sh
[16.807s] -- Symlinking: /home/jasurbek/ros2_ws/install/examples_rclcpp_minimal_timer/share/examples_rclcpp_minimal_timer/local_setup.zsh
[16.825s] -- Symlinking: /home/jasurbek/ros2_ws/install/examples_rclcpp_minimal_timer/share/examples_rclcpp_minimal_timer/local_setup.dsv
[16.840s] -- Symlinking: /home/jasurbek/ros2_ws/install/examples_rclcpp_minimal_timer/share/examples_rclcpp_minimal_timer/package.dsv
[16.857s] -- Symlinking: /home/jasurbek/ros2_ws/install/examples_rclcpp_minimal_timer/share/ament_index/resource_index/packages/examples_rclcpp_minimal_timer
[16.880s] -- Symlinking: /home/jasurbek/ros2_ws/install/examples_rclcpp_minimal_timer/share/examples_rclcpp_minimal_timer/cmake/examples_rclcpp_minimal_timerConfig.cmake
[16.905s] -- Symlinking: /home/jasurbek/ros2_ws/install/examples_rclcpp_minimal_timer/share/examples_rclcpp_minimal_timer/cmake/examples_rclcpp_minimal_timerConfig-version.cmake
[16.926s] -- Symlinking: /home/jasurbek/ros2_ws/install/examples_rclcpp_minimal_timer/share/examples_rclcpp_minimal_timer/package.xml
[16.948s] Invoked command in '/home/jasurbek/ros2_ws/build/examples_rclcpp_minimal_timer' returned '0': CMAKE_PREFIX_PATH=/opt/ros/humble /usr/bin/cmake --install /home/jasurbek/ros2_ws/build/examples_rclcpp_minimal_timer
