[0.076s] Invoking command in '/home/jasurbek/ros2_ws/src/build/examples_rclcpp_async_client': CMAKE_PREFIX_PATH=${CMAKE_PREFIX_PATH}:/home/jasurbek/ros2_ws/install/launch_testing_examples:/home/jasurbek/ros2_ws/install/examples_rclpy_pointcloud_publisher:/home/jasurbek/ros2_ws/install/examples_rclpy_minimal_subscriber:/home/jasurbek/ros2_ws/install/examples_rclpy_minimal_service:/home/jasurbek/ros2_ws/install/examples_rclpy_minimal_publisher:/home/jasurbek/ros2_ws/install/examples_rclpy_minimal_client:/home/jasurbek/ros2_ws/install/examples_rclpy_minimal_action_server:/home/jasurbek/ros2_ws/install/examples_rclpy_minimal_action_client:/home/jasurbek/ros2_ws/install/examples_rclpy_guard_conditions:/home/jasurbek/ros2_ws/install/examples_rclpy_executors:/opt/ros/rolling:/opt/ros/humble /usr/bin/cmake --build /home/jasurbek/ros2_ws/src/build/examples_rclcpp_async_client -- -j2 -l2
[0.190s] [35m[1mConsolidate compiler generated dependencies of target client_main[0m
[0.270s] [100%] Built target client_main
[0.304s] Invoked command in '/home/jasurbek/ros2_ws/src/build/examples_rclcpp_async_client' returned '0': CMAKE_PREFIX_PATH=${CMAKE_PREFIX_PATH}:/home/jasurbek/ros2_ws/install/launch_testing_examples:/home/jasurbek/ros2_ws/install/examples_rclpy_pointcloud_publisher:/home/jasurbek/ros2_ws/install/examples_rclpy_minimal_subscriber:/home/jasurbek/ros2_ws/install/examples_rclpy_minimal_service:/home/jasurbek/ros2_ws/install/examples_rclpy_minimal_publisher:/home/jasurbek/ros2_ws/install/examples_rclpy_minimal_client:/home/jasurbek/ros2_ws/install/examples_rclpy_minimal_action_server:/home/jasurbek/ros2_ws/install/examples_rclpy_minimal_action_client:/home/jasurbek/ros2_ws/install/examples_rclpy_guard_conditions:/home/jasurbek/ros2_ws/install/examples_rclpy_executors:/opt/ros/rolling:/opt/ros/humble /usr/bin/cmake --build /home/jasurbek/ros2_ws/src/build/examples_rclcpp_async_client -- -j2 -l2
[0.382s] Invoking command in '/home/jasurbek/ros2_ws/src/build/examples_rclcpp_async_client': CMAKE_PREFIX_PATH=${CMAKE_PREFIX_PATH}:/home/jasurbek/ros2_ws/install/launch_testing_examples:/home/jasurbek/ros2_ws/install/examples_rclpy_pointcloud_publisher:/home/jasurbek/ros2_ws/install/examples_rclpy_minimal_subscriber:/home/jasurbek/ros2_ws/install/examples_rclpy_minimal_service:/home/jasurbek/ros2_ws/install/examples_rclpy_minimal_publisher:/home/jasurbek/ros2_ws/install/examples_rclpy_minimal_client:/home/jasurbek/ros2_ws/install/examples_rclpy_minimal_action_server:/home/jasurbek/ros2_ws/install/examples_rclpy_minimal_action_client:/home/jasurbek/ros2_ws/install/examples_rclpy_guard_conditions:/home/jasurbek/ros2_ws/install/examples_rclpy_executors:/opt/ros/rolling:/opt/ros/humble /usr/bin/cmake --install /home/jasurbek/ros2_ws/src/build/examples_rclcpp_async_client
[0.389s] -- Install configuration: ""
[0.390s] -- Up-to-date: /home/jasurbek/ros2_ws/src/install/examples_rclcpp_async_client/lib/examples_rclcpp_async_client/client_main
[0.390s] -- Up-to-date: /home/jasurbek/ros2_ws/src/install/examples_rclcpp_async_client/share/ament_index/resource_index/package_run_dependencies/examples_rclcpp_async_client
[0.391s] -- Up-to-date: /home/jasurbek/ros2_ws/src/install/examples_rclcpp_async_client/share/ament_index/resource_index/parent_prefix_path/examples_rclcpp_async_client
[0.392s] -- Up-to-date: /home/jasurbek/ros2_ws/src/install/examples_rclcpp_async_client/share/examples_rclcpp_async_client/environment/ament_prefix_path.sh
[0.392s] -- Up-to-date: /home/jasurbek/ros2_ws/src/install/examples_rclcpp_async_client/share/examples_rclcpp_async_client/environment/ament_prefix_path.dsv
[0.393s] -- Up-to-date: /home/jasurbek/ros2_ws/src/install/examples_rclcpp_async_client/share/examples_rclcpp_async_client/environment/path.sh
[0.393s] -- Up-to-date: /home/jasurbek/ros2_ws/src/install/examples_rclcpp_async_client/share/examples_rclcpp_async_client/environment/path.dsv
[0.393s] -- Up-to-date: /home/jasurbek/ros2_ws/src/install/examples_rclcpp_async_client/share/examples_rclcpp_async_client/local_setup.bash
[0.393s] -- Up-to-date: /home/jasurbek/ros2_ws/src/install/examples_rclcpp_async_client/share/examples_rclcpp_async_client/local_setup.sh
[0.394s] -- Up-to-date: /home/jasurbek/ros2_ws/src/install/examples_rclcpp_async_client/share/examples_rclcpp_async_client/local_setup.zsh
[0.394s] -- Up-to-date: /home/jasurbek/ros2_ws/src/install/examples_rclcpp_async_client/share/examples_rclcpp_async_client/local_setup.dsv
[0.395s] -- Installing: /home/jasurbek/ros2_ws/src/install/examples_rclcpp_async_client/share/examples_rclcpp_async_client/package.dsv
[0.396s] -- Up-to-date: /home/jasurbek/ros2_ws/src/install/examples_rclcpp_async_client/share/ament_index/resource_index/packages/examples_rclcpp_async_client
[0.396s] -- Up-to-date: /home/jasurbek/ros2_ws/src/install/examples_rclcpp_async_client/share/examples_rclcpp_async_client/cmake/examples_rclcpp_async_clientConfig.cmake
[0.396s] -- Up-to-date: /home/jasurbek/ros2_ws/src/install/examples_rclcpp_async_client/share/examples_rclcpp_async_client/cmake/examples_rclcpp_async_clientConfig-version.cmake
[0.397s] -- Up-to-date: /home/jasurbek/ros2_ws/src/install/examples_rclcpp_async_client/share/examples_rclcpp_async_client/package.xml
[0.401s] Invoked command in '/home/jasurbek/ros2_ws/src/build/examples_rclcpp_async_client' returned '0': CMAKE_PREFIX_PATH=${CMAKE_PREFIX_PATH}:/home/jasurbek/ros2_ws/install/launch_testing_examples:/home/jasurbek/ros2_ws/install/examples_rclpy_pointcloud_publisher:/home/jasurbek/ros2_ws/install/examples_rclpy_minimal_subscriber:/home/jasurbek/ros2_ws/install/examples_rclpy_minimal_service:/home/jasurbek/ros2_ws/install/examples_rclpy_minimal_publisher:/home/jasurbek/ros2_ws/install/examples_rclpy_minimal_client:/home/jasurbek/ros2_ws/install/examples_rclpy_minimal_action_server:/home/jasurbek/ros2_ws/install/examples_rclpy_minimal_action_client:/home/jasurbek/ros2_ws/install/examples_rclpy_guard_conditions:/home/jasurbek/ros2_ws/install/examples_rclpy_executors:/opt/ros/rolling:/opt/ros/humble /usr/bin/cmake --install /home/jasurbek/ros2_ws/src/build/examples_rclcpp_async_client
