[0.015s] Invoking command in '/home/jasurbek/ros2_ws/src/build/turtlesim': CMAKE_PREFIX_PATH=/opt/ros/rolling:/opt/ros/humble /usr/bin/cmake /home/jasurbek/ros2_ws/src/ros_tutorials/turtlesim -DCMAKE_INSTALL_PREFIX=/home/jasurbek/ros2_ws/src/install/turtlesim
[0.118s] -- The C compiler identification is GNU 11.2.0
[0.231s] -- The CXX compiler identification is GNU 11.2.0
[0.244s] -- Detecting C compiler ABI info
[0.392s] -- Detecting C compiler ABI info - done
[0.417s] -- Check for working C compiler: /usr/bin/cc - skipped
[0.418s] -- Detecting C compile features
[0.419s] -- Detecting C compile features - done
[0.430s] -- Detecting CXX compiler ABI info
[0.600s] -- Detecting CXX compiler ABI info - done
[0.625s] -- Check for working CXX compiler: /usr/bin/c++ - skipped
[0.626s] -- Detecting CXX compile features
[0.628s] -- Detecting CXX compile features - done
[0.633s] -- Found ament_cmake: 1.5.0 (/opt/ros/rolling/share/ament_cmake/cmake)
[1.009s] -- Found Python3: /usr/bin/python3.10 (found version "3.10.6") found components: Interpreter 
[1.211s] -- Found ament_index_cpp: 1.5.0 (/opt/ros/rolling/share/ament_index_cpp/cmake)
[1.217s] -- Found geometry_msgs: 4.5.0 (/opt/ros/rolling/share/geometry_msgs/cmake)
[1.277s] -- Found rosidl_generator_c: 3.2.1 (/opt/ros/rolling/share/rosidl_generator_c/cmake)
[1.289s] -- Found rosidl_adapter: 3.2.1 (/opt/ros/rolling/share/rosidl_adapter/cmake)
[1.310s] -- Found rosidl_generator_cpp: 3.2.1 (/opt/ros/rolling/share/rosidl_generator_cpp/cmake)
[1.342s] -- Using all available rosidl_typesupport_c: rosidl_typesupport_fastrtps_c;rosidl_typesupport_introspection_c
[1.372s] -- Using all available rosidl_typesupport_cpp: rosidl_typesupport_fastrtps_cpp;rosidl_typesupport_introspection_cpp
[1.760s] -- Found rclcpp: 16.2.0 (/opt/ros/rolling/share/rclcpp/cmake)
[1.914s] -- Found rmw_implementation_cmake: 6.3.0 (/opt/ros/rolling/share/rmw_implementation_cmake/cmake)
[1.920s] -- Found rmw_fastrtps_cpp: 6.3.0 (/opt/ros/rolling/share/rmw_fastrtps_cpp/cmake)
[2.145s] -- Found OpenSSL: /usr/lib/x86_64-linux-gnu/libcrypto.so (found version "3.0.2")  
[2.204s] -- Found FastRTPS: /opt/ros/rolling/include  
[2.317s] -- Using RMW implementation 'rmw_fastrtps_cpp' as default
[2.552s] -- Found rclcpp_action: 16.2.0 (/opt/ros/rolling/share/rclcpp_action/cmake)
[2.726s] -- Found rosidl_default_generators: 1.2.0 (/opt/ros/humble/share/rosidl_default_generators/cmake)
[2.751s] -- Found std_srvs: 4.5.0 (/opt/ros/rolling/share/std_srvs/cmake)
[3.323s] -- Found ament_cmake_ros: 0.11.0 (/opt/ros/rolling/share/ament_cmake_ros/cmake)
[3.868s] -- Using all available rosidl_typesupport_c: rosidl_typesupport_fastrtps_c;rosidl_typesupport_introspection_c
[4.077s] -- Using all available rosidl_typesupport_cpp: rosidl_typesupport_fastrtps_cpp;rosidl_typesupport_introspection_cpp
[4.118s] -- Found PythonInterp: /usr/bin/python3 (found suitable version "3.10.6", minimum required is "3.6") 
[4.122s] -- Found python_cmake_module: 0.10.0 (/opt/ros/rolling/share/python_cmake_module/cmake)
[4.170s] -- Found PythonLibs: /usr/lib/x86_64-linux-gnu/libpython3.10.so (found suitable version "3.10.6", minimum required is "3.5") 
[4.171s] -- Using PYTHON_EXECUTABLE: /usr/bin/python3
[4.171s] -- Using PYTHON_INCLUDE_DIRS: /usr/include/python3.10
[4.171s] -- Using PYTHON_LIBRARIES: /usr/lib/x86_64-linux-gnu/libpython3.10.so
[4.211s] -- Found PythonExtra: .so  
[4.332s] -- Configuring done
[4.445s] -- Generating done
[4.450s] -- Build files have been written to: /home/jasurbek/ros2_ws/src/build/turtlesim
[4.470s] Invoked command in '/home/jasurbek/ros2_ws/src/build/turtlesim' returned '0': CMAKE_PREFIX_PATH=/opt/ros/rolling:/opt/ros/humble /usr/bin/cmake /home/jasurbek/ros2_ws/src/ros_tutorials/turtlesim -DCMAKE_INSTALL_PREFIX=/home/jasurbek/ros2_ws/src/install/turtlesim
[4.473s] Invoking command in '/home/jasurbek/ros2_ws/src/build/turtlesim': CMAKE_PREFIX_PATH=/opt/ros/rolling:/opt/ros/humble /usr/bin/cmake --build /home/jasurbek/ros2_ws/src/build/turtlesim -- -j2 -l2
[4.550s] [  1%] [34m[1mGenerating C++ code for ROS interfaces[0m
[6.322s] [  1%] Built target turtlesim__cpp
[6.337s] [  2%] [34m[1mGenerating C code for ROS interfaces[0m
[8.229s] [  3%] [32mBuilding C object CMakeFiles/turtlesim__rosidl_generator_c.dir/rosidl_generator_c/turtlesim/action/detail/rotate_absolute__functions.c.o[0m
[8.468s] [  4%] [32mBuilding C object CMakeFiles/turtlesim__rosidl_generator_c.dir/rosidl_generator_c/turtlesim/msg/detail/color__functions.c.o[0m
[8.536s] [  5%] [32mBuilding C object CMakeFiles/turtlesim__rosidl_generator_c.dir/rosidl_generator_c/turtlesim/msg/detail/pose__functions.c.o[0m
[8.608s] [  6%] [32mBuilding C object CMakeFiles/turtlesim__rosidl_generator_c.dir/rosidl_generator_c/turtlesim/srv/detail/kill__functions.c.o[0m
[8.701s] [  7%] [32mBuilding C object CMakeFiles/turtlesim__rosidl_generator_c.dir/rosidl_generator_c/turtlesim/srv/detail/set_pen__functions.c.o[0m
[8.793s] [  8%] [32mBuilding C object CMakeFiles/turtlesim__rosidl_generator_c.dir/rosidl_generator_c/turtlesim/srv/detail/spawn__functions.c.o[0m
[8.884s] [  9%] [32mBuilding C object CMakeFiles/turtlesim__rosidl_generator_c.dir/rosidl_generator_c/turtlesim/srv/detail/teleport_absolute__functions.c.o[0m
[8.974s] [ 10%] [32mBuilding C object CMakeFiles/turtlesim__rosidl_generator_c.dir/rosidl_generator_c/turtlesim/srv/detail/teleport_relative__functions.c.o[0m
[9.061s] [ 11%] [32m[1mLinking C shared library libturtlesim__rosidl_generator_c.so[0m
[9.115s] [ 11%] Built target turtlesim__rosidl_generator_c
[9.153s] [ 11%] Built target ament_cmake_python_copy_turtlesim
[9.166s] [ 12%] [34m[1mGenerating C++ type support dispatch for ROS interfaces[0m
[10.092s] [ 13%] [32mBuilding CXX object CMakeFiles/turtlesim__rosidl_typesupport_cpp.dir/rosidl_typesupport_cpp/turtlesim/action/rotate_absolute__type_support.cpp.o[0m
[10.875s] [ 14%] [32mBuilding CXX object CMakeFiles/turtlesim__rosidl_typesupport_cpp.dir/rosidl_typesupport_cpp/turtlesim/msg/color__type_support.cpp.o[0m
[11.314s] [ 15%] [32mBuilding CXX object CMakeFiles/turtlesim__rosidl_typesupport_cpp.dir/rosidl_typesupport_cpp/turtlesim/msg/pose__type_support.cpp.o[0m
[11.775s] [ 16%] [32mBuilding CXX object CMakeFiles/turtlesim__rosidl_typesupport_cpp.dir/rosidl_typesupport_cpp/turtlesim/srv/kill__type_support.cpp.o[0m
[12.204s] [ 17%] [32mBuilding CXX object CMakeFiles/turtlesim__rosidl_typesupport_cpp.dir/rosidl_typesupport_cpp/turtlesim/srv/set_pen__type_support.cpp.o[0m
[12.633s] [ 18%] [32mBuilding CXX object CMakeFiles/turtlesim__rosidl_typesupport_cpp.dir/rosidl_typesupport_cpp/turtlesim/srv/spawn__type_support.cpp.o[0m
[13.056s] [ 19%] [32mBuilding CXX object CMakeFiles/turtlesim__rosidl_typesupport_cpp.dir/rosidl_typesupport_cpp/turtlesim/srv/teleport_absolute__type_support.cpp.o[0m
[13.510s] [ 20%] [32mBuilding CXX object CMakeFiles/turtlesim__rosidl_typesupport_cpp.dir/rosidl_typesupport_cpp/turtlesim/srv/teleport_relative__type_support.cpp.o[0m
[13.938s] [ 21%] [32m[1mLinking CXX shared library libturtlesim__rosidl_typesupport_cpp.so[0m
[14.000s] [ 21%] Built target turtlesim__rosidl_typesupport_cpp
[14.014s] [ 22%] [34m[1mGenerating C type support for eProsima Fast-RTPS[0m
[15.448s] [ 23%] [32mBuilding CXX object CMakeFiles/turtlesim__rosidl_typesupport_fastrtps_c.dir/rosidl_typesupport_fastrtps_c/turtlesim/action/detail/rotate_absolute__type_support_c.cpp.o[0m
[16.170s] [ 24%] [32mBuilding CXX object CMakeFiles/turtlesim__rosidl_typesupport_fastrtps_c.dir/rosidl_typesupport_fastrtps_c/turtlesim/msg/detail/color__type_support_c.cpp.o[0m
[16.770s] [ 25%] [32mBuilding CXX object CMakeFiles/turtlesim__rosidl_typesupport_fastrtps_c.dir/rosidl_typesupport_fastrtps_c/turtlesim/msg/detail/pose__type_support_c.cpp.o[0m
[17.303s] [ 26%] [32mBuilding CXX object CMakeFiles/turtlesim__rosidl_typesupport_fastrtps_c.dir/rosidl_typesupport_fastrtps_c/turtlesim/srv/detail/kill__type_support_c.cpp.o[0m
[17.873s] [ 27%] [32mBuilding CXX object CMakeFiles/turtlesim__rosidl_typesupport_fastrtps_c.dir/rosidl_typesupport_fastrtps_c/turtlesim/srv/detail/set_pen__type_support_c.cpp.o[0m
[18.431s] [ 28%] [32mBuilding CXX object CMakeFiles/turtlesim__rosidl_typesupport_fastrtps_c.dir/rosidl_typesupport_fastrtps_c/turtlesim/srv/detail/spawn__type_support_c.cpp.o[0m
[19.005s] [ 29%] [32mBuilding CXX object CMakeFiles/turtlesim__rosidl_typesupport_fastrtps_c.dir/rosidl_typesupport_fastrtps_c/turtlesim/srv/detail/teleport_absolute__type_support_c.cpp.o[0m
[19.563s] [ 30%] [32mBuilding CXX object CMakeFiles/turtlesim__rosidl_typesupport_fastrtps_c.dir/rosidl_typesupport_fastrtps_c/turtlesim/srv/detail/teleport_relative__type_support_c.cpp.o[0m
[20.144s] [ 31%] [32m[1mLinking CXX shared library libturtlesim__rosidl_typesupport_fastrtps_c.so[0m
[20.256s] [ 31%] Built target turtlesim__rosidl_typesupport_fastrtps_c
[20.270s] [ 32%] [34m[1mGenerating C++ type support for eProsima Fast-RTPS[0m
[21.282s] [ 33%] [34m[1mGenerating C introspection for ROS interfaces[0m
[21.921s] [ 34%] [32mBuilding CXX object CMakeFiles/turtlesim__rosidl_typesupport_fastrtps_cpp.dir/rosidl_typesupport_fastrtps_cpp/turtlesim/action/detail/dds_fastrtps/rotate_absolute__type_support.cpp.o[0m
[23.249s] [ 35%] [32mBuilding CXX object CMakeFiles/turtlesim__rosidl_typesupport_fastrtps_cpp.dir/rosidl_typesupport_fastrtps_cpp/turtlesim/msg/detail/dds_fastrtps/color__type_support.cpp.o[0m
[23.251s] [ 36%] [32mBuilding C object CMakeFiles/turtlesim__rosidl_typesupport_introspection_c.dir/rosidl_typesupport_introspection_c/turtlesim/action/detail/rotate_absolute__type_support.c.o[0m
[23.353s] [ 37%] [32mBuilding C object CMakeFiles/turtlesim__rosidl_typesupport_introspection_c.dir/rosidl_typesupport_introspection_c/turtlesim/msg/detail/color__type_support.c.o[0m
[23.411s] [ 38%] [32mBuilding C object CMakeFiles/turtlesim__rosidl_typesupport_introspection_c.dir/rosidl_typesupport_introspection_c/turtlesim/msg/detail/pose__type_support.c.o[0m
[23.486s] [ 39%] [32mBuilding C object CMakeFiles/turtlesim__rosidl_typesupport_introspection_c.dir/rosidl_typesupport_introspection_c/turtlesim/srv/detail/kill__type_support.c.o[0m
[23.551s] [ 40%] [32mBuilding C object CMakeFiles/turtlesim__rosidl_typesupport_introspection_c.dir/rosidl_typesupport_introspection_c/turtlesim/srv/detail/set_pen__type_support.c.o[0m
[23.618s] [ 41%] [32mBuilding C object CMakeFiles/turtlesim__rosidl_typesupport_introspection_c.dir/rosidl_typesupport_introspection_c/turtlesim/srv/detail/spawn__type_support.c.o[0m
[23.699s] [ 42%] [32mBuilding C object CMakeFiles/turtlesim__rosidl_typesupport_introspection_c.dir/rosidl_typesupport_introspection_c/turtlesim/srv/detail/teleport_absolute__type_support.c.o[0m
[23.767s] [ 43%] [32mBuilding C object CMakeFiles/turtlesim__rosidl_typesupport_introspection_c.dir/rosidl_typesupport_introspection_c/turtlesim/srv/detail/teleport_relative__type_support.c.o[0m
[23.847s] [ 44%] [32m[1mLinking C shared library libturtlesim__rosidl_typesupport_introspection_c.so[0m
[23.909s] [ 44%] Built target turtlesim__rosidl_typesupport_introspection_c
[23.929s] [ 45%] [34m[1mGenerating C type support dispatch for ROS interfaces[0m
[24.152s] [ 46%] [32mBuilding CXX object CMakeFiles/turtlesim__rosidl_typesupport_fastrtps_cpp.dir/rosidl_typesupport_fastrtps_cpp/turtlesim/msg/detail/dds_fastrtps/pose__type_support.cpp.o[0m
[25.125s] [ 47%] [32mBuilding CXX object CMakeFiles/turtlesim__rosidl_typesupport_fastrtps_cpp.dir/rosidl_typesupport_fastrtps_cpp/turtlesim/srv/detail/dds_fastrtps/kill__type_support.cpp.o[0m
[25.344s] [ 48%] [32mBuilding CXX object CMakeFiles/turtlesim__rosidl_typesupport_c.dir/rosidl_typesupport_c/turtlesim/action/rotate_absolute__type_support.cpp.o[0m
[25.456s] [ 49%] [32mBuilding CXX object CMakeFiles/turtlesim__rosidl_typesupport_c.dir/rosidl_typesupport_c/turtlesim/msg/color__type_support.cpp.o[0m
[25.505s] [ 50%] [32mBuilding CXX object CMakeFiles/turtlesim__rosidl_typesupport_c.dir/rosidl_typesupport_c/turtlesim/msg/pose__type_support.cpp.o[0m
[25.561s] [ 51%] [32mBuilding CXX object CMakeFiles/turtlesim__rosidl_typesupport_c.dir/rosidl_typesupport_c/turtlesim/srv/kill__type_support.cpp.o[0m
[25.610s] [ 52%] [32mBuilding CXX object CMakeFiles/turtlesim__rosidl_typesupport_c.dir/rosidl_typesupport_c/turtlesim/srv/set_pen__type_support.cpp.o[0m
[25.666s] [ 53%] [32mBuilding CXX object CMakeFiles/turtlesim__rosidl_typesupport_c.dir/rosidl_typesupport_c/turtlesim/srv/spawn__type_support.cpp.o[0m
[25.738s] [ 54%] [32mBuilding CXX object CMakeFiles/turtlesim__rosidl_typesupport_c.dir/rosidl_typesupport_c/turtlesim/srv/teleport_absolute__type_support.cpp.o[0m
[25.819s] [ 55%] [32mBuilding CXX object CMakeFiles/turtlesim__rosidl_typesupport_c.dir/rosidl_typesupport_c/turtlesim/srv/teleport_relative__type_support.cpp.o[0m
[25.878s] [ 56%] [32m[1mLinking CXX shared library libturtlesim__rosidl_typesupport_c.so[0m
[25.960s] [ 56%] Built target turtlesim__rosidl_typesupport_c
[25.982s] [ 57%] [34m[1mGenerating C++ introspection for ROS interfaces[0m
[26.070s] [ 58%] [32mBuilding CXX object CMakeFiles/turtlesim__rosidl_typesupport_fastrtps_cpp.dir/rosidl_typesupport_fastrtps_cpp/turtlesim/srv/detail/dds_fastrtps/set_pen__type_support.cpp.o[0m
[26.995s] [ 59%] [32mBuilding CXX object CMakeFiles/turtlesim__rosidl_typesupport_fastrtps_cpp.dir/rosidl_typesupport_fastrtps_cpp/turtlesim/srv/detail/dds_fastrtps/spawn__type_support.cpp.o[0m
[27.903s] [ 60%] [32mBuilding CXX object CMakeFiles/turtlesim__rosidl_typesupport_introspection_cpp.dir/rosidl_typesupport_introspection_cpp/turtlesim/action/detail/rotate_absolute__type_support.cpp.o[0m
[27.990s] [ 61%] [32mBuilding CXX object CMakeFiles/turtlesim__rosidl_typesupport_fastrtps_cpp.dir/rosidl_typesupport_fastrtps_cpp/turtlesim/srv/detail/dds_fastrtps/teleport_absolute__type_support.cpp.o[0m
[28.935s] [ 62%] [32mBuilding CXX object CMakeFiles/turtlesim__rosidl_typesupport_fastrtps_cpp.dir/rosidl_typesupport_fastrtps_cpp/turtlesim/srv/detail/dds_fastrtps/teleport_relative__type_support.cpp.o[0m
[29.279s] [ 63%] [32mBuilding CXX object CMakeFiles/turtlesim__rosidl_typesupport_introspection_cpp.dir/rosidl_typesupport_introspection_cpp/turtlesim/msg/detail/color__type_support.cpp.o[0m
[29.847s] [ 64%] [32m[1mLinking CXX shared library libturtlesim__rosidl_typesupport_fastrtps_cpp.so[0m
[30.004s] [ 64%] Built target turtlesim__rosidl_typesupport_fastrtps_cpp
[30.132s] [ 65%] [32mBuilding CXX object CMakeFiles/turtlesim__rosidl_typesupport_introspection_cpp.dir/rosidl_typesupport_introspection_cpp/turtlesim/msg/detail/pose__type_support.cpp.o[0m
[30.582s] running egg_info
[30.584s] creating turtlesim.egg-info
[30.585s] writing turtlesim.egg-info/PKG-INFO
[30.586s] writing dependency_links to turtlesim.egg-info/dependency_links.txt
[30.587s] writing top-level names to turtlesim.egg-info/top_level.txt
[30.588s] writing manifest file 'turtlesim.egg-info/SOURCES.txt'
[30.593s] reading manifest file 'turtlesim.egg-info/SOURCES.txt'
[30.594s] writing manifest file 'turtlesim.egg-info/SOURCES.txt'
[30.645s] [ 65%] Built target ament_cmake_python_build_turtlesim_egg
[30.667s] [ 66%] [34m[1mGenerating include/turtlesim/moc_turtle_frame.cpp[0m
[30.879s] [ 67%] [32mBuilding CXX object CMakeFiles/turtlesim_node.dir/src/turtlesim.cpp.o[0m
[30.970s] [ 68%] [32mBuilding CXX object CMakeFiles/turtlesim__rosidl_typesupport_introspection_cpp.dir/rosidl_typesupport_introspection_cpp/turtlesim/srv/detail/kill__type_support.cpp.o[0m
[31.792s] [ 69%] [32mBuilding CXX object CMakeFiles/turtlesim__rosidl_typesupport_introspection_cpp.dir/rosidl_typesupport_introspection_cpp/turtlesim/srv/detail/set_pen__type_support.cpp.o[0m
[32.660s] [ 70%] [32mBuilding CXX object CMakeFiles/turtlesim__rosidl_typesupport_introspection_cpp.dir/rosidl_typesupport_introspection_cpp/turtlesim/srv/detail/spawn__type_support.cpp.o[0m
[33.546s] [ 71%] [32mBuilding CXX object CMakeFiles/turtlesim__rosidl_typesupport_introspection_cpp.dir/rosidl_typesupport_introspection_cpp/turtlesim/srv/detail/teleport_absolute__type_support.cpp.o[0m
[34.375s] [ 72%] [32mBuilding CXX object CMakeFiles/turtlesim__rosidl_typesupport_introspection_cpp.dir/rosidl_typesupport_introspection_cpp/turtlesim/srv/detail/teleport_relative__type_support.cpp.o[0m
[35.190s] [ 73%] [32m[1mLinking CXX shared library libturtlesim__rosidl_typesupport_introspection_cpp.so[0m
[35.335s] [ 73%] Built target turtlesim__rosidl_typesupport_introspection_cpp
[35.370s] [ 74%] [32mBuilding CXX object CMakeFiles/turtle_teleop_key.dir/tutorials/teleop_turtle_key.cpp.o[0m
[41.023s] [ 75%] [32mBuilding CXX object CMakeFiles/turtlesim_node.dir/src/turtle.cpp.o[0m
[48.460s] [ 76%] [32m[1mLinking CXX executable turtle_teleop_key[0m
[49.041s] [ 76%] Built target turtle_teleop_key
[49.085s] [ 77%] [32mBuilding CXX object CMakeFiles/draw_square.dir/tutorials/draw_square.cpp.o[0m
[68.558s] [ 78%] [32mBuilding CXX object CMakeFiles/turtlesim_node.dir/src/turtle_frame.cpp.o[0m
[69.143s] [ 79%] [32m[1mLinking CXX executable draw_square[0m
[70.098s] [ 79%] Built target draw_square
[88.553s] [ 80%] [32mBuilding CXX object CMakeFiles/turtlesim_node.dir/include/turtlesim/moc_turtle_frame.cpp.o[0m
[95.649s] [ 81%] [32m[1mLinking CXX executable turtlesim_node[0m
[98.754s] [ 81%] Built target turtlesim_node
[98.790s] [ 82%] [32mBuilding CXX object CMakeFiles/mimic.dir/tutorials/mimic.cpp.o[0m
[98.801s] [ 82%] Built target turtlesim
[98.852s] [ 83%] [34m[1mGenerating Python code for ROS interfaces[0m
[103.245s] [ 83%] Built target turtlesim__py
[103.278s] [ 84%] [32mBuilding C object CMakeFiles/turtlesim__rosidl_generator_py.dir/rosidl_generator_py/turtlesim/action/_rotate_absolute_s.c.o[0m
[103.656s] [ 85%] [32mBuilding C object CMakeFiles/turtlesim__rosidl_generator_py.dir/rosidl_generator_py/turtlesim/msg/_color_s.c.o[0m
[103.880s] [ 86%] [32mBuilding C object CMakeFiles/turtlesim__rosidl_generator_py.dir/rosidl_generator_py/turtlesim/msg/_pose_s.c.o[0m
[104.086s] [ 87%] [32mBuilding C object CMakeFiles/turtlesim__rosidl_generator_py.dir/rosidl_generator_py/turtlesim/srv/_kill_s.c.o[0m
[104.278s] [ 88%] [32mBuilding C object CMakeFiles/turtlesim__rosidl_generator_py.dir/rosidl_generator_py/turtlesim/srv/_set_pen_s.c.o[0m
[104.546s] [ 89%] [32mBuilding C object CMakeFiles/turtlesim__rosidl_generator_py.dir/rosidl_generator_py/turtlesim/srv/_spawn_s.c.o[0m
[104.799s] [ 90%] [32mBuilding C object CMakeFiles/turtlesim__rosidl_generator_py.dir/rosidl_generator_py/turtlesim/srv/_teleport_absolute_s.c.o[0m
[105.026s] [ 91%] [32mBuilding C object CMakeFiles/turtlesim__rosidl_generator_py.dir/rosidl_generator_py/turtlesim/srv/_teleport_relative_s.c.o[0m
[105.276s] [ 92%] [32m[1mLinking C shared library rosidl_generator_py/turtlesim/libturtlesim__rosidl_generator_py.so[0m
[105.353s] [ 92%] Built target turtlesim__rosidl_generator_py
[105.394s] [ 93%] [32mBuilding C object CMakeFiles/turtlesim__rosidl_typesupport_fastrtps_c__pyext.dir/rosidl_generator_py/turtlesim/_turtlesim_s.ep.rosidl_typesupport_fastrtps_c.c.o[0m
[105.830s] [ 94%] [32m[1mLinking C shared library rosidl_generator_py/turtlesim/turtlesim_s__rosidl_typesupport_fastrtps_c.cpython-310-x86_64-linux-gnu.so[0m
[105.915s] [ 94%] Built target turtlesim__rosidl_typesupport_fastrtps_c__pyext
[105.946s] [ 95%] [32mBuilding C object CMakeFiles/turtlesim__rosidl_typesupport_introspection_c__pyext.dir/rosidl_generator_py/turtlesim/_turtlesim_s.ep.rosidl_typesupport_introspection_c.c.o[0m
[106.310s] [ 96%] [32m[1mLinking C shared library rosidl_generator_py/turtlesim/turtlesim_s__rosidl_typesupport_introspection_c.cpython-310-x86_64-linux-gnu.so[0m
[106.387s] [ 96%] Built target turtlesim__rosidl_typesupport_introspection_c__pyext
[106.422s] [ 97%] [32mBuilding C object CMakeFiles/turtlesim__rosidl_typesupport_c__pyext.dir/rosidl_generator_py/turtlesim/_turtlesim_s.ep.rosidl_typesupport_c.c.o[0m
[106.786s] [ 98%] [32m[1mLinking C shared library rosidl_generator_py/turtlesim/turtlesim_s__rosidl_typesupport_c.cpython-310-x86_64-linux-gnu.so[0m
[106.866s] [ 98%] Built target turtlesim__rosidl_typesupport_c__pyext
[115.337s] [100%] [32m[1mLinking CXX executable mimic[0m
[115.933s] [100%] Built target mimic
[115.950s] Invoked command in '/home/jasurbek/ros2_ws/src/build/turtlesim' returned '0': CMAKE_PREFIX_PATH=/opt/ros/rolling:/opt/ros/humble /usr/bin/cmake --build /home/jasurbek/ros2_ws/src/build/turtlesim -- -j2 -l2
[116.277s] Invoking command in '/home/jasurbek/ros2_ws/src/build/turtlesim': CMAKE_PREFIX_PATH=/opt/ros/rolling:/opt/ros/humble /usr/bin/cmake --install /home/jasurbek/ros2_ws/src/build/turtlesim
[116.288s] -- Install configuration: ""
[116.289s] -- Installing: /home/jasurbek/ros2_ws/src/install/turtlesim/share/ament_index/resource_index/rosidl_interfaces/turtlesim
[116.290s] -- Installing: /home/jasurbek/ros2_ws/src/install/turtlesim/include/turtlesim/turtlesim
[116.290s] -- Installing: /home/jasurbek/ros2_ws/src/install/turtlesim/include/turtlesim/turtlesim/msg
[116.291s] -- Installing: /home/jasurbek/ros2_ws/src/install/turtlesim/include/turtlesim/turtlesim/msg/color.h
[116.291s] -- Installing: /home/jasurbek/ros2_ws/src/install/turtlesim/include/turtlesim/turtlesim/msg/pose.h
[116.292s] -- Installing: /home/jasurbek/ros2_ws/src/install/turtlesim/include/turtlesim/turtlesim/msg/detail
[116.292s] -- Installing: /home/jasurbek/ros2_ws/src/install/turtlesim/include/turtlesim/turtlesim/msg/detail/pose__struct.h
[116.293s] -- Installing: /home/jasurbek/ros2_ws/src/install/turtlesim/include/turtlesim/turtlesim/msg/detail/color__type_support.h
[116.293s] -- Installing: /home/jasurbek/ros2_ws/src/install/turtlesim/include/turtlesim/turtlesim/msg/detail/color__functions.h
[116.293s] -- Installing: /home/jasurbek/ros2_ws/src/install/turtlesim/include/turtlesim/turtlesim/msg/detail/pose__type_support.h
[116.294s] -- Installing: /home/jasurbek/ros2_ws/src/install/turtlesim/include/turtlesim/turtlesim/msg/detail/color__struct.h
[116.294s] -- Installing: /home/jasurbek/ros2_ws/src/install/turtlesim/include/turtlesim/turtlesim/msg/detail/color__functions.c
[116.295s] -- Installing: /home/jasurbek/ros2_ws/src/install/turtlesim/include/turtlesim/turtlesim/msg/detail/pose__functions.h
[116.295s] -- Installing: /home/jasurbek/ros2_ws/src/install/turtlesim/include/turtlesim/turtlesim/msg/detail/pose__functions.c
[116.296s] -- Installing: /home/jasurbek/ros2_ws/src/install/turtlesim/include/turtlesim/turtlesim/msg/rosidl_generator_c__visibility_control.h
[116.296s] -- Installing: /home/jasurbek/ros2_ws/src/install/turtlesim/include/turtlesim/turtlesim/srv
[116.297s] -- Installing: /home/jasurbek/ros2_ws/src/install/turtlesim/include/turtlesim/turtlesim/srv/teleport_relative.h
[116.297s] -- Installing: /home/jasurbek/ros2_ws/src/install/turtlesim/include/turtlesim/turtlesim/srv/teleport_absolute.h
[116.297s] -- Installing: /home/jasurbek/ros2_ws/src/install/turtlesim/include/turtlesim/turtlesim/srv/spawn.h
[116.298s] -- Installing: /home/jasurbek/ros2_ws/src/install/turtlesim/include/turtlesim/turtlesim/srv/detail
[116.298s] -- Installing: /home/jasurbek/ros2_ws/src/install/turtlesim/include/turtlesim/turtlesim/srv/detail/set_pen__type_support.h
[116.299s] -- Installing: /home/jasurbek/ros2_ws/src/install/turtlesim/include/turtlesim/turtlesim/srv/detail/teleport_relative__functions.h
[116.299s] -- Installing: /home/jasurbek/ros2_ws/src/install/turtlesim/include/turtlesim/turtlesim/srv/detail/set_pen__functions.h
[116.299s] -- Installing: /home/jasurbek/ros2_ws/src/install/turtlesim/include/turtlesim/turtlesim/srv/detail/teleport_absolute__struct.h
[116.300s] -- Installing: /home/jasurbek/ros2_ws/src/install/turtlesim/include/turtlesim/turtlesim/srv/detail/spawn__type_support.h
[116.300s] -- Installing: /home/jasurbek/ros2_ws/src/install/turtlesim/include/turtlesim/turtlesim/srv/detail/kill__struct.h
[116.301s] -- Installing: /home/jasurbek/ros2_ws/src/install/turtlesim/include/turtlesim/turtlesim/srv/detail/set_pen__struct.h
[116.301s] -- Installing: /home/jasurbek/ros2_ws/src/install/turtlesim/include/turtlesim/turtlesim/srv/detail/kill__functions.h
[116.301s] -- Installing: /home/jasurbek/ros2_ws/src/install/turtlesim/include/turtlesim/turtlesim/srv/detail/set_pen__functions.c
[116.302s] -- Installing: /home/jasurbek/ros2_ws/src/install/turtlesim/include/turtlesim/turtlesim/srv/detail/teleport_absolute__functions.h
[116.302s] -- Installing: /home/jasurbek/ros2_ws/src/install/turtlesim/include/turtlesim/turtlesim/srv/detail/kill__type_support.h
[116.302s] -- Installing: /home/jasurbek/ros2_ws/src/install/turtlesim/include/turtlesim/turtlesim/srv/detail/teleport_absolute__type_support.h
[116.303s] -- Installing: /home/jasurbek/ros2_ws/src/install/turtlesim/include/turtlesim/turtlesim/srv/detail/spawn__struct.h
[116.303s] -- Installing: /home/jasurbek/ros2_ws/src/install/turtlesim/include/turtlesim/turtlesim/srv/detail/teleport_absolute__functions.c
[116.303s] -- Installing: /home/jasurbek/ros2_ws/src/install/turtlesim/include/turtlesim/turtlesim/srv/detail/teleport_relative__type_support.h
[116.304s] -- Installing: /home/jasurbek/ros2_ws/src/install/turtlesim/include/turtlesim/turtlesim/srv/detail/teleport_relative__functions.c
[116.304s] -- Installing: /home/jasurbek/ros2_ws/src/install/turtlesim/include/turtlesim/turtlesim/srv/detail/spawn__functions.c
[116.305s] -- Installing: /home/jasurbek/ros2_ws/src/install/turtlesim/include/turtlesim/turtlesim/srv/detail/kill__functions.c
[116.305s] -- Installing: /home/jasurbek/ros2_ws/src/install/turtlesim/include/turtlesim/turtlesim/srv/detail/spawn__functions.h
[116.305s] -- Installing: /home/jasurbek/ros2_ws/src/install/turtlesim/include/turtlesim/turtlesim/srv/detail/teleport_relative__struct.h
[116.306s] -- Installing: /home/jasurbek/ros2_ws/src/install/turtlesim/include/turtlesim/turtlesim/srv/kill.h
[116.306s] -- Installing: /home/jasurbek/ros2_ws/src/install/turtlesim/include/turtlesim/turtlesim/srv/set_pen.h
[116.306s] -- Installing: /home/jasurbek/ros2_ws/src/install/turtlesim/include/turtlesim/turtlesim/action
[116.306s] -- Installing: /home/jasurbek/ros2_ws/src/install/turtlesim/include/turtlesim/turtlesim/action/rotate_absolute.h
[116.307s] -- Installing: /home/jasurbek/ros2_ws/src/install/turtlesim/include/turtlesim/turtlesim/action/detail
[116.307s] -- Installing: /home/jasurbek/ros2_ws/src/install/turtlesim/include/turtlesim/turtlesim/action/detail/rotate_absolute__functions.c
[116.307s] -- Installing: /home/jasurbek/ros2_ws/src/install/turtlesim/include/turtlesim/turtlesim/action/detail/rotate_absolute__struct.h
[116.307s] -- Installing: /home/jasurbek/ros2_ws/src/install/turtlesim/include/turtlesim/turtlesim/action/detail/rotate_absolute__functions.h
[116.308s] -- Installing: /home/jasurbek/ros2_ws/src/install/turtlesim/include/turtlesim/turtlesim/action/detail/rotate_absolute__type_support.h
[116.308s] -- Installing: /home/jasurbek/ros2_ws/src/install/turtlesim/share/turtlesim/environment/library_path.sh
[116.308s] -- Installing: /home/jasurbek/ros2_ws/src/install/turtlesim/share/turtlesim/environment/library_path.dsv
[116.309s] -- Installing: /home/jasurbek/ros2_ws/src/install/turtlesim/lib/libturtlesim__rosidl_generator_c.so
[116.309s] -- Set runtime path of "/home/jasurbek/ros2_ws/src/install/turtlesim/lib/libturtlesim__rosidl_generator_c.so" to ""
[116.309s] -- Up-to-date: /home/jasurbek/ros2_ws/src/install/turtlesim/include/turtlesim/turtlesim
[116.310s] -- Up-to-date: /home/jasurbek/ros2_ws/src/install/turtlesim/include/turtlesim/turtlesim/msg
[116.310s] -- Installing: /home/jasurbek/ros2_ws/src/install/turtlesim/include/turtlesim/turtlesim/msg/rosidl_typesupport_fastrtps_c__visibility_control.h
[116.311s] -- Up-to-date: /home/jasurbek/ros2_ws/src/install/turtlesim/include/turtlesim/turtlesim/msg/detail
[116.311s] -- Installing: /home/jasurbek/ros2_ws/src/install/turtlesim/include/turtlesim/turtlesim/msg/detail/color__rosidl_typesupport_fastrtps_c.h
[116.311s] -- Installing: /home/jasurbek/ros2_ws/src/install/turtlesim/include/turtlesim/turtlesim/msg/detail/pose__rosidl_typesupport_fastrtps_c.h
[116.312s] -- Up-to-date: /home/jasurbek/ros2_ws/src/install/turtlesim/include/turtlesim/turtlesim/srv
[116.312s] -- Up-to-date: /home/jasurbek/ros2_ws/src/install/turtlesim/include/turtlesim/turtlesim/srv/detail
[116.312s] -- Installing: /home/jasurbek/ros2_ws/src/install/turtlesim/include/turtlesim/turtlesim/srv/detail/set_pen__rosidl_typesupport_fastrtps_c.h
[116.313s] -- Installing: /home/jasurbek/ros2_ws/src/install/turtlesim/include/turtlesim/turtlesim/srv/detail/teleport_relative__rosidl_typesupport_fastrtps_c.h
[116.313s] -- Installing: /home/jasurbek/ros2_ws/src/install/turtlesim/include/turtlesim/turtlesim/srv/detail/teleport_absolute__rosidl_typesupport_fastrtps_c.h
[116.313s] -- Installing: /home/jasurbek/ros2_ws/src/install/turtlesim/include/turtlesim/turtlesim/srv/detail/kill__rosidl_typesupport_fastrtps_c.h
[116.313s] -- Installing: /home/jasurbek/ros2_ws/src/install/turtlesim/include/turtlesim/turtlesim/srv/detail/spawn__rosidl_typesupport_fastrtps_c.h
[116.314s] -- Up-to-date: /home/jasurbek/ros2_ws/src/install/turtlesim/include/turtlesim/turtlesim/action
[116.314s] -- Up-to-date: /home/jasurbek/ros2_ws/src/install/turtlesim/include/turtlesim/turtlesim/action/detail
[116.315s] -- Installing: /home/jasurbek/ros2_ws/src/install/turtlesim/include/turtlesim/turtlesim/action/detail/rotate_absolute__rosidl_typesupport_fastrtps_c.h
[116.315s] -- Installing: /home/jasurbek/ros2_ws/src/install/turtlesim/lib/libturtlesim__rosidl_typesupport_fastrtps_c.so
[116.315s] -- Set runtime path of "/home/jasurbek/ros2_ws/src/install/turtlesim/lib/libturtlesim__rosidl_typesupport_fastrtps_c.so" to ""
[116.316s] -- Up-to-date: /home/jasurbek/ros2_ws/src/install/turtlesim/include/turtlesim/turtlesim
[116.316s] -- Up-to-date: /home/jasurbek/ros2_ws/src/install/turtlesim/include/turtlesim/turtlesim/msg
[116.317s] -- Installing: /home/jasurbek/ros2_ws/src/install/turtlesim/include/turtlesim/turtlesim/msg/color.hpp
[116.317s] -- Installing: /home/jasurbek/ros2_ws/src/install/turtlesim/include/turtlesim/turtlesim/msg/pose.hpp
[116.318s] -- Up-to-date: /home/jasurbek/ros2_ws/src/install/turtlesim/include/turtlesim/turtlesim/msg/detail
[116.318s] -- Installing: /home/jasurbek/ros2_ws/src/install/turtlesim/include/turtlesim/turtlesim/msg/detail/color__traits.hpp
[116.319s] -- Installing: /home/jasurbek/ros2_ws/src/install/turtlesim/include/turtlesim/turtlesim/msg/detail/color__builder.hpp
[116.319s] -- Installing: /home/jasurbek/ros2_ws/src/install/turtlesim/include/turtlesim/turtlesim/msg/detail/pose__traits.hpp
[116.319s] -- Installing: /home/jasurbek/ros2_ws/src/install/turtlesim/include/turtlesim/turtlesim/msg/detail/color__struct.hpp
[116.320s] -- Installing: /home/jasurbek/ros2_ws/src/install/turtlesim/include/turtlesim/turtlesim/msg/detail/pose__struct.hpp
[116.320s] -- Installing: /home/jasurbek/ros2_ws/src/install/turtlesim/include/turtlesim/turtlesim/msg/detail/pose__builder.hpp
[116.320s] -- Up-to-date: /home/jasurbek/ros2_ws/src/install/turtlesim/include/turtlesim/turtlesim/srv
[116.321s] -- Installing: /home/jasurbek/ros2_ws/src/install/turtlesim/include/turtlesim/turtlesim/srv/teleport_relative.hpp
[116.321s] -- Installing: /home/jasurbek/ros2_ws/src/install/turtlesim/include/turtlesim/turtlesim/srv/kill.hpp
[116.322s] -- Installing: /home/jasurbek/ros2_ws/src/install/turtlesim/include/turtlesim/turtlesim/srv/set_pen.hpp
[116.322s] -- Installing: /home/jasurbek/ros2_ws/src/install/turtlesim/include/turtlesim/turtlesim/srv/teleport_absolute.hpp
[116.322s] -- Installing: /home/jasurbek/ros2_ws/src/install/turtlesim/include/turtlesim/turtlesim/srv/spawn.hpp
[116.322s] -- Up-to-date: /home/jasurbek/ros2_ws/src/install/turtlesim/include/turtlesim/turtlesim/srv/detail
[116.322s] -- Installing: /home/jasurbek/ros2_ws/src/install/turtlesim/include/turtlesim/turtlesim/srv/detail/kill__builder.hpp
[116.323s] -- Installing: /home/jasurbek/ros2_ws/src/install/turtlesim/include/turtlesim/turtlesim/srv/detail/set_pen__traits.hpp
[116.323s] -- Installing: /home/jasurbek/ros2_ws/src/install/turtlesim/include/turtlesim/turtlesim/srv/detail/kill__struct.hpp
[116.324s] -- Installing: /home/jasurbek/ros2_ws/src/install/turtlesim/include/turtlesim/turtlesim/srv/detail/teleport_relative__builder.hpp
[116.324s] -- Installing: /home/jasurbek/ros2_ws/src/install/turtlesim/include/turtlesim/turtlesim/srv/detail/kill__traits.hpp
[116.324s] -- Installing: /home/jasurbek/ros2_ws/src/install/turtlesim/include/turtlesim/turtlesim/srv/detail/teleport_absolute__builder.hpp
[116.325s] -- Installing: /home/jasurbek/ros2_ws/src/install/turtlesim/include/turtlesim/turtlesim/srv/detail/teleport_absolute__traits.hpp
[116.325s] -- Installing: /home/jasurbek/ros2_ws/src/install/turtlesim/include/turtlesim/turtlesim/srv/detail/set_pen__struct.hpp
[116.326s] -- Installing: /home/jasurbek/ros2_ws/src/install/turtlesim/include/turtlesim/turtlesim/srv/detail/spawn__struct.hpp
[116.326s] -- Installing: /home/jasurbek/ros2_ws/src/install/turtlesim/include/turtlesim/turtlesim/srv/detail/teleport_relative__traits.hpp
[116.327s] -- Installing: /home/jasurbek/ros2_ws/src/install/turtlesim/include/turtlesim/turtlesim/srv/detail/teleport_relative__struct.hpp
[116.327s] -- Installing: /home/jasurbek/ros2_ws/src/install/turtlesim/include/turtlesim/turtlesim/srv/detail/spawn__builder.hpp
[116.327s] -- Installing: /home/jasurbek/ros2_ws/src/install/turtlesim/include/turtlesim/turtlesim/srv/detail/spawn__traits.hpp
[116.327s] -- Installing: /home/jasurbek/ros2_ws/src/install/turtlesim/include/turtlesim/turtlesim/srv/detail/teleport_absolute__struct.hpp
[116.327s] -- Installing: /home/jasurbek/ros2_ws/src/install/turtlesim/include/turtlesim/turtlesim/srv/detail/set_pen__builder.hpp
[116.328s] -- Up-to-date: /home/jasurbek/ros2_ws/src/install/turtlesim/include/turtlesim/turtlesim/action
[116.328s] -- Up-to-date: /home/jasurbek/ros2_ws/src/install/turtlesim/include/turtlesim/turtlesim/action/detail
[116.328s] -- Installing: /home/jasurbek/ros2_ws/src/install/turtlesim/include/turtlesim/turtlesim/action/detail/rotate_absolute__builder.hpp
[116.329s] -- Installing: /home/jasurbek/ros2_ws/src/install/turtlesim/include/turtlesim/turtlesim/action/detail/rotate_absolute__struct.hpp
[116.329s] -- Installing: /home/jasurbek/ros2_ws/src/install/turtlesim/include/turtlesim/turtlesim/action/detail/rotate_absolute__traits.hpp
[116.329s] -- Installing: /home/jasurbek/ros2_ws/src/install/turtlesim/include/turtlesim/turtlesim/action/rotate_absolute.hpp
[116.330s] -- Up-to-date: /home/jasurbek/ros2_ws/src/install/turtlesim/include/turtlesim/turtlesim
[116.330s] -- Up-to-date: /home/jasurbek/ros2_ws/src/install/turtlesim/include/turtlesim/turtlesim/msg
[116.331s] -- Installing: /home/jasurbek/ros2_ws/src/install/turtlesim/include/turtlesim/turtlesim/msg/rosidl_typesupport_fastrtps_cpp__visibility_control.h
[116.331s] -- Up-to-date: /home/jasurbek/ros2_ws/src/install/turtlesim/include/turtlesim/turtlesim/msg/detail
[116.331s] -- Installing: /home/jasurbek/ros2_ws/src/install/turtlesim/include/turtlesim/turtlesim/msg/detail/dds_fastrtps
[116.331s] -- Installing: /home/jasurbek/ros2_ws/src/install/turtlesim/include/turtlesim/turtlesim/msg/detail/pose__rosidl_typesupport_fastrtps_cpp.hpp
[116.332s] -- Installing: /home/jasurbek/ros2_ws/src/install/turtlesim/include/turtlesim/turtlesim/msg/detail/color__rosidl_typesupport_fastrtps_cpp.hpp
[116.332s] -- Up-to-date: /home/jasurbek/ros2_ws/src/install/turtlesim/include/turtlesim/turtlesim/srv
[116.333s] -- Up-to-date: /home/jasurbek/ros2_ws/src/install/turtlesim/include/turtlesim/turtlesim/srv/detail
[116.333s] -- Installing: /home/jasurbek/ros2_ws/src/install/turtlesim/include/turtlesim/turtlesim/srv/detail/spawn__rosidl_typesupport_fastrtps_cpp.hpp
[116.333s] -- Installing: /home/jasurbek/ros2_ws/src/install/turtlesim/include/turtlesim/turtlesim/srv/detail/kill__rosidl_typesupport_fastrtps_cpp.hpp
[116.334s] -- Installing: /home/jasurbek/ros2_ws/src/install/turtlesim/include/turtlesim/turtlesim/srv/detail/dds_fastrtps
[116.334s] -- Installing: /home/jasurbek/ros2_ws/src/install/turtlesim/include/turtlesim/turtlesim/srv/detail/teleport_relative__rosidl_typesupport_fastrtps_cpp.hpp
[116.334s] -- Installing: /home/jasurbek/ros2_ws/src/install/turtlesim/include/turtlesim/turtlesim/srv/detail/teleport_absolute__rosidl_typesupport_fastrtps_cpp.hpp
[116.335s] -- Installing: /home/jasurbek/ros2_ws/src/install/turtlesim/include/turtlesim/turtlesim/srv/detail/set_pen__rosidl_typesupport_fastrtps_cpp.hpp
[116.335s] -- Up-to-date: /home/jasurbek/ros2_ws/src/install/turtlesim/include/turtlesim/turtlesim/action
[116.336s] -- Up-to-date: /home/jasurbek/ros2_ws/src/install/turtlesim/include/turtlesim/turtlesim/action/detail
[116.336s] -- Installing: /home/jasurbek/ros2_ws/src/install/turtlesim/include/turtlesim/turtlesim/action/detail/dds_fastrtps
[116.336s] -- Installing: /home/jasurbek/ros2_ws/src/install/turtlesim/include/turtlesim/turtlesim/action/detail/rotate_absolute__rosidl_typesupport_fastrtps_cpp.hpp
[116.337s] -- Installing: /home/jasurbek/ros2_ws/src/install/turtlesim/lib/libturtlesim__rosidl_typesupport_fastrtps_cpp.so
[116.337s] -- Set runtime path of "/home/jasurbek/ros2_ws/src/install/turtlesim/lib/libturtlesim__rosidl_typesupport_fastrtps_cpp.so" to ""
[116.337s] -- Up-to-date: /home/jasurbek/ros2_ws/src/install/turtlesim/include/turtlesim/turtlesim
[116.338s] -- Up-to-date: /home/jasurbek/ros2_ws/src/install/turtlesim/include/turtlesim/turtlesim/msg
[116.338s] -- Installing: /home/jasurbek/ros2_ws/src/install/turtlesim/include/turtlesim/turtlesim/msg/rosidl_typesupport_introspection_c__visibility_control.h
[116.338s] -- Up-to-date: /home/jasurbek/ros2_ws/src/install/turtlesim/include/turtlesim/turtlesim/msg/detail
[116.338s] -- Installing: /home/jasurbek/ros2_ws/src/install/turtlesim/include/turtlesim/turtlesim/msg/detail/pose__rosidl_typesupport_introspection_c.h
[116.339s] -- Installing: /home/jasurbek/ros2_ws/src/install/turtlesim/include/turtlesim/turtlesim/msg/detail/pose__type_support.c
[116.339s] -- Installing: /home/jasurbek/ros2_ws/src/install/turtlesim/include/turtlesim/turtlesim/msg/detail/color__type_support.c
[116.339s] -- Installing: /home/jasurbek/ros2_ws/src/install/turtlesim/include/turtlesim/turtlesim/msg/detail/color__rosidl_typesupport_introspection_c.h
[116.339s] -- Up-to-date: /home/jasurbek/ros2_ws/src/install/turtlesim/include/turtlesim/turtlesim/srv
[116.340s] -- Up-to-date: /home/jasurbek/ros2_ws/src/install/turtlesim/include/turtlesim/turtlesim/srv/detail
[116.340s] -- Installing: /home/jasurbek/ros2_ws/src/install/turtlesim/include/turtlesim/turtlesim/srv/detail/spawn__rosidl_typesupport_introspection_c.h
[116.341s] -- Installing: /home/jasurbek/ros2_ws/src/install/turtlesim/include/turtlesim/turtlesim/srv/detail/set_pen__type_support.c
[116.341s] -- Installing: /home/jasurbek/ros2_ws/src/install/turtlesim/include/turtlesim/turtlesim/srv/detail/teleport_relative__type_support.c
[116.341s] -- Installing: /home/jasurbek/ros2_ws/src/install/turtlesim/include/turtlesim/turtlesim/srv/detail/spawn__type_support.c
[116.342s] -- Installing: /home/jasurbek/ros2_ws/src/install/turtlesim/include/turtlesim/turtlesim/srv/detail/kill__rosidl_typesupport_introspection_c.h
[116.342s] -- Installing: /home/jasurbek/ros2_ws/src/install/turtlesim/include/turtlesim/turtlesim/srv/detail/teleport_relative__rosidl_typesupport_introspection_c.h
[116.343s] -- Installing: /home/jasurbek/ros2_ws/src/install/turtlesim/include/turtlesim/turtlesim/srv/detail/teleport_absolute__type_support.c
[116.343s] -- Installing: /home/jasurbek/ros2_ws/src/install/turtlesim/include/turtlesim/turtlesim/srv/detail/teleport_absolute__rosidl_typesupport_introspection_c.h
[116.343s] -- Installing: /home/jasurbek/ros2_ws/src/install/turtlesim/include/turtlesim/turtlesim/srv/detail/set_pen__rosidl_typesupport_introspection_c.h
[116.343s] -- Installing: /home/jasurbek/ros2_ws/src/install/turtlesim/include/turtlesim/turtlesim/srv/detail/kill__type_support.c
[116.344s] -- Up-to-date: /home/jasurbek/ros2_ws/src/install/turtlesim/include/turtlesim/turtlesim/action
[116.344s] -- Up-to-date: /home/jasurbek/ros2_ws/src/install/turtlesim/include/turtlesim/turtlesim/action/detail
[116.344s] -- Installing: /home/jasurbek/ros2_ws/src/install/turtlesim/include/turtlesim/turtlesim/action/detail/rotate_absolute__type_support.c
[116.344s] -- Installing: /home/jasurbek/ros2_ws/src/install/turtlesim/include/turtlesim/turtlesim/action/detail/rotate_absolute__rosidl_typesupport_introspection_c.h
[116.344s] -- Installing: /home/jasurbek/ros2_ws/src/install/turtlesim/lib/libturtlesim__rosidl_typesupport_introspection_c.so
[116.344s] -- Set runtime path of "/home/jasurbek/ros2_ws/src/install/turtlesim/lib/libturtlesim__rosidl_typesupport_introspection_c.so" to ""
[116.345s] -- Installing: /home/jasurbek/ros2_ws/src/install/turtlesim/lib/libturtlesim__rosidl_typesupport_c.so
[116.346s] -- Set runtime path of "/home/jasurbek/ros2_ws/src/install/turtlesim/lib/libturtlesim__rosidl_typesupport_c.so" to ""
[116.347s] -- Up-to-date: /home/jasurbek/ros2_ws/src/install/turtlesim/include/turtlesim/turtlesim
[116.347s] -- Up-to-date: /home/jasurbek/ros2_ws/src/install/turtlesim/include/turtlesim/turtlesim/msg
[116.348s] -- Up-to-date: /home/jasurbek/ros2_ws/src/install/turtlesim/include/turtlesim/turtlesim/msg/detail
[116.348s] -- Installing: /home/jasurbek/ros2_ws/src/install/turtlesim/include/turtlesim/turtlesim/msg/detail/pose__type_support.cpp
[116.348s] -- Installing: /home/jasurbek/ros2_ws/src/install/turtlesim/include/turtlesim/turtlesim/msg/detail/color__rosidl_typesupport_introspection_cpp.hpp
[116.348s] -- Installing: /home/jasurbek/ros2_ws/src/install/turtlesim/include/turtlesim/turtlesim/msg/detail/color__type_support.cpp
[116.349s] -- Installing: /home/jasurbek/ros2_ws/src/install/turtlesim/include/turtlesim/turtlesim/msg/detail/pose__rosidl_typesupport_introspection_cpp.hpp
[116.350s] -- Up-to-date: /home/jasurbek/ros2_ws/src/install/turtlesim/include/turtlesim/turtlesim/srv
[116.351s] -- Up-to-date: /home/jasurbek/ros2_ws/src/install/turtlesim/include/turtlesim/turtlesim/srv/detail
[116.351s] -- Installing: /home/jasurbek/ros2_ws/src/install/turtlesim/include/turtlesim/turtlesim/srv/detail/kill__type_support.cpp
[116.351s] -- Installing: /home/jasurbek/ros2_ws/src/install/turtlesim/include/turtlesim/turtlesim/srv/detail/teleport_absolute__type_support.cpp
[116.352s] -- Installing: /home/jasurbek/ros2_ws/src/install/turtlesim/include/turtlesim/turtlesim/srv/detail/spawn__type_support.cpp
[116.352s] -- Installing: /home/jasurbek/ros2_ws/src/install/turtlesim/include/turtlesim/turtlesim/srv/detail/set_pen__type_support.cpp
[116.352s] -- Installing: /home/jasurbek/ros2_ws/src/install/turtlesim/include/turtlesim/turtlesim/srv/detail/set_pen__rosidl_typesupport_introspection_cpp.hpp
[116.353s] -- Installing: /home/jasurbek/ros2_ws/src/install/turtlesim/include/turtlesim/turtlesim/srv/detail/teleport_relative__rosidl_typesupport_introspection_cpp.hpp
[116.353s] -- Installing: /home/jasurbek/ros2_ws/src/install/turtlesim/include/turtlesim/turtlesim/srv/detail/kill__rosidl_typesupport_introspection_cpp.hpp
[116.353s] -- Installing: /home/jasurbek/ros2_ws/src/install/turtlesim/include/turtlesim/turtlesim/srv/detail/teleport_absolute__rosidl_typesupport_introspection_cpp.hpp
[116.354s] -- Installing: /home/jasurbek/ros2_ws/src/install/turtlesim/include/turtlesim/turtlesim/srv/detail/spawn__rosidl_typesupport_introspection_cpp.hpp
[116.354s] -- Installing: /home/jasurbek/ros2_ws/src/install/turtlesim/include/turtlesim/turtlesim/srv/detail/teleport_relative__type_support.cpp
[116.355s] -- Up-to-date: /home/jasurbek/ros2_ws/src/install/turtlesim/include/turtlesim/turtlesim/action
[116.355s] -- Up-to-date: /home/jasurbek/ros2_ws/src/install/turtlesim/include/turtlesim/turtlesim/action/detail
[116.355s] -- Installing: /home/jasurbek/ros2_ws/src/install/turtlesim/include/turtlesim/turtlesim/action/detail/rotate_absolute__type_support.cpp
[116.355s] -- Installing: /home/jasurbek/ros2_ws/src/install/turtlesim/include/turtlesim/turtlesim/action/detail/rotate_absolute__rosidl_typesupport_introspection_cpp.hpp
[116.355s] -- Installing: /home/jasurbek/ros2_ws/src/install/turtlesim/lib/libturtlesim__rosidl_typesupport_introspection_cpp.so
[116.356s] -- Set runtime path of "/home/jasurbek/ros2_ws/src/install/turtlesim/lib/libturtlesim__rosidl_typesupport_introspection_cpp.so" to ""
[116.356s] -- Installing: /home/jasurbek/ros2_ws/src/install/turtlesim/lib/libturtlesim__rosidl_typesupport_cpp.so
[116.356s] -- Set runtime path of "/home/jasurbek/ros2_ws/src/install/turtlesim/lib/libturtlesim__rosidl_typesupport_cpp.so" to ""
[116.356s] -- Installing: /home/jasurbek/ros2_ws/src/install/turtlesim/share/turtlesim/environment/pythonpath.sh
[116.357s] -- Installing: /home/jasurbek/ros2_ws/src/install/turtlesim/share/turtlesim/environment/pythonpath.dsv
[116.357s] -- Installing: /home/jasurbek/ros2_ws/src/install/turtlesim/local/lib/python3.10/dist-packages/turtlesim-1.5.0-py3.10.egg-info
[116.357s] -- Installing: /home/jasurbek/ros2_ws/src/install/turtlesim/local/lib/python3.10/dist-packages/turtlesim-1.5.0-py3.10.egg-info/dependency_links.txt
[116.357s] -- Installing: /home/jasurbek/ros2_ws/src/install/turtlesim/local/lib/python3.10/dist-packages/turtlesim-1.5.0-py3.10.egg-info/top_level.txt
[116.358s] -- Installing: /home/jasurbek/ros2_ws/src/install/turtlesim/local/lib/python3.10/dist-packages/turtlesim-1.5.0-py3.10.egg-info/SOURCES.txt
[116.358s] -- Installing: /home/jasurbek/ros2_ws/src/install/turtlesim/local/lib/python3.10/dist-packages/turtlesim-1.5.0-py3.10.egg-info/PKG-INFO
[116.358s] -- Installing: /home/jasurbek/ros2_ws/src/install/turtlesim/local/lib/python3.10/dist-packages/turtlesim
[116.359s] -- Installing: /home/jasurbek/ros2_ws/src/install/turtlesim/local/lib/python3.10/dist-packages/turtlesim/turtlesim_s__rosidl_typesupport_fastrtps_c.cpython-310-x86_64-linux-gnu.so
[116.359s] -- Installing: /home/jasurbek/ros2_ws/src/install/turtlesim/local/lib/python3.10/dist-packages/turtlesim/libturtlesim__rosidl_generator_py.so
[116.360s] -- Installing: /home/jasurbek/ros2_ws/src/install/turtlesim/local/lib/python3.10/dist-packages/turtlesim/msg
[116.360s] -- Installing: /home/jasurbek/ros2_ws/src/install/turtlesim/local/lib/python3.10/dist-packages/turtlesim/msg/_color.py
[116.360s] -- Installing: /home/jasurbek/ros2_ws/src/install/turtlesim/local/lib/python3.10/dist-packages/turtlesim/msg/_pose.py
[116.361s] -- Installing: /home/jasurbek/ros2_ws/src/install/turtlesim/local/lib/python3.10/dist-packages/turtlesim/msg/__init__.py
[116.361s] -- Installing: /home/jasurbek/ros2_ws/src/install/turtlesim/local/lib/python3.10/dist-packages/turtlesim/msg/_pose_s.c
[116.361s] -- Installing: /home/jasurbek/ros2_ws/src/install/turtlesim/local/lib/python3.10/dist-packages/turtlesim/msg/_color_s.c
[116.362s] -- Installing: /home/jasurbek/ros2_ws/src/install/turtlesim/local/lib/python3.10/dist-packages/turtlesim/turtlesim_s__rosidl_typesupport_introspection_c.cpython-310-x86_64-linux-gnu.so
[116.362s] -- Installing: /home/jasurbek/ros2_ws/src/install/turtlesim/local/lib/python3.10/dist-packages/turtlesim/turtlesim_s__rosidl_typesupport_c.cpython-310-x86_64-linux-gnu.so
[116.362s] -- Installing: /home/jasurbek/ros2_ws/src/install/turtlesim/local/lib/python3.10/dist-packages/turtlesim/_turtlesim_s.ep.rosidl_typesupport_introspection_c.c
[116.363s] -- Installing: /home/jasurbek/ros2_ws/src/install/turtlesim/local/lib/python3.10/dist-packages/turtlesim/srv
[116.363s] -- Installing: /home/jasurbek/ros2_ws/src/install/turtlesim/local/lib/python3.10/dist-packages/turtlesim/srv/_set_pen.py
[116.363s] -- Installing: /home/jasurbek/ros2_ws/src/install/turtlesim/local/lib/python3.10/dist-packages/turtlesim/srv/_teleport_absolute_s.c
[116.364s] -- Installing: /home/jasurbek/ros2_ws/src/install/turtlesim/local/lib/python3.10/dist-packages/turtlesim/srv/_teleport_relative.py
[116.364s] -- Installing: /home/jasurbek/ros2_ws/src/install/turtlesim/local/lib/python3.10/dist-packages/turtlesim/srv/_kill.py
[116.364s] -- Installing: /home/jasurbek/ros2_ws/src/install/turtlesim/local/lib/python3.10/dist-packages/turtlesim/srv/_kill_s.c
[116.364s] -- Installing: /home/jasurbek/ros2_ws/src/install/turtlesim/local/lib/python3.10/dist-packages/turtlesim/srv/_teleport_relative_s.c
[116.365s] -- Installing: /home/jasurbek/ros2_ws/src/install/turtlesim/local/lib/python3.10/dist-packages/turtlesim/srv/__init__.py
[116.365s] -- Installing: /home/jasurbek/ros2_ws/src/install/turtlesim/local/lib/python3.10/dist-packages/turtlesim/srv/_set_pen_s.c
[116.365s] -- Installing: /home/jasurbek/ros2_ws/src/install/turtlesim/local/lib/python3.10/dist-packages/turtlesim/srv/_spawn_s.c
[116.365s] -- Installing: /home/jasurbek/ros2_ws/src/install/turtlesim/local/lib/python3.10/dist-packages/turtlesim/srv/_teleport_absolute.py
[116.365s] -- Installing: /home/jasurbek/ros2_ws/src/install/turtlesim/local/lib/python3.10/dist-packages/turtlesim/srv/_spawn.py
[116.365s] -- Installing: /home/jasurbek/ros2_ws/src/install/turtlesim/local/lib/python3.10/dist-packages/turtlesim/__init__.py
[116.365s] -- Installing: /home/jasurbek/ros2_ws/src/install/turtlesim/local/lib/python3.10/dist-packages/turtlesim/_turtlesim_s.ep.rosidl_typesupport_c.c
[116.366s] -- Installing: /home/jasurbek/ros2_ws/src/install/turtlesim/local/lib/python3.10/dist-packages/turtlesim/action
[116.366s] -- Installing: /home/jasurbek/ros2_ws/src/install/turtlesim/local/lib/python3.10/dist-packages/turtlesim/action/_rotate_absolute.py
[116.366s] -- Installing: /home/jasurbek/ros2_ws/src/install/turtlesim/local/lib/python3.10/dist-packages/turtlesim/action/__init__.py
[116.366s] -- Installing: /home/jasurbek/ros2_ws/src/install/turtlesim/local/lib/python3.10/dist-packages/turtlesim/action/_rotate_absolute_s.c
[116.366s] -- Installing: /home/jasurbek/ros2_ws/src/install/turtlesim/local/lib/python3.10/dist-packages/turtlesim/_turtlesim_s.ep.rosidl_typesupport_fastrtps_c.c
[116.449s] Listing '/home/jasurbek/ros2_ws/src/install/turtlesim/local/lib/python3.10/dist-packages/turtlesim'...
[116.449s] Compiling '/home/jasurbek/ros2_ws/src/install/turtlesim/local/lib/python3.10/dist-packages/turtlesim/__init__.py'...
[116.449s] Listing '/home/jasurbek/ros2_ws/src/install/turtlesim/local/lib/python3.10/dist-packages/turtlesim/action'...
[116.449s] Compiling '/home/jasurbek/ros2_ws/src/install/turtlesim/local/lib/python3.10/dist-packages/turtlesim/action/__init__.py'...
[116.449s] Compiling '/home/jasurbek/ros2_ws/src/install/turtlesim/local/lib/python3.10/dist-packages/turtlesim/action/_rotate_absolute.py'...
[116.450s] Listing '/home/jasurbek/ros2_ws/src/install/turtlesim/local/lib/python3.10/dist-packages/turtlesim/msg'...
[116.450s] Compiling '/home/jasurbek/ros2_ws/src/install/turtlesim/local/lib/python3.10/dist-packages/turtlesim/msg/__init__.py'...
[116.450s] Compiling '/home/jasurbek/ros2_ws/src/install/turtlesim/local/lib/python3.10/dist-packages/turtlesim/msg/_color.py'...
[116.450s] Compiling '/home/jasurbek/ros2_ws/src/install/turtlesim/local/lib/python3.10/dist-packages/turtlesim/msg/_pose.py'...
[116.450s] Listing '/home/jasurbek/ros2_ws/src/install/turtlesim/local/lib/python3.10/dist-packages/turtlesim/srv'...
[116.450s] Compiling '/home/jasurbek/ros2_ws/src/install/turtlesim/local/lib/python3.10/dist-packages/turtlesim/srv/__init__.py'...
[116.450s] Compiling '/home/jasurbek/ros2_ws/src/install/turtlesim/local/lib/python3.10/dist-packages/turtlesim/srv/_kill.py'...
[116.450s] Compiling '/home/jasurbek/ros2_ws/src/install/turtlesim/local/lib/python3.10/dist-packages/turtlesim/srv/_set_pen.py'...
[116.450s] Compiling '/home/jasurbek/ros2_ws/src/install/turtlesim/local/lib/python3.10/dist-packages/turtlesim/srv/_spawn.py'...
[116.451s] Compiling '/home/jasurbek/ros2_ws/src/install/turtlesim/local/lib/python3.10/dist-packages/turtlesim/srv/_teleport_absolute.py'...
[116.451s] Compiling '/home/jasurbek/ros2_ws/src/install/turtlesim/local/lib/python3.10/dist-packages/turtlesim/srv/_teleport_relative.py'...
[116.456s] -- Installing: /home/jasurbek/ros2_ws/src/install/turtlesim/local/lib/python3.10/dist-packages/turtlesim/turtlesim_s__rosidl_typesupport_fastrtps_c.cpython-310-x86_64-linux-gnu.so
[116.457s] -- Set runtime path of "/home/jasurbek/ros2_ws/src/install/turtlesim/local/lib/python3.10/dist-packages/turtlesim/turtlesim_s__rosidl_typesupport_fastrtps_c.cpython-310-x86_64-linux-gnu.so" to ""
[116.458s] -- Installing: /home/jasurbek/ros2_ws/src/install/turtlesim/local/lib/python3.10/dist-packages/turtlesim/turtlesim_s__rosidl_typesupport_introspection_c.cpython-310-x86_64-linux-gnu.so
[116.458s] -- Set runtime path of "/home/jasurbek/ros2_ws/src/install/turtlesim/local/lib/python3.10/dist-packages/turtlesim/turtlesim_s__rosidl_typesupport_introspection_c.cpython-310-x86_64-linux-gnu.so" to ""
[116.459s] -- Installing: /home/jasurbek/ros2_ws/src/install/turtlesim/local/lib/python3.10/dist-packages/turtlesim/turtlesim_s__rosidl_typesupport_c.cpython-310-x86_64-linux-gnu.so
[116.460s] -- Set runtime path of "/home/jasurbek/ros2_ws/src/install/turtlesim/local/lib/python3.10/dist-packages/turtlesim/turtlesim_s__rosidl_typesupport_c.cpython-310-x86_64-linux-gnu.so" to ""
[116.460s] -- Installing: /home/jasurbek/ros2_ws/src/install/turtlesim/lib/libturtlesim__rosidl_generator_py.so
[116.461s] -- Set runtime path of "/home/jasurbek/ros2_ws/src/install/turtlesim/lib/libturtlesim__rosidl_generator_py.so" to ""
[116.461s] -- Installing: /home/jasurbek/ros2_ws/src/install/turtlesim/share/turtlesim/action/RotateAbsolute.idl
[116.462s] -- Installing: /home/jasurbek/ros2_ws/src/install/turtlesim/share/turtlesim/msg/Color.idl
[116.462s] -- Installing: /home/jasurbek/ros2_ws/src/install/turtlesim/share/turtlesim/msg/Pose.idl
[116.464s] -- Installing: /home/jasurbek/ros2_ws/src/install/turtlesim/share/turtlesim/srv/Kill.idl
[116.464s] -- Installing: /home/jasurbek/ros2_ws/src/install/turtlesim/share/turtlesim/srv/SetPen.idl
[116.465s] -- Installing: /home/jasurbek/ros2_ws/src/install/turtlesim/share/turtlesim/srv/Spawn.idl
[116.465s] -- Installing: /home/jasurbek/ros2_ws/src/install/turtlesim/share/turtlesim/srv/TeleportAbsolute.idl
[116.465s] -- Installing: /home/jasurbek/ros2_ws/src/install/turtlesim/share/turtlesim/srv/TeleportRelative.idl
[116.465s] -- Installing: /home/jasurbek/ros2_ws/src/install/turtlesim/share/turtlesim/action/RotateAbsolute.action
[116.466s] -- Installing: /home/jasurbek/ros2_ws/src/install/turtlesim/share/turtlesim/msg/Color.msg
[116.466s] -- Installing: /home/jasurbek/ros2_ws/src/install/turtlesim/share/turtlesim/msg/Pose.msg
[116.466s] -- Installing: /home/jasurbek/ros2_ws/src/install/turtlesim/share/turtlesim/srv/Kill.srv
[116.466s] -- Installing: /home/jasurbek/ros2_ws/src/install/turtlesim/share/turtlesim/srv/Kill_Request.msg
[116.466s] -- Installing: /home/jasurbek/ros2_ws/src/install/turtlesim/share/turtlesim/srv/Kill_Response.msg
[116.466s] -- Installing: /home/jasurbek/ros2_ws/src/install/turtlesim/share/turtlesim/srv/SetPen.srv
[116.467s] -- Installing: /home/jasurbek/ros2_ws/src/install/turtlesim/share/turtlesim/srv/SetPen_Request.msg
[116.467s] -- Installing: /home/jasurbek/ros2_ws/src/install/turtlesim/share/turtlesim/srv/SetPen_Response.msg
[116.467s] -- Installing: /home/jasurbek/ros2_ws/src/install/turtlesim/share/turtlesim/srv/Spawn.srv
[116.467s] -- Installing: /home/jasurbek/ros2_ws/src/install/turtlesim/share/turtlesim/srv/Spawn_Request.msg
[116.468s] -- Installing: /home/jasurbek/ros2_ws/src/install/turtlesim/share/turtlesim/srv/Spawn_Response.msg
[116.468s] -- Installing: /home/jasurbek/ros2_ws/src/install/turtlesim/share/turtlesim/srv/TeleportAbsolute.srv
[116.468s] -- Installing: /home/jasurbek/ros2_ws/src/install/turtlesim/share/turtlesim/srv/TeleportAbsolute_Request.msg
[116.469s] -- Installing: /home/jasurbek/ros2_ws/src/install/turtlesim/share/turtlesim/srv/TeleportAbsolute_Response.msg
[116.469s] -- Installing: /home/jasurbek/ros2_ws/src/install/turtlesim/share/turtlesim/srv/TeleportRelative.srv
[116.470s] -- Installing: /home/jasurbek/ros2_ws/src/install/turtlesim/share/turtlesim/srv/TeleportRelative_Request.msg
[116.470s] -- Installing: /home/jasurbek/ros2_ws/src/install/turtlesim/share/turtlesim/srv/TeleportRelative_Response.msg
[116.470s] -- Installing: /home/jasurbek/ros2_ws/src/install/turtlesim/lib/turtlesim/turtlesim_node
[116.483s] -- Set runtime path of "/home/jasurbek/ros2_ws/src/install/turtlesim/lib/turtlesim/turtlesim_node" to ""
[116.483s] -- Installing: /home/jasurbek/ros2_ws/src/install/turtlesim/lib/turtlesim/turtle_teleop_key
[116.486s] -- Set runtime path of "/home/jasurbek/ros2_ws/src/install/turtlesim/lib/turtlesim/turtle_teleop_key" to ""
[116.487s] -- Installing: /home/jasurbek/ros2_ws/src/install/turtlesim/lib/turtlesim/draw_square
[116.493s] -- Set runtime path of "/home/jasurbek/ros2_ws/src/install/turtlesim/lib/turtlesim/draw_square" to ""
[116.493s] -- Installing: /home/jasurbek/ros2_ws/src/install/turtlesim/lib/turtlesim/mimic
[116.499s] -- Set runtime path of "/home/jasurbek/ros2_ws/src/install/turtlesim/lib/turtlesim/mimic" to ""
[116.499s] -- Installing: /home/jasurbek/ros2_ws/src/install/turtlesim/share/turtlesim/images
[116.500s] -- Installing: /home/jasurbek/ros2_ws/src/install/turtlesim/share/turtlesim/images/rolling.png
[116.500s] -- Installing: /home/jasurbek/ros2_ws/src/install/turtlesim/share/turtlesim/images/dashing.png
[116.501s] -- Installing: /home/jasurbek/ros2_ws/src/install/turtlesim/share/turtlesim/images/eloquent.png
[116.501s] -- Installing: /home/jasurbek/ros2_ws/src/install/turtlesim/share/turtlesim/images/foxy.png
[116.501s] -- Installing: /home/jasurbek/ros2_ws/src/install/turtlesim/share/turtlesim/images/humble.png
[116.502s] -- Installing: /home/jasurbek/ros2_ws/src/install/turtlesim/share/turtlesim/images/galactic.png
[116.502s] -- Installing: /home/jasurbek/ros2_ws/src/install/turtlesim/share/turtlesim/images/ardent.png
[116.502s] -- Installing: /home/jasurbek/ros2_ws/src/install/turtlesim/share/turtlesim/images/bouncy.png
[116.503s] -- Installing: /home/jasurbek/ros2_ws/src/install/turtlesim/share/turtlesim/images/crystal.png
[116.503s] -- Installing: /home/jasurbek/ros2_ws/src/install/turtlesim/share/turtlesim/launch
[116.503s] -- Installing: /home/jasurbek/ros2_ws/src/install/turtlesim/share/turtlesim/launch/multisim.launch.py
[116.504s] -- Installing: /home/jasurbek/ros2_ws/src/install/turtlesim/share/ament_index/resource_index/package_run_dependencies/turtlesim
[116.504s] -- Installing: /home/jasurbek/ros2_ws/src/install/turtlesim/share/ament_index/resource_index/parent_prefix_path/turtlesim
[116.504s] -- Installing: /home/jasurbek/ros2_ws/src/install/turtlesim/share/turtlesim/environment/ament_prefix_path.sh
[116.505s] -- Installing: /home/jasurbek/ros2_ws/src/install/turtlesim/share/turtlesim/environment/ament_prefix_path.dsv
[116.505s] -- Installing: /home/jasurbek/ros2_ws/src/install/turtlesim/share/turtlesim/environment/path.sh
[116.505s] -- Installing: /home/jasurbek/ros2_ws/src/install/turtlesim/share/turtlesim/environment/path.dsv
[116.506s] -- Installing: /home/jasurbek/ros2_ws/src/install/turtlesim/share/turtlesim/local_setup.bash
[116.506s] -- Installing: /home/jasurbek/ros2_ws/src/install/turtlesim/share/turtlesim/local_setup.sh
[116.507s] -- Installing: /home/jasurbek/ros2_ws/src/install/turtlesim/share/turtlesim/local_setup.zsh
[116.507s] -- Installing: /home/jasurbek/ros2_ws/src/install/turtlesim/share/turtlesim/local_setup.dsv
[116.507s] -- Installing: /home/jasurbek/ros2_ws/src/install/turtlesim/share/turtlesim/package.dsv
[116.508s] -- Installing: /home/jasurbek/ros2_ws/src/install/turtlesim/share/ament_index/resource_index/packages/turtlesim
[116.508s] -- Installing: /home/jasurbek/ros2_ws/src/install/turtlesim/share/turtlesim/cmake/export_turtlesim__rosidl_generator_cExport.cmake
[116.509s] -- Installing: /home/jasurbek/ros2_ws/src/install/turtlesim/share/turtlesim/cmake/export_turtlesim__rosidl_generator_cExport-noconfig.cmake
[116.509s] -- Installing: /home/jasurbek/ros2_ws/src/install/turtlesim/share/turtlesim/cmake/export_turtlesim__rosidl_typesupport_fastrtps_cExport.cmake
[116.509s] -- Installing: /home/jasurbek/ros2_ws/src/install/turtlesim/share/turtlesim/cmake/export_turtlesim__rosidl_typesupport_fastrtps_cExport-noconfig.cmake
[116.510s] -- Installing: /home/jasurbek/ros2_ws/src/install/turtlesim/share/turtlesim/cmake/export_turtlesim__rosidl_generator_cppExport.cmake
[116.510s] -- Installing: /home/jasurbek/ros2_ws/src/install/turtlesim/share/turtlesim/cmake/export_turtlesim__rosidl_typesupport_fastrtps_cppExport.cmake
[116.511s] -- Installing: /home/jasurbek/ros2_ws/src/install/turtlesim/share/turtlesim/cmake/export_turtlesim__rosidl_typesupport_fastrtps_cppExport-noconfig.cmake
[116.511s] -- Installing: /home/jasurbek/ros2_ws/src/install/turtlesim/share/turtlesim/cmake/turtlesim__rosidl_typesupport_introspection_cExport.cmake
[116.511s] -- Installing: /home/jasurbek/ros2_ws/src/install/turtlesim/share/turtlesim/cmake/turtlesim__rosidl_typesupport_introspection_cExport-noconfig.cmake
[116.512s] -- Installing: /home/jasurbek/ros2_ws/src/install/turtlesim/share/turtlesim/cmake/turtlesim__rosidl_typesupport_cExport.cmake
[116.512s] -- Installing: /home/jasurbek/ros2_ws/src/install/turtlesim/share/turtlesim/cmake/turtlesim__rosidl_typesupport_cExport-noconfig.cmake
[116.513s] -- Installing: /home/jasurbek/ros2_ws/src/install/turtlesim/share/turtlesim/cmake/turtlesim__rosidl_typesupport_introspection_cppExport.cmake
[116.513s] -- Installing: /home/jasurbek/ros2_ws/src/install/turtlesim/share/turtlesim/cmake/turtlesim__rosidl_typesupport_introspection_cppExport-noconfig.cmake
[116.513s] -- Installing: /home/jasurbek/ros2_ws/src/install/turtlesim/share/turtlesim/cmake/turtlesim__rosidl_typesupport_cppExport.cmake
[116.514s] -- Installing: /home/jasurbek/ros2_ws/src/install/turtlesim/share/turtlesim/cmake/turtlesim__rosidl_typesupport_cppExport-noconfig.cmake
[116.514s] -- Installing: /home/jasurbek/ros2_ws/src/install/turtlesim/share/turtlesim/cmake/export_turtlesim__rosidl_generator_pyExport.cmake
[116.515s] -- Installing: /home/jasurbek/ros2_ws/src/install/turtlesim/share/turtlesim/cmake/export_turtlesim__rosidl_generator_pyExport-noconfig.cmake
[116.515s] -- Installing: /home/jasurbek/ros2_ws/src/install/turtlesim/share/turtlesim/cmake/rosidl_cmake-extras.cmake
[116.516s] -- Installing: /home/jasurbek/ros2_ws/src/install/turtlesim/share/turtlesim/cmake/ament_cmake_export_dependencies-extras.cmake
[116.516s] -- Installing: /home/jasurbek/ros2_ws/src/install/turtlesim/share/turtlesim/cmake/ament_cmake_export_include_directories-extras.cmake
[116.516s] -- Installing: /home/jasurbek/ros2_ws/src/install/turtlesim/share/turtlesim/cmake/ament_cmake_export_libraries-extras.cmake
[116.517s] -- Installing: /home/jasurbek/ros2_ws/src/install/turtlesim/share/turtlesim/cmake/ament_cmake_export_targets-extras.cmake
[116.518s] -- Installing: /home/jasurbek/ros2_ws/src/install/turtlesim/share/turtlesim/cmake/rosidl_cmake_export_typesupport_targets-extras.cmake
[116.518s] -- Installing: /home/jasurbek/ros2_ws/src/install/turtlesim/share/turtlesim/cmake/rosidl_cmake_export_typesupport_libraries-extras.cmake
[116.519s] -- Installing: /home/jasurbek/ros2_ws/src/install/turtlesim/share/turtlesim/cmake/turtlesimConfig.cmake
[116.519s] -- Installing: /home/jasurbek/ros2_ws/src/install/turtlesim/share/turtlesim/cmake/turtlesimConfig-version.cmake
[116.519s] -- Installing: /home/jasurbek/ros2_ws/src/install/turtlesim/share/turtlesim/package.xml
[116.526s] Invoked command in '/home/jasurbek/ros2_ws/src/build/turtlesim' returned '0': CMAKE_PREFIX_PATH=/opt/ros/rolling:/opt/ros/humble /usr/bin/cmake --install /home/jasurbek/ros2_ws/src/build/turtlesim
