[0.737s] Invoking command in '/home/jasurbek/ros2_ws/build/examples_rclpy_minimal_service': PYTHONPATH=/home/jasurbek/ros2_ws/install/examples_rclpy_minimal_service/lib/python3.10/site-packages:${PYTHONPATH} /usr/bin/python3 setup.py develop --prefix /home/jasurbek/ros2_ws/install/examples_rclpy_minimal_service --uninstall --editable --build-directory /home/jasurbek/ros2_ws/build/examples_rclpy_minimal_service/build
[1.079s] running develop
[1.079s] /usr/lib/python3/dist-packages/setuptools/command/easy_install.py:158: EasyInstallDeprecationWarning: easy_install command is deprecated. Use build and pip and other standards-based tools.
[1.079s]   warnings.warn(
[1.080s] /usr/lib/python3/dist-packages/setuptools/command/install.py:34: SetuptoolsDeprecationWarning: setup.py install is deprecated. Use build and pip and other standards-based tools.
[1.081s]   warnings.warn(
[1.142s] /usr/lib/python3/dist-packages/pkg_resources/__init__.py:116: PkgResourcesDeprecationWarning: 1.1build1 is an invalid version and will not be supported in a future release
[1.142s]   warnings.warn(
[1.142s] /usr/lib/python3/dist-packages/pkg_resources/__init__.py:116: PkgResourcesDeprecationWarning: 0.1.43ubuntu1 is an invalid version and will not be supported in a future release
[1.142s]   warnings.warn(
[1.286s] Removing /home/jasurbek/ros2_ws/install/examples_rclpy_minimal_service/lib/python3.10/site-packages/examples-rclpy-minimal-service.egg-link (link to .)
[1.316s] Invoked command in '/home/jasurbek/ros2_ws/build/examples_rclpy_minimal_service' returned '0': PYTHONPATH=/home/jasurbek/ros2_ws/install/examples_rclpy_minimal_service/lib/python3.10/site-packages:${PYTHONPATH} /usr/bin/python3 setup.py develop --prefix /home/jasurbek/ros2_ws/install/examples_rclpy_minimal_service --uninstall --editable --build-directory /home/jasurbek/ros2_ws/build/examples_rclpy_minimal_service/build
[1.316s] Invoking command in '/home/jasurbek/ros2_ws/src/examples/rclpy/services/minimal_service': PYTHONPATH=/home/jasurbek/ros2_ws/install/examples_rclpy_minimal_service/lib/python3.10/site-packages:${PYTHONPATH} /usr/bin/python3 setup.py egg_info --egg-base ../../../../../build/examples_rclpy_minimal_service build --build-base /home/jasurbek/ros2_ws/build/examples_rclpy_minimal_service/build install --prefix /home/jasurbek/ros2_ws/install/examples_rclpy_minimal_service --record /home/jasurbek/ros2_ws/build/examples_rclpy_minimal_service/install.log --single-version-externally-managed
[1.622s] running egg_info
[1.623s] writing ../../../../../build/examples_rclpy_minimal_service/examples_rclpy_minimal_service.egg-info/PKG-INFO
[1.624s] writing dependency_links to ../../../../../build/examples_rclpy_minimal_service/examples_rclpy_minimal_service.egg-info/dependency_links.txt
[1.624s] writing entry points to ../../../../../build/examples_rclpy_minimal_service/examples_rclpy_minimal_service.egg-info/entry_points.txt
[1.624s] writing requirements to ../../../../../build/examples_rclpy_minimal_service/examples_rclpy_minimal_service.egg-info/requires.txt
[1.625s] writing top-level names to ../../../../../build/examples_rclpy_minimal_service/examples_rclpy_minimal_service.egg-info/top_level.txt
[1.628s] reading manifest file '../../../../../build/examples_rclpy_minimal_service/examples_rclpy_minimal_service.egg-info/SOURCES.txt'
[1.630s] writing manifest file '../../../../../build/examples_rclpy_minimal_service/examples_rclpy_minimal_service.egg-info/SOURCES.txt'
[1.630s] running build
[1.630s] running build_py
[1.631s] creating /home/jasurbek/ros2_ws/build/examples_rclpy_minimal_service/build
[1.631s] creating /home/jasurbek/ros2_ws/build/examples_rclpy_minimal_service/build/lib
[1.631s] creating /home/jasurbek/ros2_ws/build/examples_rclpy_minimal_service/build/lib/examples_rclpy_minimal_service
[1.631s] copying examples_rclpy_minimal_service/service.py -> /home/jasurbek/ros2_ws/build/examples_rclpy_minimal_service/build/lib/examples_rclpy_minimal_service
[1.631s] copying examples_rclpy_minimal_service/service_member_function.py -> /home/jasurbek/ros2_ws/build/examples_rclpy_minimal_service/build/lib/examples_rclpy_minimal_service
[1.632s] copying examples_rclpy_minimal_service/__init__.py -> /home/jasurbek/ros2_ws/build/examples_rclpy_minimal_service/build/lib/examples_rclpy_minimal_service
[1.632s] running install
[1.632s] /usr/lib/python3/dist-packages/setuptools/command/install.py:34: SetuptoolsDeprecationWarning: setup.py install is deprecated. Use build and pip and other standards-based tools.
[1.632s]   warnings.warn(
[1.633s] running install_lib
[1.634s] creating /home/jasurbek/ros2_ws/install/examples_rclpy_minimal_service/lib/python3.10/site-packages/examples_rclpy_minimal_service
[1.634s] copying /home/jasurbek/ros2_ws/build/examples_rclpy_minimal_service/build/lib/examples_rclpy_minimal_service/service.py -> /home/jasurbek/ros2_ws/install/examples_rclpy_minimal_service/lib/python3.10/site-packages/examples_rclpy_minimal_service
[1.634s] copying /home/jasurbek/ros2_ws/build/examples_rclpy_minimal_service/build/lib/examples_rclpy_minimal_service/service_member_function.py -> /home/jasurbek/ros2_ws/install/examples_rclpy_minimal_service/lib/python3.10/site-packages/examples_rclpy_minimal_service
[1.634s] copying /home/jasurbek/ros2_ws/build/examples_rclpy_minimal_service/build/lib/examples_rclpy_minimal_service/__init__.py -> /home/jasurbek/ros2_ws/install/examples_rclpy_minimal_service/lib/python3.10/site-packages/examples_rclpy_minimal_service
[1.635s] byte-compiling /home/jasurbek/ros2_ws/install/examples_rclpy_minimal_service/lib/python3.10/site-packages/examples_rclpy_minimal_service/service.py to service.cpython-310.pyc
[1.635s] byte-compiling /home/jasurbek/ros2_ws/install/examples_rclpy_minimal_service/lib/python3.10/site-packages/examples_rclpy_minimal_service/service_member_function.py to service_member_function.cpython-310.pyc
[1.636s] byte-compiling /home/jasurbek/ros2_ws/install/examples_rclpy_minimal_service/lib/python3.10/site-packages/examples_rclpy_minimal_service/__init__.py to __init__.cpython-310.pyc
[1.636s] running install_data
[1.637s] running install_egg_info
[1.639s] Copying ../../../../../build/examples_rclpy_minimal_service/examples_rclpy_minimal_service.egg-info to /home/jasurbek/ros2_ws/install/examples_rclpy_minimal_service/lib/python3.10/site-packages/examples_rclpy_minimal_service-0.16.1-py3.10.egg-info
[1.640s] running install_scripts
[1.667s] Installing service script to /home/jasurbek/ros2_ws/install/examples_rclpy_minimal_service/lib/examples_rclpy_minimal_service
[1.667s] Installing service_member_function script to /home/jasurbek/ros2_ws/install/examples_rclpy_minimal_service/lib/examples_rclpy_minimal_service
[1.668s] writing list of installed files to '/home/jasurbek/ros2_ws/build/examples_rclpy_minimal_service/install.log'
[1.707s] Invoked command in '/home/jasurbek/ros2_ws/src/examples/rclpy/services/minimal_service' returned '0': PYTHONPATH=/home/jasurbek/ros2_ws/install/examples_rclpy_minimal_service/lib/python3.10/site-packages:${PYTHONPATH} /usr/bin/python3 setup.py egg_info --egg-base ../../../../../build/examples_rclpy_minimal_service build --build-base /home/jasurbek/ros2_ws/build/examples_rclpy_minimal_service/build install --prefix /home/jasurbek/ros2_ws/install/examples_rclpy_minimal_service --record /home/jasurbek/ros2_ws/build/examples_rclpy_minimal_service/install.log --single-version-externally-managed
