[0.893s] Invoking command in '/home/jasurbek/ros2_ws/src/py_pubsub': PYTHONPATH=/home/jasurbek/ros2_ws/src/install/py_pubsub/lib/python3.10/site-packages:${PYTHONPATH} /usr/bin/python3 setup.py egg_info --egg-base ../build/py_pubsub build --build-base /home/jasurbek/ros2_ws/src/build/py_pubsub/build install --prefix /home/jasurbek/ros2_ws/src/install/py_pubsub --record /home/jasurbek/ros2_ws/src/build/py_pubsub/install.log --single-version-externally-managed
[1.227s] running egg_info
[1.228s] writing ../build/py_pubsub/py_pubsub.egg-info/PKG-INFO
[1.229s] writing dependency_links to ../build/py_pubsub/py_pubsub.egg-info/dependency_links.txt
[1.229s] writing entry points to ../build/py_pubsub/py_pubsub.egg-info/entry_points.txt
[1.229s] writing requirements to ../build/py_pubsub/py_pubsub.egg-info/requires.txt
[1.230s] writing top-level names to ../build/py_pubsub/py_pubsub.egg-info/top_level.txt
[1.232s] reading manifest file '../build/py_pubsub/py_pubsub.egg-info/SOURCES.txt'
[1.233s] writing manifest file '../build/py_pubsub/py_pubsub.egg-info/SOURCES.txt'
[1.234s] running build
[1.234s] running build_py
[1.238s] copying py_pubsub/publisher_member_function.py -> /home/jasurbek/ros2_ws/src/build/py_pubsub/build/lib/py_pubsub
[1.239s] running install
[1.239s] running install_lib
[1.239s] copying /home/jasurbek/ros2_ws/src/build/py_pubsub/build/lib/py_pubsub/publisher_member_function.py -> /home/jasurbek/ros2_ws/src/install/py_pubsub/lib/python3.10/site-packages/py_pubsub
[1.239s] byte-compiling /home/jasurbek/ros2_ws/src/install/py_pubsub/lib/python3.10/site-packages/py_pubsub/publisher_member_function.py to publisher_member_function.cpython-310.pyc
[1.239s] /usr/lib/python3/dist-packages/setuptools/command/install.py:34: SetuptoolsDeprecationWarning: setup.py install is deprecated. Use build and pip and other standards-based tools.
[1.240s]   warnings.warn(
[1.240s] running install_data
[1.241s] running install_egg_info
[1.244s] removing '/home/jasurbek/ros2_ws/src/install/py_pubsub/lib/python3.10/site-packages/py_pubsub-0.0.0-py3.10.egg-info' (and everything under it)
[1.244s] Copying ../build/py_pubsub/py_pubsub.egg-info to /home/jasurbek/ros2_ws/src/install/py_pubsub/lib/python3.10/site-packages/py_pubsub-0.0.0-py3.10.egg-info
[1.245s] running install_scripts
[1.277s] Installing listener script to /home/jasurbek/ros2_ws/src/install/py_pubsub/lib/py_pubsub
[1.277s] Installing talker script to /home/jasurbek/ros2_ws/src/install/py_pubsub/lib/py_pubsub
[1.278s] writing list of installed files to '/home/jasurbek/ros2_ws/src/build/py_pubsub/install.log'
[1.315s] Invoked command in '/home/jasurbek/ros2_ws/src/py_pubsub' returned '0': PYTHONPATH=/home/jasurbek/ros2_ws/src/install/py_pubsub/lib/python3.10/site-packages:${PYTHONPATH} /usr/bin/python3 setup.py egg_info --egg-base ../build/py_pubsub build --build-base /home/jasurbek/ros2_ws/src/build/py_pubsub/build install --prefix /home/jasurbek/ros2_ws/src/install/py_pubsub --record /home/jasurbek/ros2_ws/src/build/py_pubsub/install.log --single-version-externally-managed
