[0.748s] Invoking command in '/home/jasurbek/ros2_ws/build/examples_rclpy_guard_conditions': PYTHONPATH=/home/jasurbek/ros2_ws/install/examples_rclpy_guard_conditions/lib/python3.10/site-packages:${PYTHONPATH} /usr/bin/python3 setup.py develop --prefix /home/jasurbek/ros2_ws/install/examples_rclpy_guard_conditions --uninstall --editable --build-directory /home/jasurbek/ros2_ws/build/examples_rclpy_guard_conditions/build
[1.089s] running develop
[1.090s] /usr/lib/python3/dist-packages/setuptools/command/easy_install.py:158: EasyInstallDeprecationWarning: easy_install command is deprecated. Use build and pip and other standards-based tools.
[1.090s]   warnings.warn(
[1.092s] /usr/lib/python3/dist-packages/setuptools/command/install.py:34: SetuptoolsDeprecationWarning: setup.py install is deprecated. Use build and pip and other standards-based tools.
[1.092s]   warnings.warn(
[1.166s] /usr/lib/python3/dist-packages/pkg_resources/__init__.py:116: PkgResourcesDeprecationWarning: 1.1build1 is an invalid version and will not be supported in a future release
[1.166s]   warnings.warn(
[1.166s] /usr/lib/python3/dist-packages/pkg_resources/__init__.py:116: PkgResourcesDeprecationWarning: 0.1.43ubuntu1 is an invalid version and will not be supported in a future release
[1.166s]   warnings.warn(
[1.309s] Removing /home/jasurbek/ros2_ws/install/examples_rclpy_guard_conditions/lib/python3.10/site-packages/examples-rclpy-guard-conditions.egg-link (link to .)
[1.345s] Invoked command in '/home/jasurbek/ros2_ws/build/examples_rclpy_guard_conditions' returned '0': PYTHONPATH=/home/jasurbek/ros2_ws/install/examples_rclpy_guard_conditions/lib/python3.10/site-packages:${PYTHONPATH} /usr/bin/python3 setup.py develop --prefix /home/jasurbek/ros2_ws/install/examples_rclpy_guard_conditions --uninstall --editable --build-directory /home/jasurbek/ros2_ws/build/examples_rclpy_guard_conditions/build
[1.348s] Invoking command in '/home/jasurbek/ros2_ws/src/examples/rclpy/guard_conditions': PYTHONPATH=/home/jasurbek/ros2_ws/install/examples_rclpy_guard_conditions/lib/python3.10/site-packages:${PYTHONPATH} /usr/bin/python3 setup.py egg_info --egg-base ../../../../build/examples_rclpy_guard_conditions build --build-base /home/jasurbek/ros2_ws/build/examples_rclpy_guard_conditions/build install --prefix /home/jasurbek/ros2_ws/install/examples_rclpy_guard_conditions --record /home/jasurbek/ros2_ws/build/examples_rclpy_guard_conditions/install.log --single-version-externally-managed
[1.613s] running egg_info
[1.614s] writing ../../../../build/examples_rclpy_guard_conditions/examples_rclpy_guard_conditions.egg-info/PKG-INFO
[1.615s] writing dependency_links to ../../../../build/examples_rclpy_guard_conditions/examples_rclpy_guard_conditions.egg-info/dependency_links.txt
[1.615s] writing entry points to ../../../../build/examples_rclpy_guard_conditions/examples_rclpy_guard_conditions.egg-info/entry_points.txt
[1.616s] writing requirements to ../../../../build/examples_rclpy_guard_conditions/examples_rclpy_guard_conditions.egg-info/requires.txt
[1.616s] writing top-level names to ../../../../build/examples_rclpy_guard_conditions/examples_rclpy_guard_conditions.egg-info/top_level.txt
[1.621s] reading manifest file '../../../../build/examples_rclpy_guard_conditions/examples_rclpy_guard_conditions.egg-info/SOURCES.txt'
[1.623s] writing manifest file '../../../../build/examples_rclpy_guard_conditions/examples_rclpy_guard_conditions.egg-info/SOURCES.txt'
[1.625s] /usr/lib/python3/dist-packages/setuptools/command/install.py:34: SetuptoolsDeprecationWarning: setup.py install is deprecated. Use build and pip and other standards-based tools.
[1.625s]   warnings.warn(
[1.626s] running build
[1.626s] running build_py
[1.626s] creating /home/jasurbek/ros2_ws/build/examples_rclpy_guard_conditions/build
[1.626s] creating /home/jasurbek/ros2_ws/build/examples_rclpy_guard_conditions/build/lib
[1.626s] creating /home/jasurbek/ros2_ws/build/examples_rclpy_guard_conditions/build/lib/examples_rclpy_guard_conditions
[1.626s] copying examples_rclpy_guard_conditions/trigger_guard_condition.py -> /home/jasurbek/ros2_ws/build/examples_rclpy_guard_conditions/build/lib/examples_rclpy_guard_conditions
[1.626s] copying examples_rclpy_guard_conditions/__init__.py -> /home/jasurbek/ros2_ws/build/examples_rclpy_guard_conditions/build/lib/examples_rclpy_guard_conditions
[1.626s] running install
[1.626s] running install_lib
[1.627s] creating /home/jasurbek/ros2_ws/install/examples_rclpy_guard_conditions/lib/python3.10/site-packages/examples_rclpy_guard_conditions
[1.627s] copying /home/jasurbek/ros2_ws/build/examples_rclpy_guard_conditions/build/lib/examples_rclpy_guard_conditions/trigger_guard_condition.py -> /home/jasurbek/ros2_ws/install/examples_rclpy_guard_conditions/lib/python3.10/site-packages/examples_rclpy_guard_conditions
[1.628s] copying /home/jasurbek/ros2_ws/build/examples_rclpy_guard_conditions/build/lib/examples_rclpy_guard_conditions/__init__.py -> /home/jasurbek/ros2_ws/install/examples_rclpy_guard_conditions/lib/python3.10/site-packages/examples_rclpy_guard_conditions
[1.629s] byte-compiling /home/jasurbek/ros2_ws/install/examples_rclpy_guard_conditions/lib/python3.10/site-packages/examples_rclpy_guard_conditions/trigger_guard_condition.py to trigger_guard_condition.cpython-310.pyc
[1.629s] byte-compiling /home/jasurbek/ros2_ws/install/examples_rclpy_guard_conditions/lib/python3.10/site-packages/examples_rclpy_guard_conditions/__init__.py to __init__.cpython-310.pyc
[1.630s] running install_data
[1.631s] running install_egg_info
[1.633s] Copying ../../../../build/examples_rclpy_guard_conditions/examples_rclpy_guard_conditions.egg-info to /home/jasurbek/ros2_ws/install/examples_rclpy_guard_conditions/lib/python3.10/site-packages/examples_rclpy_guard_conditions-0.16.1-py3.10.egg-info
[1.634s] running install_scripts
[1.662s] Installing trigger_guard_condition script to /home/jasurbek/ros2_ws/install/examples_rclpy_guard_conditions/lib/examples_rclpy_guard_conditions
[1.663s] writing list of installed files to '/home/jasurbek/ros2_ws/build/examples_rclpy_guard_conditions/install.log'
[1.692s] Invoked command in '/home/jasurbek/ros2_ws/src/examples/rclpy/guard_conditions' returned '0': PYTHONPATH=/home/jasurbek/ros2_ws/install/examples_rclpy_guard_conditions/lib/python3.10/site-packages:${PYTHONPATH} /usr/bin/python3 setup.py egg_info --egg-base ../../../../build/examples_rclpy_guard_conditions build --build-base /home/jasurbek/ros2_ws/build/examples_rclpy_guard_conditions/build install --prefix /home/jasurbek/ros2_ws/install/examples_rclpy_guard_conditions --record /home/jasurbek/ros2_ws/build/examples_rclpy_guard_conditions/install.log --single-version-externally-managed
