[0.702s] Invoking command in '/home/jasurbek/ros2_ws/ros2_ws/src/py_srvcli': PYTHONPATH=/home/jasurbek/ros2_ws/install/py_srvcli/lib/python3.10/site-packages:${PYTHONPATH} /usr/bin/python3 setup.py egg_info --egg-base ../../../build/py_srvcli build --build-base /home/jasurbek/ros2_ws/build/py_srvcli/build install --prefix /home/jasurbek/ros2_ws/install/py_srvcli --record /home/jasurbek/ros2_ws/build/py_srvcli/install.log --single-version-externally-managed
[1.013s] running egg_info
[1.014s] writing ../../../build/py_srvcli/py_srvcli.egg-info/PKG-INFO
[1.015s] writing dependency_links to ../../../build/py_srvcli/py_srvcli.egg-info/dependency_links.txt
[1.016s] writing entry points to ../../../build/py_srvcli/py_srvcli.egg-info/entry_points.txt
[1.016s] writing requirements to ../../../build/py_srvcli/py_srvcli.egg-info/requires.txt
[1.017s] writing top-level names to ../../../build/py_srvcli/py_srvcli.egg-info/top_level.txt
[1.020s] reading manifest file '../../../build/py_srvcli/py_srvcli.egg-info/SOURCES.txt'
[1.022s] writing manifest file '../../../build/py_srvcli/py_srvcli.egg-info/SOURCES.txt'
[1.023s] running build
[1.023s] running build_py
[1.023s] copying py_srvcli/__init__.py -> /home/jasurbek/ros2_ws/build/py_srvcli/build/lib/py_srvcli
[1.024s] running install
[1.024s] /usr/lib/python3/dist-packages/setuptools/command/install.py:34: SetuptoolsDeprecationWarning: setup.py install is deprecated. Use build and pip and other standards-based tools.
[1.024s]   warnings.warn(
[1.025s] running install_lib
[1.026s] copying /home/jasurbek/ros2_ws/build/py_srvcli/build/lib/py_srvcli/__init__.py -> /home/jasurbek/ros2_ws/install/py_srvcli/lib/python3.10/site-packages/py_srvcli
[1.027s] byte-compiling /home/jasurbek/ros2_ws/install/py_srvcli/lib/python3.10/site-packages/py_srvcli/__init__.py to __init__.cpython-310.pyc
[1.028s] running install_data
[1.028s] copying resource/py_srvcli -> /home/jasurbek/ros2_ws/install/py_srvcli/share/ament_index/resource_index/packages
[1.029s] copying package.xml -> /home/jasurbek/ros2_ws/install/py_srvcli/share/py_srvcli
[1.029s] running install_egg_info
[1.032s] removing '/home/jasurbek/ros2_ws/install/py_srvcli/lib/python3.10/site-packages/py_srvcli-0.0.0-py3.10.egg-info' (and everything under it)
[1.032s] Copying ../../../build/py_srvcli/py_srvcli.egg-info to /home/jasurbek/ros2_ws/install/py_srvcli/lib/python3.10/site-packages/py_srvcli-0.0.0-py3.10.egg-info
[1.033s] running install_scripts
[1.061s] writing list of installed files to '/home/jasurbek/ros2_ws/build/py_srvcli/install.log'
[1.094s] Invoked command in '/home/jasurbek/ros2_ws/ros2_ws/src/py_srvcli' returned '0': PYTHONPATH=/home/jasurbek/ros2_ws/install/py_srvcli/lib/python3.10/site-packages:${PYTHONPATH} /usr/bin/python3 setup.py egg_info --egg-base ../../../build/py_srvcli build --build-base /home/jasurbek/ros2_ws/build/py_srvcli/build install --prefix /home/jasurbek/ros2_ws/install/py_srvcli --record /home/jasurbek/ros2_ws/build/py_srvcli/install.log --single-version-externally-managed
