[0.871s] Invoking command in '/home/jasurbek/ros2_ws/src/py_pubsub': PYTHONPATH=/home/jasurbek/ros2_ws/install/py_pubsub/lib/python3.10/site-packages:${PYTHONPATH} /usr/bin/python3 setup.py egg_info --egg-base ../../build/py_pubsub build --build-base /home/jasurbek/ros2_ws/build/py_pubsub/build install --prefix /home/jasurbek/ros2_ws/install/py_pubsub --record /home/jasurbek/ros2_ws/build/py_pubsub/install.log --single-version-externally-managed
[1.252s] running egg_info
[1.253s] writing ../../build/py_pubsub/py_pubsub.egg-info/PKG-INFO
[1.254s] writing dependency_links to ../../build/py_pubsub/py_pubsub.egg-info/dependency_links.txt
[1.255s] writing entry points to ../../build/py_pubsub/py_pubsub.egg-info/entry_points.txt
[1.255s] writing requirements to ../../build/py_pubsub/py_pubsub.egg-info/requires.txt
[1.256s] writing top-level names to ../../build/py_pubsub/py_pubsub.egg-info/top_level.txt
[1.259s] reading manifest file '../../build/py_pubsub/py_pubsub.egg-info/SOURCES.txt'
[1.261s] writing manifest file '../../build/py_pubsub/py_pubsub.egg-info/SOURCES.txt'
[1.261s] running build
[1.261s] running build_py
[1.262s] running install
[1.263s] /usr/lib/python3/dist-packages/setuptools/command/install.py:34: SetuptoolsDeprecationWarning: setup.py install is deprecated. Use build and pip and other standards-based tools.
[1.263s]   warnings.warn(
[1.263s] running install_lib
[1.265s] running install_data
[1.265s] running install_egg_info
[1.268s] removing '/home/jasurbek/ros2_ws/install/py_pubsub/lib/python3.10/site-packages/py_pubsub-0.0.0-py3.10.egg-info' (and everything under it)
[1.269s] Copying ../../build/py_pubsub/py_pubsub.egg-info to /home/jasurbek/ros2_ws/install/py_pubsub/lib/python3.10/site-packages/py_pubsub-0.0.0-py3.10.egg-info
[1.270s] running install_scripts
[1.297s] Installing listener script to /home/jasurbek/ros2_ws/install/py_pubsub/lib/py_pubsub
[1.298s] Installing talker script to /home/jasurbek/ros2_ws/install/py_pubsub/lib/py_pubsub
[1.298s] writing list of installed files to '/home/jasurbek/ros2_ws/build/py_pubsub/install.log'
[1.329s] Invoked command in '/home/jasurbek/ros2_ws/src/py_pubsub' returned '0': PYTHONPATH=/home/jasurbek/ros2_ws/install/py_pubsub/lib/python3.10/site-packages:${PYTHONPATH} /usr/bin/python3 setup.py egg_info --egg-base ../../build/py_pubsub build --build-base /home/jasurbek/ros2_ws/build/py_pubsub/build install --prefix /home/jasurbek/ros2_ws/install/py_pubsub --record /home/jasurbek/ros2_ws/build/py_pubsub/install.log --single-version-externally-managed
