[0.009s] Invoking command in '/home/jasurbek/ros2_ws/build/tutorial_interfaces': CMAKE_PREFIX_PATH=/opt/ros/humble /usr/bin/cmake --build /home/jasurbek/ros2_ws/build/tutorial_interfaces -- -j2 -l2
[0.047s] Invoked command in '/home/jasurbek/ros2_ws/build/tutorial_interfaces' returned '0': CMAKE_PREFIX_PATH=/opt/ros/humble /usr/bin/cmake --build /home/jasurbek/ros2_ws/build/tutorial_interfaces -- -j2 -l2
[0.066s] Invoking command in '/home/jasurbek/ros2_ws/build/tutorial_interfaces': CMAKE_PREFIX_PATH=/opt/ros/humble /usr/bin/cmake --install /home/jasurbek/ros2_ws/build/tutorial_interfaces
[0.075s] -- Install configuration: ""
[0.075s] -- Up-to-date: /home/jasurbek/ros2_ws/install/tutorial_interfaces/share/ament_index/resource_index/package_run_dependencies/tutorial_interfaces
[0.076s] -- Up-to-date: /home/jasurbek/ros2_ws/install/tutorial_interfaces/share/ament_index/resource_index/parent_prefix_path/tutorial_interfaces
[0.076s] -- Up-to-date: /home/jasurbek/ros2_ws/install/tutorial_interfaces/share/tutorial_interfaces/environment/ament_prefix_path.sh
[0.076s] -- Up-to-date: /home/jasurbek/ros2_ws/install/tutorial_interfaces/share/tutorial_interfaces/environment/ament_prefix_path.dsv
[0.076s] -- Up-to-date: /home/jasurbek/ros2_ws/install/tutorial_interfaces/share/tutorial_interfaces/environment/path.sh
[0.077s] -- Up-to-date: /home/jasurbek/ros2_ws/install/tutorial_interfaces/share/tutorial_interfaces/environment/path.dsv
[0.077s] -- Up-to-date: /home/jasurbek/ros2_ws/install/tutorial_interfaces/share/tutorial_interfaces/local_setup.bash
[0.077s] -- Up-to-date: /home/jasurbek/ros2_ws/install/tutorial_interfaces/share/tutorial_interfaces/local_setup.sh
[0.078s] -- Up-to-date: /home/jasurbek/ros2_ws/install/tutorial_interfaces/share/tutorial_interfaces/local_setup.zsh
[0.078s] -- Up-to-date: /home/jasurbek/ros2_ws/install/tutorial_interfaces/share/tutorial_interfaces/local_setup.dsv
[0.078s] -- Up-to-date: /home/jasurbek/ros2_ws/install/tutorial_interfaces/share/tutorial_interfaces/package.dsv
[0.078s] -- Up-to-date: /home/jasurbek/ros2_ws/install/tutorial_interfaces/share/ament_index/resource_index/packages/tutorial_interfaces
[0.079s] -- Up-to-date: /home/jasurbek/ros2_ws/install/tutorial_interfaces/share/tutorial_interfaces/cmake/tutorial_interfacesConfig.cmake
[0.079s] -- Up-to-date: /home/jasurbek/ros2_ws/install/tutorial_interfaces/share/tutorial_interfaces/cmake/tutorial_interfacesConfig-version.cmake
[0.079s] -- Up-to-date: /home/jasurbek/ros2_ws/install/tutorial_interfaces/share/tutorial_interfaces/package.xml
[0.091s] Invoked command in '/home/jasurbek/ros2_ws/build/tutorial_interfaces' returned '0': CMAKE_PREFIX_PATH=/opt/ros/humble /usr/bin/cmake --install /home/jasurbek/ros2_ws/build/tutorial_interfaces
