[1.463s] Invoking command in '/home/jasurbek/ros2_ws/src/examples/rclpy/guard_conditions': PYTHONPATH=/home/jasurbek/ros2_ws/src/install/examples_rclpy_guard_conditions/lib/python3.10/site-packages:${PYTHONPATH} /usr/bin/python3 setup.py egg_info --egg-base ../../../build/examples_rclpy_guard_conditions build --build-base /home/jasurbek/ros2_ws/src/build/examples_rclpy_guard_conditions/build install --prefix /home/jasurbek/ros2_ws/src/install/examples_rclpy_guard_conditions --record /home/jasurbek/ros2_ws/src/build/examples_rclpy_guard_conditions/install.log --single-version-externally-managed
[1.966s] running egg_info
[1.967s] creating ../../../build/examples_rclpy_guard_conditions/examples_rclpy_guard_conditions.egg-info
[1.968s] writing ../../../build/examples_rclpy_guard_conditions/examples_rclpy_guard_conditions.egg-info/PKG-INFO
[1.969s] writing dependency_links to ../../../build/examples_rclpy_guard_conditions/examples_rclpy_guard_conditions.egg-info/dependency_links.txt
[1.970s] writing entry points to ../../../build/examples_rclpy_guard_conditions/examples_rclpy_guard_conditions.egg-info/entry_points.txt
[1.970s] writing requirements to ../../../build/examples_rclpy_guard_conditions/examples_rclpy_guard_conditions.egg-info/requires.txt
[1.971s] writing top-level names to ../../../build/examples_rclpy_guard_conditions/examples_rclpy_guard_conditions.egg-info/top_level.txt
[1.971s] writing manifest file '../../../build/examples_rclpy_guard_conditions/examples_rclpy_guard_conditions.egg-info/SOURCES.txt'
[1.975s] reading manifest file '../../../build/examples_rclpy_guard_conditions/examples_rclpy_guard_conditions.egg-info/SOURCES.txt'
[1.979s] writing manifest file '../../../build/examples_rclpy_guard_conditions/examples_rclpy_guard_conditions.egg-info/SOURCES.txt'
[1.979s] running build
[1.979s] running build_py
[1.980s] creating /home/jasurbek/ros2_ws/src/build/examples_rclpy_guard_conditions/build
[1.980s] creating /home/jasurbek/ros2_ws/src/build/examples_rclpy_guard_conditions/build/lib
[1.980s] creating /home/jasurbek/ros2_ws/src/build/examples_rclpy_guard_conditions/build/lib/examples_rclpy_guard_conditions
[1.981s] copying examples_rclpy_guard_conditions/trigger_guard_condition.py -> /home/jasurbek/ros2_ws/src/build/examples_rclpy_guard_conditions/build/lib/examples_rclpy_guard_conditions
[1.982s] copying examples_rclpy_guard_conditions/__init__.py -> /home/jasurbek/ros2_ws/src/build/examples_rclpy_guard_conditions/build/lib/examples_rclpy_guard_conditions
[1.983s] running install
[1.983s] /usr/lib/python3/dist-packages/setuptools/command/install.py:34: SetuptoolsDeprecationWarning: setup.py install is deprecated. Use build and pip and other standards-based tools.
[1.983s]   warnings.warn(
[1.984s] running install_lib
[1.986s] creating /home/jasurbek/ros2_ws/src/install/examples_rclpy_guard_conditions/lib/python3.10/site-packages/examples_rclpy_guard_conditions
[1.987s] copying /home/jasurbek/ros2_ws/src/build/examples_rclpy_guard_conditions/build/lib/examples_rclpy_guard_conditions/trigger_guard_condition.py -> /home/jasurbek/ros2_ws/src/install/examples_rclpy_guard_conditions/lib/python3.10/site-packages/examples_rclpy_guard_conditions
[1.987s] copying /home/jasurbek/ros2_ws/src/build/examples_rclpy_guard_conditions/build/lib/examples_rclpy_guard_conditions/__init__.py -> /home/jasurbek/ros2_ws/src/install/examples_rclpy_guard_conditions/lib/python3.10/site-packages/examples_rclpy_guard_conditions
[1.989s] byte-compiling /home/jasurbek/ros2_ws/src/install/examples_rclpy_guard_conditions/lib/python3.10/site-packages/examples_rclpy_guard_conditions/trigger_guard_condition.py to trigger_guard_condition.cpython-310.pyc
[1.990s] byte-compiling /home/jasurbek/ros2_ws/src/install/examples_rclpy_guard_conditions/lib/python3.10/site-packages/examples_rclpy_guard_conditions/__init__.py to __init__.cpython-310.pyc
[1.991s] running install_data
[1.992s] creating /home/jasurbek/ros2_ws/src/install/examples_rclpy_guard_conditions/share/ament_index
[1.993s] creating /home/jasurbek/ros2_ws/src/install/examples_rclpy_guard_conditions/share/ament_index/resource_index
[1.993s] creating /home/jasurbek/ros2_ws/src/install/examples_rclpy_guard_conditions/share/ament_index/resource_index/packages
[1.994s] copying resource/examples_rclpy_guard_conditions -> /home/jasurbek/ros2_ws/src/install/examples_rclpy_guard_conditions/share/ament_index/resource_index/packages
[1.995s] copying package.xml -> /home/jasurbek/ros2_ws/src/install/examples_rclpy_guard_conditions/share/examples_rclpy_guard_conditions
[1.995s] running install_egg_info
[1.999s] Copying ../../../build/examples_rclpy_guard_conditions/examples_rclpy_guard_conditions.egg-info to /home/jasurbek/ros2_ws/src/install/examples_rclpy_guard_conditions/lib/python3.10/site-packages/examples_rclpy_guard_conditions-0.16.1-py3.10.egg-info
[2.001s] running install_scripts
[2.043s] Installing trigger_guard_condition script to /home/jasurbek/ros2_ws/src/install/examples_rclpy_guard_conditions/lib/examples_rclpy_guard_conditions
[2.044s] writing list of installed files to '/home/jasurbek/ros2_ws/src/build/examples_rclpy_guard_conditions/install.log'
[2.092s] Invoked command in '/home/jasurbek/ros2_ws/src/examples/rclpy/guard_conditions' returned '0': PYTHONPATH=/home/jasurbek/ros2_ws/src/install/examples_rclpy_guard_conditions/lib/python3.10/site-packages:${PYTHONPATH} /usr/bin/python3 setup.py egg_info --egg-base ../../../build/examples_rclpy_guard_conditions build --build-base /home/jasurbek/ros2_ws/src/build/examples_rclpy_guard_conditions/build install --prefix /home/jasurbek/ros2_ws/src/install/examples_rclpy_guard_conditions --record /home/jasurbek/ros2_ws/src/build/examples_rclpy_guard_conditions/install.log --single-version-externally-managed
