[0.028s] Invoking command in '/home/jasurbek/ros2_ws/src/build/examples_rclcpp_minimal_timer': CMAKE_PREFIX_PATH=/opt/ros/rolling:/opt/ros/humble /usr/bin/cmake /home/jasurbek/ros2_ws/src/examples/rclcpp/timers/minimal_timer -DCMAKE_INSTALL_PREFIX=/home/jasurbek/ros2_ws/src/install/examples_rclcpp_minimal_timer
[0.156s] -- The C compiler identification is GNU 11.2.0
[0.269s] -- The CXX compiler identification is GNU 11.2.0
[0.288s] -- Detecting C compiler ABI info
[0.438s] -- Detecting C compiler ABI info - done
[0.462s] -- Check for working C compiler: /usr/bin/cc - skipped
[0.464s] -- Detecting C compile features
[0.465s] -- Detecting C compile features - done
[0.474s] -- Detecting CXX compiler ABI info
[0.623s] -- Detecting CXX compiler ABI info - done
[0.648s] -- Check for working CXX compiler: /usr/bin/c++ - skipped
[0.649s] -- Detecting CXX compile features
[0.651s] -- Detecting CXX compile features - done
[0.655s] -- Found ament_cmake: 1.5.0 (/opt/ros/rolling/share/ament_cmake/cmake)
[1.042s] -- Found Python3: /usr/bin/python3.10 (found version "3.10.6") found components: Interpreter 
[1.187s] -- Found rclcpp: 16.2.0 (/opt/ros/rolling/share/rclcpp/cmake)
[1.271s] -- Found rosidl_generator_c: 3.2.1 (/opt/ros/rolling/share/rosidl_generator_c/cmake)
[1.282s] -- Found rosidl_adapter: 3.2.1 (/opt/ros/rolling/share/rosidl_adapter/cmake)
[1.304s] -- Found rosidl_generator_cpp: 3.2.1 (/opt/ros/rolling/share/rosidl_generator_cpp/cmake)
[1.345s] -- Using all available rosidl_typesupport_c: rosidl_typesupport_fastrtps_c;rosidl_typesupport_introspection_c
[1.392s] -- Using all available rosidl_typesupport_cpp: rosidl_typesupport_fastrtps_cpp;rosidl_typesupport_introspection_cpp
[1.557s] -- Found rmw_implementation_cmake: 6.3.0 (/opt/ros/rolling/share/rmw_implementation_cmake/cmake)
[1.563s] -- Found rmw_fastrtps_cpp: 6.3.0 (/opt/ros/rolling/share/rmw_fastrtps_cpp/cmake)
[1.771s] -- Found OpenSSL: /usr/lib/x86_64-linux-gnu/libcrypto.so (found version "3.0.2")  
[1.830s] -- Found FastRTPS: /opt/ros/rolling/include  
[1.921s] -- Using RMW implementation 'rmw_fastrtps_cpp' as default
[2.351s] -- Found ament_lint_auto: 0.12.4 (/opt/ros/humble/share/ament_lint_auto/cmake)
[2.557s] -- Added test 'copyright' to check source files copyright and LICENSE
[2.560s] -- Added test 'cppcheck' to perform static code analysis on C / C++ code
[2.560s] -- Configured cppcheck include dirs: 
[2.561s] -- Configured cppcheck exclude dirs and/or files: 
[2.562s] -- Added test 'cpplint' to check C / C++ code against the Google style
[2.563s] -- Configured cpplint exclude dirs and/or files: 
[2.564s] -- Added test 'lint_cmake' to check CMake code style
[2.566s] -- Added test 'uncrustify' to check C / C++ code style
[2.567s] -- Configured uncrustify additional arguments: 
[2.568s] -- Added test 'xmllint' to check XML markup files
[2.571s] -- Configuring done
[2.595s] -- Generating done
[2.600s] -- Build files have been written to: /home/jasurbek/ros2_ws/src/build/examples_rclcpp_minimal_timer
[2.617s] Invoked command in '/home/jasurbek/ros2_ws/src/build/examples_rclcpp_minimal_timer' returned '0': CMAKE_PREFIX_PATH=/opt/ros/rolling:/opt/ros/humble /usr/bin/cmake /home/jasurbek/ros2_ws/src/examples/rclcpp/timers/minimal_timer -DCMAKE_INSTALL_PREFIX=/home/jasurbek/ros2_ws/src/install/examples_rclcpp_minimal_timer
[2.618s] Invoking command in '/home/jasurbek/ros2_ws/src/build/examples_rclcpp_minimal_timer': CMAKE_PREFIX_PATH=/opt/ros/rolling:/opt/ros/humble /usr/bin/cmake --build /home/jasurbek/ros2_ws/src/build/examples_rclcpp_minimal_timer -- -j2 -l2
[2.689s] [ 25%] [32mBuilding CXX object CMakeFiles/timer_lambda.dir/lambda.cpp.o[0m
[9.195s] [ 50%] [32m[1mLinking CXX executable timer_lambda[0m
[9.395s] [ 50%] Built target timer_lambda
[9.433s] [ 75%] [32mBuilding CXX object CMakeFiles/timer_member_function.dir/member_function.cpp.o[0m
[16.318s] [100%] [32m[1mLinking CXX executable timer_member_function[0m
[16.509s] [100%] Built target timer_member_function
[16.524s] Invoked command in '/home/jasurbek/ros2_ws/src/build/examples_rclcpp_minimal_timer' returned '0': CMAKE_PREFIX_PATH=/opt/ros/rolling:/opt/ros/humble /usr/bin/cmake --build /home/jasurbek/ros2_ws/src/build/examples_rclcpp_minimal_timer -- -j2 -l2
[16.562s] Invoking command in '/home/jasurbek/ros2_ws/src/build/examples_rclcpp_minimal_timer': CMAKE_PREFIX_PATH=/opt/ros/rolling:/opt/ros/humble /usr/bin/cmake --install /home/jasurbek/ros2_ws/src/build/examples_rclcpp_minimal_timer
[16.576s] -- Install configuration: ""
[16.577s] -- Installing: /home/jasurbek/ros2_ws/src/install/examples_rclcpp_minimal_timer/lib/examples_rclcpp_minimal_timer/timer_lambda
[16.578s] -- Set runtime path of "/home/jasurbek/ros2_ws/src/install/examples_rclcpp_minimal_timer/lib/examples_rclcpp_minimal_timer/timer_lambda" to ""
[16.578s] -- Installing: /home/jasurbek/ros2_ws/src/install/examples_rclcpp_minimal_timer/lib/examples_rclcpp_minimal_timer/timer_member_function
[16.579s] -- Set runtime path of "/home/jasurbek/ros2_ws/src/install/examples_rclcpp_minimal_timer/lib/examples_rclcpp_minimal_timer/timer_member_function" to ""
[16.580s] -- Installing: /home/jasurbek/ros2_ws/src/install/examples_rclcpp_minimal_timer/share/ament_index/resource_index/package_run_dependencies/examples_rclcpp_minimal_timer
[16.580s] -- Installing: /home/jasurbek/ros2_ws/src/install/examples_rclcpp_minimal_timer/share/ament_index/resource_index/parent_prefix_path/examples_rclcpp_minimal_timer
[16.581s] -- Installing: /home/jasurbek/ros2_ws/src/install/examples_rclcpp_minimal_timer/share/examples_rclcpp_minimal_timer/environment/ament_prefix_path.sh
[16.581s] -- Installing: /home/jasurbek/ros2_ws/src/install/examples_rclcpp_minimal_timer/share/examples_rclcpp_minimal_timer/environment/ament_prefix_path.dsv
[16.582s] -- Installing: /home/jasurbek/ros2_ws/src/install/examples_rclcpp_minimal_timer/share/examples_rclcpp_minimal_timer/environment/path.sh
[16.582s] -- Installing: /home/jasurbek/ros2_ws/src/install/examples_rclcpp_minimal_timer/share/examples_rclcpp_minimal_timer/environment/path.dsv
[16.583s] -- Installing: /home/jasurbek/ros2_ws/src/install/examples_rclcpp_minimal_timer/share/examples_rclcpp_minimal_timer/local_setup.bash
[16.583s] -- Installing: /home/jasurbek/ros2_ws/src/install/examples_rclcpp_minimal_timer/share/examples_rclcpp_minimal_timer/local_setup.sh
[16.584s] -- Installing: /home/jasurbek/ros2_ws/src/install/examples_rclcpp_minimal_timer/share/examples_rclcpp_minimal_timer/local_setup.zsh
[16.584s] -- Installing: /home/jasurbek/ros2_ws/src/install/examples_rclcpp_minimal_timer/share/examples_rclcpp_minimal_timer/local_setup.dsv
[16.585s] -- Installing: /home/jasurbek/ros2_ws/src/install/examples_rclcpp_minimal_timer/share/examples_rclcpp_minimal_timer/package.dsv
[16.585s] -- Installing: /home/jasurbek/ros2_ws/src/install/examples_rclcpp_minimal_timer/share/ament_index/resource_index/packages/examples_rclcpp_minimal_timer
[16.586s] -- Installing: /home/jasurbek/ros2_ws/src/install/examples_rclcpp_minimal_timer/share/examples_rclcpp_minimal_timer/cmake/examples_rclcpp_minimal_timerConfig.cmake
[16.586s] -- Installing: /home/jasurbek/ros2_ws/src/install/examples_rclcpp_minimal_timer/share/examples_rclcpp_minimal_timer/cmake/examples_rclcpp_minimal_timerConfig-version.cmake
[16.587s] -- Installing: /home/jasurbek/ros2_ws/src/install/examples_rclcpp_minimal_timer/share/examples_rclcpp_minimal_timer/package.xml
[16.596s] Invoked command in '/home/jasurbek/ros2_ws/src/build/examples_rclcpp_minimal_timer' returned '0': CMAKE_PREFIX_PATH=/opt/ros/rolling:/opt/ros/humble /usr/bin/cmake --install /home/jasurbek/ros2_ws/src/build/examples_rclcpp_minimal_timer
