[0.033s] Invoking command in '/home/jasurbek/ros2_ws/build/examples_rclcpp_cbg_executor': CMAKE_PREFIX_PATH=/opt/ros/humble /usr/bin/cmake /home/jasurbek/ros2_ws/src/examples/rclcpp/executors/cbg_executor -DAMENT_CMAKE_SYMLINK_INSTALL=1 -DCMAKE_INSTALL_PREFIX=/home/jasurbek/ros2_ws/install/examples_rclcpp_cbg_executor
[0.299s] -- The C compiler identification is GNU 11.2.0
[0.525s] -- The CXX compiler identification is GNU 11.2.0
[0.555s] -- Detecting C compiler ABI info
[0.701s] -- Detecting C compiler ABI info - done
[0.723s] -- Check for working C compiler: /usr/bin/cc - skipped
[0.724s] -- Detecting C compile features
[0.727s] -- Detecting C compile features - done
[0.738s] -- Detecting CXX compiler ABI info
[0.889s] -- Detecting CXX compiler ABI info - done
[0.910s] -- Check for working CXX compiler: /usr/bin/c++ - skipped
[0.911s] -- Detecting CXX compile features
[0.914s] -- Detecting CXX compile features - done
[0.938s] -- Found ament_cmake: 1.3.2 (/opt/ros/humble/share/ament_cmake/cmake)
[1.304s] -- Found Python3: /usr/bin/python3.10 (found version "3.10.6") found components: Interpreter 
[1.459s] -- Override CMake install command with custom implementation using symlinks instead of copying resources
[1.547s] -- Found rclcpp: 16.0.1 (/opt/ros/humble/share/rclcpp/cmake)
[1.677s] -- Found rosidl_generator_c: 3.1.3 (/opt/ros/humble/share/rosidl_generator_c/cmake)
[1.690s] -- Found rosidl_adapter: 3.1.3 (/opt/ros/humble/share/rosidl_adapter/cmake)
[1.721s] -- Found rosidl_generator_cpp: 3.1.3 (/opt/ros/humble/share/rosidl_generator_cpp/cmake)
[1.771s] -- Using all available rosidl_typesupport_c: rosidl_typesupport_fastrtps_c;rosidl_typesupport_introspection_c
[1.839s] -- Using all available rosidl_typesupport_cpp: rosidl_typesupport_fastrtps_cpp;rosidl_typesupport_introspection_cpp
[2.072s] -- Found rmw_implementation_cmake: 6.1.0 (/opt/ros/humble/share/rmw_implementation_cmake/cmake)
[2.083s] -- Found rmw_fastrtps_cpp: 6.2.1 (/opt/ros/humble/share/rmw_fastrtps_cpp/cmake)
[2.339s] -- Found OpenSSL: /usr/lib/x86_64-linux-gnu/libcrypto.so (found version "3.0.2")  
[2.403s] -- Found FastRTPS: /opt/ros/humble/include  
[2.518s] -- Using RMW implementation 'rmw_fastrtps_cpp' as default
[3.027s] -- Found ament_lint_auto: 0.12.4 (/opt/ros/humble/share/ament_lint_auto/cmake)
[3.220s] -- Added test 'copyright' to check source files copyright and LICENSE
[3.224s] -- Added test 'cppcheck' to perform static code analysis on C / C++ code
[3.225s] -- Configured cppcheck include dirs: /home/jasurbek/ros2_ws/src/examples/rclcpp/executors/cbg_executor/include
[3.226s] -- Configured cppcheck exclude dirs and/or files: 
[3.230s] -- Added test 'cpplint' to check C / C++ code against the Google style
[3.230s] -- Configured cpplint exclude dirs and/or files: 
[3.234s] -- Added test 'lint_cmake' to check CMake code style
[3.239s] -- Added test 'uncrustify' to check C / C++ code style
[3.239s] -- Configured uncrustify additional arguments: 
[3.242s] -- Added test 'xmllint' to check XML markup files
[3.249s] -- Configuring done
[3.284s] -- Generating done
[3.289s] -- Build files have been written to: /home/jasurbek/ros2_ws/build/examples_rclcpp_cbg_executor
[3.309s] Invoked command in '/home/jasurbek/ros2_ws/build/examples_rclcpp_cbg_executor' returned '0': CMAKE_PREFIX_PATH=/opt/ros/humble /usr/bin/cmake /home/jasurbek/ros2_ws/src/examples/rclcpp/executors/cbg_executor -DAMENT_CMAKE_SYMLINK_INSTALL=1 -DCMAKE_INSTALL_PREFIX=/home/jasurbek/ros2_ws/install/examples_rclcpp_cbg_executor
[3.309s] Invoking command in '/home/jasurbek/ros2_ws/build/examples_rclcpp_cbg_executor': CMAKE_PREFIX_PATH=/opt/ros/humble /usr/bin/cmake --build /home/jasurbek/ros2_ws/build/examples_rclcpp_cbg_executor -- -j2 -l2
[3.425s] [ 10%] [32mBuilding CXX object CMakeFiles/ping.dir/src/ping.cpp.o[0m
[3.445s] [ 20%] [32mBuilding CXX object CMakeFiles/pong.dir/src/pong.cpp.o[0m
[22.302s] [ 30%] [32mBuilding CXX object CMakeFiles/pong.dir/src/examples_rclcpp_cbg_executor/pong_node.cpp.o[0m
[22.572s] [ 40%] [32mBuilding CXX object CMakeFiles/ping.dir/src/examples_rclcpp_cbg_executor/ping_node.cpp.o[0m
[57.673s] [ 50%] [32m[1mLinking CXX executable pong[0m
[59.140s] [ 50%] Built target pong
[59.960s] [ 60%] [32m[1mLinking CXX executable ping[0m
[60.798s] [ 60%] Built target ping
[60.838s] [ 70%] [32mBuilding CXX object CMakeFiles/ping_pong.dir/src/ping_pong.cpp.o[0m
[67.375s] [ 80%] [32mBuilding CXX object CMakeFiles/ping_pong.dir/src/examples_rclcpp_cbg_executor/ping_node.cpp.o[0m
[85.965s] [ 90%] [32mBuilding CXX object CMakeFiles/ping_pong.dir/src/examples_rclcpp_cbg_executor/pong_node.cpp.o[0m
[104.175s] [100%] [32m[1mLinking CXX executable ping_pong[0m
[105.342s] [100%] Built target ping_pong
[105.364s] Invoked command in '/home/jasurbek/ros2_ws/build/examples_rclcpp_cbg_executor' returned '0': CMAKE_PREFIX_PATH=/opt/ros/humble /usr/bin/cmake --build /home/jasurbek/ros2_ws/build/examples_rclcpp_cbg_executor -- -j2 -l2
[105.425s] Invoking command in '/home/jasurbek/ros2_ws/build/examples_rclcpp_cbg_executor': CMAKE_PREFIX_PATH=/opt/ros/humble /usr/bin/cmake --install /home/jasurbek/ros2_ws/build/examples_rclcpp_cbg_executor
[105.440s] -- Install configuration: ""
[105.442s] -- Execute custom install script
[105.444s] -- Symlinking: /home/jasurbek/ros2_ws/install/examples_rclcpp_cbg_executor/lib/examples_rclcpp_cbg_executor/ping
[105.462s] -- Symlinking: /home/jasurbek/ros2_ws/install/examples_rclcpp_cbg_executor/lib/examples_rclcpp_cbg_executor/pong
[105.478s] -- Symlinking: /home/jasurbek/ros2_ws/install/examples_rclcpp_cbg_executor/lib/examples_rclcpp_cbg_executor/ping_pong
[105.496s] -- Symlinking: /home/jasurbek/ros2_ws/install/examples_rclcpp_cbg_executor/include/examples_rclcpp_cbg_executor/ping_node.hpp
[105.511s] -- Symlinking: /home/jasurbek/ros2_ws/install/examples_rclcpp_cbg_executor/include/examples_rclcpp_cbg_executor/pong_node.hpp
[105.528s] -- Symlinking: /home/jasurbek/ros2_ws/install/examples_rclcpp_cbg_executor/share/ament_index/resource_index/package_run_dependencies/examples_rclcpp_cbg_executor
[105.544s] -- Symlinking: /home/jasurbek/ros2_ws/install/examples_rclcpp_cbg_executor/share/ament_index/resource_index/parent_prefix_path/examples_rclcpp_cbg_executor
[105.562s] -- Symlinking: /home/jasurbek/ros2_ws/install/examples_rclcpp_cbg_executor/share/examples_rclcpp_cbg_executor/environment/ament_prefix_path.sh
[105.578s] -- Symlinking: /home/jasurbek/ros2_ws/install/examples_rclcpp_cbg_executor/share/examples_rclcpp_cbg_executor/environment/ament_prefix_path.dsv
[105.594s] -- Symlinking: /home/jasurbek/ros2_ws/install/examples_rclcpp_cbg_executor/share/examples_rclcpp_cbg_executor/environment/path.sh
[105.607s] -- Symlinking: /home/jasurbek/ros2_ws/install/examples_rclcpp_cbg_executor/share/examples_rclcpp_cbg_executor/environment/path.dsv
[105.617s] -- Symlinking: /home/jasurbek/ros2_ws/install/examples_rclcpp_cbg_executor/share/examples_rclcpp_cbg_executor/local_setup.bash
[105.626s] -- Symlinking: /home/jasurbek/ros2_ws/install/examples_rclcpp_cbg_executor/share/examples_rclcpp_cbg_executor/local_setup.sh
[105.636s] -- Symlinking: /home/jasurbek/ros2_ws/install/examples_rclcpp_cbg_executor/share/examples_rclcpp_cbg_executor/local_setup.zsh
[105.645s] -- Symlinking: /home/jasurbek/ros2_ws/install/examples_rclcpp_cbg_executor/share/examples_rclcpp_cbg_executor/local_setup.dsv
[105.655s] -- Symlinking: /home/jasurbek/ros2_ws/install/examples_rclcpp_cbg_executor/share/examples_rclcpp_cbg_executor/package.dsv
[105.664s] -- Symlinking: /home/jasurbek/ros2_ws/install/examples_rclcpp_cbg_executor/share/ament_index/resource_index/packages/examples_rclcpp_cbg_executor
[105.674s] -- Symlinking: /home/jasurbek/ros2_ws/install/examples_rclcpp_cbg_executor/share/examples_rclcpp_cbg_executor/cmake/ament_cmake_export_dependencies-extras.cmake
[105.686s] -- Symlinking: /home/jasurbek/ros2_ws/install/examples_rclcpp_cbg_executor/share/examples_rclcpp_cbg_executor/cmake/examples_rclcpp_cbg_executorConfig.cmake
[105.703s] -- Symlinking: /home/jasurbek/ros2_ws/install/examples_rclcpp_cbg_executor/share/examples_rclcpp_cbg_executor/cmake/examples_rclcpp_cbg_executorConfig-version.cmake
[105.717s] -- Symlinking: /home/jasurbek/ros2_ws/install/examples_rclcpp_cbg_executor/share/examples_rclcpp_cbg_executor/package.xml
[105.734s] Invoked command in '/home/jasurbek/ros2_ws/build/examples_rclcpp_cbg_executor' returned '0': CMAKE_PREFIX_PATH=/opt/ros/humble /usr/bin/cmake --install /home/jasurbek/ros2_ws/build/examples_rclcpp_cbg_executor
