[1.611s] Invoking command in '/home/jasurbek/ros2_ws/src/examples/rclpy/services/minimal_service': PYTHONPATH=/home/jasurbek/ros2_ws/src/install/examples_rclpy_minimal_service/lib/python3.10/site-packages:${PYTHONPATH} /usr/bin/python3 setup.py egg_info --egg-base ../../../../build/examples_rclpy_minimal_service build --build-base /home/jasurbek/ros2_ws/src/build/examples_rclpy_minimal_service/build install --prefix /home/jasurbek/ros2_ws/src/install/examples_rclpy_minimal_service --record /home/jasurbek/ros2_ws/src/build/examples_rclpy_minimal_service/install.log --single-version-externally-managed
[2.245s] running egg_info
[2.247s] creating ../../../../build/examples_rclpy_minimal_service/examples_rclpy_minimal_service.egg-info
[2.248s] writing ../../../../build/examples_rclpy_minimal_service/examples_rclpy_minimal_service.egg-info/PKG-INFO
[2.250s] writing dependency_links to ../../../../build/examples_rclpy_minimal_service/examples_rclpy_minimal_service.egg-info/dependency_links.txt
[2.250s] writing entry points to ../../../../build/examples_rclpy_minimal_service/examples_rclpy_minimal_service.egg-info/entry_points.txt
[2.250s] writing requirements to ../../../../build/examples_rclpy_minimal_service/examples_rclpy_minimal_service.egg-info/requires.txt
[2.251s] writing top-level names to ../../../../build/examples_rclpy_minimal_service/examples_rclpy_minimal_service.egg-info/top_level.txt
[2.251s] writing manifest file '../../../../build/examples_rclpy_minimal_service/examples_rclpy_minimal_service.egg-info/SOURCES.txt'
[2.256s] reading manifest file '../../../../build/examples_rclpy_minimal_service/examples_rclpy_minimal_service.egg-info/SOURCES.txt'
[2.258s] writing manifest file '../../../../build/examples_rclpy_minimal_service/examples_rclpy_minimal_service.egg-info/SOURCES.txt'
[2.259s] running build
[2.260s] running build_py
[2.260s] creating /home/jasurbek/ros2_ws/src/build/examples_rclpy_minimal_service/build
[2.261s] creating /home/jasurbek/ros2_ws/src/build/examples_rclpy_minimal_service/build/lib
[2.261s] creating /home/jasurbek/ros2_ws/src/build/examples_rclpy_minimal_service/build/lib/examples_rclpy_minimal_service
[2.262s] copying examples_rclpy_minimal_service/service.py -> /home/jasurbek/ros2_ws/src/build/examples_rclpy_minimal_service/build/lib/examples_rclpy_minimal_service
[2.263s] copying examples_rclpy_minimal_service/service_member_function.py -> /home/jasurbek/ros2_ws/src/build/examples_rclpy_minimal_service/build/lib/examples_rclpy_minimal_service
[2.263s] copying examples_rclpy_minimal_service/__init__.py -> /home/jasurbek/ros2_ws/src/build/examples_rclpy_minimal_service/build/lib/examples_rclpy_minimal_service
[2.264s] running install
[2.265s] /usr/lib/python3/dist-packages/setuptools/command/install.py:34: SetuptoolsDeprecationWarning: setup.py install is deprecated. Use build and pip and other standards-based tools.
[2.265s]   warnings.warn(
[2.266s] running install_lib
[2.268s] creating /home/jasurbek/ros2_ws/src/install/examples_rclpy_minimal_service/lib/python3.10/site-packages/examples_rclpy_minimal_service
[2.269s] copying /home/jasurbek/ros2_ws/src/build/examples_rclpy_minimal_service/build/lib/examples_rclpy_minimal_service/service.py -> /home/jasurbek/ros2_ws/src/install/examples_rclpy_minimal_service/lib/python3.10/site-packages/examples_rclpy_minimal_service
[2.270s] copying /home/jasurbek/ros2_ws/src/build/examples_rclpy_minimal_service/build/lib/examples_rclpy_minimal_service/service_member_function.py -> /home/jasurbek/ros2_ws/src/install/examples_rclpy_minimal_service/lib/python3.10/site-packages/examples_rclpy_minimal_service
[2.270s] copying /home/jasurbek/ros2_ws/src/build/examples_rclpy_minimal_service/build/lib/examples_rclpy_minimal_service/__init__.py -> /home/jasurbek/ros2_ws/src/install/examples_rclpy_minimal_service/lib/python3.10/site-packages/examples_rclpy_minimal_service
[2.272s] byte-compiling /home/jasurbek/ros2_ws/src/install/examples_rclpy_minimal_service/lib/python3.10/site-packages/examples_rclpy_minimal_service/service.py to service.cpython-310.pyc
[2.273s] byte-compiling /home/jasurbek/ros2_ws/src/install/examples_rclpy_minimal_service/lib/python3.10/site-packages/examples_rclpy_minimal_service/service_member_function.py to service_member_function.cpython-310.pyc
[2.274s] byte-compiling /home/jasurbek/ros2_ws/src/install/examples_rclpy_minimal_service/lib/python3.10/site-packages/examples_rclpy_minimal_service/__init__.py to __init__.cpython-310.pyc
[2.275s] running install_data
[2.276s] creating /home/jasurbek/ros2_ws/src/install/examples_rclpy_minimal_service/share/ament_index
[2.276s] creating /home/jasurbek/ros2_ws/src/install/examples_rclpy_minimal_service/share/ament_index/resource_index
[2.276s] creating /home/jasurbek/ros2_ws/src/install/examples_rclpy_minimal_service/share/ament_index/resource_index/packages
[2.277s] copying resource/examples_rclpy_minimal_service -> /home/jasurbek/ros2_ws/src/install/examples_rclpy_minimal_service/share/ament_index/resource_index/packages
[2.277s] copying package.xml -> /home/jasurbek/ros2_ws/src/install/examples_rclpy_minimal_service/share/examples_rclpy_minimal_service
[2.278s] running install_egg_info
[2.282s] Copying ../../../../build/examples_rclpy_minimal_service/examples_rclpy_minimal_service.egg-info to /home/jasurbek/ros2_ws/src/install/examples_rclpy_minimal_service/lib/python3.10/site-packages/examples_rclpy_minimal_service-0.16.1-py3.10.egg-info
[2.285s] running install_scripts
[2.326s] Installing service script to /home/jasurbek/ros2_ws/src/install/examples_rclpy_minimal_service/lib/examples_rclpy_minimal_service
[2.327s] Installing service_member_function script to /home/jasurbek/ros2_ws/src/install/examples_rclpy_minimal_service/lib/examples_rclpy_minimal_service
[2.328s] writing list of installed files to '/home/jasurbek/ros2_ws/src/build/examples_rclpy_minimal_service/install.log'
[2.379s] Invoked command in '/home/jasurbek/ros2_ws/src/examples/rclpy/services/minimal_service' returned '0': PYTHONPATH=/home/jasurbek/ros2_ws/src/install/examples_rclpy_minimal_service/lib/python3.10/site-packages:${PYTHONPATH} /usr/bin/python3 setup.py egg_info --egg-base ../../../../build/examples_rclpy_minimal_service build --build-base /home/jasurbek/ros2_ws/src/build/examples_rclpy_minimal_service/build install --prefix /home/jasurbek/ros2_ws/src/install/examples_rclpy_minimal_service --record /home/jasurbek/ros2_ws/src/build/examples_rclpy_minimal_service/install.log --single-version-externally-managed
