[0.029s] Invoking command in '/home/jasurbek/ros2_ws/build/examples_rclcpp_async_client': CMAKE_PREFIX_PATH=/opt/ros/humble /usr/bin/cmake /home/jasurbek/ros2_ws/src/examples/rclcpp/services/async_client -DAMENT_CMAKE_SYMLINK_INSTALL=1 -DCMAKE_INSTALL_PREFIX=/home/jasurbek/ros2_ws/install/examples_rclcpp_async_client
[0.315s] -- The C compiler identification is GNU 11.2.0
[0.542s] -- The CXX compiler identification is GNU 11.2.0
[0.571s] -- Detecting C compiler ABI info
[0.717s] -- Detecting C compiler ABI info - done
[0.741s] -- Check for working C compiler: /usr/bin/cc - skipped
[0.742s] -- Detecting C compile features
[0.744s] -- Detecting C compile features - done
[0.754s] -- Detecting CXX compiler ABI info
[0.905s] -- Detecting CXX compiler ABI info - done
[0.931s] -- Check for working CXX compiler: /usr/bin/c++ - skipped
[0.932s] -- Detecting CXX compile features
[0.934s] -- Detecting CXX compile features - done
[0.954s] -- Found ament_cmake: 1.3.2 (/opt/ros/humble/share/ament_cmake/cmake)
[1.322s] -- Found Python3: /usr/bin/python3.10 (found version "3.10.6") found components: Interpreter 
[1.475s] -- Override CMake install command with custom implementation using symlinks instead of copying resources
[1.561s] -- Found example_interfaces: 0.9.3 (/opt/ros/humble/share/example_interfaces/cmake)
[1.689s] -- Found rosidl_generator_c: 3.1.3 (/opt/ros/humble/share/rosidl_generator_c/cmake)
[1.707s] -- Found rosidl_adapter: 3.1.3 (/opt/ros/humble/share/rosidl_adapter/cmake)
[1.737s] -- Found rosidl_generator_cpp: 3.1.3 (/opt/ros/humble/share/rosidl_generator_cpp/cmake)
[1.787s] -- Using all available rosidl_typesupport_c: rosidl_typesupport_fastrtps_c;rosidl_typesupport_introspection_c
[1.855s] -- Using all available rosidl_typesupport_cpp: rosidl_typesupport_fastrtps_cpp;rosidl_typesupport_introspection_cpp
[2.370s] -- Found rclcpp: 16.0.1 (/opt/ros/humble/share/rclcpp/cmake)
[2.524s] -- Found rmw_implementation_cmake: 6.1.0 (/opt/ros/humble/share/rmw_implementation_cmake/cmake)
[2.528s] -- Found rmw_fastrtps_cpp: 6.2.1 (/opt/ros/humble/share/rmw_fastrtps_cpp/cmake)
[2.740s] -- Found OpenSSL: /usr/lib/x86_64-linux-gnu/libcrypto.so (found version "3.0.2")  
[2.798s] -- Found FastRTPS: /opt/ros/humble/include  
[2.906s] -- Using RMW implementation 'rmw_fastrtps_cpp' as default
[3.342s] -- Found ament_lint_auto: 0.12.4 (/opt/ros/humble/share/ament_lint_auto/cmake)
[3.638s] -- Added test 'copyright' to check source files copyright and LICENSE
[3.650s] -- Added test 'cppcheck' to perform static code analysis on C / C++ code
[3.650s] -- Configured cppcheck include dirs: 
[3.650s] -- Configured cppcheck exclude dirs and/or files: 
[3.651s] -- Added test 'cpplint' to check C / C++ code against the Google style
[3.651s] -- Configured cpplint exclude dirs and/or files: 
[3.652s] -- Added test 'lint_cmake' to check CMake code style
[3.654s] -- Added test 'uncrustify' to check C / C++ code style
[3.654s] -- Configured uncrustify additional arguments: 
[3.655s] -- Added test 'xmllint' to check XML markup files
[3.658s] -- Configuring done
[3.714s] -- Generating done
[3.726s] -- Build files have been written to: /home/jasurbek/ros2_ws/build/examples_rclcpp_async_client
[3.765s] Invoked command in '/home/jasurbek/ros2_ws/build/examples_rclcpp_async_client' returned '0': CMAKE_PREFIX_PATH=/opt/ros/humble /usr/bin/cmake /home/jasurbek/ros2_ws/src/examples/rclcpp/services/async_client -DAMENT_CMAKE_SYMLINK_INSTALL=1 -DCMAKE_INSTALL_PREFIX=/home/jasurbek/ros2_ws/install/examples_rclcpp_async_client
[3.766s] Invoking command in '/home/jasurbek/ros2_ws/build/examples_rclcpp_async_client': CMAKE_PREFIX_PATH=/opt/ros/humble /usr/bin/cmake --build /home/jasurbek/ros2_ws/build/examples_rclcpp_async_client -- -j2 -l2
[3.862s] [ 50%] [32mBuilding CXX object CMakeFiles/client_main.dir/main.cpp.o[0m
[24.647s] [100%] [32m[1mLinking CXX executable client_main[0m
[25.364s] [100%] Built target client_main
[25.408s] Invoked command in '/home/jasurbek/ros2_ws/build/examples_rclcpp_async_client' returned '0': CMAKE_PREFIX_PATH=/opt/ros/humble /usr/bin/cmake --build /home/jasurbek/ros2_ws/build/examples_rclcpp_async_client -- -j2 -l2
[25.644s] Invoking command in '/home/jasurbek/ros2_ws/build/examples_rclcpp_async_client': CMAKE_PREFIX_PATH=/opt/ros/humble /usr/bin/cmake --install /home/jasurbek/ros2_ws/build/examples_rclcpp_async_client
[25.680s] -- Install configuration: ""
[25.681s] -- Execute custom install script
[25.682s] -- Symlinking: /home/jasurbek/ros2_ws/install/examples_rclcpp_async_client/lib/examples_rclcpp_async_client/client_main
[25.702s] -- Symlinking: /home/jasurbek/ros2_ws/install/examples_rclcpp_async_client/share/ament_index/resource_index/package_run_dependencies/examples_rclcpp_async_client
[25.739s] -- Symlinking: /home/jasurbek/ros2_ws/install/examples_rclcpp_async_client/share/ament_index/resource_index/parent_prefix_path/examples_rclcpp_async_client
[25.771s] -- Symlinking: /home/jasurbek/ros2_ws/install/examples_rclcpp_async_client/share/examples_rclcpp_async_client/environment/ament_prefix_path.sh
[25.803s] -- Symlinking: /home/jasurbek/ros2_ws/install/examples_rclcpp_async_client/share/examples_rclcpp_async_client/environment/ament_prefix_path.dsv
[25.856s] -- Symlinking: /home/jasurbek/ros2_ws/install/examples_rclcpp_async_client/share/examples_rclcpp_async_client/environment/path.sh
[25.889s] -- Symlinking: /home/jasurbek/ros2_ws/install/examples_rclcpp_async_client/share/examples_rclcpp_async_client/environment/path.dsv
[25.923s] -- Symlinking: /home/jasurbek/ros2_ws/install/examples_rclcpp_async_client/share/examples_rclcpp_async_client/local_setup.bash
[25.967s] -- Symlinking: /home/jasurbek/ros2_ws/install/examples_rclcpp_async_client/share/examples_rclcpp_async_client/local_setup.sh
[26.012s] -- Symlinking: /home/jasurbek/ros2_ws/install/examples_rclcpp_async_client/share/examples_rclcpp_async_client/local_setup.zsh
[26.055s] -- Symlinking: /home/jasurbek/ros2_ws/install/examples_rclcpp_async_client/share/examples_rclcpp_async_client/local_setup.dsv
[26.086s] -- Symlinking: /home/jasurbek/ros2_ws/install/examples_rclcpp_async_client/share/examples_rclcpp_async_client/package.dsv
[26.117s] -- Symlinking: /home/jasurbek/ros2_ws/install/examples_rclcpp_async_client/share/ament_index/resource_index/packages/examples_rclcpp_async_client
[26.148s] -- Symlinking: /home/jasurbek/ros2_ws/install/examples_rclcpp_async_client/share/examples_rclcpp_async_client/cmake/examples_rclcpp_async_clientConfig.cmake
[26.186s] -- Symlinking: /home/jasurbek/ros2_ws/install/examples_rclcpp_async_client/share/examples_rclcpp_async_client/cmake/examples_rclcpp_async_clientConfig-version.cmake
[26.205s] -- Symlinking: /home/jasurbek/ros2_ws/install/examples_rclcpp_async_client/share/examples_rclcpp_async_client/package.xml
[26.261s] Invoked command in '/home/jasurbek/ros2_ws/build/examples_rclcpp_async_client' returned '0': CMAKE_PREFIX_PATH=/opt/ros/humble /usr/bin/cmake --install /home/jasurbek/ros2_ws/build/examples_rclcpp_async_client
