[0.021s] Invoking command in '/home/jasurbek/ros2_ws/build/examples_rclcpp_minimal_action_client': CMAKE_PREFIX_PATH=/opt/ros/humble /usr/bin/cmake /home/jasurbek/ros2_ws/src/examples/rclcpp/actions/minimal_action_client -DCMAKE_INSTALL_PREFIX=/home/jasurbek/ros2_ws/install/examples_rclcpp_minimal_action_client
[0.041s] -- Found ament_cmake: 1.3.2 (/opt/ros/humble/share/ament_cmake/cmake)
[0.268s] -- Override CMake install command with custom implementation using symlinks instead of copying resources
[0.289s] -- Found example_interfaces: 0.9.3 (/opt/ros/humble/share/example_interfaces/cmake)
[0.372s] -- Found rosidl_generator_c: 3.1.3 (/opt/ros/humble/share/rosidl_generator_c/cmake)
[0.380s] -- Found rosidl_adapter: 3.1.3 (/opt/ros/humble/share/rosidl_adapter/cmake)
[0.397s] -- Found rosidl_generator_cpp: 3.1.3 (/opt/ros/humble/share/rosidl_generator_cpp/cmake)
[0.432s] -- Using all available rosidl_typesupport_c: rosidl_typesupport_fastrtps_c;rosidl_typesupport_introspection_c
[0.485s] -- Using all available rosidl_typesupport_cpp: rosidl_typesupport_fastrtps_cpp;rosidl_typesupport_introspection_cpp
[0.971s] -- Found rclcpp: 16.0.1 (/opt/ros/humble/share/rclcpp/cmake)
[1.074s] -- Found rmw_implementation_cmake: 6.1.0 (/opt/ros/humble/share/rmw_implementation_cmake/cmake)
[1.086s] -- Found rmw_fastrtps_cpp: 6.2.1 (/opt/ros/humble/share/rmw_fastrtps_cpp/cmake)
[1.510s] -- Using RMW implementation 'rmw_fastrtps_cpp' as default
[1.998s] -- Found rclcpp_action: 16.0.1 (/opt/ros/humble/share/rclcpp_action/cmake)
[2.115s] -- Found ament_lint_auto: 0.12.4 (/opt/ros/humble/share/ament_lint_auto/cmake)
[2.317s] -- Added test 'copyright' to check source files copyright and LICENSE
[2.319s] -- Added test 'cppcheck' to perform static code analysis on C / C++ code
[2.321s] -- Configured cppcheck include dirs: 
[2.321s] -- Configured cppcheck exclude dirs and/or files: 
[2.322s] -- Added test 'cpplint' to check C / C++ code against the Google style
[2.323s] -- Configured cpplint exclude dirs and/or files: 
[2.323s] -- Added test 'lint_cmake' to check CMake code style
[2.325s] -- Added test 'uncrustify' to check C / C++ code style
[2.325s] -- Configured uncrustify additional arguments: 
[2.325s] -- Added test 'xmllint' to check XML markup files
[2.330s] -- Configuring done
[2.444s] -- Generating done
[2.465s] -- Build files have been written to: /home/jasurbek/ros2_ws/build/examples_rclcpp_minimal_action_client
[2.484s] Invoked command in '/home/jasurbek/ros2_ws/build/examples_rclcpp_minimal_action_client' returned '0': CMAKE_PREFIX_PATH=/opt/ros/humble /usr/bin/cmake /home/jasurbek/ros2_ws/src/examples/rclcpp/actions/minimal_action_client -DCMAKE_INSTALL_PREFIX=/home/jasurbek/ros2_ws/install/examples_rclcpp_minimal_action_client
[2.487s] Invoking command in '/home/jasurbek/ros2_ws/build/examples_rclcpp_minimal_action_client': CMAKE_PREFIX_PATH=/opt/ros/humble /usr/bin/cmake --build /home/jasurbek/ros2_ws/build/examples_rclcpp_minimal_action_client -- -j2 -l2
[2.684s] [35m[1mConsolidate compiler generated dependencies of target action_client_member_functions[0m
[2.699s] [35m[1mConsolidate compiler generated dependencies of target action_client_not_composable[0m
[2.737s] [ 25%] Built target action_client_not_composable
[2.754s] [35m[1mConsolidate compiler generated dependencies of target action_client_not_composable_with_cancel[0m
[2.784s] [ 50%] Built target action_client_member_functions
[2.837s] [ 75%] Built target action_client_not_composable_with_cancel
[2.843s] [35m[1mConsolidate compiler generated dependencies of target action_client_not_composable_with_feedback[0m
[2.911s] [100%] Built target action_client_not_composable_with_feedback
[2.945s] Invoked command in '/home/jasurbek/ros2_ws/build/examples_rclcpp_minimal_action_client' returned '0': CMAKE_PREFIX_PATH=/opt/ros/humble /usr/bin/cmake --build /home/jasurbek/ros2_ws/build/examples_rclcpp_minimal_action_client -- -j2 -l2
[3.369s] Invoking command in '/home/jasurbek/ros2_ws/build/examples_rclcpp_minimal_action_client': CMAKE_PREFIX_PATH=/opt/ros/humble /usr/bin/cmake --install /home/jasurbek/ros2_ws/build/examples_rclcpp_minimal_action_client
[3.428s] -- Install configuration: ""
[3.430s] -- Execute custom install script
[3.433s] -- Up-to-date symlink: /home/jasurbek/ros2_ws/install/examples_rclcpp_minimal_action_client/lib/examples_rclcpp_minimal_action_client/action_client_member_functions
[3.433s] -- Up-to-date symlink: /home/jasurbek/ros2_ws/install/examples_rclcpp_minimal_action_client/lib/examples_rclcpp_minimal_action_client/action_client_not_composable
[3.435s] -- Up-to-date symlink: /home/jasurbek/ros2_ws/install/examples_rclcpp_minimal_action_client/lib/examples_rclcpp_minimal_action_client/action_client_not_composable_with_cancel
[3.435s] -- Up-to-date symlink: /home/jasurbek/ros2_ws/install/examples_rclcpp_minimal_action_client/lib/examples_rclcpp_minimal_action_client/action_client_not_composable_with_feedback
[3.436s] -- Up-to-date symlink: /home/jasurbek/ros2_ws/install/examples_rclcpp_minimal_action_client/share/ament_index/resource_index/package_run_dependencies/examples_rclcpp_minimal_action_client
[3.438s] -- Up-to-date symlink: /home/jasurbek/ros2_ws/install/examples_rclcpp_minimal_action_client/share/ament_index/resource_index/parent_prefix_path/examples_rclcpp_minimal_action_client
[3.438s] -- Up-to-date symlink: /home/jasurbek/ros2_ws/install/examples_rclcpp_minimal_action_client/share/examples_rclcpp_minimal_action_client/environment/ament_prefix_path.sh
[3.438s] -- Up-to-date symlink: /home/jasurbek/ros2_ws/install/examples_rclcpp_minimal_action_client/share/examples_rclcpp_minimal_action_client/environment/ament_prefix_path.dsv
[3.439s] -- Up-to-date symlink: /home/jasurbek/ros2_ws/install/examples_rclcpp_minimal_action_client/share/examples_rclcpp_minimal_action_client/environment/path.sh
[3.440s] -- Up-to-date symlink: /home/jasurbek/ros2_ws/install/examples_rclcpp_minimal_action_client/share/examples_rclcpp_minimal_action_client/environment/path.dsv
[3.440s] -- Up-to-date symlink: /home/jasurbek/ros2_ws/install/examples_rclcpp_minimal_action_client/share/examples_rclcpp_minimal_action_client/local_setup.bash
[3.441s] -- Up-to-date symlink: /home/jasurbek/ros2_ws/install/examples_rclcpp_minimal_action_client/share/examples_rclcpp_minimal_action_client/local_setup.sh
[3.442s] -- Up-to-date symlink: /home/jasurbek/ros2_ws/install/examples_rclcpp_minimal_action_client/share/examples_rclcpp_minimal_action_client/local_setup.zsh
[3.442s] -- Up-to-date symlink: /home/jasurbek/ros2_ws/install/examples_rclcpp_minimal_action_client/share/examples_rclcpp_minimal_action_client/local_setup.dsv
[3.442s] -- Symlinking: /home/jasurbek/ros2_ws/install/examples_rclcpp_minimal_action_client/share/examples_rclcpp_minimal_action_client/package.dsv
[3.481s] -- Up-to-date symlink: /home/jasurbek/ros2_ws/install/examples_rclcpp_minimal_action_client/share/ament_index/resource_index/packages/examples_rclcpp_minimal_action_client
[3.482s] -- Up-to-date symlink: /home/jasurbek/ros2_ws/install/examples_rclcpp_minimal_action_client/share/examples_rclcpp_minimal_action_client/cmake/examples_rclcpp_minimal_action_clientConfig.cmake
[3.482s] -- Up-to-date symlink: /home/jasurbek/ros2_ws/install/examples_rclcpp_minimal_action_client/share/examples_rclcpp_minimal_action_client/cmake/examples_rclcpp_minimal_action_clientConfig-version.cmake
[3.483s] -- Up-to-date symlink: /home/jasurbek/ros2_ws/install/examples_rclcpp_minimal_action_client/share/examples_rclcpp_minimal_action_client/package.xml
[3.488s] Invoked command in '/home/jasurbek/ros2_ws/build/examples_rclcpp_minimal_action_client' returned '0': CMAKE_PREFIX_PATH=/opt/ros/humble /usr/bin/cmake --install /home/jasurbek/ros2_ws/build/examples_rclcpp_minimal_action_client
