[0.726s] Invoking command in '/home/jasurbek/ros2_ws/build/examples_rclpy_minimal_publisher': PYTHONPATH=/home/jasurbek/ros2_ws/install/examples_rclpy_minimal_publisher/lib/python3.10/site-packages:${PYTHONPATH} /usr/bin/python3 setup.py develop --prefix /home/jasurbek/ros2_ws/install/examples_rclpy_minimal_publisher --uninstall --editable --build-directory /home/jasurbek/ros2_ws/build/examples_rclpy_minimal_publisher/build
[1.043s] running develop
[1.044s] /usr/lib/python3/dist-packages/setuptools/command/easy_install.py:158: EasyInstallDeprecationWarning: easy_install command is deprecated. Use build and pip and other standards-based tools.
[1.044s]   warnings.warn(
[1.046s] /usr/lib/python3/dist-packages/setuptools/command/install.py:34: SetuptoolsDeprecationWarning: setup.py install is deprecated. Use build and pip and other standards-based tools.
[1.047s]   warnings.warn(
[1.118s] /usr/lib/python3/dist-packages/pkg_resources/__init__.py:116: PkgResourcesDeprecationWarning: 1.1build1 is an invalid version and will not be supported in a future release
[1.118s]   warnings.warn(
[1.119s] /usr/lib/python3/dist-packages/pkg_resources/__init__.py:116: PkgResourcesDeprecationWarning: 0.1.43ubuntu1 is an invalid version and will not be supported in a future release
[1.119s]   warnings.warn(
[1.249s] Removing /home/jasurbek/ros2_ws/install/examples_rclpy_minimal_publisher/lib/python3.10/site-packages/examples-rclpy-minimal-publisher.egg-link (link to .)
[1.280s] Invoked command in '/home/jasurbek/ros2_ws/build/examples_rclpy_minimal_publisher' returned '0': PYTHONPATH=/home/jasurbek/ros2_ws/install/examples_rclpy_minimal_publisher/lib/python3.10/site-packages:${PYTHONPATH} /usr/bin/python3 setup.py develop --prefix /home/jasurbek/ros2_ws/install/examples_rclpy_minimal_publisher --uninstall --editable --build-directory /home/jasurbek/ros2_ws/build/examples_rclpy_minimal_publisher/build
[1.280s] Invoking command in '/home/jasurbek/ros2_ws/src/examples/rclpy/topics/minimal_publisher': PYTHONPATH=/home/jasurbek/ros2_ws/install/examples_rclpy_minimal_publisher/lib/python3.10/site-packages:${PYTHONPATH} /usr/bin/python3 setup.py egg_info --egg-base ../../../../../build/examples_rclpy_minimal_publisher build --build-base /home/jasurbek/ros2_ws/build/examples_rclpy_minimal_publisher/build install --prefix /home/jasurbek/ros2_ws/install/examples_rclpy_minimal_publisher --record /home/jasurbek/ros2_ws/build/examples_rclpy_minimal_publisher/install.log --single-version-externally-managed
[1.559s] running egg_info
[1.560s] writing ../../../../../build/examples_rclpy_minimal_publisher/examples_rclpy_minimal_publisher.egg-info/PKG-INFO
[1.561s] writing dependency_links to ../../../../../build/examples_rclpy_minimal_publisher/examples_rclpy_minimal_publisher.egg-info/dependency_links.txt
[1.562s] writing entry points to ../../../../../build/examples_rclpy_minimal_publisher/examples_rclpy_minimal_publisher.egg-info/entry_points.txt
[1.562s] writing requirements to ../../../../../build/examples_rclpy_minimal_publisher/examples_rclpy_minimal_publisher.egg-info/requires.txt
[1.563s] writing top-level names to ../../../../../build/examples_rclpy_minimal_publisher/examples_rclpy_minimal_publisher.egg-info/top_level.txt
[1.566s] reading manifest file '../../../../../build/examples_rclpy_minimal_publisher/examples_rclpy_minimal_publisher.egg-info/SOURCES.txt'
[1.568s] writing manifest file '../../../../../build/examples_rclpy_minimal_publisher/examples_rclpy_minimal_publisher.egg-info/SOURCES.txt'
[1.568s] running build
[1.568s] running build_py
[1.569s] creating /home/jasurbek/ros2_ws/build/examples_rclpy_minimal_publisher/build
[1.569s] creating /home/jasurbek/ros2_ws/build/examples_rclpy_minimal_publisher/build/lib
[1.569s] creating /home/jasurbek/ros2_ws/build/examples_rclpy_minimal_publisher/build/lib/examples_rclpy_minimal_publisher
[1.569s] copying examples_rclpy_minimal_publisher/publisher_local_function.py -> /home/jasurbek/ros2_ws/build/examples_rclpy_minimal_publisher/build/lib/examples_rclpy_minimal_publisher
[1.570s] copying examples_rclpy_minimal_publisher/publisher_old_school.py -> /home/jasurbek/ros2_ws/build/examples_rclpy_minimal_publisher/build/lib/examples_rclpy_minimal_publisher
[1.571s] copying examples_rclpy_minimal_publisher/__init__.py -> /home/jasurbek/ros2_ws/build/examples_rclpy_minimal_publisher/build/lib/examples_rclpy_minimal_publisher
[1.571s] copying examples_rclpy_minimal_publisher/publisher_member_function.py -> /home/jasurbek/ros2_ws/build/examples_rclpy_minimal_publisher/build/lib/examples_rclpy_minimal_publisher
[1.572s] running install
[1.572s] /usr/lib/python3/dist-packages/setuptools/command/install.py:34: SetuptoolsDeprecationWarning: setup.py install is deprecated. Use build and pip and other standards-based tools.
[1.572s]   warnings.warn(
[1.573s] running install_lib
[1.574s] creating /home/jasurbek/ros2_ws/install/examples_rclpy_minimal_publisher/lib/python3.10/site-packages/examples_rclpy_minimal_publisher
[1.574s] copying /home/jasurbek/ros2_ws/build/examples_rclpy_minimal_publisher/build/lib/examples_rclpy_minimal_publisher/publisher_local_function.py -> /home/jasurbek/ros2_ws/install/examples_rclpy_minimal_publisher/lib/python3.10/site-packages/examples_rclpy_minimal_publisher
[1.575s] copying /home/jasurbek/ros2_ws/build/examples_rclpy_minimal_publisher/build/lib/examples_rclpy_minimal_publisher/publisher_old_school.py -> /home/jasurbek/ros2_ws/install/examples_rclpy_minimal_publisher/lib/python3.10/site-packages/examples_rclpy_minimal_publisher
[1.575s] copying /home/jasurbek/ros2_ws/build/examples_rclpy_minimal_publisher/build/lib/examples_rclpy_minimal_publisher/__init__.py -> /home/jasurbek/ros2_ws/install/examples_rclpy_minimal_publisher/lib/python3.10/site-packages/examples_rclpy_minimal_publisher
[1.575s] copying /home/jasurbek/ros2_ws/build/examples_rclpy_minimal_publisher/build/lib/examples_rclpy_minimal_publisher/publisher_member_function.py -> /home/jasurbek/ros2_ws/install/examples_rclpy_minimal_publisher/lib/python3.10/site-packages/examples_rclpy_minimal_publisher
[1.576s] byte-compiling /home/jasurbek/ros2_ws/install/examples_rclpy_minimal_publisher/lib/python3.10/site-packages/examples_rclpy_minimal_publisher/publisher_local_function.py to publisher_local_function.cpython-310.pyc
[1.577s] byte-compiling /home/jasurbek/ros2_ws/install/examples_rclpy_minimal_publisher/lib/python3.10/site-packages/examples_rclpy_minimal_publisher/publisher_old_school.py to publisher_old_school.cpython-310.pyc
[1.577s] byte-compiling /home/jasurbek/ros2_ws/install/examples_rclpy_minimal_publisher/lib/python3.10/site-packages/examples_rclpy_minimal_publisher/__init__.py to __init__.cpython-310.pyc
[1.578s] byte-compiling /home/jasurbek/ros2_ws/install/examples_rclpy_minimal_publisher/lib/python3.10/site-packages/examples_rclpy_minimal_publisher/publisher_member_function.py to publisher_member_function.cpython-310.pyc
[1.578s] running install_data
[1.579s] running install_egg_info
[1.581s] Copying ../../../../../build/examples_rclpy_minimal_publisher/examples_rclpy_minimal_publisher.egg-info to /home/jasurbek/ros2_ws/install/examples_rclpy_minimal_publisher/lib/python3.10/site-packages/examples_rclpy_minimal_publisher-0.16.1-py3.10.egg-info
[1.583s] running install_scripts
[1.609s] Installing publisher_local_function script to /home/jasurbek/ros2_ws/install/examples_rclpy_minimal_publisher/lib/examples_rclpy_minimal_publisher
[1.610s] Installing publisher_member_function script to /home/jasurbek/ros2_ws/install/examples_rclpy_minimal_publisher/lib/examples_rclpy_minimal_publisher
[1.610s] Installing publisher_old_school script to /home/jasurbek/ros2_ws/install/examples_rclpy_minimal_publisher/lib/examples_rclpy_minimal_publisher
[1.611s] writing list of installed files to '/home/jasurbek/ros2_ws/build/examples_rclpy_minimal_publisher/install.log'
[1.643s] Invoked command in '/home/jasurbek/ros2_ws/src/examples/rclpy/topics/minimal_publisher' returned '0': PYTHONPATH=/home/jasurbek/ros2_ws/install/examples_rclpy_minimal_publisher/lib/python3.10/site-packages:${PYTHONPATH} /usr/bin/python3 setup.py egg_info --egg-base ../../../../../build/examples_rclpy_minimal_publisher build --build-base /home/jasurbek/ros2_ws/build/examples_rclpy_minimal_publisher/build install --prefix /home/jasurbek/ros2_ws/install/examples_rclpy_minimal_publisher --record /home/jasurbek/ros2_ws/build/examples_rclpy_minimal_publisher/install.log --single-version-externally-managed
