[1.018s] Invoking command in '/home/jasurbek/ros2_ws/src/py_pubsub': PYTHONPATH=/home/jasurbek/ros2_ws/src/install/py_pubsub/lib/python3.10/site-packages:${PYTHONPATH} /usr/bin/python3 setup.py egg_info --egg-base ../build/py_pubsub build --build-base /home/jasurbek/ros2_ws/src/build/py_pubsub/build install --prefix /home/jasurbek/ros2_ws/src/install/py_pubsub --record /home/jasurbek/ros2_ws/src/build/py_pubsub/install.log --single-version-externally-managed
[1.402s] running egg_info
[1.403s] creating ../build/py_pubsub/py_pubsub.egg-info
[1.404s] writing ../build/py_pubsub/py_pubsub.egg-info/PKG-INFO
[1.405s] writing dependency_links to ../build/py_pubsub/py_pubsub.egg-info/dependency_links.txt
[1.405s] writing entry points to ../build/py_pubsub/py_pubsub.egg-info/entry_points.txt
[1.406s] writing requirements to ../build/py_pubsub/py_pubsub.egg-info/requires.txt
[1.406s] writing top-level names to ../build/py_pubsub/py_pubsub.egg-info/top_level.txt
[1.407s] writing manifest file '../build/py_pubsub/py_pubsub.egg-info/SOURCES.txt'
[1.409s] reading manifest file '../build/py_pubsub/py_pubsub.egg-info/SOURCES.txt'
[1.411s] writing manifest file '../build/py_pubsub/py_pubsub.egg-info/SOURCES.txt'
[1.411s] running build
[1.412s] running build_py
[1.412s] creating /home/jasurbek/ros2_ws/src/build/py_pubsub/build
[1.413s] creating /home/jasurbek/ros2_ws/src/build/py_pubsub/build/lib
[1.413s] creating /home/jasurbek/ros2_ws/src/build/py_pubsub/build/lib/py_pubsub
[1.413s] copying py_pubsub/subscriber_member_function.py -> /home/jasurbek/ros2_ws/src/build/py_pubsub/build/lib/py_pubsub
[1.413s] copying py_pubsub/__init__.py -> /home/jasurbek/ros2_ws/src/build/py_pubsub/build/lib/py_pubsub
[1.414s] copying py_pubsub/publisher_member_function.py -> /home/jasurbek/ros2_ws/src/build/py_pubsub/build/lib/py_pubsub
[1.414s] running install
[1.415s] /usr/lib/python3/dist-packages/setuptools/command/install.py:34: SetuptoolsDeprecationWarning: setup.py install is deprecated. Use build and pip and other standards-based tools.
[1.415s]   warnings.warn(
[1.416s] running install_lib
[1.417s] creating /home/jasurbek/ros2_ws/src/install/py_pubsub/lib/python3.10/site-packages/py_pubsub
[1.418s] copying /home/jasurbek/ros2_ws/src/build/py_pubsub/build/lib/py_pubsub/subscriber_member_function.py -> /home/jasurbek/ros2_ws/src/install/py_pubsub/lib/python3.10/site-packages/py_pubsub
[1.418s] copying /home/jasurbek/ros2_ws/src/build/py_pubsub/build/lib/py_pubsub/__init__.py -> /home/jasurbek/ros2_ws/src/install/py_pubsub/lib/python3.10/site-packages/py_pubsub
[1.419s] copying /home/jasurbek/ros2_ws/src/build/py_pubsub/build/lib/py_pubsub/publisher_member_function.py -> /home/jasurbek/ros2_ws/src/install/py_pubsub/lib/python3.10/site-packages/py_pubsub
[1.420s] byte-compiling /home/jasurbek/ros2_ws/src/install/py_pubsub/lib/python3.10/site-packages/py_pubsub/subscriber_member_function.py to subscriber_member_function.cpython-310.pyc
[1.421s] byte-compiling /home/jasurbek/ros2_ws/src/install/py_pubsub/lib/python3.10/site-packages/py_pubsub/__init__.py to __init__.cpython-310.pyc
[1.421s] byte-compiling /home/jasurbek/ros2_ws/src/install/py_pubsub/lib/python3.10/site-packages/py_pubsub/publisher_member_function.py to publisher_member_function.cpython-310.pyc
[1.422s] running install_data
[1.423s] creating /home/jasurbek/ros2_ws/src/install/py_pubsub/share/ament_index
[1.423s] creating /home/jasurbek/ros2_ws/src/install/py_pubsub/share/ament_index/resource_index
[1.424s] creating /home/jasurbek/ros2_ws/src/install/py_pubsub/share/ament_index/resource_index/packages
[1.424s] copying resource/py_pubsub -> /home/jasurbek/ros2_ws/src/install/py_pubsub/share/ament_index/resource_index/packages
[1.425s] copying package.xml -> /home/jasurbek/ros2_ws/src/install/py_pubsub/share/py_pubsub
[1.425s] running install_egg_info
[1.428s] Copying ../build/py_pubsub/py_pubsub.egg-info to /home/jasurbek/ros2_ws/src/install/py_pubsub/lib/python3.10/site-packages/py_pubsub-0.0.0-py3.10.egg-info
[1.429s] running install_scripts
[1.465s] Installing listener script to /home/jasurbek/ros2_ws/src/install/py_pubsub/lib/py_pubsub
[1.466s] Installing talker script to /home/jasurbek/ros2_ws/src/install/py_pubsub/lib/py_pubsub
[1.467s] writing list of installed files to '/home/jasurbek/ros2_ws/src/build/py_pubsub/install.log'
[1.499s] Invoked command in '/home/jasurbek/ros2_ws/src/py_pubsub' returned '0': PYTHONPATH=/home/jasurbek/ros2_ws/src/install/py_pubsub/lib/python3.10/site-packages:${PYTHONPATH} /usr/bin/python3 setup.py egg_info --egg-base ../build/py_pubsub build --build-base /home/jasurbek/ros2_ws/src/build/py_pubsub/build install --prefix /home/jasurbek/ros2_ws/src/install/py_pubsub --record /home/jasurbek/ros2_ws/src/build/py_pubsub/install.log --single-version-externally-managed
