[0.022s] Invoking command in '/home/jasurbek/ros2_ws/src/build/tutorial_interfaces': CMAKE_PREFIX_PATH=/opt/ros/humble /usr/bin/cmake --build /home/jasurbek/ros2_ws/src/build/tutorial_interfaces -- -j2 -l2
[0.066s] -- Found ament_cmake: 1.3.2 (/opt/ros/humble/share/ament_cmake/cmake)
[0.262s] -- Found geometry_msgs: 4.2.2 (/opt/ros/humble/share/geometry_msgs/cmake)
[0.294s] -- Found rosidl_generator_c: 3.1.3 (/opt/ros/humble/share/rosidl_generator_c/cmake)
[0.297s] -- Found rosidl_adapter: 3.1.3 (/opt/ros/humble/share/rosidl_adapter/cmake)
[0.305s] -- Found rosidl_generator_cpp: 3.1.3 (/opt/ros/humble/share/rosidl_generator_cpp/cmake)
[0.319s] -- Using all available rosidl_typesupport_c: rosidl_typesupport_fastrtps_c;rosidl_typesupport_introspection_c
[0.340s] -- Using all available rosidl_typesupport_cpp: rosidl_typesupport_fastrtps_cpp;rosidl_typesupport_introspection_cpp
[0.499s] -- Found rosidl_default_generators: 1.2.0 (/opt/ros/humble/share/rosidl_default_generators/cmake)
[0.509s] -- Found rclcpp: 16.0.1 (/opt/ros/humble/share/rclcpp/cmake)
[0.587s] -- Found rmw_implementation_cmake: 6.1.0 (/opt/ros/humble/share/rmw_implementation_cmake/cmake)
[0.590s] -- Found rmw_fastrtps_cpp: 6.2.1 (/opt/ros/humble/share/rmw_fastrtps_cpp/cmake)
[0.705s] -- Found OpenSSL: /usr/lib/x86_64-linux-gnu/libcrypto.so (found version "3.0.2")  
[0.739s] -- Found FastRTPS: /opt/ros/humble/include  
[0.795s] -- Using RMW implementation 'rmw_fastrtps_cpp' as default
[0.983s] -- Found tutorial_interfaces: 0.0.0 (/home/jasurbek/ros2_ws/src/install/tutorial_interfaces/share/tutorial_interfaces/cmake)
[1.402s] -- Found ament_cmake_ros: 0.10.0 (/opt/ros/humble/share/ament_cmake_ros/cmake)
[1.888s] -- Using all available rosidl_typesupport_c: rosidl_typesupport_fastrtps_c;rosidl_typesupport_introspection_c
[2.081s] -- Using all available rosidl_typesupport_cpp: rosidl_typesupport_fastrtps_cpp;rosidl_typesupport_introspection_cpp
[2.107s] -- Found python_cmake_module: 0.10.0 (/opt/ros/humble/share/python_cmake_module/cmake)
[2.132s] -- Using PYTHON_EXECUTABLE: /usr/bin/python3
[2.132s] -- Using PYTHON_INCLUDE_DIRS: /usr/include/python3.10
[2.132s] -- Using PYTHON_LIBRARIES: /usr/lib/x86_64-linux-gnu/libpython3.10.so
[2.178s] -- Found ament_lint_auto: 0.12.4 (/opt/ros/humble/share/ament_lint_auto/cmake)
[2.190s] -- Added test 'lint_cmake' to check CMake code style
[2.191s] -- Added test 'xmllint' to check XML markup files
[2.194s] -- Configuring done
[2.199s] [31mCMake Error at CMakeLists.txt:16 (add_executable):
[2.199s]   Cannot find source file:
[2.199s] 
[2.199s]     src/publisher_member_function.cpp
[2.199s] 
[2.199s]   Tried extensions .c .C .c++ .cc .cpp .cxx .cu .mpp .m .M .mm .ixx .cppm .h
[2.199s]   .hh .h++ .hm .hpp .hxx .in .txx .f .F .for .f77 .f90 .f95 .f03 .hip .ispc
[2.199s] 
[2.199s] [0m
[2.201s] [31mCMake Error at CMakeLists.txt:19 (add_executable):
[2.201s]   Cannot find source file:
[2.201s] 
[2.201s]     src/subscriber_member_function.cpp
[2.201s] 
[2.201s]   Tried extensions .c .C .c++ .cc .cpp .cxx .cu .mpp .m .M .mm .ixx .cppm .h
[2.201s]   .hh .h++ .hm .hpp .hxx .in .txx .f .F .for .f77 .f90 .f95 .f03 .hip .ispc
[2.202s] 
[2.202s] [0m
[2.206s] [31mCMake Error at CMakeLists.txt:16 (add_executable):
[2.206s]   No SOURCES given to target: talker
[2.206s] 
[2.206s] [0m
[2.206s] [31mCMake Error at CMakeLists.txt:19 (add_executable):
[2.206s]   No SOURCES given to target: listener
[2.206s] 
[2.207s] [0m
[2.208s] [0mCMake Generate step failed.  Build files cannot be regenerated correctly.[0m
[2.218s] gmake: *** [Makefile:1179: cmake_check_build_system] Error 1
[2.221s] Invoked command in '/home/jasurbek/ros2_ws/src/build/tutorial_interfaces' returned '2': CMAKE_PREFIX_PATH=/opt/ros/humble /usr/bin/cmake --build /home/jasurbek/ros2_ws/src/build/tutorial_interfaces -- -j2 -l2
