[1.972s] Invoking command in '/home/jasurbek/ros2_ws/src/examples/rclpy/actions/minimal_action_client': PYTHONPATH=/home/jasurbek/ros2_ws/src/install/examples_rclpy_minimal_action_client/lib/python3.10/site-packages:${PYTHONPATH} /usr/bin/python3 setup.py egg_info --egg-base ../../../../build/examples_rclpy_minimal_action_client build --build-base /home/jasurbek/ros2_ws/src/build/examples_rclpy_minimal_action_client/build install --prefix /home/jasurbek/ros2_ws/src/install/examples_rclpy_minimal_action_client --record /home/jasurbek/ros2_ws/src/build/examples_rclpy_minimal_action_client/install.log --single-version-externally-managed
[2.678s] running egg_info
[2.681s] writing ../../../../build/examples_rclpy_minimal_action_client/examples_rclpy_minimal_action_client.egg-info/PKG-INFO
[2.682s] writing dependency_links to ../../../../build/examples_rclpy_minimal_action_client/examples_rclpy_minimal_action_client.egg-info/dependency_links.txt
[2.683s] writing entry points to ../../../../build/examples_rclpy_minimal_action_client/examples_rclpy_minimal_action_client.egg-info/entry_points.txt
[2.684s] writing requirements to ../../../../build/examples_rclpy_minimal_action_client/examples_rclpy_minimal_action_client.egg-info/requires.txt
[2.685s] writing top-level names to ../../../../build/examples_rclpy_minimal_action_client/examples_rclpy_minimal_action_client.egg-info/top_level.txt
[2.689s] reading manifest file '../../../../build/examples_rclpy_minimal_action_client/examples_rclpy_minimal_action_client.egg-info/SOURCES.txt'
[2.691s] writing manifest file '../../../../build/examples_rclpy_minimal_action_client/examples_rclpy_minimal_action_client.egg-info/SOURCES.txt'
[2.692s] running build
[2.693s] running build_py
[2.694s] running install
[2.695s] /usr/lib/python3/dist-packages/setuptools/command/install.py:34: SetuptoolsDeprecationWarning: setup.py install is deprecated. Use build and pip and other standards-based tools.
[2.695s]   warnings.warn(
[2.696s] running install_lib
[2.700s] running install_data
[2.702s] running install_egg_info
[2.707s] removing '/home/jasurbek/ros2_ws/src/install/examples_rclpy_minimal_action_client/lib/python3.10/site-packages/examples_rclpy_minimal_action_client-0.16.1-py3.10.egg-info' (and everything under it)
[2.708s] Copying ../../../../build/examples_rclpy_minimal_action_client/examples_rclpy_minimal_action_client.egg-info to /home/jasurbek/ros2_ws/src/install/examples_rclpy_minimal_action_client/lib/python3.10/site-packages/examples_rclpy_minimal_action_client-0.16.1-py3.10.egg-info
[2.710s] running install_scripts
[2.766s] Installing client script to /home/jasurbek/ros2_ws/src/install/examples_rclpy_minimal_action_client/lib/examples_rclpy_minimal_action_client
[2.767s] Installing client_asyncio script to /home/jasurbek/ros2_ws/src/install/examples_rclpy_minimal_action_client/lib/examples_rclpy_minimal_action_client
[2.768s] Installing client_cancel script to /home/jasurbek/ros2_ws/src/install/examples_rclpy_minimal_action_client/lib/examples_rclpy_minimal_action_client
[2.769s] Installing client_not_composable script to /home/jasurbek/ros2_ws/src/install/examples_rclpy_minimal_action_client/lib/examples_rclpy_minimal_action_client
[2.771s] writing list of installed files to '/home/jasurbek/ros2_ws/src/build/examples_rclpy_minimal_action_client/install.log'
[2.825s] Invoked command in '/home/jasurbek/ros2_ws/src/examples/rclpy/actions/minimal_action_client' returned '0': PYTHONPATH=/home/jasurbek/ros2_ws/src/install/examples_rclpy_minimal_action_client/lib/python3.10/site-packages:${PYTHONPATH} /usr/bin/python3 setup.py egg_info --egg-base ../../../../build/examples_rclpy_minimal_action_client build --build-base /home/jasurbek/ros2_ws/src/build/examples_rclpy_minimal_action_client/build install --prefix /home/jasurbek/ros2_ws/src/install/examples_rclpy_minimal_action_client --record /home/jasurbek/ros2_ws/src/build/examples_rclpy_minimal_action_client/install.log --single-version-externally-managed
