[0.821s] Invoking command in '/home/jasurbek/ros2_ws/src/py_pubsub': PYTHONPATH=/home/jasurbek/ros2_ws/src/install/py_pubsub/lib/python3.10/site-packages:${PYTHONPATH} /usr/bin/python3 setup.py egg_info --egg-base ../build/py_pubsub build --build-base /home/jasurbek/ros2_ws/src/build/py_pubsub/build install --prefix /home/jasurbek/ros2_ws/src/install/py_pubsub --record /home/jasurbek/ros2_ws/src/build/py_pubsub/install.log --single-version-externally-managed
[1.144s] running egg_info
[1.145s] writing ../build/py_pubsub/py_pubsub.egg-info/PKG-INFO
[1.146s] writing dependency_links to ../build/py_pubsub/py_pubsub.egg-info/dependency_links.txt
[1.146s] writing entry points to ../build/py_pubsub/py_pubsub.egg-info/entry_points.txt
[1.147s] writing requirements to ../build/py_pubsub/py_pubsub.egg-info/requires.txt
[1.148s] writing top-level names to ../build/py_pubsub/py_pubsub.egg-info/top_level.txt
[1.151s] reading manifest file '../build/py_pubsub/py_pubsub.egg-info/SOURCES.txt'
[1.153s] writing manifest file '../build/py_pubsub/py_pubsub.egg-info/SOURCES.txt'
[1.153s] running build
[1.154s] running build_py
[1.154s] copying py_pubsub/publisher_member_function.py -> /home/jasurbek/ros2_ws/src/build/py_pubsub/build/lib/py_pubsub
[1.155s] running install
[1.155s] /usr/lib/python3/dist-packages/setuptools/command/install.py:34: SetuptoolsDeprecationWarning: setup.py install is deprecated. Use build and pip and other standards-based tools.
[1.155s]   warnings.warn(
[1.156s] running install_lib
[1.157s] copying /home/jasurbek/ros2_ws/src/build/py_pubsub/build/lib/py_pubsub/publisher_member_function.py -> /home/jasurbek/ros2_ws/src/install/py_pubsub/lib/python3.10/site-packages/py_pubsub
[1.158s] byte-compiling /home/jasurbek/ros2_ws/src/install/py_pubsub/lib/python3.10/site-packages/py_pubsub/publisher_member_function.py to publisher_member_function.cpython-310.pyc
[1.159s] running install_data
[1.160s] running install_egg_info
[1.163s] removing '/home/jasurbek/ros2_ws/src/install/py_pubsub/lib/python3.10/site-packages/py_pubsub-0.0.0-py3.10.egg-info' (and everything under it)
[1.163s] Copying ../build/py_pubsub/py_pubsub.egg-info to /home/jasurbek/ros2_ws/src/install/py_pubsub/lib/python3.10/site-packages/py_pubsub-0.0.0-py3.10.egg-info
[1.164s] running install_scripts
[1.191s] Installing listener script to /home/jasurbek/ros2_ws/src/install/py_pubsub/lib/py_pubsub
[1.192s] Installing talker script to /home/jasurbek/ros2_ws/src/install/py_pubsub/lib/py_pubsub
[1.193s] writing list of installed files to '/home/jasurbek/ros2_ws/src/build/py_pubsub/install.log'
[1.230s] Invoked command in '/home/jasurbek/ros2_ws/src/py_pubsub' returned '0': PYTHONPATH=/home/jasurbek/ros2_ws/src/install/py_pubsub/lib/python3.10/site-packages:${PYTHONPATH} /usr/bin/python3 setup.py egg_info --egg-base ../build/py_pubsub build --build-base /home/jasurbek/ros2_ws/src/build/py_pubsub/build install --prefix /home/jasurbek/ros2_ws/src/install/py_pubsub --record /home/jasurbek/ros2_ws/src/build/py_pubsub/install.log --single-version-externally-managed
