[1.387s] Invoking command in '/home/jasurbek/ros2_ws/build/examples_rclpy_minimal_action_client': PYTHONPATH=/home/jasurbek/ros2_ws/install/examples_rclpy_minimal_action_client/lib/python3.10/site-packages:${PYTHONPATH} /usr/bin/python3 setup.py develop --prefix /home/jasurbek/ros2_ws/install/examples_rclpy_minimal_action_client --editable --build-directory /home/jasurbek/ros2_ws/build/examples_rclpy_minimal_action_client/build --no-deps install_data --install-dir /home/jasurbek/ros2_ws/install/examples_rclpy_minimal_action_client
[1.974s] running develop
[1.974s] /usr/lib/python3/dist-packages/setuptools/command/easy_install.py:158: EasyInstallDeprecationWarning: easy_install command is deprecated. Use build and pip and other standards-based tools.
[1.975s]   warnings.warn(
[1.977s] /usr/lib/python3/dist-packages/setuptools/command/install.py:34: SetuptoolsDeprecationWarning: setup.py install is deprecated. Use build and pip and other standards-based tools.
[1.977s]   warnings.warn(
[2.104s] /usr/lib/python3/dist-packages/pkg_resources/__init__.py:116: PkgResourcesDeprecationWarning: 1.1build1 is an invalid version and will not be supported in a future release
[2.104s]   warnings.warn(
[2.104s] /usr/lib/python3/dist-packages/pkg_resources/__init__.py:116: PkgResourcesDeprecationWarning: 0.1.43ubuntu1 is an invalid version and will not be supported in a future release
[2.105s]   warnings.warn(
[2.371s] running egg_info
[2.371s] creating examples_rclpy_minimal_action_client.egg-info
[2.372s] writing examples_rclpy_minimal_action_client.egg-info/PKG-INFO
[2.373s] writing dependency_links to examples_rclpy_minimal_action_client.egg-info/dependency_links.txt
[2.373s] writing entry points to examples_rclpy_minimal_action_client.egg-info/entry_points.txt
[2.374s] writing requirements to examples_rclpy_minimal_action_client.egg-info/requires.txt
[2.374s] writing top-level names to examples_rclpy_minimal_action_client.egg-info/top_level.txt
[2.375s] writing manifest file 'examples_rclpy_minimal_action_client.egg-info/SOURCES.txt'
[2.379s] reading manifest file 'examples_rclpy_minimal_action_client.egg-info/SOURCES.txt'
[2.381s] writing manifest file 'examples_rclpy_minimal_action_client.egg-info/SOURCES.txt'
[2.385s] running build_ext
[2.386s] Creating /home/jasurbek/ros2_ws/install/examples_rclpy_minimal_action_client/lib/python3.10/site-packages/examples-rclpy-minimal-action-client.egg-link (link to .)
[2.388s] Installing client script to /home/jasurbek/ros2_ws/install/examples_rclpy_minimal_action_client/lib/examples_rclpy_minimal_action_client
[2.388s] Installing client_asyncio script to /home/jasurbek/ros2_ws/install/examples_rclpy_minimal_action_client/lib/examples_rclpy_minimal_action_client
[2.389s] Installing client_cancel script to /home/jasurbek/ros2_ws/install/examples_rclpy_minimal_action_client/lib/examples_rclpy_minimal_action_client
[2.390s] Installing client_not_composable script to /home/jasurbek/ros2_ws/install/examples_rclpy_minimal_action_client/lib/examples_rclpy_minimal_action_client
[2.391s] 
[2.391s] Installed /home/jasurbek/ros2_ws/build/examples_rclpy_minimal_action_client
[2.391s] running install_data
[2.392s] creating /home/jasurbek/ros2_ws/install/examples_rclpy_minimal_action_client/share/ament_index
[2.392s] creating /home/jasurbek/ros2_ws/install/examples_rclpy_minimal_action_client/share/ament_index/resource_index
[2.392s] creating /home/jasurbek/ros2_ws/install/examples_rclpy_minimal_action_client/share/ament_index/resource_index/packages
[2.392s] copying resource/examples_rclpy_minimal_action_client -> /home/jasurbek/ros2_ws/install/examples_rclpy_minimal_action_client/share/ament_index/resource_index/packages
[2.392s] copying package.xml -> /home/jasurbek/ros2_ws/install/examples_rclpy_minimal_action_client/share/examples_rclpy_minimal_action_client
[2.450s] Invoked command in '/home/jasurbek/ros2_ws/build/examples_rclpy_minimal_action_client' returned '0': PYTHONPATH=/home/jasurbek/ros2_ws/install/examples_rclpy_minimal_action_client/lib/python3.10/site-packages:${PYTHONPATH} /usr/bin/python3 setup.py develop --prefix /home/jasurbek/ros2_ws/install/examples_rclpy_minimal_action_client --editable --build-directory /home/jasurbek/ros2_ws/build/examples_rclpy_minimal_action_client/build --no-deps install_data --install-dir /home/jasurbek/ros2_ws/install/examples_rclpy_minimal_action_client
