[0.029s] Invoking command in '/home/jasurbek/ros2_ws/src/build/examples_rclcpp_minimal_action_server': CMAKE_PREFIX_PATH=/opt/ros/rolling:/opt/ros/humble /usr/bin/cmake /home/jasurbek/ros2_ws/src/examples/rclcpp/actions/minimal_action_server -DCMAKE_INSTALL_PREFIX=/home/jasurbek/ros2_ws/src/install/examples_rclcpp_minimal_action_server
[0.192s] -- The C compiler identification is GNU 11.2.0
[0.309s] -- The CXX compiler identification is GNU 11.2.0
[0.329s] -- Detecting C compiler ABI info
[0.465s] -- Detecting C compiler ABI info - done
[0.491s] -- Check for working C compiler: /usr/bin/cc - skipped
[0.493s] -- Detecting C compile features
[0.495s] -- Detecting C compile features - done
[0.504s] -- Detecting CXX compiler ABI info
[0.662s] -- Detecting CXX compiler ABI info - done
[0.676s] -- Check for working CXX compiler: /usr/bin/c++ - skipped
[0.677s] -- Detecting CXX compile features
[0.678s] -- Detecting CXX compile features - done
[0.683s] -- Found ament_cmake: 1.5.0 (/opt/ros/rolling/share/ament_cmake/cmake)
[1.065s] -- Found Python3: /usr/bin/python3.10 (found version "3.10.6") found components: Interpreter 
[1.262s] -- Found example_interfaces: 0.9.3 (/opt/ros/humble/share/example_interfaces/cmake)
[1.350s] -- Found rosidl_generator_c: 3.2.1 (/opt/ros/rolling/share/rosidl_generator_c/cmake)
[1.361s] -- Found rosidl_adapter: 3.2.1 (/opt/ros/rolling/share/rosidl_adapter/cmake)
[1.381s] -- Found rosidl_generator_cpp: 3.2.1 (/opt/ros/rolling/share/rosidl_generator_cpp/cmake)
[1.424s] -- Using all available rosidl_typesupport_c: rosidl_typesupport_fastrtps_c;rosidl_typesupport_introspection_c
[1.469s] -- Using all available rosidl_typesupport_cpp: rosidl_typesupport_fastrtps_cpp;rosidl_typesupport_introspection_cpp
[1.935s] -- Found rclcpp: 16.2.0 (/opt/ros/rolling/share/rclcpp/cmake)
[2.105s] -- Found rmw_implementation_cmake: 6.3.0 (/opt/ros/rolling/share/rmw_implementation_cmake/cmake)
[2.112s] -- Found rmw_fastrtps_cpp: 6.3.0 (/opt/ros/rolling/share/rmw_fastrtps_cpp/cmake)
[2.353s] -- Found OpenSSL: /usr/lib/x86_64-linux-gnu/libcrypto.so (found version "3.0.2")  
[2.421s] -- Found FastRTPS: /opt/ros/rolling/include  
[2.504s] -- Using RMW implementation 'rmw_fastrtps_cpp' as default
[2.965s] -- Found rclcpp_action: 16.2.0 (/opt/ros/rolling/share/rclcpp_action/cmake)
[3.077s] -- Found ament_lint_auto: 0.12.4 (/opt/ros/humble/share/ament_lint_auto/cmake)
[3.297s] -- Added test 'copyright' to check source files copyright and LICENSE
[3.301s] -- Added test 'cppcheck' to perform static code analysis on C / C++ code
[3.302s] -- Configured cppcheck include dirs: 
[3.303s] -- Configured cppcheck exclude dirs and/or files: 
[3.305s] -- Added test 'cpplint' to check C / C++ code against the Google style
[3.305s] -- Configured cpplint exclude dirs and/or files: 
[3.308s] -- Added test 'lint_cmake' to check CMake code style
[3.311s] -- Added test 'uncrustify' to check C / C++ code style
[3.311s] -- Configured uncrustify additional arguments: 
[3.313s] -- Added test 'xmllint' to check XML markup files
[3.319s] -- Configuring done
[3.355s] -- Generating done
[3.362s] -- Build files have been written to: /home/jasurbek/ros2_ws/src/build/examples_rclcpp_minimal_action_server
[3.382s] Invoked command in '/home/jasurbek/ros2_ws/src/build/examples_rclcpp_minimal_action_server' returned '0': CMAKE_PREFIX_PATH=/opt/ros/rolling:/opt/ros/humble /usr/bin/cmake /home/jasurbek/ros2_ws/src/examples/rclcpp/actions/minimal_action_server -DCMAKE_INSTALL_PREFIX=/home/jasurbek/ros2_ws/src/install/examples_rclcpp_minimal_action_server
[3.383s] Invoking command in '/home/jasurbek/ros2_ws/src/build/examples_rclcpp_minimal_action_server': CMAKE_PREFIX_PATH=/opt/ros/rolling:/opt/ros/humble /usr/bin/cmake --build /home/jasurbek/ros2_ws/src/build/examples_rclcpp_minimal_action_server -- -j2 -l2
[3.479s] [ 25%] [32mBuilding CXX object CMakeFiles/action_server_member_functions.dir/member_functions.cpp.o[0m
[12.574s] [ 50%] [32m[1mLinking CXX executable action_server_member_functions[0m
[12.903s] [ 50%] Built target action_server_member_functions
[12.947s] [ 75%] [32mBuilding CXX object CMakeFiles/action_server_not_composable.dir/not_composable.cpp.o[0m
[22.002s] [100%] [32m[1mLinking CXX executable action_server_not_composable[0m
[22.352s] [100%] Built target action_server_not_composable
[22.374s] Invoked command in '/home/jasurbek/ros2_ws/src/build/examples_rclcpp_minimal_action_server' returned '0': CMAKE_PREFIX_PATH=/opt/ros/rolling:/opt/ros/humble /usr/bin/cmake --build /home/jasurbek/ros2_ws/src/build/examples_rclcpp_minimal_action_server -- -j2 -l2
[22.435s] Invoking command in '/home/jasurbek/ros2_ws/src/build/examples_rclcpp_minimal_action_server': CMAKE_PREFIX_PATH=/opt/ros/rolling:/opt/ros/humble /usr/bin/cmake --install /home/jasurbek/ros2_ws/src/build/examples_rclcpp_minimal_action_server
[22.450s] -- Install configuration: ""
[22.451s] -- Installing: /home/jasurbek/ros2_ws/src/install/examples_rclcpp_minimal_action_server/lib/examples_rclcpp_minimal_action_server/action_server_not_composable
[22.454s] -- Set runtime path of "/home/jasurbek/ros2_ws/src/install/examples_rclcpp_minimal_action_server/lib/examples_rclcpp_minimal_action_server/action_server_not_composable" to ""
[22.455s] -- Installing: /home/jasurbek/ros2_ws/src/install/examples_rclcpp_minimal_action_server/lib/examples_rclcpp_minimal_action_server/action_server_member_functions
[22.458s] -- Set runtime path of "/home/jasurbek/ros2_ws/src/install/examples_rclcpp_minimal_action_server/lib/examples_rclcpp_minimal_action_server/action_server_member_functions" to ""
[22.458s] -- Installing: /home/jasurbek/ros2_ws/src/install/examples_rclcpp_minimal_action_server/share/ament_index/resource_index/package_run_dependencies/examples_rclcpp_minimal_action_server
[22.459s] -- Installing: /home/jasurbek/ros2_ws/src/install/examples_rclcpp_minimal_action_server/share/ament_index/resource_index/parent_prefix_path/examples_rclcpp_minimal_action_server
[22.461s] -- Installing: /home/jasurbek/ros2_ws/src/install/examples_rclcpp_minimal_action_server/share/examples_rclcpp_minimal_action_server/environment/ament_prefix_path.sh
[22.462s] -- Installing: /home/jasurbek/ros2_ws/src/install/examples_rclcpp_minimal_action_server/share/examples_rclcpp_minimal_action_server/environment/ament_prefix_path.dsv
[22.463s] -- Installing: /home/jasurbek/ros2_ws/src/install/examples_rclcpp_minimal_action_server/share/examples_rclcpp_minimal_action_server/environment/path.sh
[22.463s] -- Installing: /home/jasurbek/ros2_ws/src/install/examples_rclcpp_minimal_action_server/share/examples_rclcpp_minimal_action_server/environment/path.dsv
[22.464s] -- Installing: /home/jasurbek/ros2_ws/src/install/examples_rclcpp_minimal_action_server/share/examples_rclcpp_minimal_action_server/local_setup.bash
[22.465s] -- Installing: /home/jasurbek/ros2_ws/src/install/examples_rclcpp_minimal_action_server/share/examples_rclcpp_minimal_action_server/local_setup.sh
[22.466s] -- Installing: /home/jasurbek/ros2_ws/src/install/examples_rclcpp_minimal_action_server/share/examples_rclcpp_minimal_action_server/local_setup.zsh
[22.467s] -- Installing: /home/jasurbek/ros2_ws/src/install/examples_rclcpp_minimal_action_server/share/examples_rclcpp_minimal_action_server/local_setup.dsv
[22.467s] -- Installing: /home/jasurbek/ros2_ws/src/install/examples_rclcpp_minimal_action_server/share/examples_rclcpp_minimal_action_server/package.dsv
[22.468s] -- Installing: /home/jasurbek/ros2_ws/src/install/examples_rclcpp_minimal_action_server/share/ament_index/resource_index/packages/examples_rclcpp_minimal_action_server
[22.469s] -- Installing: /home/jasurbek/ros2_ws/src/install/examples_rclcpp_minimal_action_server/share/examples_rclcpp_minimal_action_server/cmake/examples_rclcpp_minimal_action_serverConfig.cmake
[22.470s] -- Installing: /home/jasurbek/ros2_ws/src/install/examples_rclcpp_minimal_action_server/share/examples_rclcpp_minimal_action_server/cmake/examples_rclcpp_minimal_action_serverConfig-version.cmake
[22.471s] -- Installing: /home/jasurbek/ros2_ws/src/install/examples_rclcpp_minimal_action_server/share/examples_rclcpp_minimal_action_server/package.xml
[22.482s] Invoked command in '/home/jasurbek/ros2_ws/src/build/examples_rclcpp_minimal_action_server' returned '0': CMAKE_PREFIX_PATH=/opt/ros/rolling:/opt/ros/humble /usr/bin/cmake --install /home/jasurbek/ros2_ws/src/build/examples_rclcpp_minimal_action_server
