[1.323s] Invoking command in '/home/jasurbek/ros2_ws/src/examples/rclpy/actions/minimal_action_client': PYTHONPATH=/home/jasurbek/ros2_ws/src/install/examples_rclpy_minimal_action_client/lib/python3.10/site-packages:${PYTHONPATH} /usr/bin/python3 setup.py egg_info --egg-base ../../../../build/examples_rclpy_minimal_action_client build --build-base /home/jasurbek/ros2_ws/src/build/examples_rclpy_minimal_action_client/build install --prefix /home/jasurbek/ros2_ws/src/install/examples_rclpy_minimal_action_client --record /home/jasurbek/ros2_ws/src/build/examples_rclpy_minimal_action_client/install.log --single-version-externally-managed
[1.885s] running egg_info
[1.887s] creating ../../../../build/examples_rclpy_minimal_action_client/examples_rclpy_minimal_action_client.egg-info
[1.889s] writing ../../../../build/examples_rclpy_minimal_action_client/examples_rclpy_minimal_action_client.egg-info/PKG-INFO
[1.890s] writing dependency_links to ../../../../build/examples_rclpy_minimal_action_client/examples_rclpy_minimal_action_client.egg-info/dependency_links.txt
[1.890s] writing entry points to ../../../../build/examples_rclpy_minimal_action_client/examples_rclpy_minimal_action_client.egg-info/entry_points.txt
[1.891s] writing requirements to ../../../../build/examples_rclpy_minimal_action_client/examples_rclpy_minimal_action_client.egg-info/requires.txt
[1.892s] writing top-level names to ../../../../build/examples_rclpy_minimal_action_client/examples_rclpy_minimal_action_client.egg-info/top_level.txt
[1.893s] writing manifest file '../../../../build/examples_rclpy_minimal_action_client/examples_rclpy_minimal_action_client.egg-info/SOURCES.txt'
[1.897s] reading manifest file '../../../../build/examples_rclpy_minimal_action_client/examples_rclpy_minimal_action_client.egg-info/SOURCES.txt'
[1.900s] writing manifest file '../../../../build/examples_rclpy_minimal_action_client/examples_rclpy_minimal_action_client.egg-info/SOURCES.txt'
[1.901s] running build
[1.901s] running build_py
[1.902s] creating /home/jasurbek/ros2_ws/src/build/examples_rclpy_minimal_action_client/build
[1.902s] creating /home/jasurbek/ros2_ws/src/build/examples_rclpy_minimal_action_client/build/lib
[1.903s] creating /home/jasurbek/ros2_ws/src/build/examples_rclpy_minimal_action_client/build/lib/examples_rclpy_minimal_action_client
[1.903s] copying examples_rclpy_minimal_action_client/client_not_composable.py -> /home/jasurbek/ros2_ws/src/build/examples_rclpy_minimal_action_client/build/lib/examples_rclpy_minimal_action_client
[1.904s] copying examples_rclpy_minimal_action_client/__init__.py -> /home/jasurbek/ros2_ws/src/build/examples_rclpy_minimal_action_client/build/lib/examples_rclpy_minimal_action_client
[1.905s] copying examples_rclpy_minimal_action_client/client_asyncio.py -> /home/jasurbek/ros2_ws/src/build/examples_rclpy_minimal_action_client/build/lib/examples_rclpy_minimal_action_client
[1.906s] copying examples_rclpy_minimal_action_client/client.py -> /home/jasurbek/ros2_ws/src/build/examples_rclpy_minimal_action_client/build/lib/examples_rclpy_minimal_action_client
[1.909s] copying examples_rclpy_minimal_action_client/client_cancel.py -> /home/jasurbek/ros2_ws/src/build/examples_rclpy_minimal_action_client/build/lib/examples_rclpy_minimal_action_client
[1.911s] running install
[1.912s] /usr/lib/python3/dist-packages/setuptools/command/install.py:34: SetuptoolsDeprecationWarning: setup.py install is deprecated. Use build and pip and other standards-based tools.
[1.912s]   warnings.warn(
[1.913s] running install_lib
[1.915s] creating /home/jasurbek/ros2_ws/src/install/examples_rclpy_minimal_action_client/lib/python3.10/site-packages/examples_rclpy_minimal_action_client
[1.915s] copying /home/jasurbek/ros2_ws/src/build/examples_rclpy_minimal_action_client/build/lib/examples_rclpy_minimal_action_client/client_not_composable.py -> /home/jasurbek/ros2_ws/src/install/examples_rclpy_minimal_action_client/lib/python3.10/site-packages/examples_rclpy_minimal_action_client
[1.916s] copying /home/jasurbek/ros2_ws/src/build/examples_rclpy_minimal_action_client/build/lib/examples_rclpy_minimal_action_client/__init__.py -> /home/jasurbek/ros2_ws/src/install/examples_rclpy_minimal_action_client/lib/python3.10/site-packages/examples_rclpy_minimal_action_client
[1.916s] copying /home/jasurbek/ros2_ws/src/build/examples_rclpy_minimal_action_client/build/lib/examples_rclpy_minimal_action_client/client_asyncio.py -> /home/jasurbek/ros2_ws/src/install/examples_rclpy_minimal_action_client/lib/python3.10/site-packages/examples_rclpy_minimal_action_client
[1.917s] copying /home/jasurbek/ros2_ws/src/build/examples_rclpy_minimal_action_client/build/lib/examples_rclpy_minimal_action_client/client.py -> /home/jasurbek/ros2_ws/src/install/examples_rclpy_minimal_action_client/lib/python3.10/site-packages/examples_rclpy_minimal_action_client
[1.917s] copying /home/jasurbek/ros2_ws/src/build/examples_rclpy_minimal_action_client/build/lib/examples_rclpy_minimal_action_client/client_cancel.py -> /home/jasurbek/ros2_ws/src/install/examples_rclpy_minimal_action_client/lib/python3.10/site-packages/examples_rclpy_minimal_action_client
[1.918s] byte-compiling /home/jasurbek/ros2_ws/src/install/examples_rclpy_minimal_action_client/lib/python3.10/site-packages/examples_rclpy_minimal_action_client/client_not_composable.py to client_not_composable.cpython-310.pyc
[1.919s] byte-compiling /home/jasurbek/ros2_ws/src/install/examples_rclpy_minimal_action_client/lib/python3.10/site-packages/examples_rclpy_minimal_action_client/__init__.py to __init__.cpython-310.pyc
[1.920s] byte-compiling /home/jasurbek/ros2_ws/src/install/examples_rclpy_minimal_action_client/lib/python3.10/site-packages/examples_rclpy_minimal_action_client/client_asyncio.py to client_asyncio.cpython-310.pyc
[1.922s] byte-compiling /home/jasurbek/ros2_ws/src/install/examples_rclpy_minimal_action_client/lib/python3.10/site-packages/examples_rclpy_minimal_action_client/client.py to client.cpython-310.pyc
[1.923s] byte-compiling /home/jasurbek/ros2_ws/src/install/examples_rclpy_minimal_action_client/lib/python3.10/site-packages/examples_rclpy_minimal_action_client/client_cancel.py to client_cancel.cpython-310.pyc
[1.924s] running install_data
[1.925s] creating /home/jasurbek/ros2_ws/src/install/examples_rclpy_minimal_action_client/share/ament_index
[1.925s] creating /home/jasurbek/ros2_ws/src/install/examples_rclpy_minimal_action_client/share/ament_index/resource_index
[1.926s] creating /home/jasurbek/ros2_ws/src/install/examples_rclpy_minimal_action_client/share/ament_index/resource_index/packages
[1.926s] copying resource/examples_rclpy_minimal_action_client -> /home/jasurbek/ros2_ws/src/install/examples_rclpy_minimal_action_client/share/ament_index/resource_index/packages
[1.926s] copying package.xml -> /home/jasurbek/ros2_ws/src/install/examples_rclpy_minimal_action_client/share/examples_rclpy_minimal_action_client
[1.927s] running install_egg_info
[1.932s] Copying ../../../../build/examples_rclpy_minimal_action_client/examples_rclpy_minimal_action_client.egg-info to /home/jasurbek/ros2_ws/src/install/examples_rclpy_minimal_action_client/lib/python3.10/site-packages/examples_rclpy_minimal_action_client-0.16.1-py3.10.egg-info
[1.935s] running install_scripts
[1.969s] Installing client script to /home/jasurbek/ros2_ws/src/install/examples_rclpy_minimal_action_client/lib/examples_rclpy_minimal_action_client
[1.970s] Installing client_asyncio script to /home/jasurbek/ros2_ws/src/install/examples_rclpy_minimal_action_client/lib/examples_rclpy_minimal_action_client
[1.971s] Installing client_cancel script to /home/jasurbek/ros2_ws/src/install/examples_rclpy_minimal_action_client/lib/examples_rclpy_minimal_action_client
[1.971s] Installing client_not_composable script to /home/jasurbek/ros2_ws/src/install/examples_rclpy_minimal_action_client/lib/examples_rclpy_minimal_action_client
[1.973s] writing list of installed files to '/home/jasurbek/ros2_ws/src/build/examples_rclpy_minimal_action_client/install.log'
[2.031s] Invoked command in '/home/jasurbek/ros2_ws/src/examples/rclpy/actions/minimal_action_client' returned '0': PYTHONPATH=/home/jasurbek/ros2_ws/src/install/examples_rclpy_minimal_action_client/lib/python3.10/site-packages:${PYTHONPATH} /usr/bin/python3 setup.py egg_info --egg-base ../../../../build/examples_rclpy_minimal_action_client build --build-base /home/jasurbek/ros2_ws/src/build/examples_rclpy_minimal_action_client/build install --prefix /home/jasurbek/ros2_ws/src/install/examples_rclpy_minimal_action_client --record /home/jasurbek/ros2_ws/src/build/examples_rclpy_minimal_action_client/install.log --single-version-externally-managed
