[0.045s] Invoking command in '/home/jasurbek/ros2_ws/build/examples_rclcpp_minimal_action_server': CMAKE_PREFIX_PATH=/opt/ros/humble /usr/bin/cmake /home/jasurbek/ros2_ws/src/examples/rclcpp/actions/minimal_action_server -DCMAKE_INSTALL_PREFIX=/home/jasurbek/ros2_ws/install/examples_rclcpp_minimal_action_server
[0.158s] -- Found ament_cmake: 1.3.2 (/opt/ros/humble/share/ament_cmake/cmake)
[0.671s] -- Override CMake install command with custom implementation using symlinks instead of copying resources
[0.693s] -- Found example_interfaces: 0.9.3 (/opt/ros/humble/share/example_interfaces/cmake)
[0.803s] -- Found rosidl_generator_c: 3.1.3 (/opt/ros/humble/share/rosidl_generator_c/cmake)
[0.807s] -- Found rosidl_adapter: 3.1.3 (/opt/ros/humble/share/rosidl_adapter/cmake)
[0.825s] -- Found rosidl_generator_cpp: 3.1.3 (/opt/ros/humble/share/rosidl_generator_cpp/cmake)
[0.864s] -- Using all available rosidl_typesupport_c: rosidl_typesupport_fastrtps_c;rosidl_typesupport_introspection_c
[0.922s] -- Using all available rosidl_typesupport_cpp: rosidl_typesupport_fastrtps_cpp;rosidl_typesupport_introspection_cpp
[1.399s] -- Found rclcpp: 16.0.1 (/opt/ros/humble/share/rclcpp/cmake)
[1.591s] -- Found rmw_implementation_cmake: 6.1.0 (/opt/ros/humble/share/rmw_implementation_cmake/cmake)
[1.594s] -- Found rmw_fastrtps_cpp: 6.2.1 (/opt/ros/humble/share/rmw_fastrtps_cpp/cmake)
[1.886s] -- Using RMW implementation 'rmw_fastrtps_cpp' as default
[2.359s] -- Found rclcpp_action: 16.0.1 (/opt/ros/humble/share/rclcpp_action/cmake)
[2.462s] -- Found ament_lint_auto: 0.12.4 (/opt/ros/humble/share/ament_lint_auto/cmake)
[2.628s] -- Added test 'copyright' to check source files copyright and LICENSE
[2.630s] -- Added test 'cppcheck' to perform static code analysis on C / C++ code
[2.630s] -- Configured cppcheck include dirs: 
[2.630s] -- Configured cppcheck exclude dirs and/or files: 
[2.631s] -- Added test 'cpplint' to check C / C++ code against the Google style
[2.631s] -- Configured cpplint exclude dirs and/or files: 
[2.632s] -- Added test 'lint_cmake' to check CMake code style
[2.633s] -- Added test 'uncrustify' to check C / C++ code style
[2.633s] -- Configured uncrustify additional arguments: 
[2.633s] -- Added test 'xmllint' to check XML markup files
[2.651s] -- Configuring done
[2.704s] -- Generating done
[2.712s] -- Build files have been written to: /home/jasurbek/ros2_ws/build/examples_rclcpp_minimal_action_server
[2.729s] Invoked command in '/home/jasurbek/ros2_ws/build/examples_rclcpp_minimal_action_server' returned '0': CMAKE_PREFIX_PATH=/opt/ros/humble /usr/bin/cmake /home/jasurbek/ros2_ws/src/examples/rclcpp/actions/minimal_action_server -DCMAKE_INSTALL_PREFIX=/home/jasurbek/ros2_ws/install/examples_rclcpp_minimal_action_server
[2.736s] Invoking command in '/home/jasurbek/ros2_ws/build/examples_rclcpp_minimal_action_server': CMAKE_PREFIX_PATH=/opt/ros/humble /usr/bin/cmake --build /home/jasurbek/ros2_ws/build/examples_rclcpp_minimal_action_server -- -j2 -l2
[2.862s] [35m[1mConsolidate compiler generated dependencies of target action_server_member_functions[0m
[2.886s] [35m[1mConsolidate compiler generated dependencies of target action_server_not_composable[0m
[2.922s] [ 50%] Built target action_server_member_functions
[2.953s] [100%] Built target action_server_not_composable
[2.988s] Invoked command in '/home/jasurbek/ros2_ws/build/examples_rclcpp_minimal_action_server' returned '0': CMAKE_PREFIX_PATH=/opt/ros/humble /usr/bin/cmake --build /home/jasurbek/ros2_ws/build/examples_rclcpp_minimal_action_server -- -j2 -l2
[3.204s] Invoking command in '/home/jasurbek/ros2_ws/build/examples_rclcpp_minimal_action_server': CMAKE_PREFIX_PATH=/opt/ros/humble /usr/bin/cmake --install /home/jasurbek/ros2_ws/build/examples_rclcpp_minimal_action_server
[3.223s] -- Install configuration: ""
[3.232s] -- Execute custom install script
[3.233s] -- Up-to-date symlink: /home/jasurbek/ros2_ws/install/examples_rclcpp_minimal_action_server/lib/examples_rclcpp_minimal_action_server/action_server_not_composable
[3.234s] -- Up-to-date symlink: /home/jasurbek/ros2_ws/install/examples_rclcpp_minimal_action_server/lib/examples_rclcpp_minimal_action_server/action_server_member_functions
[3.235s] -- Up-to-date symlink: /home/jasurbek/ros2_ws/install/examples_rclcpp_minimal_action_server/share/ament_index/resource_index/package_run_dependencies/examples_rclcpp_minimal_action_server
[3.242s] -- Up-to-date symlink: /home/jasurbek/ros2_ws/install/examples_rclcpp_minimal_action_server/share/ament_index/resource_index/parent_prefix_path/examples_rclcpp_minimal_action_server
[3.243s] -- Up-to-date symlink: /home/jasurbek/ros2_ws/install/examples_rclcpp_minimal_action_server/share/examples_rclcpp_minimal_action_server/environment/ament_prefix_path.sh
[3.243s] -- Up-to-date symlink: /home/jasurbek/ros2_ws/install/examples_rclcpp_minimal_action_server/share/examples_rclcpp_minimal_action_server/environment/ament_prefix_path.dsv
[3.244s] -- Up-to-date symlink: /home/jasurbek/ros2_ws/install/examples_rclcpp_minimal_action_server/share/examples_rclcpp_minimal_action_server/environment/path.sh
[3.244s] -- Up-to-date symlink: /home/jasurbek/ros2_ws/install/examples_rclcpp_minimal_action_server/share/examples_rclcpp_minimal_action_server/environment/path.dsv
[3.245s] -- Up-to-date symlink: /home/jasurbek/ros2_ws/install/examples_rclcpp_minimal_action_server/share/examples_rclcpp_minimal_action_server/local_setup.bash
[3.246s] -- Up-to-date symlink: /home/jasurbek/ros2_ws/install/examples_rclcpp_minimal_action_server/share/examples_rclcpp_minimal_action_server/local_setup.sh
[3.247s] -- Up-to-date symlink: /home/jasurbek/ros2_ws/install/examples_rclcpp_minimal_action_server/share/examples_rclcpp_minimal_action_server/local_setup.zsh
[3.247s] -- Up-to-date symlink: /home/jasurbek/ros2_ws/install/examples_rclcpp_minimal_action_server/share/examples_rclcpp_minimal_action_server/local_setup.dsv
[3.247s] -- Symlinking: /home/jasurbek/ros2_ws/install/examples_rclcpp_minimal_action_server/share/examples_rclcpp_minimal_action_server/package.dsv
[3.279s] -- Up-to-date symlink: /home/jasurbek/ros2_ws/install/examples_rclcpp_minimal_action_server/share/ament_index/resource_index/packages/examples_rclcpp_minimal_action_server
[3.280s] -- Up-to-date symlink: /home/jasurbek/ros2_ws/install/examples_rclcpp_minimal_action_server/share/examples_rclcpp_minimal_action_server/cmake/examples_rclcpp_minimal_action_serverConfig.cmake
[3.281s] -- Up-to-date symlink: /home/jasurbek/ros2_ws/install/examples_rclcpp_minimal_action_server/share/examples_rclcpp_minimal_action_server/cmake/examples_rclcpp_minimal_action_serverConfig-version.cmake
[3.281s] -- Up-to-date symlink: /home/jasurbek/ros2_ws/install/examples_rclcpp_minimal_action_server/share/examples_rclcpp_minimal_action_server/package.xml
[3.289s] Invoked command in '/home/jasurbek/ros2_ws/build/examples_rclcpp_minimal_action_server' returned '0': CMAKE_PREFIX_PATH=/opt/ros/humble /usr/bin/cmake --install /home/jasurbek/ros2_ws/build/examples_rclcpp_minimal_action_server
