[1.705s] Invoking command in '/home/jasurbek/ros2_ws/src/examples/rclpy/executors': PYTHONPATH=/home/jasurbek/ros2_ws/src/install/examples_rclpy_executors/lib/python3.10/site-packages:${PYTHONPATH} /usr/bin/python3 setup.py egg_info --egg-base ../../../build/examples_rclpy_executors build --build-base /home/jasurbek/ros2_ws/src/build/examples_rclpy_executors/build install --prefix /home/jasurbek/ros2_ws/src/install/examples_rclpy_executors --record /home/jasurbek/ros2_ws/src/build/examples_rclpy_executors/install.log --single-version-externally-managed
[2.431s] running egg_info
[2.432s] writing ../../../build/examples_rclpy_executors/examples_rclpy_executors.egg-info/PKG-INFO
[2.433s] writing dependency_links to ../../../build/examples_rclpy_executors/examples_rclpy_executors.egg-info/dependency_links.txt
[2.434s] writing entry points to ../../../build/examples_rclpy_executors/examples_rclpy_executors.egg-info/entry_points.txt
[2.434s] writing requirements to ../../../build/examples_rclpy_executors/examples_rclpy_executors.egg-info/requires.txt
[2.435s] writing top-level names to ../../../build/examples_rclpy_executors/examples_rclpy_executors.egg-info/top_level.txt
[2.438s] reading manifest file '../../../build/examples_rclpy_executors/examples_rclpy_executors.egg-info/SOURCES.txt'
[2.440s] writing manifest file '../../../build/examples_rclpy_executors/examples_rclpy_executors.egg-info/SOURCES.txt'
[2.440s] running build
[2.440s] running build_py
[2.441s] running install
[2.441s] /usr/lib/python3/dist-packages/setuptools/command/install.py:34: SetuptoolsDeprecationWarning: setup.py install is deprecated. Use build and pip and other standards-based tools.
[2.441s]   warnings.warn(
[2.442s] running install_lib
[2.444s] running install_data
[2.445s] running install_egg_info
[2.447s] removing '/home/jasurbek/ros2_ws/src/install/examples_rclpy_executors/lib/python3.10/site-packages/examples_rclpy_executors-0.16.1-py3.10.egg-info' (and everything under it)
[2.448s] Copying ../../../build/examples_rclpy_executors/examples_rclpy_executors.egg-info to /home/jasurbek/ros2_ws/src/install/examples_rclpy_executors/lib/python3.10/site-packages/examples_rclpy_executors-0.16.1-py3.10.egg-info
[2.449s] running install_scripts
[2.507s] Installing callback_group script to /home/jasurbek/ros2_ws/src/install/examples_rclpy_executors/lib/examples_rclpy_executors
[2.508s] Installing composed script to /home/jasurbek/ros2_ws/src/install/examples_rclpy_executors/lib/examples_rclpy_executors
[2.508s] Installing custom_callback_group script to /home/jasurbek/ros2_ws/src/install/examples_rclpy_executors/lib/examples_rclpy_executors
[2.509s] Installing custom_executor script to /home/jasurbek/ros2_ws/src/install/examples_rclpy_executors/lib/examples_rclpy_executors
[2.509s] Installing listener script to /home/jasurbek/ros2_ws/src/install/examples_rclpy_executors/lib/examples_rclpy_executors
[2.510s] Installing talker script to /home/jasurbek/ros2_ws/src/install/examples_rclpy_executors/lib/examples_rclpy_executors
[2.511s] writing list of installed files to '/home/jasurbek/ros2_ws/src/build/examples_rclpy_executors/install.log'
[2.567s] Invoked command in '/home/jasurbek/ros2_ws/src/examples/rclpy/executors' returned '0': PYTHONPATH=/home/jasurbek/ros2_ws/src/install/examples_rclpy_executors/lib/python3.10/site-packages:${PYTHONPATH} /usr/bin/python3 setup.py egg_info --egg-base ../../../build/examples_rclpy_executors build --build-base /home/jasurbek/ros2_ws/src/build/examples_rclpy_executors/build install --prefix /home/jasurbek/ros2_ws/src/install/examples_rclpy_executors --record /home/jasurbek/ros2_ws/src/build/examples_rclpy_executors/install.log --single-version-externally-managed
