[0.012s] Invoking command in '/home/jasurbek/ros2_ws/build/examples_rclcpp_wait_set': CMAKE_PREFIX_PATH=/opt/ros/humble /usr/bin/cmake /home/jasurbek/ros2_ws/src/examples/rclcpp/wait_set -DAMENT_CMAKE_SYMLINK_INSTALL=1 -DCMAKE_INSTALL_PREFIX=/home/jasurbek/ros2_ws/install/examples_rclcpp_wait_set
[0.144s] -- The C compiler identification is GNU 11.2.0
[0.251s] -- The CXX compiler identification is GNU 11.2.0
[0.266s] -- Detecting C compiler ABI info
[0.405s] -- Detecting C compiler ABI info - done
[0.431s] -- Check for working C compiler: /usr/bin/cc - skipped
[0.432s] -- Detecting C compile features
[0.433s] -- Detecting C compile features - done
[0.438s] -- Detecting CXX compiler ABI info
[0.588s] -- Detecting CXX compiler ABI info - done
[0.602s] -- Check for working CXX compiler: /usr/bin/c++ - skipped
[0.603s] -- Detecting CXX compile features
[0.604s] -- Detecting CXX compile features - done
[0.608s] -- Found ament_cmake: 1.3.2 (/opt/ros/humble/share/ament_cmake/cmake)
[0.958s] -- Found Python3: /usr/bin/python3.10 (found version "3.10.6") found components: Interpreter 
[1.108s] -- Override CMake install command with custom implementation using symlinks instead of copying resources
[1.145s] -- Found example_interfaces: 0.9.3 (/opt/ros/humble/share/example_interfaces/cmake)
[1.199s] -- Found rosidl_generator_c: 3.1.3 (/opt/ros/humble/share/rosidl_generator_c/cmake)
[1.206s] -- Found rosidl_adapter: 3.1.3 (/opt/ros/humble/share/rosidl_adapter/cmake)
[1.221s] -- Found rosidl_generator_cpp: 3.1.3 (/opt/ros/humble/share/rosidl_generator_cpp/cmake)
[1.257s] -- Using all available rosidl_typesupport_c: rosidl_typesupport_fastrtps_c;rosidl_typesupport_introspection_c
[1.298s] -- Using all available rosidl_typesupport_cpp: rosidl_typesupport_fastrtps_cpp;rosidl_typesupport_introspection_cpp
[1.734s] -- Found rclcpp: 16.0.1 (/opt/ros/humble/share/rclcpp/cmake)
[1.862s] -- Found rmw_implementation_cmake: 6.1.0 (/opt/ros/humble/share/rmw_implementation_cmake/cmake)
[1.869s] -- Found rmw_fastrtps_cpp: 6.2.1 (/opt/ros/humble/share/rmw_fastrtps_cpp/cmake)
[2.069s] -- Found OpenSSL: /usr/lib/x86_64-linux-gnu/libcrypto.so (found version "3.0.2")  
[2.134s] -- Found FastRTPS: /opt/ros/humble/include  
[2.235s] -- Using RMW implementation 'rmw_fastrtps_cpp' as default
[2.720s] -- Found rclcpp_components: 16.0.1 (/opt/ros/humble/share/rclcpp_components/cmake)
[2.953s] -- Found ament_lint_auto: 0.12.4 (/opt/ros/humble/share/ament_lint_auto/cmake)
[3.121s] -- Added test 'copyright' to check source files copyright and LICENSE
[3.123s] -- Added test 'cppcheck' to perform static code analysis on C / C++ code
[3.126s] -- Configured cppcheck include dirs: /home/jasurbek/ros2_ws/src/examples/rclcpp/wait_set/include
[3.126s] -- Configured cppcheck exclude dirs and/or files: 
[3.132s] -- Added test 'cpplint' to check C / C++ code against the Google style
[3.133s] -- Configured cpplint exclude dirs and/or files: 
[3.135s] -- Added test 'lint_cmake' to check CMake code style
[3.141s] -- Added test 'uncrustify' to check C / C++ code style
[3.142s] -- Configured uncrustify additional arguments: 
[3.144s] -- Added test 'xmllint' to check XML markup files
[3.149s] -- Configuring done
[3.255s] -- Generating done
[3.263s] -- Build files have been written to: /home/jasurbek/ros2_ws/build/examples_rclcpp_wait_set
[3.291s] Invoked command in '/home/jasurbek/ros2_ws/build/examples_rclcpp_wait_set' returned '0': CMAKE_PREFIX_PATH=/opt/ros/humble /usr/bin/cmake /home/jasurbek/ros2_ws/src/examples/rclcpp/wait_set -DAMENT_CMAKE_SYMLINK_INSTALL=1 -DCMAKE_INSTALL_PREFIX=/home/jasurbek/ros2_ws/install/examples_rclcpp_wait_set
[3.292s] Invoking command in '/home/jasurbek/ros2_ws/build/examples_rclcpp_wait_set': CMAKE_PREFIX_PATH=/opt/ros/humble /usr/bin/cmake --build /home/jasurbek/ros2_ws/build/examples_rclcpp_wait_set -- -j2 -l2
[3.377s] [  4%] [32mBuilding CXX object CMakeFiles/talker.dir/src/talker.cpp.o[0m
[13.409s] [  8%] [32m[1mLinking CXX shared library libtalker.so[0m
[13.799s] [  8%] Built target talker
[13.837s] [ 12%] [32mBuilding CXX object CMakeFiles/wait_set_talker.dir/rclcpp_components/node_main_wait_set_talker.cpp.o[0m
[21.317s] [ 16%] [32m[1mLinking CXX executable wait_set_talker[0m
[21.560s] [ 16%] Built target wait_set_talker
[21.597s] [ 20%] [32mBuilding CXX object CMakeFiles/listener.dir/src/listener.cpp.o[0m
[42.628s] [ 25%] [32m[1mLinking CXX shared library liblistener.so[0m
[43.500s] [ 25%] Built target listener
[43.529s] [ 29%] [32mBuilding CXX object CMakeFiles/wait_set_listener.dir/rclcpp_components/node_main_wait_set_listener.cpp.o[0m
[52.034s] [ 33%] [32m[1mLinking CXX executable wait_set_listener[0m
[52.281s] [ 33%] Built target wait_set_listener
[52.314s] [ 37%] [32mBuilding CXX object CMakeFiles/wait_set.dir/src/wait_set.cpp.o[0m
[73.990s] [ 41%] [32m[1mLinking CXX executable wait_set[0m
[74.916s] [ 41%] Built target wait_set
[74.951s] [ 45%] [32mBuilding CXX object CMakeFiles/static_wait_set.dir/src/static_wait_set.cpp.o[0m
[94.503s] [ 50%] [32m[1mLinking CXX executable static_wait_set[0m
[95.215s] [ 50%] Built target static_wait_set
[95.250s] [ 54%] [32mBuilding CXX object CMakeFiles/thread_safe_wait_set.dir/src/thread_safe_wait_set.cpp.o[0m
[115.537s] [ 58%] [32m[1mLinking CXX executable thread_safe_wait_set[0m
[116.470s] [ 58%] Built target thread_safe_wait_set
[116.515s] [ 62%] [32mBuilding CXX object CMakeFiles/wait_set_topics_and_timer.dir/src/wait_set_topics_and_timer.cpp.o[0m
[136.471s] [ 66%] [32m[1mLinking CXX executable wait_set_topics_and_timer[0m
[137.285s] [ 66%] Built target wait_set_topics_and_timer
[137.323s] [ 70%] [32mBuilding CXX object CMakeFiles/wait_set_random_order.dir/src/wait_set_random_order.cpp.o[0m
[157.942s] [ 75%] [32m[1mLinking CXX executable wait_set_random_order[0m
[158.740s] [ 75%] Built target wait_set_random_order
[158.778s] [ 79%] [32mBuilding CXX object CMakeFiles/executor_random_order.dir/src/executor_random_order.cpp.o[0m
[178.038s] [ 83%] [32m[1mLinking CXX executable executor_random_order[0m
[178.824s] [ 83%] Built target executor_random_order
[178.862s] [ 87%] [32mBuilding CXX object CMakeFiles/wait_set_topics_with_different_rates.dir/src/wait_set_topics_with_different_rates.cpp.o[0m
[200.426s] [ 91%] [32m[1mLinking CXX executable wait_set_topics_with_different_rates[0m
[201.275s] [ 91%] Built target wait_set_topics_with_different_rates
[201.317s] [ 95%] [32mBuilding CXX object CMakeFiles/wait_set_composed.dir/src/wait_set_composed.cpp.o[0m
[207.376s] [100%] [32m[1mLinking CXX executable wait_set_composed[0m
[207.664s] [100%] Built target wait_set_composed
[207.679s] Invoked command in '/home/jasurbek/ros2_ws/build/examples_rclcpp_wait_set' returned '0': CMAKE_PREFIX_PATH=/opt/ros/humble /usr/bin/cmake --build /home/jasurbek/ros2_ws/build/examples_rclcpp_wait_set -- -j2 -l2
[207.760s] Invoking command in '/home/jasurbek/ros2_ws/build/examples_rclcpp_wait_set': CMAKE_PREFIX_PATH=/opt/ros/humble /usr/bin/cmake --install /home/jasurbek/ros2_ws/build/examples_rclcpp_wait_set
[207.772s] -- Install configuration: ""
[207.773s] -- Execute custom install script
[207.774s] -- Symlinking: /home/jasurbek/ros2_ws/install/examples_rclcpp_wait_set/lib/examples_rclcpp_wait_set/wait_set_talker
[207.785s] -- Symlinking: /home/jasurbek/ros2_ws/install/examples_rclcpp_wait_set/lib/examples_rclcpp_wait_set/wait_set_listener
[207.796s] -- Symlinking: /home/jasurbek/ros2_ws/install/examples_rclcpp_wait_set/lib/libtalker.so
[207.805s] -- Symlinking: /home/jasurbek/ros2_ws/install/examples_rclcpp_wait_set/lib/liblistener.so
[207.815s] -- Symlinking: /home/jasurbek/ros2_ws/install/examples_rclcpp_wait_set/lib/examples_rclcpp_wait_set/wait_set
[207.826s] -- Symlinking: /home/jasurbek/ros2_ws/install/examples_rclcpp_wait_set/lib/examples_rclcpp_wait_set/static_wait_set
[207.836s] -- Symlinking: /home/jasurbek/ros2_ws/install/examples_rclcpp_wait_set/lib/examples_rclcpp_wait_set/thread_safe_wait_set
[207.845s] -- Symlinking: /home/jasurbek/ros2_ws/install/examples_rclcpp_wait_set/lib/examples_rclcpp_wait_set/wait_set_topics_and_timer
[207.857s] -- Symlinking: /home/jasurbek/ros2_ws/install/examples_rclcpp_wait_set/lib/examples_rclcpp_wait_set/wait_set_random_order
[207.870s] -- Symlinking: /home/jasurbek/ros2_ws/install/examples_rclcpp_wait_set/lib/examples_rclcpp_wait_set/executor_random_order
[207.883s] -- Symlinking: /home/jasurbek/ros2_ws/install/examples_rclcpp_wait_set/lib/examples_rclcpp_wait_set/wait_set_topics_with_different_rates
[207.895s] -- Symlinking: /home/jasurbek/ros2_ws/install/examples_rclcpp_wait_set/lib/examples_rclcpp_wait_set/wait_set_composed
[207.905s] -- Symlinking: /home/jasurbek/ros2_ws/install/examples_rclcpp_wait_set/share/ament_index/resource_index/package_run_dependencies/examples_rclcpp_wait_set
[207.915s] -- Symlinking: /home/jasurbek/ros2_ws/install/examples_rclcpp_wait_set/share/ament_index/resource_index/parent_prefix_path/examples_rclcpp_wait_set
[207.926s] -- Symlinking: /home/jasurbek/ros2_ws/install/examples_rclcpp_wait_set/share/examples_rclcpp_wait_set/environment/ament_prefix_path.sh
[207.936s] -- Symlinking: /home/jasurbek/ros2_ws/install/examples_rclcpp_wait_set/share/examples_rclcpp_wait_set/environment/ament_prefix_path.dsv
[207.946s] -- Symlinking: /home/jasurbek/ros2_ws/install/examples_rclcpp_wait_set/share/examples_rclcpp_wait_set/environment/path.sh
[207.957s] -- Symlinking: /home/jasurbek/ros2_ws/install/examples_rclcpp_wait_set/share/examples_rclcpp_wait_set/environment/path.dsv
[207.970s] -- Symlinking: /home/jasurbek/ros2_ws/install/examples_rclcpp_wait_set/share/examples_rclcpp_wait_set/local_setup.bash
[207.980s] -- Symlinking: /home/jasurbek/ros2_ws/install/examples_rclcpp_wait_set/share/examples_rclcpp_wait_set/local_setup.sh
[207.992s] -- Symlinking: /home/jasurbek/ros2_ws/install/examples_rclcpp_wait_set/share/examples_rclcpp_wait_set/local_setup.zsh
[208.003s] -- Symlinking: /home/jasurbek/ros2_ws/install/examples_rclcpp_wait_set/share/examples_rclcpp_wait_set/local_setup.dsv
[208.013s] -- Symlinking: /home/jasurbek/ros2_ws/install/examples_rclcpp_wait_set/share/examples_rclcpp_wait_set/package.dsv
[208.022s] -- Symlinking: /home/jasurbek/ros2_ws/install/examples_rclcpp_wait_set/share/ament_index/resource_index/packages/examples_rclcpp_wait_set
[208.034s] -- Symlinking: /home/jasurbek/ros2_ws/install/examples_rclcpp_wait_set/share/ament_index/resource_index/rclcpp_components/examples_rclcpp_wait_set
[208.044s] -- Symlinking: /home/jasurbek/ros2_ws/install/examples_rclcpp_wait_set/share/examples_rclcpp_wait_set/cmake/examples_rclcpp_wait_setConfig.cmake
[208.055s] -- Symlinking: /home/jasurbek/ros2_ws/install/examples_rclcpp_wait_set/share/examples_rclcpp_wait_set/cmake/examples_rclcpp_wait_setConfig-version.cmake
[208.066s] -- Symlinking: /home/jasurbek/ros2_ws/install/examples_rclcpp_wait_set/share/examples_rclcpp_wait_set/package.xml
[208.087s] Invoked command in '/home/jasurbek/ros2_ws/build/examples_rclcpp_wait_set' returned '0': CMAKE_PREFIX_PATH=/opt/ros/humble /usr/bin/cmake --install /home/jasurbek/ros2_ws/build/examples_rclcpp_wait_set
