[0.038s] Invoking command in '/home/jasurbek/ros2_ws/build/action_tutorials_interfaces': CMAKE_PREFIX_PATH=/opt/ros/humble /usr/bin/cmake /home/jasurbek/ros2_ws/src/action_tutorials_interfaces -DCMAKE_INSTALL_PREFIX=/home/jasurbek/ros2_ws/install/action_tutorials_interfaces
[0.136s] -- The C compiler identification is GNU 11.2.0
[0.226s] -- The CXX compiler identification is GNU 11.2.0
[0.239s] -- Detecting C compiler ABI info
[0.353s] -- Detecting C compiler ABI info - done
[0.369s] -- Check for working C compiler: /usr/bin/cc - skipped
[0.370s] -- Detecting C compile features
[0.371s] -- Detecting C compile features - done
[0.377s] -- Detecting CXX compiler ABI info
[0.538s] -- Detecting CXX compiler ABI info - done
[0.555s] -- Check for working CXX compiler: /usr/bin/c++ - skipped
[0.555s] -- Detecting CXX compile features
[0.556s] -- Detecting CXX compile features - done
[0.562s] -- Found ament_cmake: 1.3.2 (/opt/ros/humble/share/ament_cmake/cmake)
[0.883s] -- Found Python3: /usr/bin/python3.10 (found version "3.10.6") found components: Interpreter 
[1.038s] -- Found ament_lint_auto: 0.12.4 (/opt/ros/humble/share/ament_lint_auto/cmake)
[1.172s] -- Added test 'lint_cmake' to check CMake code style
[1.173s] -- Added test 'xmllint' to check XML markup files
[1.177s] -- Found rosidl_default_generators: 1.2.0 (/opt/ros/humble/share/rosidl_default_generators/cmake)
[1.184s] -- Using all available rosidl_typesupport_c: rosidl_typesupport_fastrtps_c;rosidl_typesupport_introspection_c
[1.195s] -- Found rosidl_adapter: 3.1.3 (/opt/ros/humble/share/rosidl_adapter/cmake)
[1.269s] -- Using all available rosidl_typesupport_cpp: rosidl_typesupport_fastrtps_cpp;rosidl_typesupport_introspection_cpp
[1.345s] [31mCMake Error at /opt/ros/humble/share/rosidl_cmake/cmake/rosidl_generate_interfaces.cmake:64 (message):
[1.345s]   rosidl_generate_interfaces() must be called before ament_package()
[1.345s] Call Stack (most recent call first):
[1.345s]   CMakeLists.txt:29 (rosidl_generate_interfaces)
[1.345s] 
[1.345s] [0m
[1.346s] -- Configuring incomplete, errors occurred!
[1.346s] See also "/home/jasurbek/ros2_ws/build/action_tutorials_interfaces/CMakeFiles/CMakeOutput.log".
[1.354s] Invoked command in '/home/jasurbek/ros2_ws/build/action_tutorials_interfaces' returned '1': CMAKE_PREFIX_PATH=/opt/ros/humble /usr/bin/cmake /home/jasurbek/ros2_ws/src/action_tutorials_interfaces -DCMAKE_INSTALL_PREFIX=/home/jasurbek/ros2_ws/install/action_tutorials_interfaces
