[0.040s] Invoking command in '/home/jasurbek/ros2_ws/src/build/turtlesim': CMAKE_PREFIX_PATH=${CMAKE_PREFIX_PATH}:/home/jasurbek/ros2_ws/install/launch_testing_examples:/home/jasurbek/ros2_ws/install/examples_rclpy_pointcloud_publisher:/home/jasurbek/ros2_ws/install/examples_rclpy_minimal_subscriber:/home/jasurbek/ros2_ws/install/examples_rclpy_minimal_service:/home/jasurbek/ros2_ws/install/examples_rclpy_minimal_publisher:/home/jasurbek/ros2_ws/install/examples_rclpy_minimal_client:/home/jasurbek/ros2_ws/install/examples_rclpy_minimal_action_server:/home/jasurbek/ros2_ws/install/examples_rclpy_minimal_action_client:/home/jasurbek/ros2_ws/install/examples_rclpy_guard_conditions:/home/jasurbek/ros2_ws/install/examples_rclpy_executors:/opt/ros/rolling:/opt/ros/humble /usr/bin/cmake --build /home/jasurbek/ros2_ws/src/build/turtlesim -- -j2 -l2
[0.157s] [35m[1mConsolidate compiler generated dependencies of target turtlesim__rosidl_generator_c[0m
[0.172s] [  1%] Built target turtlesim__cpp
[0.214s] [ 11%] Built target turtlesim__rosidl_generator_c
[0.256s] [ 11%] Built target ament_cmake_python_copy_turtlesim
[0.266s] [35m[1mConsolidate compiler generated dependencies of target turtlesim__rosidl_typesupport_cpp[0m
[0.284s] [35m[1mConsolidate compiler generated dependencies of target turtlesim__rosidl_typesupport_fastrtps_c[0m
[0.342s] [ 21%] Built target turtlesim__rosidl_typesupport_fastrtps_c
[0.347s] [ 31%] Built target turtlesim__rosidl_typesupport_cpp
[0.367s] [35m[1mConsolidate compiler generated dependencies of target turtlesim__rosidl_typesupport_fastrtps_cpp[0m
[0.393s] [35m[1mConsolidate compiler generated dependencies of target turtlesim__rosidl_typesupport_introspection_c[0m
[0.424s] [ 41%] Built target turtlesim__rosidl_typesupport_fastrtps_cpp
[0.447s] [ 51%] Built target turtlesim__rosidl_typesupport_introspection_c
[0.465s] [35m[1mConsolidate compiler generated dependencies of target turtlesim__rosidl_typesupport_c[0m
[0.473s] [35m[1mConsolidate compiler generated dependencies of target turtlesim__rosidl_typesupport_introspection_cpp[0m
[0.525s] [ 61%] Built target turtlesim__rosidl_typesupport_c
[0.537s] [ 71%] Built target turtlesim__rosidl_typesupport_introspection_cpp
[0.604s] [35m[1mConsolidate compiler generated dependencies of target turtlesim_node[0m
[0.756s] [ 77%] Built target turtlesim_node
[0.823s] [35m[1mConsolidate compiler generated dependencies of target turtle_teleop_key[0m
[0.924s] [ 79%] Built target turtle_teleop_key
[0.985s] [35m[1mConsolidate compiler generated dependencies of target draw_square[0m
[1.077s] [ 81%] Built target draw_square
[1.129s] [35m[1mConsolidate compiler generated dependencies of target mimic[0m
[1.175s] [ 83%] Built target mimic
[1.223s] [ 83%] Built target turtlesim
[1.255s] [ 84%] Built target turtlesim__py
[1.275s] [35m[1mConsolidate compiler generated dependencies of target turtlesim__rosidl_generator_py[0m
[1.312s] [ 93%] Built target turtlesim__rosidl_generator_py
[1.336s] [35m[1mConsolidate compiler generated dependencies of target turtlesim__rosidl_typesupport_fastrtps_c__pyext[0m
[1.363s] running egg_info
[1.365s] writing turtlesim.egg-info/PKG-INFO
[1.366s] writing dependency_links to turtlesim.egg-info/dependency_links.txt
[1.367s] writing top-level names to turtlesim.egg-info/top_level.txt
[1.369s] [ 95%] Built target turtlesim__rosidl_typesupport_fastrtps_c__pyext
[1.373s] reading manifest file 'turtlesim.egg-info/SOURCES.txt'
[1.374s] writing manifest file 'turtlesim.egg-info/SOURCES.txt'
[1.394s] [35m[1mConsolidate compiler generated dependencies of target turtlesim__rosidl_typesupport_introspection_c__pyext[0m
[1.422s] [ 97%] Built target turtlesim__rosidl_typesupport_introspection_c__pyext
[1.429s] [ 97%] Built target ament_cmake_python_build_turtlesim_egg
[1.438s] [35m[1mConsolidate compiler generated dependencies of target turtlesim__rosidl_typesupport_c__pyext[0m
[1.457s] [100%] Built target turtlesim__rosidl_typesupport_c__pyext
[1.474s] Invoked command in '/home/jasurbek/ros2_ws/src/build/turtlesim' returned '0': CMAKE_PREFIX_PATH=${CMAKE_PREFIX_PATH}:/home/jasurbek/ros2_ws/install/launch_testing_examples:/home/jasurbek/ros2_ws/install/examples_rclpy_pointcloud_publisher:/home/jasurbek/ros2_ws/install/examples_rclpy_minimal_subscriber:/home/jasurbek/ros2_ws/install/examples_rclpy_minimal_service:/home/jasurbek/ros2_ws/install/examples_rclpy_minimal_publisher:/home/jasurbek/ros2_ws/install/examples_rclpy_minimal_client:/home/jasurbek/ros2_ws/install/examples_rclpy_minimal_action_server:/home/jasurbek/ros2_ws/install/examples_rclpy_minimal_action_client:/home/jasurbek/ros2_ws/install/examples_rclpy_guard_conditions:/home/jasurbek/ros2_ws/install/examples_rclpy_executors:/opt/ros/rolling:/opt/ros/humble /usr/bin/cmake --build /home/jasurbek/ros2_ws/src/build/turtlesim -- -j2 -l2
[1.830s] Invoking command in '/home/jasurbek/ros2_ws/src/build/turtlesim': CMAKE_PREFIX_PATH=${CMAKE_PREFIX_PATH}:/home/jasurbek/ros2_ws/install/launch_testing_examples:/home/jasurbek/ros2_ws/install/examples_rclpy_pointcloud_publisher:/home/jasurbek/ros2_ws/install/examples_rclpy_minimal_subscriber:/home/jasurbek/ros2_ws/install/examples_rclpy_minimal_service:/home/jasurbek/ros2_ws/install/examples_rclpy_minimal_publisher:/home/jasurbek/ros2_ws/install/examples_rclpy_minimal_client:/home/jasurbek/ros2_ws/install/examples_rclpy_minimal_action_server:/home/jasurbek/ros2_ws/install/examples_rclpy_minimal_action_client:/home/jasurbek/ros2_ws/install/examples_rclpy_guard_conditions:/home/jasurbek/ros2_ws/install/examples_rclpy_executors:/opt/ros/rolling:/opt/ros/humble /usr/bin/cmake --install /home/jasurbek/ros2_ws/src/build/turtlesim
[1.843s] -- Install configuration: ""
[1.845s] -- Up-to-date: /home/jasurbek/ros2_ws/src/install/turtlesim/share/ament_index/resource_index/rosidl_interfaces/turtlesim
[1.845s] -- Up-to-date: /home/jasurbek/ros2_ws/src/install/turtlesim/include/turtlesim/turtlesim
[1.847s] -- Up-to-date: /home/jasurbek/ros2_ws/src/install/turtlesim/include/turtlesim/turtlesim/msg
[1.848s] -- Up-to-date: /home/jasurbek/ros2_ws/src/install/turtlesim/include/turtlesim/turtlesim/msg/color.h
[1.848s] -- Up-to-date: /home/jasurbek/ros2_ws/src/install/turtlesim/include/turtlesim/turtlesim/msg/pose.h
[1.849s] -- Up-to-date: /home/jasurbek/ros2_ws/src/install/turtlesim/include/turtlesim/turtlesim/msg/detail
[1.849s] -- Up-to-date: /home/jasurbek/ros2_ws/src/install/turtlesim/include/turtlesim/turtlesim/msg/detail/pose__struct.h
[1.849s] -- Up-to-date: /home/jasurbek/ros2_ws/src/install/turtlesim/include/turtlesim/turtlesim/msg/detail/color__type_support.h
[1.850s] -- Up-to-date: /home/jasurbek/ros2_ws/src/install/turtlesim/include/turtlesim/turtlesim/msg/detail/color__functions.h
[1.851s] -- Up-to-date: /home/jasurbek/ros2_ws/src/install/turtlesim/include/turtlesim/turtlesim/msg/detail/pose__type_support.h
[1.851s] -- Up-to-date: /home/jasurbek/ros2_ws/src/install/turtlesim/include/turtlesim/turtlesim/msg/detail/color__struct.h
[1.851s] -- Up-to-date: /home/jasurbek/ros2_ws/src/install/turtlesim/include/turtlesim/turtlesim/msg/detail/color__functions.c
[1.852s] -- Up-to-date: /home/jasurbek/ros2_ws/src/install/turtlesim/include/turtlesim/turtlesim/msg/detail/pose__functions.h
[1.854s] -- Up-to-date: /home/jasurbek/ros2_ws/src/install/turtlesim/include/turtlesim/turtlesim/msg/detail/pose__functions.c
[1.855s] -- Up-to-date: /home/jasurbek/ros2_ws/src/install/turtlesim/include/turtlesim/turtlesim/msg/rosidl_generator_c__visibility_control.h
[1.856s] -- Up-to-date: /home/jasurbek/ros2_ws/src/install/turtlesim/include/turtlesim/turtlesim/srv
[1.857s] -- Up-to-date: /home/jasurbek/ros2_ws/src/install/turtlesim/include/turtlesim/turtlesim/srv/teleport_relative.h
[1.857s] -- Up-to-date: /home/jasurbek/ros2_ws/src/install/turtlesim/include/turtlesim/turtlesim/srv/teleport_absolute.h
[1.858s] -- Up-to-date: /home/jasurbek/ros2_ws/src/install/turtlesim/include/turtlesim/turtlesim/srv/spawn.h
[1.858s] -- Up-to-date: /home/jasurbek/ros2_ws/src/install/turtlesim/include/turtlesim/turtlesim/srv/detail
[1.860s] -- Up-to-date: /home/jasurbek/ros2_ws/src/install/turtlesim/include/turtlesim/turtlesim/srv/detail/set_pen__type_support.h
[1.860s] -- Up-to-date: /home/jasurbek/ros2_ws/src/install/turtlesim/include/turtlesim/turtlesim/srv/detail/teleport_relative__functions.h
[1.861s] -- Up-to-date: /home/jasurbek/ros2_ws/src/install/turtlesim/include/turtlesim/turtlesim/srv/detail/set_pen__functions.h
[1.861s] -- Up-to-date: /home/jasurbek/ros2_ws/src/install/turtlesim/include/turtlesim/turtlesim/srv/detail/teleport_absolute__struct.h
[1.862s] -- Up-to-date: /home/jasurbek/ros2_ws/src/install/turtlesim/include/turtlesim/turtlesim/srv/detail/spawn__type_support.h
[1.863s] -- Up-to-date: /home/jasurbek/ros2_ws/src/install/turtlesim/include/turtlesim/turtlesim/srv/detail/kill__struct.h
[1.864s] -- Up-to-date: /home/jasurbek/ros2_ws/src/install/turtlesim/include/turtlesim/turtlesim/srv/detail/set_pen__struct.h
[1.864s] -- Up-to-date: /home/jasurbek/ros2_ws/src/install/turtlesim/include/turtlesim/turtlesim/srv/detail/kill__functions.h
[1.864s] -- Up-to-date: /home/jasurbek/ros2_ws/src/install/turtlesim/include/turtlesim/turtlesim/srv/detail/set_pen__functions.c
[1.865s] -- Up-to-date: /home/jasurbek/ros2_ws/src/install/turtlesim/include/turtlesim/turtlesim/srv/detail/teleport_absolute__functions.h
[1.865s] -- Up-to-date: /home/jasurbek/ros2_ws/src/install/turtlesim/include/turtlesim/turtlesim/srv/detail/kill__type_support.h
[1.866s] -- Up-to-date: /home/jasurbek/ros2_ws/src/install/turtlesim/include/turtlesim/turtlesim/srv/detail/teleport_absolute__type_support.h
[1.866s] -- Up-to-date: /home/jasurbek/ros2_ws/src/install/turtlesim/include/turtlesim/turtlesim/srv/detail/spawn__struct.h
[1.866s] -- Up-to-date: /home/jasurbek/ros2_ws/src/install/turtlesim/include/turtlesim/turtlesim/srv/detail/teleport_absolute__functions.c
[1.867s] -- Up-to-date: /home/jasurbek/ros2_ws/src/install/turtlesim/include/turtlesim/turtlesim/srv/detail/teleport_relative__type_support.h
[1.869s] -- Up-to-date: /home/jasurbek/ros2_ws/src/install/turtlesim/include/turtlesim/turtlesim/srv/detail/teleport_relative__functions.c
[1.869s] -- Up-to-date: /home/jasurbek/ros2_ws/src/install/turtlesim/include/turtlesim/turtlesim/srv/detail/spawn__functions.c
[1.870s] -- Up-to-date: /home/jasurbek/ros2_ws/src/install/turtlesim/include/turtlesim/turtlesim/srv/detail/kill__functions.c
[1.870s] -- Up-to-date: /home/jasurbek/ros2_ws/src/install/turtlesim/include/turtlesim/turtlesim/srv/detail/spawn__functions.h
[1.870s] -- Up-to-date: /home/jasurbek/ros2_ws/src/install/turtlesim/include/turtlesim/turtlesim/srv/detail/teleport_relative__struct.h
[1.870s] -- Up-to-date: /home/jasurbek/ros2_ws/src/install/turtlesim/include/turtlesim/turtlesim/srv/kill.h
[1.870s] -- Up-to-date: /home/jasurbek/ros2_ws/src/install/turtlesim/include/turtlesim/turtlesim/srv/set_pen.h
[1.870s] -- Up-to-date: /home/jasurbek/ros2_ws/src/install/turtlesim/include/turtlesim/turtlesim/action
[1.871s] -- Up-to-date: /home/jasurbek/ros2_ws/src/install/turtlesim/include/turtlesim/turtlesim/action/rotate_absolute.h
[1.871s] -- Up-to-date: /home/jasurbek/ros2_ws/src/install/turtlesim/include/turtlesim/turtlesim/action/detail
[1.871s] -- Up-to-date: /home/jasurbek/ros2_ws/src/install/turtlesim/include/turtlesim/turtlesim/action/detail/rotate_absolute__functions.c
[1.871s] -- Up-to-date: /home/jasurbek/ros2_ws/src/install/turtlesim/include/turtlesim/turtlesim/action/detail/rotate_absolute__struct.h
[1.871s] -- Up-to-date: /home/jasurbek/ros2_ws/src/install/turtlesim/include/turtlesim/turtlesim/action/detail/rotate_absolute__functions.h
[1.871s] -- Up-to-date: /home/jasurbek/ros2_ws/src/install/turtlesim/include/turtlesim/turtlesim/action/detail/rotate_absolute__type_support.h
[1.872s] -- Up-to-date: /home/jasurbek/ros2_ws/src/install/turtlesim/share/turtlesim/environment/library_path.sh
[1.872s] -- Up-to-date: /home/jasurbek/ros2_ws/src/install/turtlesim/share/turtlesim/environment/library_path.dsv
[1.872s] -- Up-to-date: /home/jasurbek/ros2_ws/src/install/turtlesim/lib/libturtlesim__rosidl_generator_c.so
[1.872s] -- Up-to-date: /home/jasurbek/ros2_ws/src/install/turtlesim/include/turtlesim/turtlesim
[1.872s] -- Up-to-date: /home/jasurbek/ros2_ws/src/install/turtlesim/include/turtlesim/turtlesim/msg
[1.873s] -- Up-to-date: /home/jasurbek/ros2_ws/src/install/turtlesim/include/turtlesim/turtlesim/msg/rosidl_typesupport_fastrtps_c__visibility_control.h
[1.873s] -- Up-to-date: /home/jasurbek/ros2_ws/src/install/turtlesim/include/turtlesim/turtlesim/msg/detail
[1.873s] -- Up-to-date: /home/jasurbek/ros2_ws/src/install/turtlesim/include/turtlesim/turtlesim/msg/detail/color__rosidl_typesupport_fastrtps_c.h
[1.873s] -- Up-to-date: /home/jasurbek/ros2_ws/src/install/turtlesim/include/turtlesim/turtlesim/msg/detail/pose__rosidl_typesupport_fastrtps_c.h
[1.873s] -- Up-to-date: /home/jasurbek/ros2_ws/src/install/turtlesim/include/turtlesim/turtlesim/srv
[1.873s] -- Up-to-date: /home/jasurbek/ros2_ws/src/install/turtlesim/include/turtlesim/turtlesim/srv/detail
[1.874s] -- Up-to-date: /home/jasurbek/ros2_ws/src/install/turtlesim/include/turtlesim/turtlesim/srv/detail/set_pen__rosidl_typesupport_fastrtps_c.h
[1.874s] -- Up-to-date: /home/jasurbek/ros2_ws/src/install/turtlesim/include/turtlesim/turtlesim/srv/detail/teleport_relative__rosidl_typesupport_fastrtps_c.h
[1.874s] -- Up-to-date: /home/jasurbek/ros2_ws/src/install/turtlesim/include/turtlesim/turtlesim/srv/detail/teleport_absolute__rosidl_typesupport_fastrtps_c.h
[1.874s] -- Up-to-date: /home/jasurbek/ros2_ws/src/install/turtlesim/include/turtlesim/turtlesim/srv/detail/kill__rosidl_typesupport_fastrtps_c.h
[1.874s] -- Up-to-date: /home/jasurbek/ros2_ws/src/install/turtlesim/include/turtlesim/turtlesim/srv/detail/spawn__rosidl_typesupport_fastrtps_c.h
[1.875s] -- Up-to-date: /home/jasurbek/ros2_ws/src/install/turtlesim/include/turtlesim/turtlesim/action
[1.875s] -- Up-to-date: /home/jasurbek/ros2_ws/src/install/turtlesim/include/turtlesim/turtlesim/action/detail
[1.875s] -- Up-to-date: /home/jasurbek/ros2_ws/src/install/turtlesim/include/turtlesim/turtlesim/action/detail/rotate_absolute__rosidl_typesupport_fastrtps_c.h
[1.875s] -- Up-to-date: /home/jasurbek/ros2_ws/src/install/turtlesim/lib/libturtlesim__rosidl_typesupport_fastrtps_c.so
[1.876s] -- Up-to-date: /home/jasurbek/ros2_ws/src/install/turtlesim/include/turtlesim/turtlesim
[1.876s] -- Up-to-date: /home/jasurbek/ros2_ws/src/install/turtlesim/include/turtlesim/turtlesim/msg
[1.876s] -- Up-to-date: /home/jasurbek/ros2_ws/src/install/turtlesim/include/turtlesim/turtlesim/msg/color.hpp
[1.876s] -- Up-to-date: /home/jasurbek/ros2_ws/src/install/turtlesim/include/turtlesim/turtlesim/msg/pose.hpp
[1.876s] -- Up-to-date: /home/jasurbek/ros2_ws/src/install/turtlesim/include/turtlesim/turtlesim/msg/detail
[1.876s] -- Up-to-date: /home/jasurbek/ros2_ws/src/install/turtlesim/include/turtlesim/turtlesim/msg/detail/color__traits.hpp
[1.877s] -- Up-to-date: /home/jasurbek/ros2_ws/src/install/turtlesim/include/turtlesim/turtlesim/msg/detail/color__builder.hpp
[1.877s] -- Up-to-date: /home/jasurbek/ros2_ws/src/install/turtlesim/include/turtlesim/turtlesim/msg/detail/pose__traits.hpp
[1.877s] -- Up-to-date: /home/jasurbek/ros2_ws/src/install/turtlesim/include/turtlesim/turtlesim/msg/detail/color__struct.hpp
[1.877s] -- Up-to-date: /home/jasurbek/ros2_ws/src/install/turtlesim/include/turtlesim/turtlesim/msg/detail/pose__struct.hpp
[1.877s] -- Up-to-date: /home/jasurbek/ros2_ws/src/install/turtlesim/include/turtlesim/turtlesim/msg/detail/pose__builder.hpp
[1.878s] -- Up-to-date: /home/jasurbek/ros2_ws/src/install/turtlesim/include/turtlesim/turtlesim/srv
[1.878s] -- Up-to-date: /home/jasurbek/ros2_ws/src/install/turtlesim/include/turtlesim/turtlesim/srv/teleport_relative.hpp
[1.878s] -- Up-to-date: /home/jasurbek/ros2_ws/src/install/turtlesim/include/turtlesim/turtlesim/srv/kill.hpp
[1.878s] -- Up-to-date: /home/jasurbek/ros2_ws/src/install/turtlesim/include/turtlesim/turtlesim/srv/set_pen.hpp
[1.878s] -- Up-to-date: /home/jasurbek/ros2_ws/src/install/turtlesim/include/turtlesim/turtlesim/srv/teleport_absolute.hpp
[1.879s] -- Up-to-date: /home/jasurbek/ros2_ws/src/install/turtlesim/include/turtlesim/turtlesim/srv/spawn.hpp
[1.879s] -- Up-to-date: /home/jasurbek/ros2_ws/src/install/turtlesim/include/turtlesim/turtlesim/srv/detail
[1.879s] -- Up-to-date: /home/jasurbek/ros2_ws/src/install/turtlesim/include/turtlesim/turtlesim/srv/detail/kill__builder.hpp
[1.879s] -- Up-to-date: /home/jasurbek/ros2_ws/src/install/turtlesim/include/turtlesim/turtlesim/srv/detail/set_pen__traits.hpp
[1.879s] -- Up-to-date: /home/jasurbek/ros2_ws/src/install/turtlesim/include/turtlesim/turtlesim/srv/detail/kill__struct.hpp
[1.880s] -- Up-to-date: /home/jasurbek/ros2_ws/src/install/turtlesim/include/turtlesim/turtlesim/srv/detail/teleport_relative__builder.hpp
[1.880s] -- Up-to-date: /home/jasurbek/ros2_ws/src/install/turtlesim/include/turtlesim/turtlesim/srv/detail/kill__traits.hpp
[1.880s] -- Up-to-date: /home/jasurbek/ros2_ws/src/install/turtlesim/include/turtlesim/turtlesim/srv/detail/teleport_absolute__builder.hpp
[1.880s] -- Up-to-date: /home/jasurbek/ros2_ws/src/install/turtlesim/include/turtlesim/turtlesim/srv/detail/teleport_absolute__traits.hpp
[1.880s] -- Up-to-date: /home/jasurbek/ros2_ws/src/install/turtlesim/include/turtlesim/turtlesim/srv/detail/set_pen__struct.hpp
[1.880s] -- Up-to-date: /home/jasurbek/ros2_ws/src/install/turtlesim/include/turtlesim/turtlesim/srv/detail/spawn__struct.hpp
[1.881s] -- Up-to-date: /home/jasurbek/ros2_ws/src/install/turtlesim/include/turtlesim/turtlesim/srv/detail/teleport_relative__traits.hpp
[1.881s] -- Up-to-date: /home/jasurbek/ros2_ws/src/install/turtlesim/include/turtlesim/turtlesim/srv/detail/teleport_relative__struct.hpp
[1.881s] -- Up-to-date: /home/jasurbek/ros2_ws/src/install/turtlesim/include/turtlesim/turtlesim/srv/detail/spawn__builder.hpp
[1.881s] -- Up-to-date: /home/jasurbek/ros2_ws/src/install/turtlesim/include/turtlesim/turtlesim/srv/detail/spawn__traits.hpp
[1.881s] -- Up-to-date: /home/jasurbek/ros2_ws/src/install/turtlesim/include/turtlesim/turtlesim/srv/detail/teleport_absolute__struct.hpp
[1.882s] -- Up-to-date: /home/jasurbek/ros2_ws/src/install/turtlesim/include/turtlesim/turtlesim/srv/detail/set_pen__builder.hpp
[1.882s] -- Up-to-date: /home/jasurbek/ros2_ws/src/install/turtlesim/include/turtlesim/turtlesim/action
[1.882s] -- Up-to-date: /home/jasurbek/ros2_ws/src/install/turtlesim/include/turtlesim/turtlesim/action/detail
[1.882s] -- Up-to-date: /home/jasurbek/ros2_ws/src/install/turtlesim/include/turtlesim/turtlesim/action/detail/rotate_absolute__builder.hpp
[1.882s] -- Up-to-date: /home/jasurbek/ros2_ws/src/install/turtlesim/include/turtlesim/turtlesim/action/detail/rotate_absolute__struct.hpp
[1.882s] -- Up-to-date: /home/jasurbek/ros2_ws/src/install/turtlesim/include/turtlesim/turtlesim/action/detail/rotate_absolute__traits.hpp
[1.883s] -- Up-to-date: /home/jasurbek/ros2_ws/src/install/turtlesim/include/turtlesim/turtlesim/action/rotate_absolute.hpp
[1.883s] -- Up-to-date: /home/jasurbek/ros2_ws/src/install/turtlesim/include/turtlesim/turtlesim
[1.883s] -- Up-to-date: /home/jasurbek/ros2_ws/src/install/turtlesim/include/turtlesim/turtlesim/msg
[1.883s] -- Up-to-date: /home/jasurbek/ros2_ws/src/install/turtlesim/include/turtlesim/turtlesim/msg/rosidl_typesupport_fastrtps_cpp__visibility_control.h
[1.883s] -- Up-to-date: /home/jasurbek/ros2_ws/src/install/turtlesim/include/turtlesim/turtlesim/msg/detail
[1.883s] -- Up-to-date: /home/jasurbek/ros2_ws/src/install/turtlesim/include/turtlesim/turtlesim/msg/detail/dds_fastrtps
[1.884s] -- Up-to-date: /home/jasurbek/ros2_ws/src/install/turtlesim/include/turtlesim/turtlesim/msg/detail/pose__rosidl_typesupport_fastrtps_cpp.hpp
[1.884s] -- Up-to-date: /home/jasurbek/ros2_ws/src/install/turtlesim/include/turtlesim/turtlesim/msg/detail/color__rosidl_typesupport_fastrtps_cpp.hpp
[1.884s] -- Up-to-date: /home/jasurbek/ros2_ws/src/install/turtlesim/include/turtlesim/turtlesim/srv
[1.884s] -- Up-to-date: /home/jasurbek/ros2_ws/src/install/turtlesim/include/turtlesim/turtlesim/srv/detail
[1.884s] -- Up-to-date: /home/jasurbek/ros2_ws/src/install/turtlesim/include/turtlesim/turtlesim/srv/detail/spawn__rosidl_typesupport_fastrtps_cpp.hpp
[1.884s] -- Up-to-date: /home/jasurbek/ros2_ws/src/install/turtlesim/include/turtlesim/turtlesim/srv/detail/kill__rosidl_typesupport_fastrtps_cpp.hpp
[1.885s] -- Up-to-date: /home/jasurbek/ros2_ws/src/install/turtlesim/include/turtlesim/turtlesim/srv/detail/dds_fastrtps
[1.885s] -- Up-to-date: /home/jasurbek/ros2_ws/src/install/turtlesim/include/turtlesim/turtlesim/srv/detail/teleport_relative__rosidl_typesupport_fastrtps_cpp.hpp
[1.885s] -- Up-to-date: /home/jasurbek/ros2_ws/src/install/turtlesim/include/turtlesim/turtlesim/srv/detail/teleport_absolute__rosidl_typesupport_fastrtps_cpp.hpp
[1.885s] -- Up-to-date: /home/jasurbek/ros2_ws/src/install/turtlesim/include/turtlesim/turtlesim/srv/detail/set_pen__rosidl_typesupport_fastrtps_cpp.hpp
[1.885s] -- Up-to-date: /home/jasurbek/ros2_ws/src/install/turtlesim/include/turtlesim/turtlesim/action
[1.886s] -- Up-to-date: /home/jasurbek/ros2_ws/src/install/turtlesim/include/turtlesim/turtlesim/action/detail
[1.886s] -- Up-to-date: /home/jasurbek/ros2_ws/src/install/turtlesim/include/turtlesim/turtlesim/action/detail/dds_fastrtps
[1.886s] -- Up-to-date: /home/jasurbek/ros2_ws/src/install/turtlesim/include/turtlesim/turtlesim/action/detail/rotate_absolute__rosidl_typesupport_fastrtps_cpp.hpp
[1.886s] -- Up-to-date: /home/jasurbek/ros2_ws/src/install/turtlesim/lib/libturtlesim__rosidl_typesupport_fastrtps_cpp.so
[1.886s] -- Up-to-date: /home/jasurbek/ros2_ws/src/install/turtlesim/include/turtlesim/turtlesim
[1.886s] -- Up-to-date: /home/jasurbek/ros2_ws/src/install/turtlesim/include/turtlesim/turtlesim/msg
[1.887s] -- Up-to-date: /home/jasurbek/ros2_ws/src/install/turtlesim/include/turtlesim/turtlesim/msg/rosidl_typesupport_introspection_c__visibility_control.h
[1.887s] -- Up-to-date: /home/jasurbek/ros2_ws/src/install/turtlesim/include/turtlesim/turtlesim/msg/detail
[1.887s] -- Up-to-date: /home/jasurbek/ros2_ws/src/install/turtlesim/include/turtlesim/turtlesim/msg/detail/pose__rosidl_typesupport_introspection_c.h
[1.887s] -- Up-to-date: /home/jasurbek/ros2_ws/src/install/turtlesim/include/turtlesim/turtlesim/msg/detail/pose__type_support.c
[1.887s] -- Up-to-date: /home/jasurbek/ros2_ws/src/install/turtlesim/include/turtlesim/turtlesim/msg/detail/color__type_support.c
[1.888s] -- Up-to-date: /home/jasurbek/ros2_ws/src/install/turtlesim/include/turtlesim/turtlesim/msg/detail/color__rosidl_typesupport_introspection_c.h
[1.888s] -- Up-to-date: /home/jasurbek/ros2_ws/src/install/turtlesim/include/turtlesim/turtlesim/srv
[1.888s] -- Up-to-date: /home/jasurbek/ros2_ws/src/install/turtlesim/include/turtlesim/turtlesim/srv/detail
[1.888s] -- Up-to-date: /home/jasurbek/ros2_ws/src/install/turtlesim/include/turtlesim/turtlesim/srv/detail/spawn__rosidl_typesupport_introspection_c.h
[1.888s] -- Up-to-date: /home/jasurbek/ros2_ws/src/install/turtlesim/include/turtlesim/turtlesim/srv/detail/set_pen__type_support.c
[1.888s] -- Up-to-date: /home/jasurbek/ros2_ws/src/install/turtlesim/include/turtlesim/turtlesim/srv/detail/teleport_relative__type_support.c
[1.889s] -- Up-to-date: /home/jasurbek/ros2_ws/src/install/turtlesim/include/turtlesim/turtlesim/srv/detail/spawn__type_support.c
[1.889s] -- Up-to-date: /home/jasurbek/ros2_ws/src/install/turtlesim/include/turtlesim/turtlesim/srv/detail/kill__rosidl_typesupport_introspection_c.h
[1.889s] -- Up-to-date: /home/jasurbek/ros2_ws/src/install/turtlesim/include/turtlesim/turtlesim/srv/detail/teleport_relative__rosidl_typesupport_introspection_c.h
[1.889s] -- Up-to-date: /home/jasurbek/ros2_ws/src/install/turtlesim/include/turtlesim/turtlesim/srv/detail/teleport_absolute__type_support.c
[1.889s] -- Up-to-date: /home/jasurbek/ros2_ws/src/install/turtlesim/include/turtlesim/turtlesim/srv/detail/teleport_absolute__rosidl_typesupport_introspection_c.h
[1.889s] -- Up-to-date: /home/jasurbek/ros2_ws/src/install/turtlesim/include/turtlesim/turtlesim/srv/detail/set_pen__rosidl_typesupport_introspection_c.h
[1.890s] -- Up-to-date: /home/jasurbek/ros2_ws/src/install/turtlesim/include/turtlesim/turtlesim/srv/detail/kill__type_support.c
[1.890s] -- Up-to-date: /home/jasurbek/ros2_ws/src/install/turtlesim/include/turtlesim/turtlesim/action
[1.890s] -- Up-to-date: /home/jasurbek/ros2_ws/src/install/turtlesim/include/turtlesim/turtlesim/action/detail
[1.892s] -- Up-to-date: /home/jasurbek/ros2_ws/src/install/turtlesim/include/turtlesim/turtlesim/action/detail/rotate_absolute__type_support.c
[1.892s] -- Up-to-date: /home/jasurbek/ros2_ws/src/install/turtlesim/include/turtlesim/turtlesim/action/detail/rotate_absolute__rosidl_typesupport_introspection_c.h
[1.892s] -- Up-to-date: /home/jasurbek/ros2_ws/src/install/turtlesim/lib/libturtlesim__rosidl_typesupport_introspection_c.so
[1.893s] -- Up-to-date: /home/jasurbek/ros2_ws/src/install/turtlesim/lib/libturtlesim__rosidl_typesupport_c.so
[1.893s] -- Up-to-date: /home/jasurbek/ros2_ws/src/install/turtlesim/include/turtlesim/turtlesim
[1.893s] -- Up-to-date: /home/jasurbek/ros2_ws/src/install/turtlesim/include/turtlesim/turtlesim/msg
[1.893s] -- Up-to-date: /home/jasurbek/ros2_ws/src/install/turtlesim/include/turtlesim/turtlesim/msg/detail
[1.893s] -- Up-to-date: /home/jasurbek/ros2_ws/src/install/turtlesim/include/turtlesim/turtlesim/msg/detail/pose__type_support.cpp
[1.894s] -- Up-to-date: /home/jasurbek/ros2_ws/src/install/turtlesim/include/turtlesim/turtlesim/msg/detail/color__rosidl_typesupport_introspection_cpp.hpp
[1.894s] -- Up-to-date: /home/jasurbek/ros2_ws/src/install/turtlesim/include/turtlesim/turtlesim/msg/detail/color__type_support.cpp
[1.894s] -- Up-to-date: /home/jasurbek/ros2_ws/src/install/turtlesim/include/turtlesim/turtlesim/msg/detail/pose__rosidl_typesupport_introspection_cpp.hpp
[1.894s] -- Up-to-date: /home/jasurbek/ros2_ws/src/install/turtlesim/include/turtlesim/turtlesim/srv
[1.894s] -- Up-to-date: /home/jasurbek/ros2_ws/src/install/turtlesim/include/turtlesim/turtlesim/srv/detail
[1.894s] -- Up-to-date: /home/jasurbek/ros2_ws/src/install/turtlesim/include/turtlesim/turtlesim/srv/detail/kill__type_support.cpp
[1.894s] -- Up-to-date: /home/jasurbek/ros2_ws/src/install/turtlesim/include/turtlesim/turtlesim/srv/detail/teleport_absolute__type_support.cpp
[1.895s] -- Up-to-date: /home/jasurbek/ros2_ws/src/install/turtlesim/include/turtlesim/turtlesim/srv/detail/spawn__type_support.cpp
[1.895s] -- Up-to-date: /home/jasurbek/ros2_ws/src/install/turtlesim/include/turtlesim/turtlesim/srv/detail/set_pen__type_support.cpp
[1.895s] -- Up-to-date: /home/jasurbek/ros2_ws/src/install/turtlesim/include/turtlesim/turtlesim/srv/detail/set_pen__rosidl_typesupport_introspection_cpp.hpp
[1.895s] -- Up-to-date: /home/jasurbek/ros2_ws/src/install/turtlesim/include/turtlesim/turtlesim/srv/detail/teleport_relative__rosidl_typesupport_introspection_cpp.hpp
[1.895s] -- Up-to-date: /home/jasurbek/ros2_ws/src/install/turtlesim/include/turtlesim/turtlesim/srv/detail/kill__rosidl_typesupport_introspection_cpp.hpp
[1.895s] -- Up-to-date: /home/jasurbek/ros2_ws/src/install/turtlesim/include/turtlesim/turtlesim/srv/detail/teleport_absolute__rosidl_typesupport_introspection_cpp.hpp
[1.895s] -- Up-to-date: /home/jasurbek/ros2_ws/src/install/turtlesim/include/turtlesim/turtlesim/srv/detail/spawn__rosidl_typesupport_introspection_cpp.hpp
[1.895s] -- Up-to-date: /home/jasurbek/ros2_ws/src/install/turtlesim/include/turtlesim/turtlesim/srv/detail/teleport_relative__type_support.cpp
[1.895s] -- Up-to-date: /home/jasurbek/ros2_ws/src/install/turtlesim/include/turtlesim/turtlesim/action
[1.896s] -- Up-to-date: /home/jasurbek/ros2_ws/src/install/turtlesim/include/turtlesim/turtlesim/action/detail
[1.896s] -- Up-to-date: /home/jasurbek/ros2_ws/src/install/turtlesim/include/turtlesim/turtlesim/action/detail/rotate_absolute__type_support.cpp
[1.896s] -- Up-to-date: /home/jasurbek/ros2_ws/src/install/turtlesim/include/turtlesim/turtlesim/action/detail/rotate_absolute__rosidl_typesupport_introspection_cpp.hpp
[1.896s] -- Up-to-date: /home/jasurbek/ros2_ws/src/install/turtlesim/lib/libturtlesim__rosidl_typesupport_introspection_cpp.so
[1.896s] -- Up-to-date: /home/jasurbek/ros2_ws/src/install/turtlesim/lib/libturtlesim__rosidl_typesupport_cpp.so
[1.896s] -- Up-to-date: /home/jasurbek/ros2_ws/src/install/turtlesim/share/turtlesim/environment/pythonpath.sh
[1.897s] -- Up-to-date: /home/jasurbek/ros2_ws/src/install/turtlesim/share/turtlesim/environment/pythonpath.dsv
[1.897s] -- Up-to-date: /home/jasurbek/ros2_ws/src/install/turtlesim/local/lib/python3.10/dist-packages/turtlesim-1.5.0-py3.10.egg-info
[1.897s] -- Installing: /home/jasurbek/ros2_ws/src/install/turtlesim/local/lib/python3.10/dist-packages/turtlesim-1.5.0-py3.10.egg-info/dependency_links.txt
[1.897s] -- Installing: /home/jasurbek/ros2_ws/src/install/turtlesim/local/lib/python3.10/dist-packages/turtlesim-1.5.0-py3.10.egg-info/top_level.txt
[1.897s] -- Installing: /home/jasurbek/ros2_ws/src/install/turtlesim/local/lib/python3.10/dist-packages/turtlesim-1.5.0-py3.10.egg-info/SOURCES.txt
[1.898s] -- Installing: /home/jasurbek/ros2_ws/src/install/turtlesim/local/lib/python3.10/dist-packages/turtlesim-1.5.0-py3.10.egg-info/PKG-INFO
[1.898s] -- Up-to-date: /home/jasurbek/ros2_ws/src/install/turtlesim/local/lib/python3.10/dist-packages/turtlesim
[1.898s] -- Up-to-date: /home/jasurbek/ros2_ws/src/install/turtlesim/local/lib/python3.10/dist-packages/turtlesim/turtlesim_s__rosidl_typesupport_fastrtps_c.cpython-310-x86_64-linux-gnu.so
[1.898s] -- Up-to-date: /home/jasurbek/ros2_ws/src/install/turtlesim/local/lib/python3.10/dist-packages/turtlesim/libturtlesim__rosidl_generator_py.so
[1.899s] -- Up-to-date: /home/jasurbek/ros2_ws/src/install/turtlesim/local/lib/python3.10/dist-packages/turtlesim/msg
[1.899s] -- Up-to-date: /home/jasurbek/ros2_ws/src/install/turtlesim/local/lib/python3.10/dist-packages/turtlesim/msg/_color.py
[1.899s] -- Up-to-date: /home/jasurbek/ros2_ws/src/install/turtlesim/local/lib/python3.10/dist-packages/turtlesim/msg/_pose.py
[1.900s] -- Up-to-date: /home/jasurbek/ros2_ws/src/install/turtlesim/local/lib/python3.10/dist-packages/turtlesim/msg/__init__.py
[1.900s] -- Up-to-date: /home/jasurbek/ros2_ws/src/install/turtlesim/local/lib/python3.10/dist-packages/turtlesim/msg/_pose_s.c
[1.900s] -- Up-to-date: /home/jasurbek/ros2_ws/src/install/turtlesim/local/lib/python3.10/dist-packages/turtlesim/msg/_color_s.c
[1.900s] -- Up-to-date: /home/jasurbek/ros2_ws/src/install/turtlesim/local/lib/python3.10/dist-packages/turtlesim/turtlesim_s__rosidl_typesupport_introspection_c.cpython-310-x86_64-linux-gnu.so
[1.900s] -- Up-to-date: /home/jasurbek/ros2_ws/src/install/turtlesim/local/lib/python3.10/dist-packages/turtlesim/turtlesim_s__rosidl_typesupport_c.cpython-310-x86_64-linux-gnu.so
[1.900s] -- Up-to-date: /home/jasurbek/ros2_ws/src/install/turtlesim/local/lib/python3.10/dist-packages/turtlesim/_turtlesim_s.ep.rosidl_typesupport_introspection_c.c
[1.901s] -- Up-to-date: /home/jasurbek/ros2_ws/src/install/turtlesim/local/lib/python3.10/dist-packages/turtlesim/srv
[1.901s] -- Up-to-date: /home/jasurbek/ros2_ws/src/install/turtlesim/local/lib/python3.10/dist-packages/turtlesim/srv/_set_pen.py
[1.901s] -- Up-to-date: /home/jasurbek/ros2_ws/src/install/turtlesim/local/lib/python3.10/dist-packages/turtlesim/srv/_teleport_absolute_s.c
[1.901s] -- Up-to-date: /home/jasurbek/ros2_ws/src/install/turtlesim/local/lib/python3.10/dist-packages/turtlesim/srv/_teleport_relative.py
[1.901s] -- Up-to-date: /home/jasurbek/ros2_ws/src/install/turtlesim/local/lib/python3.10/dist-packages/turtlesim/srv/_kill.py
[1.902s] -- Up-to-date: /home/jasurbek/ros2_ws/src/install/turtlesim/local/lib/python3.10/dist-packages/turtlesim/srv/_kill_s.c
[1.902s] -- Up-to-date: /home/jasurbek/ros2_ws/src/install/turtlesim/local/lib/python3.10/dist-packages/turtlesim/srv/_teleport_relative_s.c
[1.902s] -- Up-to-date: /home/jasurbek/ros2_ws/src/install/turtlesim/local/lib/python3.10/dist-packages/turtlesim/srv/__init__.py
[1.902s] -- Up-to-date: /home/jasurbek/ros2_ws/src/install/turtlesim/local/lib/python3.10/dist-packages/turtlesim/srv/_set_pen_s.c
[1.902s] -- Up-to-date: /home/jasurbek/ros2_ws/src/install/turtlesim/local/lib/python3.10/dist-packages/turtlesim/srv/_spawn_s.c
[1.903s] -- Up-to-date: /home/jasurbek/ros2_ws/src/install/turtlesim/local/lib/python3.10/dist-packages/turtlesim/srv/_teleport_absolute.py
[1.903s] -- Up-to-date: /home/jasurbek/ros2_ws/src/install/turtlesim/local/lib/python3.10/dist-packages/turtlesim/srv/_spawn.py
[1.903s] -- Up-to-date: /home/jasurbek/ros2_ws/src/install/turtlesim/local/lib/python3.10/dist-packages/turtlesim/__init__.py
[1.903s] -- Up-to-date: /home/jasurbek/ros2_ws/src/install/turtlesim/local/lib/python3.10/dist-packages/turtlesim/_turtlesim_s.ep.rosidl_typesupport_c.c
[1.903s] -- Up-to-date: /home/jasurbek/ros2_ws/src/install/turtlesim/local/lib/python3.10/dist-packages/turtlesim/action
[1.904s] -- Up-to-date: /home/jasurbek/ros2_ws/src/install/turtlesim/local/lib/python3.10/dist-packages/turtlesim/action/_rotate_absolute.py
[1.904s] -- Up-to-date: /home/jasurbek/ros2_ws/src/install/turtlesim/local/lib/python3.10/dist-packages/turtlesim/action/__init__.py
[1.904s] -- Up-to-date: /home/jasurbek/ros2_ws/src/install/turtlesim/local/lib/python3.10/dist-packages/turtlesim/action/_rotate_absolute_s.c
[1.904s] -- Up-to-date: /home/jasurbek/ros2_ws/src/install/turtlesim/local/lib/python3.10/dist-packages/turtlesim/_turtlesim_s.ep.rosidl_typesupport_fastrtps_c.c
[1.953s] Listing '/home/jasurbek/ros2_ws/src/install/turtlesim/local/lib/python3.10/dist-packages/turtlesim'...
[1.953s] Listing '/home/jasurbek/ros2_ws/src/install/turtlesim/local/lib/python3.10/dist-packages/turtlesim/action'...
[1.953s] Listing '/home/jasurbek/ros2_ws/src/install/turtlesim/local/lib/python3.10/dist-packages/turtlesim/msg'...
[1.954s] Listing '/home/jasurbek/ros2_ws/src/install/turtlesim/local/lib/python3.10/dist-packages/turtlesim/srv'...
[1.960s] -- Up-to-date: /home/jasurbek/ros2_ws/src/install/turtlesim/local/lib/python3.10/dist-packages/turtlesim/turtlesim_s__rosidl_typesupport_fastrtps_c.cpython-310-x86_64-linux-gnu.so
[1.961s] -- Up-to-date: /home/jasurbek/ros2_ws/src/install/turtlesim/local/lib/python3.10/dist-packages/turtlesim/turtlesim_s__rosidl_typesupport_introspection_c.cpython-310-x86_64-linux-gnu.so
[1.961s] -- Up-to-date: /home/jasurbek/ros2_ws/src/install/turtlesim/local/lib/python3.10/dist-packages/turtlesim/turtlesim_s__rosidl_typesupport_c.cpython-310-x86_64-linux-gnu.so
[1.962s] -- Up-to-date: /home/jasurbek/ros2_ws/src/install/turtlesim/lib/libturtlesim__rosidl_generator_py.so
[1.963s] -- Up-to-date: /home/jasurbek/ros2_ws/src/install/turtlesim/share/turtlesim/action/RotateAbsolute.idl
[1.963s] -- Up-to-date: /home/jasurbek/ros2_ws/src/install/turtlesim/share/turtlesim/msg/Color.idl
[1.965s] -- Up-to-date: /home/jasurbek/ros2_ws/src/install/turtlesim/share/turtlesim/msg/Pose.idl
[1.966s] -- Up-to-date: /home/jasurbek/ros2_ws/src/install/turtlesim/share/turtlesim/srv/Kill.idl
[1.966s] -- Up-to-date: /home/jasurbek/ros2_ws/src/install/turtlesim/share/turtlesim/srv/SetPen.idl
[1.967s] -- Up-to-date: /home/jasurbek/ros2_ws/src/install/turtlesim/share/turtlesim/srv/Spawn.idl
[1.967s] -- Up-to-date: /home/jasurbek/ros2_ws/src/install/turtlesim/share/turtlesim/srv/TeleportAbsolute.idl
[1.967s] -- Up-to-date: /home/jasurbek/ros2_ws/src/install/turtlesim/share/turtlesim/srv/TeleportRelative.idl
[1.967s] -- Up-to-date: /home/jasurbek/ros2_ws/src/install/turtlesim/share/turtlesim/action/RotateAbsolute.action
[1.967s] -- Up-to-date: /home/jasurbek/ros2_ws/src/install/turtlesim/share/turtlesim/msg/Color.msg
[1.968s] -- Up-to-date: /home/jasurbek/ros2_ws/src/install/turtlesim/share/turtlesim/msg/Pose.msg
[1.968s] -- Up-to-date: /home/jasurbek/ros2_ws/src/install/turtlesim/share/turtlesim/srv/Kill.srv
[1.968s] -- Up-to-date: /home/jasurbek/ros2_ws/src/install/turtlesim/share/turtlesim/srv/Kill_Request.msg
[1.968s] -- Up-to-date: /home/jasurbek/ros2_ws/src/install/turtlesim/share/turtlesim/srv/Kill_Response.msg
[1.969s] -- Up-to-date: /home/jasurbek/ros2_ws/src/install/turtlesim/share/turtlesim/srv/SetPen.srv
[1.969s] -- Up-to-date: /home/jasurbek/ros2_ws/src/install/turtlesim/share/turtlesim/srv/SetPen_Request.msg
[1.970s] -- Up-to-date: /home/jasurbek/ros2_ws/src/install/turtlesim/share/turtlesim/srv/SetPen_Response.msg
[1.971s] -- Up-to-date: /home/jasurbek/ros2_ws/src/install/turtlesim/share/turtlesim/srv/Spawn.srv
[1.972s] -- Up-to-date: /home/jasurbek/ros2_ws/src/install/turtlesim/share/turtlesim/srv/Spawn_Request.msg
[1.972s] -- Up-to-date: /home/jasurbek/ros2_ws/src/install/turtlesim/share/turtlesim/srv/Spawn_Response.msg
[1.972s] -- Up-to-date: /home/jasurbek/ros2_ws/src/install/turtlesim/share/turtlesim/srv/TeleportAbsolute.srv
[1.973s] -- Up-to-date: /home/jasurbek/ros2_ws/src/install/turtlesim/share/turtlesim/srv/TeleportAbsolute_Request.msg
[1.973s] -- Up-to-date: /home/jasurbek/ros2_ws/src/install/turtlesim/share/turtlesim/srv/TeleportAbsolute_Response.msg
[1.973s] -- Up-to-date: /home/jasurbek/ros2_ws/src/install/turtlesim/share/turtlesim/srv/TeleportRelative.srv
[1.974s] -- Up-to-date: /home/jasurbek/ros2_ws/src/install/turtlesim/share/turtlesim/srv/TeleportRelative_Request.msg
[1.974s] -- Up-to-date: /home/jasurbek/ros2_ws/src/install/turtlesim/share/turtlesim/srv/TeleportRelative_Response.msg
[1.975s] -- Up-to-date: /home/jasurbek/ros2_ws/src/install/turtlesim/lib/turtlesim/turtlesim_node
[1.976s] -- Up-to-date: /home/jasurbek/ros2_ws/src/install/turtlesim/lib/turtlesim/turtle_teleop_key
[1.976s] -- Up-to-date: /home/jasurbek/ros2_ws/src/install/turtlesim/lib/turtlesim/draw_square
[1.977s] -- Up-to-date: /home/jasurbek/ros2_ws/src/install/turtlesim/lib/turtlesim/mimic
[1.977s] -- Up-to-date: /home/jasurbek/ros2_ws/src/install/turtlesim/share/turtlesim/images
[1.978s] -- Up-to-date: /home/jasurbek/ros2_ws/src/install/turtlesim/share/turtlesim/images/rolling.png
[1.978s] -- Up-to-date: /home/jasurbek/ros2_ws/src/install/turtlesim/share/turtlesim/images/dashing.png
[1.978s] -- Up-to-date: /home/jasurbek/ros2_ws/src/install/turtlesim/share/turtlesim/images/eloquent.png
[1.979s] -- Up-to-date: /home/jasurbek/ros2_ws/src/install/turtlesim/share/turtlesim/images/foxy.png
[1.979s] -- Up-to-date: /home/jasurbek/ros2_ws/src/install/turtlesim/share/turtlesim/images/humble.png
[1.979s] -- Up-to-date: /home/jasurbek/ros2_ws/src/install/turtlesim/share/turtlesim/images/galactic.png
[1.979s] -- Up-to-date: /home/jasurbek/ros2_ws/src/install/turtlesim/share/turtlesim/images/ardent.png
[1.979s] -- Up-to-date: /home/jasurbek/ros2_ws/src/install/turtlesim/share/turtlesim/images/bouncy.png
[1.980s] -- Up-to-date: /home/jasurbek/ros2_ws/src/install/turtlesim/share/turtlesim/images/crystal.png
[1.980s] -- Up-to-date: /home/jasurbek/ros2_ws/src/install/turtlesim/share/turtlesim/launch
[1.980s] -- Up-to-date: /home/jasurbek/ros2_ws/src/install/turtlesim/share/turtlesim/launch/multisim.launch.py
[1.980s] -- Up-to-date: /home/jasurbek/ros2_ws/src/install/turtlesim/share/ament_index/resource_index/package_run_dependencies/turtlesim
[1.980s] -- Up-to-date: /home/jasurbek/ros2_ws/src/install/turtlesim/share/ament_index/resource_index/parent_prefix_path/turtlesim
[1.980s] -- Up-to-date: /home/jasurbek/ros2_ws/src/install/turtlesim/share/turtlesim/environment/ament_prefix_path.sh
[1.980s] -- Up-to-date: /home/jasurbek/ros2_ws/src/install/turtlesim/share/turtlesim/environment/ament_prefix_path.dsv
[1.981s] -- Up-to-date: /home/jasurbek/ros2_ws/src/install/turtlesim/share/turtlesim/environment/path.sh
[1.981s] -- Up-to-date: /home/jasurbek/ros2_ws/src/install/turtlesim/share/turtlesim/environment/path.dsv
[1.981s] -- Up-to-date: /home/jasurbek/ros2_ws/src/install/turtlesim/share/turtlesim/local_setup.bash
[1.981s] -- Up-to-date: /home/jasurbek/ros2_ws/src/install/turtlesim/share/turtlesim/local_setup.sh
[1.982s] -- Up-to-date: /home/jasurbek/ros2_ws/src/install/turtlesim/share/turtlesim/local_setup.zsh
[1.982s] -- Up-to-date: /home/jasurbek/ros2_ws/src/install/turtlesim/share/turtlesim/local_setup.dsv
[1.983s] -- Installing: /home/jasurbek/ros2_ws/src/install/turtlesim/share/turtlesim/package.dsv
[1.983s] -- Up-to-date: /home/jasurbek/ros2_ws/src/install/turtlesim/share/ament_index/resource_index/packages/turtlesim
[1.984s] -- Up-to-date: /home/jasurbek/ros2_ws/src/install/turtlesim/share/turtlesim/cmake/export_turtlesim__rosidl_generator_cExport.cmake
[1.984s] -- Up-to-date: /home/jasurbek/ros2_ws/src/install/turtlesim/share/turtlesim/cmake/export_turtlesim__rosidl_generator_cExport-noconfig.cmake
[1.984s] -- Up-to-date: /home/jasurbek/ros2_ws/src/install/turtlesim/share/turtlesim/cmake/export_turtlesim__rosidl_typesupport_fastrtps_cExport.cmake
[1.990s] -- Up-to-date: /home/jasurbek/ros2_ws/src/install/turtlesim/share/turtlesim/cmake/export_turtlesim__rosidl_typesupport_fastrtps_cExport-noconfig.cmake
[1.990s] -- Up-to-date: /home/jasurbek/ros2_ws/src/install/turtlesim/share/turtlesim/cmake/export_turtlesim__rosidl_generator_cppExport.cmake
[1.990s] -- Up-to-date: /home/jasurbek/ros2_ws/src/install/turtlesim/share/turtlesim/cmake/export_turtlesim__rosidl_typesupport_fastrtps_cppExport.cmake
[1.990s] -- Up-to-date: /home/jasurbek/ros2_ws/src/install/turtlesim/share/turtlesim/cmake/export_turtlesim__rosidl_typesupport_fastrtps_cppExport-noconfig.cmake
[1.991s] -- Up-to-date: /home/jasurbek/ros2_ws/src/install/turtlesim/share/turtlesim/cmake/turtlesim__rosidl_typesupport_introspection_cExport.cmake
[1.991s] -- Up-to-date: /home/jasurbek/ros2_ws/src/install/turtlesim/share/turtlesim/cmake/turtlesim__rosidl_typesupport_introspection_cExport-noconfig.cmake
[1.991s] -- Up-to-date: /home/jasurbek/ros2_ws/src/install/turtlesim/share/turtlesim/cmake/turtlesim__rosidl_typesupport_cExport.cmake
[1.991s] -- Up-to-date: /home/jasurbek/ros2_ws/src/install/turtlesim/share/turtlesim/cmake/turtlesim__rosidl_typesupport_cExport-noconfig.cmake
[1.991s] -- Up-to-date: /home/jasurbek/ros2_ws/src/install/turtlesim/share/turtlesim/cmake/turtlesim__rosidl_typesupport_introspection_cppExport.cmake
[1.992s] -- Up-to-date: /home/jasurbek/ros2_ws/src/install/turtlesim/share/turtlesim/cmake/turtlesim__rosidl_typesupport_introspection_cppExport-noconfig.cmake
[1.992s] -- Up-to-date: /home/jasurbek/ros2_ws/src/install/turtlesim/share/turtlesim/cmake/turtlesim__rosidl_typesupport_cppExport.cmake
[1.993s] -- Up-to-date: /home/jasurbek/ros2_ws/src/install/turtlesim/share/turtlesim/cmake/turtlesim__rosidl_typesupport_cppExport-noconfig.cmake
[1.993s] -- Up-to-date: /home/jasurbek/ros2_ws/src/install/turtlesim/share/turtlesim/cmake/export_turtlesim__rosidl_generator_pyExport.cmake
[1.993s] -- Up-to-date: /home/jasurbek/ros2_ws/src/install/turtlesim/share/turtlesim/cmake/export_turtlesim__rosidl_generator_pyExport-noconfig.cmake
[1.994s] -- Up-to-date: /home/jasurbek/ros2_ws/src/install/turtlesim/share/turtlesim/cmake/rosidl_cmake-extras.cmake
[1.994s] -- Up-to-date: /home/jasurbek/ros2_ws/src/install/turtlesim/share/turtlesim/cmake/ament_cmake_export_dependencies-extras.cmake
[1.995s] -- Up-to-date: /home/jasurbek/ros2_ws/src/install/turtlesim/share/turtlesim/cmake/ament_cmake_export_include_directories-extras.cmake
[1.995s] -- Up-to-date: /home/jasurbek/ros2_ws/src/install/turtlesim/share/turtlesim/cmake/ament_cmake_export_libraries-extras.cmake
[1.995s] -- Up-to-date: /home/jasurbek/ros2_ws/src/install/turtlesim/share/turtlesim/cmake/ament_cmake_export_targets-extras.cmake
[1.996s] -- Up-to-date: /home/jasurbek/ros2_ws/src/install/turtlesim/share/turtlesim/cmake/rosidl_cmake_export_typesupport_targets-extras.cmake
[1.996s] -- Up-to-date: /home/jasurbek/ros2_ws/src/install/turtlesim/share/turtlesim/cmake/rosidl_cmake_export_typesupport_libraries-extras.cmake
[1.996s] -- Up-to-date: /home/jasurbek/ros2_ws/src/install/turtlesim/share/turtlesim/cmake/turtlesimConfig.cmake
[1.997s] -- Up-to-date: /home/jasurbek/ros2_ws/src/install/turtlesim/share/turtlesim/cmake/turtlesimConfig-version.cmake
[1.997s] -- Up-to-date: /home/jasurbek/ros2_ws/src/install/turtlesim/share/turtlesim/package.xml
[1.997s] Invoked command in '/home/jasurbek/ros2_ws/src/build/turtlesim' returned '0': CMAKE_PREFIX_PATH=${CMAKE_PREFIX_PATH}:/home/jasurbek/ros2_ws/install/launch_testing_examples:/home/jasurbek/ros2_ws/install/examples_rclpy_pointcloud_publisher:/home/jasurbek/ros2_ws/install/examples_rclpy_minimal_subscriber:/home/jasurbek/ros2_ws/install/examples_rclpy_minimal_service:/home/jasurbek/ros2_ws/install/examples_rclpy_minimal_publisher:/home/jasurbek/ros2_ws/install/examples_rclpy_minimal_client:/home/jasurbek/ros2_ws/install/examples_rclpy_minimal_action_server:/home/jasurbek/ros2_ws/install/examples_rclpy_minimal_action_client:/home/jasurbek/ros2_ws/install/examples_rclpy_guard_conditions:/home/jasurbek/ros2_ws/install/examples_rclpy_executors:/opt/ros/rolling:/opt/ros/humble /usr/bin/cmake --install /home/jasurbek/ros2_ws/src/build/turtlesim
