[1.398s] Invoking command in '/home/jasurbek/ros2_ws/build/examples_rclpy_minimal_service': PYTHONPATH=/home/jasurbek/ros2_ws/install/examples_rclpy_minimal_service/lib/python3.10/site-packages:${PYTHONPATH} /usr/bin/python3 setup.py develop --prefix /home/jasurbek/ros2_ws/install/examples_rclpy_minimal_service --editable --build-directory /home/jasurbek/ros2_ws/build/examples_rclpy_minimal_service/build --no-deps install_data --install-dir /home/jasurbek/ros2_ws/install/examples_rclpy_minimal_service
[1.888s] running develop
[1.889s] /usr/lib/python3/dist-packages/setuptools/command/easy_install.py:158: EasyInstallDeprecationWarning: easy_install command is deprecated. Use build and pip and other standards-based tools.
[1.889s]   warnings.warn(
[1.893s] /usr/lib/python3/dist-packages/setuptools/command/install.py:34: SetuptoolsDeprecationWarning: setup.py install is deprecated. Use build and pip and other standards-based tools.
[1.893s]   warnings.warn(
[2.015s] /usr/lib/python3/dist-packages/pkg_resources/__init__.py:116: PkgResourcesDeprecationWarning: 1.1build1 is an invalid version and will not be supported in a future release
[2.015s]   warnings.warn(
[2.016s] /usr/lib/python3/dist-packages/pkg_resources/__init__.py:116: PkgResourcesDeprecationWarning: 0.1.43ubuntu1 is an invalid version and will not be supported in a future release
[2.016s]   warnings.warn(
[2.248s] running egg_info
[2.248s] creating examples_rclpy_minimal_service.egg-info
[2.249s] writing examples_rclpy_minimal_service.egg-info/PKG-INFO
[2.250s] writing dependency_links to examples_rclpy_minimal_service.egg-info/dependency_links.txt
[2.250s] writing entry points to examples_rclpy_minimal_service.egg-info/entry_points.txt
[2.250s] writing requirements to examples_rclpy_minimal_service.egg-info/requires.txt
[2.251s] writing top-level names to examples_rclpy_minimal_service.egg-info/top_level.txt
[2.252s] writing manifest file 'examples_rclpy_minimal_service.egg-info/SOURCES.txt'
[2.256s] reading manifest file 'examples_rclpy_minimal_service.egg-info/SOURCES.txt'
[2.257s] writing manifest file 'examples_rclpy_minimal_service.egg-info/SOURCES.txt'
[2.261s] running build_ext
[2.262s] Creating /home/jasurbek/ros2_ws/install/examples_rclpy_minimal_service/lib/python3.10/site-packages/examples-rclpy-minimal-service.egg-link (link to .)
[2.264s] Installing service script to /home/jasurbek/ros2_ws/install/examples_rclpy_minimal_service/lib/examples_rclpy_minimal_service
[2.265s] Installing service_member_function script to /home/jasurbek/ros2_ws/install/examples_rclpy_minimal_service/lib/examples_rclpy_minimal_service
[2.266s] 
[2.266s] Installed /home/jasurbek/ros2_ws/build/examples_rclpy_minimal_service
[2.267s] running install_data
[2.267s] creating /home/jasurbek/ros2_ws/install/examples_rclpy_minimal_service/share/ament_index
[2.267s] creating /home/jasurbek/ros2_ws/install/examples_rclpy_minimal_service/share/ament_index/resource_index
[2.268s] creating /home/jasurbek/ros2_ws/install/examples_rclpy_minimal_service/share/ament_index/resource_index/packages
[2.268s] copying resource/examples_rclpy_minimal_service -> /home/jasurbek/ros2_ws/install/examples_rclpy_minimal_service/share/ament_index/resource_index/packages
[2.269s] copying package.xml -> /home/jasurbek/ros2_ws/install/examples_rclpy_minimal_service/share/examples_rclpy_minimal_service
[2.327s] Invoked command in '/home/jasurbek/ros2_ws/build/examples_rclpy_minimal_service' returned '0': PYTHONPATH=/home/jasurbek/ros2_ws/install/examples_rclpy_minimal_service/lib/python3.10/site-packages:${PYTHONPATH} /usr/bin/python3 setup.py develop --prefix /home/jasurbek/ros2_ws/install/examples_rclpy_minimal_service --editable --build-directory /home/jasurbek/ros2_ws/build/examples_rclpy_minimal_service/build --no-deps install_data --install-dir /home/jasurbek/ros2_ws/install/examples_rclpy_minimal_service
