[0.016s] Invoking command in '/home/jasurbek/ros2_ws/build/examples_rclcpp_wait_set': CMAKE_PREFIX_PATH=/opt/ros/humble /usr/bin/cmake /home/jasurbek/ros2_ws/src/examples/rclcpp/wait_set -DCMAKE_INSTALL_PREFIX=/home/jasurbek/ros2_ws/install/examples_rclcpp_wait_set
[0.034s] -- Found ament_cmake: 1.3.2 (/opt/ros/humble/share/ament_cmake/cmake)
[0.197s] -- Override CMake install command with custom implementation using symlinks instead of copying resources
[0.207s] -- Found example_interfaces: 0.9.3 (/opt/ros/humble/share/example_interfaces/cmake)
[0.239s] -- Found rosidl_generator_c: 3.1.3 (/opt/ros/humble/share/rosidl_generator_c/cmake)
[0.242s] -- Found rosidl_adapter: 3.1.3 (/opt/ros/humble/share/rosidl_adapter/cmake)
[0.251s] -- Found rosidl_generator_cpp: 3.1.3 (/opt/ros/humble/share/rosidl_generator_cpp/cmake)
[0.263s] -- Using all available rosidl_typesupport_c: rosidl_typesupport_fastrtps_c;rosidl_typesupport_introspection_c
[0.285s] -- Using all available rosidl_typesupport_cpp: rosidl_typesupport_fastrtps_cpp;rosidl_typesupport_introspection_cpp
[0.476s] -- Found rclcpp: 16.0.1 (/opt/ros/humble/share/rclcpp/cmake)
[0.540s] -- Found rmw_implementation_cmake: 6.1.0 (/opt/ros/humble/share/rmw_implementation_cmake/cmake)
[0.541s] -- Found rmw_fastrtps_cpp: 6.2.1 (/opt/ros/humble/share/rmw_fastrtps_cpp/cmake)
[0.707s] -- Using RMW implementation 'rmw_fastrtps_cpp' as default
[0.960s] -- Found rclcpp_components: 16.0.1 (/opt/ros/humble/share/rclcpp_components/cmake)
[1.072s] -- Found ament_lint_auto: 0.12.4 (/opt/ros/humble/share/ament_lint_auto/cmake)
[1.159s] -- Added test 'copyright' to check source files copyright and LICENSE
[1.162s] -- Added test 'cppcheck' to perform static code analysis on C / C++ code
[1.163s] -- Configured cppcheck include dirs: /home/jasurbek/ros2_ws/src/examples/rclcpp/wait_set/include
[1.163s] -- Configured cppcheck exclude dirs and/or files: 
[1.165s] -- Added test 'cpplint' to check C / C++ code against the Google style
[1.165s] -- Configured cpplint exclude dirs and/or files: 
[1.166s] -- Added test 'lint_cmake' to check CMake code style
[1.168s] -- Added test 'uncrustify' to check C / C++ code style
[1.168s] -- Configured uncrustify additional arguments: 
[1.168s] -- Added test 'xmllint' to check XML markup files
[1.171s] -- Configuring done
[1.259s] -- Generating done
[1.265s] -- Build files have been written to: /home/jasurbek/ros2_ws/build/examples_rclcpp_wait_set
[1.279s] Invoked command in '/home/jasurbek/ros2_ws/build/examples_rclcpp_wait_set' returned '0': CMAKE_PREFIX_PATH=/opt/ros/humble /usr/bin/cmake /home/jasurbek/ros2_ws/src/examples/rclcpp/wait_set -DCMAKE_INSTALL_PREFIX=/home/jasurbek/ros2_ws/install/examples_rclcpp_wait_set
[1.279s] Invoking command in '/home/jasurbek/ros2_ws/build/examples_rclcpp_wait_set': CMAKE_PREFIX_PATH=/opt/ros/humble /usr/bin/cmake --build /home/jasurbek/ros2_ws/build/examples_rclcpp_wait_set -- -j2 -l2
[1.326s] [35m[1mConsolidate compiler generated dependencies of target talker[0m
[1.347s] [35m[1mConsolidate compiler generated dependencies of target wait_set_talker[0m
[1.363s] [  8%] Built target talker
[1.380s] [35m[1mConsolidate compiler generated dependencies of target listener[0m
[1.389s] [ 16%] Built target wait_set_talker
[1.400s] [ 25%] Built target listener
[1.412s] [35m[1mConsolidate compiler generated dependencies of target wait_set[0m
[1.429s] [35m[1mConsolidate compiler generated dependencies of target wait_set_listener[0m
[1.453s] [ 33%] Built target wait_set
[1.466s] [ 41%] Built target wait_set_listener
[1.478s] [35m[1mConsolidate compiler generated dependencies of target thread_safe_wait_set[0m
[1.487s] [35m[1mConsolidate compiler generated dependencies of target static_wait_set[0m
[1.496s] [ 50%] Built target thread_safe_wait_set
[1.513s] [ 58%] Built target static_wait_set
[1.521s] [35m[1mConsolidate compiler generated dependencies of target wait_set_random_order[0m
[1.528s] [35m[1mConsolidate compiler generated dependencies of target wait_set_topics_and_timer[0m
[1.544s] [ 66%] Built target wait_set_random_order
[1.558s] [35m[1mConsolidate compiler generated dependencies of target executor_random_order[0m
[1.572s] [ 75%] Built target wait_set_topics_and_timer
[1.578s] [ 83%] Built target executor_random_order
[1.592s] [35m[1mConsolidate compiler generated dependencies of target wait_set_composed[0m
[1.607s] [35m[1mConsolidate compiler generated dependencies of target wait_set_topics_with_different_rates[0m
[1.626s] [ 91%] Built target wait_set_topics_with_different_rates
[1.628s] [100%] Built target wait_set_composed
[1.640s] Invoked command in '/home/jasurbek/ros2_ws/build/examples_rclcpp_wait_set' returned '0': CMAKE_PREFIX_PATH=/opt/ros/humble /usr/bin/cmake --build /home/jasurbek/ros2_ws/build/examples_rclcpp_wait_set -- -j2 -l2
[1.700s] Invoking command in '/home/jasurbek/ros2_ws/build/examples_rclcpp_wait_set': CMAKE_PREFIX_PATH=/opt/ros/humble /usr/bin/cmake --install /home/jasurbek/ros2_ws/build/examples_rclcpp_wait_set
[1.710s] -- Install configuration: ""
[1.710s] -- Execute custom install script
[1.712s] -- Up-to-date symlink: /home/jasurbek/ros2_ws/install/examples_rclcpp_wait_set/lib/examples_rclcpp_wait_set/wait_set_talker
[1.713s] -- Up-to-date symlink: /home/jasurbek/ros2_ws/install/examples_rclcpp_wait_set/lib/examples_rclcpp_wait_set/wait_set_listener
[1.714s] -- Up-to-date symlink: /home/jasurbek/ros2_ws/install/examples_rclcpp_wait_set/lib/libtalker.so
[1.714s] -- Up-to-date symlink: /home/jasurbek/ros2_ws/install/examples_rclcpp_wait_set/lib/liblistener.so
[1.715s] -- Up-to-date symlink: /home/jasurbek/ros2_ws/install/examples_rclcpp_wait_set/lib/examples_rclcpp_wait_set/wait_set
[1.716s] -- Up-to-date symlink: /home/jasurbek/ros2_ws/install/examples_rclcpp_wait_set/lib/examples_rclcpp_wait_set/static_wait_set
[1.717s] -- Up-to-date symlink: /home/jasurbek/ros2_ws/install/examples_rclcpp_wait_set/lib/examples_rclcpp_wait_set/thread_safe_wait_set
[1.717s] -- Up-to-date symlink: /home/jasurbek/ros2_ws/install/examples_rclcpp_wait_set/lib/examples_rclcpp_wait_set/wait_set_topics_and_timer
[1.718s] -- Up-to-date symlink: /home/jasurbek/ros2_ws/install/examples_rclcpp_wait_set/lib/examples_rclcpp_wait_set/wait_set_random_order
[1.719s] -- Up-to-date symlink: /home/jasurbek/ros2_ws/install/examples_rclcpp_wait_set/lib/examples_rclcpp_wait_set/executor_random_order
[1.719s] -- Up-to-date symlink: /home/jasurbek/ros2_ws/install/examples_rclcpp_wait_set/lib/examples_rclcpp_wait_set/wait_set_topics_with_different_rates
[1.720s] -- Up-to-date symlink: /home/jasurbek/ros2_ws/install/examples_rclcpp_wait_set/lib/examples_rclcpp_wait_set/wait_set_composed
[1.721s] -- Up-to-date symlink: /home/jasurbek/ros2_ws/install/examples_rclcpp_wait_set/share/ament_index/resource_index/package_run_dependencies/examples_rclcpp_wait_set
[1.721s] -- Up-to-date symlink: /home/jasurbek/ros2_ws/install/examples_rclcpp_wait_set/share/ament_index/resource_index/parent_prefix_path/examples_rclcpp_wait_set
[1.722s] -- Up-to-date symlink: /home/jasurbek/ros2_ws/install/examples_rclcpp_wait_set/share/examples_rclcpp_wait_set/environment/ament_prefix_path.sh
[1.723s] -- Up-to-date symlink: /home/jasurbek/ros2_ws/install/examples_rclcpp_wait_set/share/examples_rclcpp_wait_set/environment/ament_prefix_path.dsv
[1.723s] -- Up-to-date symlink: /home/jasurbek/ros2_ws/install/examples_rclcpp_wait_set/share/examples_rclcpp_wait_set/environment/path.sh
[1.724s] -- Up-to-date symlink: /home/jasurbek/ros2_ws/install/examples_rclcpp_wait_set/share/examples_rclcpp_wait_set/environment/path.dsv
[1.724s] -- Up-to-date symlink: /home/jasurbek/ros2_ws/install/examples_rclcpp_wait_set/share/examples_rclcpp_wait_set/local_setup.bash
[1.725s] -- Up-to-date symlink: /home/jasurbek/ros2_ws/install/examples_rclcpp_wait_set/share/examples_rclcpp_wait_set/local_setup.sh
[1.726s] -- Up-to-date symlink: /home/jasurbek/ros2_ws/install/examples_rclcpp_wait_set/share/examples_rclcpp_wait_set/local_setup.zsh
[1.726s] -- Up-to-date symlink: /home/jasurbek/ros2_ws/install/examples_rclcpp_wait_set/share/examples_rclcpp_wait_set/local_setup.dsv
[1.727s] -- Symlinking: /home/jasurbek/ros2_ws/install/examples_rclcpp_wait_set/share/examples_rclcpp_wait_set/package.dsv
[1.741s] -- Up-to-date symlink: /home/jasurbek/ros2_ws/install/examples_rclcpp_wait_set/share/ament_index/resource_index/packages/examples_rclcpp_wait_set
[1.742s] -- Up-to-date symlink: /home/jasurbek/ros2_ws/install/examples_rclcpp_wait_set/share/ament_index/resource_index/rclcpp_components/examples_rclcpp_wait_set
[1.743s] -- Up-to-date symlink: /home/jasurbek/ros2_ws/install/examples_rclcpp_wait_set/share/examples_rclcpp_wait_set/cmake/examples_rclcpp_wait_setConfig.cmake
[1.744s] -- Up-to-date symlink: /home/jasurbek/ros2_ws/install/examples_rclcpp_wait_set/share/examples_rclcpp_wait_set/cmake/examples_rclcpp_wait_setConfig-version.cmake
[1.745s] -- Up-to-date symlink: /home/jasurbek/ros2_ws/install/examples_rclcpp_wait_set/share/examples_rclcpp_wait_set/package.xml
[1.753s] Invoked command in '/home/jasurbek/ros2_ws/build/examples_rclcpp_wait_set' returned '0': CMAKE_PREFIX_PATH=/opt/ros/humble /usr/bin/cmake --install /home/jasurbek/ros2_ws/build/examples_rclcpp_wait_set
