[0.006s] Invoking command in '/home/jasurbek/ros2_ws/build/turtlesim': CMAKE_PREFIX_PATH=/opt/ros/humble /usr/bin/cmake /home/jasurbek/ros2_ws/src/ros_tutorials/turtlesim -DCMAKE_INSTALL_PREFIX=/home/jasurbek/ros2_ws/install/turtlesim
[0.074s] -- The C compiler identification is GNU 11.2.0
[0.140s] -- The CXX compiler identification is GNU 11.2.0
[0.150s] -- Detecting C compiler ABI info
[0.228s] -- Detecting C compiler ABI info - done
[0.239s] -- Check for working C compiler: /usr/bin/cc - skipped
[0.240s] -- Detecting C compile features
[0.240s] -- Detecting C compile features - done
[0.245s] -- Detecting CXX compiler ABI info
[0.353s] -- Detecting CXX compiler ABI info - done
[0.362s] -- Check for working CXX compiler: /usr/bin/c++ - skipped
[0.363s] -- Detecting CXX compile features
[0.364s] -- Detecting CXX compile features - done
[0.366s] -- Found ament_cmake: 1.3.2 (/opt/ros/humble/share/ament_cmake/cmake)
[0.530s] -- Found Python3: /usr/bin/python3.10 (found version "3.10.6") found components: Interpreter 
[0.596s] -- Found ament_index_cpp: 1.4.0 (/opt/ros/humble/share/ament_index_cpp/cmake)
[0.601s] -- Found geometry_msgs: 4.2.2 (/opt/ros/humble/share/geometry_msgs/cmake)
[0.635s] -- Found rosidl_generator_c: 3.1.3 (/opt/ros/humble/share/rosidl_generator_c/cmake)
[0.639s] -- Found rosidl_adapter: 3.1.3 (/opt/ros/humble/share/rosidl_adapter/cmake)
[0.645s] -- Found rosidl_generator_cpp: 3.1.3 (/opt/ros/humble/share/rosidl_generator_cpp/cmake)
[0.657s] -- Using all available rosidl_typesupport_c: rosidl_typesupport_fastrtps_c;rosidl_typesupport_introspection_c
[0.673s] -- Using all available rosidl_typesupport_cpp: rosidl_typesupport_fastrtps_cpp;rosidl_typesupport_introspection_cpp
[0.833s] -- Found rclcpp: 16.0.1 (/opt/ros/humble/share/rclcpp/cmake)
[0.882s] -- Found rmw_implementation_cmake: 6.1.0 (/opt/ros/humble/share/rmw_implementation_cmake/cmake)
[0.884s] -- Found rmw_fastrtps_cpp: 6.2.1 (/opt/ros/humble/share/rmw_fastrtps_cpp/cmake)
[0.961s] -- Found OpenSSL: /usr/lib/x86_64-linux-gnu/libcrypto.so (found version "3.0.2")  
[0.982s] -- Found FastRTPS: /opt/ros/humble/include  
[1.025s] -- Using RMW implementation 'rmw_fastrtps_cpp' as default
[1.148s] -- Found rclcpp_action: 16.0.1 (/opt/ros/humble/share/rclcpp_action/cmake)
[1.239s] -- Found rosidl_default_generators: 1.2.0 (/opt/ros/humble/share/rosidl_default_generators/cmake)
[1.251s] -- Found std_srvs: 4.2.2 (/opt/ros/humble/share/std_srvs/cmake)
[1.548s] -- Found ament_cmake_ros: 0.10.0 (/opt/ros/humble/share/ament_cmake_ros/cmake)
[1.813s] -- Using all available rosidl_typesupport_c: rosidl_typesupport_fastrtps_c;rosidl_typesupport_introspection_c
[1.917s] -- Using all available rosidl_typesupport_cpp: rosidl_typesupport_fastrtps_cpp;rosidl_typesupport_introspection_cpp
[1.938s] -- Found PythonInterp: /usr/bin/python3 (found suitable version "3.10.6", minimum required is "3.6") 
[1.939s] -- Found python_cmake_module: 0.10.0 (/opt/ros/humble/share/python_cmake_module/cmake)
[1.961s] -- Found PythonLibs: /usr/lib/x86_64-linux-gnu/libpython3.10.so (found suitable version "3.10.6", minimum required is "3.5") 
[1.962s] -- Using PYTHON_EXECUTABLE: /usr/bin/python3
[1.962s] -- Using PYTHON_INCLUDE_DIRS: /usr/include/python3.10
[1.962s] -- Using PYTHON_LIBRARIES: /usr/lib/x86_64-linux-gnu/libpython3.10.so
[1.979s] -- Found PythonExtra: .so  
[2.025s] -- Configuring done
[2.092s] -- Generating done
[2.097s] -- Build files have been written to: /home/jasurbek/ros2_ws/build/turtlesim
[2.110s] Invoked command in '/home/jasurbek/ros2_ws/build/turtlesim' returned '0': CMAKE_PREFIX_PATH=/opt/ros/humble /usr/bin/cmake /home/jasurbek/ros2_ws/src/ros_tutorials/turtlesim -DCMAKE_INSTALL_PREFIX=/home/jasurbek/ros2_ws/install/turtlesim
[2.110s] Invoking command in '/home/jasurbek/ros2_ws/build/turtlesim': CMAKE_PREFIX_PATH=/opt/ros/humble /usr/bin/cmake --build /home/jasurbek/ros2_ws/build/turtlesim -- -j2 -l2
[2.145s] [  1%] [34m[1mGenerating C code for ROS interfaces[0m
[2.155s] [  2%] [34m[1mGenerating C++ code for ROS interfaces[0m
[3.440s] [  2%] Built target turtlesim__cpp
[3.464s] [  2%] Built target ament_cmake_python_copy_turtlesim
[3.473s] [  3%] [34m[1mGenerating C++ type support dispatch for ROS interfaces[0m
[3.592s] [  4%] [32mBuilding C object CMakeFiles/turtlesim__rosidl_generator_c.dir/rosidl_generator_c/turtlesim/action/detail/rotate_absolute__functions.c.o[0m
[3.757s] [  5%] [32mBuilding C object CMakeFiles/turtlesim__rosidl_generator_c.dir/rosidl_generator_c/turtlesim/msg/detail/color__functions.c.o[0m
[3.804s] [  6%] [32mBuilding C object CMakeFiles/turtlesim__rosidl_generator_c.dir/rosidl_generator_c/turtlesim/msg/detail/pose__functions.c.o[0m
[3.871s] [  7%] [32mBuilding C object CMakeFiles/turtlesim__rosidl_generator_c.dir/rosidl_generator_c/turtlesim/srv/detail/kill__functions.c.o[0m
[3.940s] [  8%] [32mBuilding C object CMakeFiles/turtlesim__rosidl_generator_c.dir/rosidl_generator_c/turtlesim/srv/detail/set_pen__functions.c.o[0m
[4.001s] [  9%] [32mBuilding C object CMakeFiles/turtlesim__rosidl_generator_c.dir/rosidl_generator_c/turtlesim/srv/detail/spawn__functions.c.o[0m
[4.068s] [ 10%] [32mBuilding C object CMakeFiles/turtlesim__rosidl_generator_c.dir/rosidl_generator_c/turtlesim/srv/detail/teleport_absolute__functions.c.o[0m
[4.132s] [ 11%] [32mBuilding C object CMakeFiles/turtlesim__rosidl_generator_c.dir/rosidl_generator_c/turtlesim/srv/detail/teleport_relative__functions.c.o[0m
[4.173s] [ 12%] [32mBuilding CXX object CMakeFiles/turtlesim__rosidl_typesupport_cpp.dir/rosidl_typesupport_cpp/turtlesim/action/rotate_absolute__type_support.cpp.o[0m
[4.197s] [ 13%] [32m[1mLinking C shared library libturtlesim__rosidl_generator_c.so[0m
[4.238s] [ 13%] Built target turtlesim__rosidl_generator_c
[4.247s] [ 14%] [34m[1mGenerating C++ type support for eProsima Fast-RTPS[0m
[4.712s] [ 15%] [32mBuilding CXX object CMakeFiles/turtlesim__rosidl_typesupport_cpp.dir/rosidl_typesupport_cpp/turtlesim/msg/color__type_support.cpp.o[0m
[5.043s] [ 16%] [32mBuilding CXX object CMakeFiles/turtlesim__rosidl_typesupport_cpp.dir/rosidl_typesupport_cpp/turtlesim/msg/pose__type_support.cpp.o[0m
[5.339s] [ 17%] [32mBuilding CXX object CMakeFiles/turtlesim__rosidl_typesupport_cpp.dir/rosidl_typesupport_cpp/turtlesim/srv/kill__type_support.cpp.o[0m
[5.436s] [ 18%] [32mBuilding CXX object CMakeFiles/turtlesim__rosidl_typesupport_fastrtps_cpp.dir/rosidl_typesupport_fastrtps_cpp/turtlesim/action/detail/dds_fastrtps/rotate_absolute__type_support.cpp.o[0m
[5.649s] [ 19%] [32mBuilding CXX object CMakeFiles/turtlesim__rosidl_typesupport_cpp.dir/rosidl_typesupport_cpp/turtlesim/srv/set_pen__type_support.cpp.o[0m
[6.048s] [ 20%] [32mBuilding CXX object CMakeFiles/turtlesim__rosidl_typesupport_cpp.dir/rosidl_typesupport_cpp/turtlesim/srv/spawn__type_support.cpp.o[0m
[6.229s] [ 21%] [32mBuilding CXX object CMakeFiles/turtlesim__rosidl_typesupport_fastrtps_cpp.dir/rosidl_typesupport_fastrtps_cpp/turtlesim/msg/detail/dds_fastrtps/color__type_support.cpp.o[0m
[6.383s] [ 22%] [32mBuilding CXX object CMakeFiles/turtlesim__rosidl_typesupport_cpp.dir/rosidl_typesupport_cpp/turtlesim/srv/teleport_absolute__type_support.cpp.o[0m
[6.702s] [ 23%] [32mBuilding CXX object CMakeFiles/turtlesim__rosidl_typesupport_cpp.dir/rosidl_typesupport_cpp/turtlesim/srv/teleport_relative__type_support.cpp.o[0m
[6.732s] [ 24%] [32mBuilding CXX object CMakeFiles/turtlesim__rosidl_typesupport_fastrtps_cpp.dir/rosidl_typesupport_fastrtps_cpp/turtlesim/msg/detail/dds_fastrtps/pose__type_support.cpp.o[0m
[7.027s] [ 25%] [32m[1mLinking CXX shared library libturtlesim__rosidl_typesupport_cpp.so[0m
[7.066s] [ 25%] Built target turtlesim__rosidl_typesupport_cpp
[7.077s] [ 26%] [34m[1mGenerating C introspection for ROS interfaces[0m
[7.214s] [ 27%] [32mBuilding CXX object CMakeFiles/turtlesim__rosidl_typesupport_fastrtps_cpp.dir/rosidl_typesupport_fastrtps_cpp/turtlesim/srv/detail/dds_fastrtps/kill__type_support.cpp.o[0m
[7.718s] [ 28%] [32mBuilding CXX object CMakeFiles/turtlesim__rosidl_typesupport_fastrtps_cpp.dir/rosidl_typesupport_fastrtps_cpp/turtlesim/srv/detail/dds_fastrtps/set_pen__type_support.cpp.o[0m
[8.074s] [ 29%] [32mBuilding C object CMakeFiles/turtlesim__rosidl_typesupport_introspection_c.dir/rosidl_typesupport_introspection_c/turtlesim/action/detail/rotate_absolute__type_support.c.o[0m
[8.122s] [ 30%] [32mBuilding C object CMakeFiles/turtlesim__rosidl_typesupport_introspection_c.dir/rosidl_typesupport_introspection_c/turtlesim/msg/detail/color__type_support.c.o[0m
[8.163s] [ 31%] [32mBuilding C object CMakeFiles/turtlesim__rosidl_typesupport_introspection_c.dir/rosidl_typesupport_introspection_c/turtlesim/msg/detail/pose__type_support.c.o[0m
[8.193s] [ 32%] [32mBuilding C object CMakeFiles/turtlesim__rosidl_typesupport_introspection_c.dir/rosidl_typesupport_introspection_c/turtlesim/srv/detail/kill__type_support.c.o[0m
[8.203s] [ 33%] [32mBuilding CXX object CMakeFiles/turtlesim__rosidl_typesupport_fastrtps_cpp.dir/rosidl_typesupport_fastrtps_cpp/turtlesim/srv/detail/dds_fastrtps/spawn__type_support.cpp.o[0m
[8.230s] [ 34%] [32mBuilding C object CMakeFiles/turtlesim__rosidl_typesupport_introspection_c.dir/rosidl_typesupport_introspection_c/turtlesim/srv/detail/set_pen__type_support.c.o[0m
[8.264s] [ 35%] [32mBuilding C object CMakeFiles/turtlesim__rosidl_typesupport_introspection_c.dir/rosidl_typesupport_introspection_c/turtlesim/srv/detail/spawn__type_support.c.o[0m
[8.307s] [ 36%] [32mBuilding C object CMakeFiles/turtlesim__rosidl_typesupport_introspection_c.dir/rosidl_typesupport_introspection_c/turtlesim/srv/detail/teleport_absolute__type_support.c.o[0m
[8.351s] [ 37%] [32mBuilding C object CMakeFiles/turtlesim__rosidl_typesupport_introspection_c.dir/rosidl_typesupport_introspection_c/turtlesim/srv/detail/teleport_relative__type_support.c.o[0m
[8.394s] [ 38%] [32m[1mLinking C shared library libturtlesim__rosidl_typesupport_introspection_c.so[0m
[8.433s] [ 38%] Built target turtlesim__rosidl_typesupport_introspection_c
[8.444s] [ 39%] [34m[1mGenerating C type support dispatch for ROS interfaces[0m
[8.762s] [ 40%] [32mBuilding CXX object CMakeFiles/turtlesim__rosidl_typesupport_fastrtps_cpp.dir/rosidl_typesupport_fastrtps_cpp/turtlesim/srv/detail/dds_fastrtps/teleport_absolute__type_support.cpp.o[0m
[9.173s] [ 41%] [32mBuilding CXX object CMakeFiles/turtlesim__rosidl_typesupport_c.dir/rosidl_typesupport_c/turtlesim/action/rotate_absolute__type_support.cpp.o[0m
[9.227s] [ 42%] [32mBuilding CXX object CMakeFiles/turtlesim__rosidl_typesupport_c.dir/rosidl_typesupport_c/turtlesim/msg/color__type_support.cpp.o[0m
[9.260s] [ 43%] [32mBuilding CXX object CMakeFiles/turtlesim__rosidl_typesupport_c.dir/rosidl_typesupport_c/turtlesim/msg/pose__type_support.cpp.o[0m
[9.261s] [ 44%] [32mBuilding CXX object CMakeFiles/turtlesim__rosidl_typesupport_fastrtps_cpp.dir/rosidl_typesupport_fastrtps_cpp/turtlesim/srv/detail/dds_fastrtps/teleport_relative__type_support.cpp.o[0m
[9.287s] [ 45%] [32mBuilding CXX object CMakeFiles/turtlesim__rosidl_typesupport_c.dir/rosidl_typesupport_c/turtlesim/srv/kill__type_support.cpp.o[0m
[9.322s] [ 46%] [32mBuilding CXX object CMakeFiles/turtlesim__rosidl_typesupport_c.dir/rosidl_typesupport_c/turtlesim/srv/set_pen__type_support.cpp.o[0m
[9.355s] [ 47%] [32mBuilding CXX object CMakeFiles/turtlesim__rosidl_typesupport_c.dir/rosidl_typesupport_c/turtlesim/srv/spawn__type_support.cpp.o[0m
[9.387s] [ 48%] [32mBuilding CXX object CMakeFiles/turtlesim__rosidl_typesupport_c.dir/rosidl_typesupport_c/turtlesim/srv/teleport_absolute__type_support.cpp.o[0m
[9.425s] [ 49%] [32mBuilding CXX object CMakeFiles/turtlesim__rosidl_typesupport_c.dir/rosidl_typesupport_c/turtlesim/srv/teleport_relative__type_support.cpp.o[0m
[9.454s] [ 50%] [32m[1mLinking CXX shared library libturtlesim__rosidl_typesupport_c.so[0m
[9.507s] [ 50%] Built target turtlesim__rosidl_typesupport_c
[9.520s] [ 51%] [34m[1mGenerating C++ introspection for ROS interfaces[0m
[9.763s] [ 52%] [32m[1mLinking CXX shared library libturtlesim__rosidl_typesupport_fastrtps_cpp.so[0m
[9.851s] [ 52%] Built target turtlesim__rosidl_typesupport_fastrtps_cpp
[10.173s] running egg_info
[10.174s] creating turtlesim.egg-info
[10.175s] writing turtlesim.egg-info/PKG-INFO
[10.175s] writing dependency_links to turtlesim.egg-info/dependency_links.txt
[10.175s] writing top-level names to turtlesim.egg-info/top_level.txt
[10.176s] writing manifest file 'turtlesim.egg-info/SOURCES.txt'
[10.178s] reading manifest file 'turtlesim.egg-info/SOURCES.txt'
[10.179s] writing manifest file 'turtlesim.egg-info/SOURCES.txt'
[10.217s] [ 52%] Built target ament_cmake_python_build_turtlesim_egg
[10.227s] [ 53%] [34m[1mGenerating include/turtlesim/moc_turtle_frame.cpp[0m
[10.350s] [ 54%] [32mBuilding CXX object CMakeFiles/turtlesim_node.dir/src/turtlesim.cpp.o[0m
[10.495s] [ 55%] [32mBuilding CXX object CMakeFiles/turtlesim__rosidl_typesupport_introspection_cpp.dir/rosidl_typesupport_introspection_cpp/turtlesim/action/detail/rotate_absolute__type_support.cpp.o[0m
[11.937s] [ 56%] [32mBuilding CXX object CMakeFiles/turtlesim__rosidl_typesupport_introspection_cpp.dir/rosidl_typesupport_introspection_cpp/turtlesim/msg/detail/color__type_support.cpp.o[0m
[12.611s] [ 57%] [32mBuilding CXX object CMakeFiles/turtlesim__rosidl_typesupport_introspection_cpp.dir/rosidl_typesupport_introspection_cpp/turtlesim/msg/detail/pose__type_support.cpp.o[0m
[13.466s] [ 58%] [32mBuilding CXX object CMakeFiles/turtlesim__rosidl_typesupport_introspection_cpp.dir/rosidl_typesupport_introspection_cpp/turtlesim/srv/detail/kill__type_support.cpp.o[0m
[14.546s] [ 59%] [32mBuilding CXX object CMakeFiles/turtlesim__rosidl_typesupport_introspection_cpp.dir/rosidl_typesupport_introspection_cpp/turtlesim/srv/detail/set_pen__type_support.cpp.o[0m
[15.250s] [ 60%] [32mBuilding CXX object CMakeFiles/turtlesim__rosidl_typesupport_introspection_cpp.dir/rosidl_typesupport_introspection_cpp/turtlesim/srv/detail/spawn__type_support.cpp.o[0m
[16.170s] [ 61%] [32mBuilding CXX object CMakeFiles/turtlesim__rosidl_typesupport_introspection_cpp.dir/rosidl_typesupport_introspection_cpp/turtlesim/srv/detail/teleport_absolute__type_support.cpp.o[0m
[17.146s] [ 62%] [32mBuilding CXX object CMakeFiles/turtlesim__rosidl_typesupport_introspection_cpp.dir/rosidl_typesupport_introspection_cpp/turtlesim/srv/detail/teleport_relative__type_support.cpp.o[0m
[17.759s] [ 63%] [32m[1mLinking CXX shared library libturtlesim__rosidl_typesupport_introspection_cpp.so[0m
[17.836s] [ 63%] Built target turtlesim__rosidl_typesupport_introspection_cpp
[17.859s] [ 64%] [32mBuilding CXX object CMakeFiles/turtle_teleop_key.dir/tutorials/teleop_turtle_key.cpp.o[0m
[19.540s] [ 65%] [32mBuilding CXX object CMakeFiles/turtlesim_node.dir/src/turtle.cpp.o[0m
[28.919s] [ 66%] [32m[1mLinking CXX executable turtle_teleop_key[0m
[29.274s] [ 66%] Built target turtle_teleop_key
[29.296s] [ 67%] [32mBuilding CXX object CMakeFiles/draw_square.dir/tutorials/draw_square.cpp.o[0m
[40.372s] [ 68%] [32mBuilding CXX object CMakeFiles/turtlesim_node.dir/src/turtle_frame.cpp.o[0m
[44.113s] [ 69%] [32m[1mLinking CXX executable draw_square[0m
[44.646s] [ 69%] Built target draw_square
[44.665s] [ 70%] [32mBuilding CXX object CMakeFiles/mimic.dir/tutorials/mimic.cpp.o[0m
[56.512s] [ 71%] [32m[1mLinking CXX executable mimic[0m
[56.695s] [ 72%] [32mBuilding CXX object CMakeFiles/turtlesim_node.dir/include/turtlesim/moc_turtle_frame.cpp.o[0m
[56.938s] [ 72%] Built target mimic
[56.946s] [ 73%] [34m[1mGenerating C type support for eProsima Fast-RTPS[0m
[58.005s] [ 74%] [32mBuilding CXX object CMakeFiles/turtlesim__rosidl_typesupport_fastrtps_c.dir/rosidl_typesupport_fastrtps_c/turtlesim/action/detail/rotate_absolute__type_support_c.cpp.o[0m
[58.478s] [ 75%] [32mBuilding CXX object CMakeFiles/turtlesim__rosidl_typesupport_fastrtps_c.dir/rosidl_typesupport_fastrtps_c/turtlesim/msg/detail/color__type_support_c.cpp.o[0m
[58.889s] [ 76%] [32mBuilding CXX object CMakeFiles/turtlesim__rosidl_typesupport_fastrtps_c.dir/rosidl_typesupport_fastrtps_c/turtlesim/msg/detail/pose__type_support_c.cpp.o[0m
[59.280s] [ 77%] [32mBuilding CXX object CMakeFiles/turtlesim__rosidl_typesupport_fastrtps_c.dir/rosidl_typesupport_fastrtps_c/turtlesim/srv/detail/kill__type_support_c.cpp.o[0m
[59.643s] [ 78%] [32mBuilding CXX object CMakeFiles/turtlesim__rosidl_typesupport_fastrtps_c.dir/rosidl_typesupport_fastrtps_c/turtlesim/srv/detail/set_pen__type_support_c.cpp.o[0m
[59.988s] [ 79%] [32mBuilding CXX object CMakeFiles/turtlesim__rosidl_typesupport_fastrtps_c.dir/rosidl_typesupport_fastrtps_c/turtlesim/srv/detail/spawn__type_support_c.cpp.o[0m
[60.429s] [ 80%] [32mBuilding CXX object CMakeFiles/turtlesim__rosidl_typesupport_fastrtps_c.dir/rosidl_typesupport_fastrtps_c/turtlesim/srv/detail/teleport_absolute__type_support_c.cpp.o[0m
[60.812s] [ 81%] [32mBuilding CXX object CMakeFiles/turtlesim__rosidl_typesupport_fastrtps_c.dir/rosidl_typesupport_fastrtps_c/turtlesim/srv/detail/teleport_relative__type_support_c.cpp.o[0m
[61.174s] [ 82%] [32m[1mLinking CXX shared library libturtlesim__rosidl_typesupport_fastrtps_c.so[0m
[61.252s] [ 82%] Built target turtlesim__rosidl_typesupport_fastrtps_c
[61.271s] [ 82%] Built target turtlesim
[61.294s] [ 83%] [34m[1mGenerating Python code for ROS interfaces[0m
[62.226s] [ 84%] [32m[1mLinking CXX executable turtlesim_node[0m
[63.660s] [ 84%] Built target turtlesim__py
[63.681s] [ 85%] [32mBuilding C object CMakeFiles/turtlesim__rosidl_generator_py.dir/rosidl_generator_py/turtlesim/action/_rotate_absolute_s.c.o[0m
[63.853s] [ 86%] [32mBuilding C object CMakeFiles/turtlesim__rosidl_generator_py.dir/rosidl_generator_py/turtlesim/msg/_color_s.c.o[0m
[63.962s] [ 87%] [32mBuilding C object CMakeFiles/turtlesim__rosidl_generator_py.dir/rosidl_generator_py/turtlesim/msg/_pose_s.c.o[0m
[64.073s] [ 88%] [32mBuilding C object CMakeFiles/turtlesim__rosidl_generator_py.dir/rosidl_generator_py/turtlesim/srv/_kill_s.c.o[0m
[64.195s] [ 89%] [32mBuilding C object CMakeFiles/turtlesim__rosidl_generator_py.dir/rosidl_generator_py/turtlesim/srv/_set_pen_s.c.o[0m
[64.297s] [ 90%] [32mBuilding C object CMakeFiles/turtlesim__rosidl_generator_py.dir/rosidl_generator_py/turtlesim/srv/_spawn_s.c.o[0m
[64.411s] [ 91%] [32mBuilding C object CMakeFiles/turtlesim__rosidl_generator_py.dir/rosidl_generator_py/turtlesim/srv/_teleport_absolute_s.c.o[0m
[64.510s] [ 92%] [32mBuilding C object CMakeFiles/turtlesim__rosidl_generator_py.dir/rosidl_generator_py/turtlesim/srv/_teleport_relative_s.c.o[0m
[64.636s] [ 93%] [32m[1mLinking C shared library rosidl_generator_py/turtlesim/libturtlesim__rosidl_generator_py.so[0m
[64.678s] [ 93%] Built target turtlesim__rosidl_generator_py
[64.695s] [ 94%] [32mBuilding C object CMakeFiles/turtlesim__rosidl_typesupport_fastrtps_c__pyext.dir/rosidl_generator_py/turtlesim/_turtlesim_s.ep.rosidl_typesupport_fastrtps_c.c.o[0m
[64.890s] [ 95%] [32m[1mLinking C shared library rosidl_generator_py/turtlesim/turtlesim_s__rosidl_typesupport_fastrtps_c.cpython-310-x86_64-linux-gnu.so[0m
[64.936s] [ 95%] Built target turtlesim__rosidl_typesupport_fastrtps_c__pyext
[64.939s] [ 95%] Built target turtlesim_node
[64.956s] [ 97%] [32mBuilding C object CMakeFiles/turtlesim__rosidl_typesupport_introspection_c__pyext.dir/rosidl_generator_py/turtlesim/_turtlesim_s.ep.rosidl_typesupport_introspection_c.c.o[0m
[64.956s] [ 97%] [32mBuilding C object CMakeFiles/turtlesim__rosidl_typesupport_c__pyext.dir/rosidl_generator_py/turtlesim/_turtlesim_s.ep.rosidl_typesupport_c.c.o[0m
[65.154s] [ 98%] [32m[1mLinking C shared library rosidl_generator_py/turtlesim/turtlesim_s__rosidl_typesupport_introspection_c.cpython-310-x86_64-linux-gnu.so[0m
[65.154s] [100%] [32m[1mLinking C shared library rosidl_generator_py/turtlesim/turtlesim_s__rosidl_typesupport_c.cpython-310-x86_64-linux-gnu.so[0m
[65.194s] [100%] Built target turtlesim__rosidl_typesupport_introspection_c__pyext
[65.198s] [100%] Built target turtlesim__rosidl_typesupport_c__pyext
[65.209s] Invoked command in '/home/jasurbek/ros2_ws/build/turtlesim' returned '0': CMAKE_PREFIX_PATH=/opt/ros/humble /usr/bin/cmake --build /home/jasurbek/ros2_ws/build/turtlesim -- -j2 -l2
[65.376s] Invoking command in '/home/jasurbek/ros2_ws/build/turtlesim': CMAKE_PREFIX_PATH=/opt/ros/humble /usr/bin/cmake --install /home/jasurbek/ros2_ws/build/turtlesim
[65.383s] -- Install configuration: ""
[65.384s] -- Installing: /home/jasurbek/ros2_ws/install/turtlesim/share/ament_index/resource_index/rosidl_interfaces/turtlesim
[65.384s] -- Installing: /home/jasurbek/ros2_ws/install/turtlesim/include/turtlesim/turtlesim
[65.384s] -- Installing: /home/jasurbek/ros2_ws/install/turtlesim/include/turtlesim/turtlesim/msg
[65.384s] -- Installing: /home/jasurbek/ros2_ws/install/turtlesim/include/turtlesim/turtlesim/msg/color.h
[65.385s] -- Installing: /home/jasurbek/ros2_ws/install/turtlesim/include/turtlesim/turtlesim/msg/pose.h
[65.385s] -- Installing: /home/jasurbek/ros2_ws/install/turtlesim/include/turtlesim/turtlesim/msg/detail
[65.385s] -- Installing: /home/jasurbek/ros2_ws/install/turtlesim/include/turtlesim/turtlesim/msg/detail/pose__struct.h
[65.385s] -- Installing: /home/jasurbek/ros2_ws/install/turtlesim/include/turtlesim/turtlesim/msg/detail/color__type_support.h
[65.386s] -- Installing: /home/jasurbek/ros2_ws/install/turtlesim/include/turtlesim/turtlesim/msg/detail/color__functions.h
[65.386s] -- Installing: /home/jasurbek/ros2_ws/install/turtlesim/include/turtlesim/turtlesim/msg/detail/pose__type_support.h
[65.386s] -- Installing: /home/jasurbek/ros2_ws/install/turtlesim/include/turtlesim/turtlesim/msg/detail/color__struct.h
[65.386s] -- Installing: /home/jasurbek/ros2_ws/install/turtlesim/include/turtlesim/turtlesim/msg/detail/color__functions.c
[65.387s] -- Installing: /home/jasurbek/ros2_ws/install/turtlesim/include/turtlesim/turtlesim/msg/detail/pose__functions.h
[65.387s] -- Installing: /home/jasurbek/ros2_ws/install/turtlesim/include/turtlesim/turtlesim/msg/detail/pose__functions.c
[65.387s] -- Installing: /home/jasurbek/ros2_ws/install/turtlesim/include/turtlesim/turtlesim/msg/rosidl_generator_c__visibility_control.h
[65.388s] -- Installing: /home/jasurbek/ros2_ws/install/turtlesim/include/turtlesim/turtlesim/srv
[65.388s] -- Installing: /home/jasurbek/ros2_ws/install/turtlesim/include/turtlesim/turtlesim/srv/teleport_relative.h
[65.388s] -- Installing: /home/jasurbek/ros2_ws/install/turtlesim/include/turtlesim/turtlesim/srv/teleport_absolute.h
[65.388s] -- Installing: /home/jasurbek/ros2_ws/install/turtlesim/include/turtlesim/turtlesim/srv/spawn.h
[65.389s] -- Installing: /home/jasurbek/ros2_ws/install/turtlesim/include/turtlesim/turtlesim/srv/detail
[65.389s] -- Installing: /home/jasurbek/ros2_ws/install/turtlesim/include/turtlesim/turtlesim/srv/detail/set_pen__type_support.h
[65.389s] -- Installing: /home/jasurbek/ros2_ws/install/turtlesim/include/turtlesim/turtlesim/srv/detail/teleport_relative__functions.h
[65.389s] -- Installing: /home/jasurbek/ros2_ws/install/turtlesim/include/turtlesim/turtlesim/srv/detail/set_pen__functions.h
[65.390s] -- Installing: /home/jasurbek/ros2_ws/install/turtlesim/include/turtlesim/turtlesim/srv/detail/teleport_absolute__struct.h
[65.390s] -- Installing: /home/jasurbek/ros2_ws/install/turtlesim/include/turtlesim/turtlesim/srv/detail/spawn__type_support.h
[65.390s] -- Installing: /home/jasurbek/ros2_ws/install/turtlesim/include/turtlesim/turtlesim/srv/detail/kill__struct.h
[65.390s] -- Installing: /home/jasurbek/ros2_ws/install/turtlesim/include/turtlesim/turtlesim/srv/detail/set_pen__struct.h
[65.391s] -- Installing: /home/jasurbek/ros2_ws/install/turtlesim/include/turtlesim/turtlesim/srv/detail/kill__functions.h
[65.391s] -- Installing: /home/jasurbek/ros2_ws/install/turtlesim/include/turtlesim/turtlesim/srv/detail/set_pen__functions.c
[65.391s] -- Installing: /home/jasurbek/ros2_ws/install/turtlesim/include/turtlesim/turtlesim/srv/detail/teleport_absolute__functions.h
[65.391s] -- Installing: /home/jasurbek/ros2_ws/install/turtlesim/include/turtlesim/turtlesim/srv/detail/kill__type_support.h
[65.392s] -- Installing: /home/jasurbek/ros2_ws/install/turtlesim/include/turtlesim/turtlesim/srv/detail/teleport_absolute__type_support.h
[65.392s] -- Installing: /home/jasurbek/ros2_ws/install/turtlesim/include/turtlesim/turtlesim/srv/detail/spawn__struct.h
[65.392s] -- Installing: /home/jasurbek/ros2_ws/install/turtlesim/include/turtlesim/turtlesim/srv/detail/teleport_absolute__functions.c
[65.393s] -- Installing: /home/jasurbek/ros2_ws/install/turtlesim/include/turtlesim/turtlesim/srv/detail/teleport_relative__type_support.h
[65.393s] -- Installing: /home/jasurbek/ros2_ws/install/turtlesim/include/turtlesim/turtlesim/srv/detail/teleport_relative__functions.c
[65.393s] -- Installing: /home/jasurbek/ros2_ws/install/turtlesim/include/turtlesim/turtlesim/srv/detail/spawn__functions.c
[65.393s] -- Installing: /home/jasurbek/ros2_ws/install/turtlesim/include/turtlesim/turtlesim/srv/detail/kill__functions.c
[65.394s] -- Installing: /home/jasurbek/ros2_ws/install/turtlesim/include/turtlesim/turtlesim/srv/detail/spawn__functions.h
[65.394s] -- Installing: /home/jasurbek/ros2_ws/install/turtlesim/include/turtlesim/turtlesim/srv/detail/teleport_relative__struct.h
[65.394s] -- Installing: /home/jasurbek/ros2_ws/install/turtlesim/include/turtlesim/turtlesim/srv/kill.h
[65.394s] -- Installing: /home/jasurbek/ros2_ws/install/turtlesim/include/turtlesim/turtlesim/srv/set_pen.h
[65.395s] -- Installing: /home/jasurbek/ros2_ws/install/turtlesim/include/turtlesim/turtlesim/action
[65.395s] -- Installing: /home/jasurbek/ros2_ws/install/turtlesim/include/turtlesim/turtlesim/action/rotate_absolute.h
[65.395s] -- Installing: /home/jasurbek/ros2_ws/install/turtlesim/include/turtlesim/turtlesim/action/detail
[65.395s] -- Installing: /home/jasurbek/ros2_ws/install/turtlesim/include/turtlesim/turtlesim/action/detail/rotate_absolute__functions.c
[65.396s] -- Installing: /home/jasurbek/ros2_ws/install/turtlesim/include/turtlesim/turtlesim/action/detail/rotate_absolute__struct.h
[65.396s] -- Installing: /home/jasurbek/ros2_ws/install/turtlesim/include/turtlesim/turtlesim/action/detail/rotate_absolute__functions.h
[65.396s] -- Installing: /home/jasurbek/ros2_ws/install/turtlesim/include/turtlesim/turtlesim/action/detail/rotate_absolute__type_support.h
[65.397s] -- Installing: /home/jasurbek/ros2_ws/install/turtlesim/share/turtlesim/environment/library_path.sh
[65.397s] -- Installing: /home/jasurbek/ros2_ws/install/turtlesim/share/turtlesim/environment/library_path.dsv
[65.397s] -- Installing: /home/jasurbek/ros2_ws/install/turtlesim/lib/libturtlesim__rosidl_generator_c.so
[65.398s] -- Set runtime path of "/home/jasurbek/ros2_ws/install/turtlesim/lib/libturtlesim__rosidl_generator_c.so" to ""
[65.398s] -- Up-to-date: /home/jasurbek/ros2_ws/install/turtlesim/include/turtlesim/turtlesim
[65.398s] -- Up-to-date: /home/jasurbek/ros2_ws/install/turtlesim/include/turtlesim/turtlesim/msg
[65.399s] -- Installing: /home/jasurbek/ros2_ws/install/turtlesim/include/turtlesim/turtlesim/msg/rosidl_typesupport_fastrtps_c__visibility_control.h
[65.399s] -- Up-to-date: /home/jasurbek/ros2_ws/install/turtlesim/include/turtlesim/turtlesim/msg/detail
[65.399s] -- Installing: /home/jasurbek/ros2_ws/install/turtlesim/include/turtlesim/turtlesim/msg/detail/color__rosidl_typesupport_fastrtps_c.h
[65.399s] -- Installing: /home/jasurbek/ros2_ws/install/turtlesim/include/turtlesim/turtlesim/msg/detail/pose__rosidl_typesupport_fastrtps_c.h
[65.400s] -- Up-to-date: /home/jasurbek/ros2_ws/install/turtlesim/include/turtlesim/turtlesim/srv
[65.400s] -- Up-to-date: /home/jasurbek/ros2_ws/install/turtlesim/include/turtlesim/turtlesim/srv/detail
[65.400s] -- Installing: /home/jasurbek/ros2_ws/install/turtlesim/include/turtlesim/turtlesim/srv/detail/set_pen__rosidl_typesupport_fastrtps_c.h
[65.400s] -- Installing: /home/jasurbek/ros2_ws/install/turtlesim/include/turtlesim/turtlesim/srv/detail/teleport_relative__rosidl_typesupport_fastrtps_c.h
[65.401s] -- Installing: /home/jasurbek/ros2_ws/install/turtlesim/include/turtlesim/turtlesim/srv/detail/teleport_absolute__rosidl_typesupport_fastrtps_c.h
[65.401s] -- Installing: /home/jasurbek/ros2_ws/install/turtlesim/include/turtlesim/turtlesim/srv/detail/kill__rosidl_typesupport_fastrtps_c.h
[65.401s] -- Installing: /home/jasurbek/ros2_ws/install/turtlesim/include/turtlesim/turtlesim/srv/detail/spawn__rosidl_typesupport_fastrtps_c.h
[65.402s] -- Up-to-date: /home/jasurbek/ros2_ws/install/turtlesim/include/turtlesim/turtlesim/action
[65.402s] -- Up-to-date: /home/jasurbek/ros2_ws/install/turtlesim/include/turtlesim/turtlesim/action/detail
[65.402s] -- Installing: /home/jasurbek/ros2_ws/install/turtlesim/include/turtlesim/turtlesim/action/detail/rotate_absolute__rosidl_typesupport_fastrtps_c.h
[65.402s] -- Installing: /home/jasurbek/ros2_ws/install/turtlesim/lib/libturtlesim__rosidl_typesupport_fastrtps_c.so
[65.403s] -- Set runtime path of "/home/jasurbek/ros2_ws/install/turtlesim/lib/libturtlesim__rosidl_typesupport_fastrtps_c.so" to ""
[65.403s] -- Up-to-date: /home/jasurbek/ros2_ws/install/turtlesim/include/turtlesim/turtlesim
[65.403s] -- Up-to-date: /home/jasurbek/ros2_ws/install/turtlesim/include/turtlesim/turtlesim/msg
[65.403s] -- Installing: /home/jasurbek/ros2_ws/install/turtlesim/include/turtlesim/turtlesim/msg/color.hpp
[65.403s] -- Installing: /home/jasurbek/ros2_ws/install/turtlesim/include/turtlesim/turtlesim/msg/pose.hpp
[65.404s] -- Up-to-date: /home/jasurbek/ros2_ws/install/turtlesim/include/turtlesim/turtlesim/msg/detail
[65.404s] -- Installing: /home/jasurbek/ros2_ws/install/turtlesim/include/turtlesim/turtlesim/msg/detail/color__traits.hpp
[65.404s] -- Installing: /home/jasurbek/ros2_ws/install/turtlesim/include/turtlesim/turtlesim/msg/detail/color__builder.hpp
[65.404s] -- Installing: /home/jasurbek/ros2_ws/install/turtlesim/include/turtlesim/turtlesim/msg/detail/pose__traits.hpp
[65.405s] -- Installing: /home/jasurbek/ros2_ws/install/turtlesim/include/turtlesim/turtlesim/msg/detail/color__struct.hpp
[65.405s] -- Installing: /home/jasurbek/ros2_ws/install/turtlesim/include/turtlesim/turtlesim/msg/detail/pose__struct.hpp
[65.405s] -- Installing: /home/jasurbek/ros2_ws/install/turtlesim/include/turtlesim/turtlesim/msg/detail/pose__builder.hpp
[65.405s] -- Up-to-date: /home/jasurbek/ros2_ws/install/turtlesim/include/turtlesim/turtlesim/srv
[65.406s] -- Installing: /home/jasurbek/ros2_ws/install/turtlesim/include/turtlesim/turtlesim/srv/teleport_relative.hpp
[65.406s] -- Installing: /home/jasurbek/ros2_ws/install/turtlesim/include/turtlesim/turtlesim/srv/kill.hpp
[65.406s] -- Installing: /home/jasurbek/ros2_ws/install/turtlesim/include/turtlesim/turtlesim/srv/set_pen.hpp
[65.406s] -- Installing: /home/jasurbek/ros2_ws/install/turtlesim/include/turtlesim/turtlesim/srv/teleport_absolute.hpp
[65.407s] -- Installing: /home/jasurbek/ros2_ws/install/turtlesim/include/turtlesim/turtlesim/srv/spawn.hpp
[65.407s] -- Up-to-date: /home/jasurbek/ros2_ws/install/turtlesim/include/turtlesim/turtlesim/srv/detail
[65.407s] -- Installing: /home/jasurbek/ros2_ws/install/turtlesim/include/turtlesim/turtlesim/srv/detail/kill__builder.hpp
[65.408s] -- Installing: /home/jasurbek/ros2_ws/install/turtlesim/include/turtlesim/turtlesim/srv/detail/set_pen__traits.hpp
[65.408s] -- Installing: /home/jasurbek/ros2_ws/install/turtlesim/include/turtlesim/turtlesim/srv/detail/kill__struct.hpp
[65.408s] -- Installing: /home/jasurbek/ros2_ws/install/turtlesim/include/turtlesim/turtlesim/srv/detail/teleport_relative__builder.hpp
[65.408s] -- Installing: /home/jasurbek/ros2_ws/install/turtlesim/include/turtlesim/turtlesim/srv/detail/kill__traits.hpp
[65.408s] -- Installing: /home/jasurbek/ros2_ws/install/turtlesim/include/turtlesim/turtlesim/srv/detail/teleport_absolute__builder.hpp
[65.408s] -- Installing: /home/jasurbek/ros2_ws/install/turtlesim/include/turtlesim/turtlesim/srv/detail/teleport_absolute__traits.hpp
[65.409s] -- Installing: /home/jasurbek/ros2_ws/install/turtlesim/include/turtlesim/turtlesim/srv/detail/set_pen__struct.hpp
[65.409s] -- Installing: /home/jasurbek/ros2_ws/install/turtlesim/include/turtlesim/turtlesim/srv/detail/spawn__struct.hpp
[65.409s] -- Installing: /home/jasurbek/ros2_ws/install/turtlesim/include/turtlesim/turtlesim/srv/detail/teleport_relative__traits.hpp
[65.410s] -- Installing: /home/jasurbek/ros2_ws/install/turtlesim/include/turtlesim/turtlesim/srv/detail/teleport_relative__struct.hpp
[65.410s] -- Installing: /home/jasurbek/ros2_ws/install/turtlesim/include/turtlesim/turtlesim/srv/detail/spawn__builder.hpp
[65.410s] -- Installing: /home/jasurbek/ros2_ws/install/turtlesim/include/turtlesim/turtlesim/srv/detail/spawn__traits.hpp
[65.410s] -- Installing: /home/jasurbek/ros2_ws/install/turtlesim/include/turtlesim/turtlesim/srv/detail/teleport_absolute__struct.hpp
[65.411s] -- Installing: /home/jasurbek/ros2_ws/install/turtlesim/include/turtlesim/turtlesim/srv/detail/set_pen__builder.hpp
[65.411s] -- Up-to-date: /home/jasurbek/ros2_ws/install/turtlesim/include/turtlesim/turtlesim/action
[65.411s] -- Up-to-date: /home/jasurbek/ros2_ws/install/turtlesim/include/turtlesim/turtlesim/action/detail
[65.411s] -- Installing: /home/jasurbek/ros2_ws/install/turtlesim/include/turtlesim/turtlesim/action/detail/rotate_absolute__builder.hpp
[65.411s] -- Installing: /home/jasurbek/ros2_ws/install/turtlesim/include/turtlesim/turtlesim/action/detail/rotate_absolute__struct.hpp
[65.412s] -- Installing: /home/jasurbek/ros2_ws/install/turtlesim/include/turtlesim/turtlesim/action/detail/rotate_absolute__traits.hpp
[65.412s] -- Installing: /home/jasurbek/ros2_ws/install/turtlesim/include/turtlesim/turtlesim/action/rotate_absolute.hpp
[65.413s] -- Up-to-date: /home/jasurbek/ros2_ws/install/turtlesim/include/turtlesim/turtlesim
[65.413s] -- Up-to-date: /home/jasurbek/ros2_ws/install/turtlesim/include/turtlesim/turtlesim/msg
[65.413s] -- Installing: /home/jasurbek/ros2_ws/install/turtlesim/include/turtlesim/turtlesim/msg/rosidl_typesupport_fastrtps_cpp__visibility_control.h
[65.413s] -- Up-to-date: /home/jasurbek/ros2_ws/install/turtlesim/include/turtlesim/turtlesim/msg/detail
[65.413s] -- Installing: /home/jasurbek/ros2_ws/install/turtlesim/include/turtlesim/turtlesim/msg/detail/dds_fastrtps
[65.413s] -- Installing: /home/jasurbek/ros2_ws/install/turtlesim/include/turtlesim/turtlesim/msg/detail/pose__rosidl_typesupport_fastrtps_cpp.hpp
[65.414s] -- Installing: /home/jasurbek/ros2_ws/install/turtlesim/include/turtlesim/turtlesim/msg/detail/color__rosidl_typesupport_fastrtps_cpp.hpp
[65.414s] -- Up-to-date: /home/jasurbek/ros2_ws/install/turtlesim/include/turtlesim/turtlesim/srv
[65.414s] -- Up-to-date: /home/jasurbek/ros2_ws/install/turtlesim/include/turtlesim/turtlesim/srv/detail
[65.414s] -- Installing: /home/jasurbek/ros2_ws/install/turtlesim/include/turtlesim/turtlesim/srv/detail/spawn__rosidl_typesupport_fastrtps_cpp.hpp
[65.415s] -- Installing: /home/jasurbek/ros2_ws/install/turtlesim/include/turtlesim/turtlesim/srv/detail/kill__rosidl_typesupport_fastrtps_cpp.hpp
[65.415s] -- Installing: /home/jasurbek/ros2_ws/install/turtlesim/include/turtlesim/turtlesim/srv/detail/dds_fastrtps
[65.415s] -- Installing: /home/jasurbek/ros2_ws/install/turtlesim/include/turtlesim/turtlesim/srv/detail/teleport_relative__rosidl_typesupport_fastrtps_cpp.hpp
[65.415s] -- Installing: /home/jasurbek/ros2_ws/install/turtlesim/include/turtlesim/turtlesim/srv/detail/teleport_absolute__rosidl_typesupport_fastrtps_cpp.hpp
[65.416s] -- Installing: /home/jasurbek/ros2_ws/install/turtlesim/include/turtlesim/turtlesim/srv/detail/set_pen__rosidl_typesupport_fastrtps_cpp.hpp
[65.416s] -- Up-to-date: /home/jasurbek/ros2_ws/install/turtlesim/include/turtlesim/turtlesim/action
[65.416s] -- Up-to-date: /home/jasurbek/ros2_ws/install/turtlesim/include/turtlesim/turtlesim/action/detail
[65.416s] -- Installing: /home/jasurbek/ros2_ws/install/turtlesim/include/turtlesim/turtlesim/action/detail/dds_fastrtps
[65.416s] -- Installing: /home/jasurbek/ros2_ws/install/turtlesim/include/turtlesim/turtlesim/action/detail/rotate_absolute__rosidl_typesupport_fastrtps_cpp.hpp
[65.417s] -- Installing: /home/jasurbek/ros2_ws/install/turtlesim/lib/libturtlesim__rosidl_typesupport_fastrtps_cpp.so
[65.417s] -- Set runtime path of "/home/jasurbek/ros2_ws/install/turtlesim/lib/libturtlesim__rosidl_typesupport_fastrtps_cpp.so" to ""
[65.418s] -- Up-to-date: /home/jasurbek/ros2_ws/install/turtlesim/include/turtlesim/turtlesim
[65.418s] -- Up-to-date: /home/jasurbek/ros2_ws/install/turtlesim/include/turtlesim/turtlesim/msg
[65.418s] -- Installing: /home/jasurbek/ros2_ws/install/turtlesim/include/turtlesim/turtlesim/msg/rosidl_typesupport_introspection_c__visibility_control.h
[65.418s] -- Up-to-date: /home/jasurbek/ros2_ws/install/turtlesim/include/turtlesim/turtlesim/msg/detail
[65.418s] -- Installing: /home/jasurbek/ros2_ws/install/turtlesim/include/turtlesim/turtlesim/msg/detail/pose__rosidl_typesupport_introspection_c.h
[65.419s] -- Installing: /home/jasurbek/ros2_ws/install/turtlesim/include/turtlesim/turtlesim/msg/detail/pose__type_support.c
[65.419s] -- Installing: /home/jasurbek/ros2_ws/install/turtlesim/include/turtlesim/turtlesim/msg/detail/color__type_support.c
[65.419s] -- Installing: /home/jasurbek/ros2_ws/install/turtlesim/include/turtlesim/turtlesim/msg/detail/color__rosidl_typesupport_introspection_c.h
[65.419s] -- Up-to-date: /home/jasurbek/ros2_ws/install/turtlesim/include/turtlesim/turtlesim/srv
[65.420s] -- Up-to-date: /home/jasurbek/ros2_ws/install/turtlesim/include/turtlesim/turtlesim/srv/detail
[65.420s] -- Installing: /home/jasurbek/ros2_ws/install/turtlesim/include/turtlesim/turtlesim/srv/detail/spawn__rosidl_typesupport_introspection_c.h
[65.420s] -- Installing: /home/jasurbek/ros2_ws/install/turtlesim/include/turtlesim/turtlesim/srv/detail/set_pen__type_support.c
[65.420s] -- Installing: /home/jasurbek/ros2_ws/install/turtlesim/include/turtlesim/turtlesim/srv/detail/teleport_relative__type_support.c
[65.421s] -- Installing: /home/jasurbek/ros2_ws/install/turtlesim/include/turtlesim/turtlesim/srv/detail/spawn__type_support.c
[65.421s] -- Installing: /home/jasurbek/ros2_ws/install/turtlesim/include/turtlesim/turtlesim/srv/detail/kill__rosidl_typesupport_introspection_c.h
[65.422s] -- Installing: /home/jasurbek/ros2_ws/install/turtlesim/include/turtlesim/turtlesim/srv/detail/teleport_relative__rosidl_typesupport_introspection_c.h
[65.422s] -- Installing: /home/jasurbek/ros2_ws/install/turtlesim/include/turtlesim/turtlesim/srv/detail/teleport_absolute__type_support.c
[65.422s] -- Installing: /home/jasurbek/ros2_ws/install/turtlesim/include/turtlesim/turtlesim/srv/detail/teleport_absolute__rosidl_typesupport_introspection_c.h
[65.425s] -- Installing: /home/jasurbek/ros2_ws/install/turtlesim/include/turtlesim/turtlesim/srv/detail/set_pen__rosidl_typesupport_introspection_c.h
[65.425s] -- Installing: /home/jasurbek/ros2_ws/install/turtlesim/include/turtlesim/turtlesim/srv/detail/kill__type_support.c
[65.425s] -- Up-to-date: /home/jasurbek/ros2_ws/install/turtlesim/include/turtlesim/turtlesim/action
[65.425s] -- Up-to-date: /home/jasurbek/ros2_ws/install/turtlesim/include/turtlesim/turtlesim/action/detail
[65.425s] -- Installing: /home/jasurbek/ros2_ws/install/turtlesim/include/turtlesim/turtlesim/action/detail/rotate_absolute__type_support.c
[65.425s] -- Installing: /home/jasurbek/ros2_ws/install/turtlesim/include/turtlesim/turtlesim/action/detail/rotate_absolute__rosidl_typesupport_introspection_c.h
[65.425s] -- Installing: /home/jasurbek/ros2_ws/install/turtlesim/lib/libturtlesim__rosidl_typesupport_introspection_c.so
[65.425s] -- Set runtime path of "/home/jasurbek/ros2_ws/install/turtlesim/lib/libturtlesim__rosidl_typesupport_introspection_c.so" to ""
[65.425s] -- Installing: /home/jasurbek/ros2_ws/install/turtlesim/lib/libturtlesim__rosidl_typesupport_c.so
[65.425s] -- Set runtime path of "/home/jasurbek/ros2_ws/install/turtlesim/lib/libturtlesim__rosidl_typesupport_c.so" to ""
[65.425s] -- Up-to-date: /home/jasurbek/ros2_ws/install/turtlesim/include/turtlesim/turtlesim
[65.426s] -- Up-to-date: /home/jasurbek/ros2_ws/install/turtlesim/include/turtlesim/turtlesim/msg
[65.426s] -- Up-to-date: /home/jasurbek/ros2_ws/install/turtlesim/include/turtlesim/turtlesim/msg/detail
[65.427s] -- Installing: /home/jasurbek/ros2_ws/install/turtlesim/include/turtlesim/turtlesim/msg/detail/pose__type_support.cpp
[65.427s] -- Installing: /home/jasurbek/ros2_ws/install/turtlesim/include/turtlesim/turtlesim/msg/detail/color__rosidl_typesupport_introspection_cpp.hpp
[65.427s] -- Installing: /home/jasurbek/ros2_ws/install/turtlesim/include/turtlesim/turtlesim/msg/detail/color__type_support.cpp
[65.427s] -- Installing: /home/jasurbek/ros2_ws/install/turtlesim/include/turtlesim/turtlesim/msg/detail/pose__rosidl_typesupport_introspection_cpp.hpp
[65.428s] -- Up-to-date: /home/jasurbek/ros2_ws/install/turtlesim/include/turtlesim/turtlesim/srv
[65.428s] -- Up-to-date: /home/jasurbek/ros2_ws/install/turtlesim/include/turtlesim/turtlesim/srv/detail
[65.428s] -- Installing: /home/jasurbek/ros2_ws/install/turtlesim/include/turtlesim/turtlesim/srv/detail/kill__type_support.cpp
[65.429s] -- Installing: /home/jasurbek/ros2_ws/install/turtlesim/include/turtlesim/turtlesim/srv/detail/teleport_absolute__type_support.cpp
[65.429s] -- Installing: /home/jasurbek/ros2_ws/install/turtlesim/include/turtlesim/turtlesim/srv/detail/spawn__type_support.cpp
[65.430s] -- Installing: /home/jasurbek/ros2_ws/install/turtlesim/include/turtlesim/turtlesim/srv/detail/set_pen__type_support.cpp
[65.430s] -- Installing: /home/jasurbek/ros2_ws/install/turtlesim/include/turtlesim/turtlesim/srv/detail/set_pen__rosidl_typesupport_introspection_cpp.hpp
[65.430s] -- Installing: /home/jasurbek/ros2_ws/install/turtlesim/include/turtlesim/turtlesim/srv/detail/teleport_relative__rosidl_typesupport_introspection_cpp.hpp
[65.430s] -- Installing: /home/jasurbek/ros2_ws/install/turtlesim/include/turtlesim/turtlesim/srv/detail/kill__rosidl_typesupport_introspection_cpp.hpp
[65.431s] -- Installing: /home/jasurbek/ros2_ws/install/turtlesim/include/turtlesim/turtlesim/srv/detail/teleport_absolute__rosidl_typesupport_introspection_cpp.hpp
[65.431s] -- Installing: /home/jasurbek/ros2_ws/install/turtlesim/include/turtlesim/turtlesim/srv/detail/spawn__rosidl_typesupport_introspection_cpp.hpp
[65.431s] -- Installing: /home/jasurbek/ros2_ws/install/turtlesim/include/turtlesim/turtlesim/srv/detail/teleport_relative__type_support.cpp
[65.432s] -- Up-to-date: /home/jasurbek/ros2_ws/install/turtlesim/include/turtlesim/turtlesim/action
[65.432s] -- Up-to-date: /home/jasurbek/ros2_ws/install/turtlesim/include/turtlesim/turtlesim/action/detail
[65.432s] -- Installing: /home/jasurbek/ros2_ws/install/turtlesim/include/turtlesim/turtlesim/action/detail/rotate_absolute__type_support.cpp
[65.432s] -- Installing: /home/jasurbek/ros2_ws/install/turtlesim/include/turtlesim/turtlesim/action/detail/rotate_absolute__rosidl_typesupport_introspection_cpp.hpp
[65.433s] -- Installing: /home/jasurbek/ros2_ws/install/turtlesim/lib/libturtlesim__rosidl_typesupport_introspection_cpp.so
[65.433s] -- Set runtime path of "/home/jasurbek/ros2_ws/install/turtlesim/lib/libturtlesim__rosidl_typesupport_introspection_cpp.so" to ""
[65.433s] -- Installing: /home/jasurbek/ros2_ws/install/turtlesim/lib/libturtlesim__rosidl_typesupport_cpp.so
[65.434s] -- Set runtime path of "/home/jasurbek/ros2_ws/install/turtlesim/lib/libturtlesim__rosidl_typesupport_cpp.so" to ""
[65.434s] -- Installing: /home/jasurbek/ros2_ws/install/turtlesim/share/turtlesim/environment/pythonpath.sh
[65.435s] -- Installing: /home/jasurbek/ros2_ws/install/turtlesim/share/turtlesim/environment/pythonpath.dsv
[65.435s] -- Installing: /home/jasurbek/ros2_ws/install/turtlesim/local/lib/python3.10/dist-packages/turtlesim-1.5.0-py3.10.egg-info
[65.435s] -- Installing: /home/jasurbek/ros2_ws/install/turtlesim/local/lib/python3.10/dist-packages/turtlesim-1.5.0-py3.10.egg-info/dependency_links.txt
[65.435s] -- Installing: /home/jasurbek/ros2_ws/install/turtlesim/local/lib/python3.10/dist-packages/turtlesim-1.5.0-py3.10.egg-info/top_level.txt
[65.436s] -- Installing: /home/jasurbek/ros2_ws/install/turtlesim/local/lib/python3.10/dist-packages/turtlesim-1.5.0-py3.10.egg-info/SOURCES.txt
[65.436s] -- Installing: /home/jasurbek/ros2_ws/install/turtlesim/local/lib/python3.10/dist-packages/turtlesim-1.5.0-py3.10.egg-info/PKG-INFO
[65.436s] -- Installing: /home/jasurbek/ros2_ws/install/turtlesim/local/lib/python3.10/dist-packages/turtlesim
[65.437s] -- Installing: /home/jasurbek/ros2_ws/install/turtlesim/local/lib/python3.10/dist-packages/turtlesim/turtlesim_s__rosidl_typesupport_fastrtps_c.cpython-310-x86_64-linux-gnu.so
[65.437s] -- Installing: /home/jasurbek/ros2_ws/install/turtlesim/local/lib/python3.10/dist-packages/turtlesim/libturtlesim__rosidl_generator_py.so
[65.437s] -- Installing: /home/jasurbek/ros2_ws/install/turtlesim/local/lib/python3.10/dist-packages/turtlesim/msg
[65.437s] -- Installing: /home/jasurbek/ros2_ws/install/turtlesim/local/lib/python3.10/dist-packages/turtlesim/msg/_color.py
[65.438s] -- Installing: /home/jasurbek/ros2_ws/install/turtlesim/local/lib/python3.10/dist-packages/turtlesim/msg/_pose.py
[65.438s] -- Installing: /home/jasurbek/ros2_ws/install/turtlesim/local/lib/python3.10/dist-packages/turtlesim/msg/__init__.py
[65.438s] -- Installing: /home/jasurbek/ros2_ws/install/turtlesim/local/lib/python3.10/dist-packages/turtlesim/msg/_pose_s.c
[65.439s] -- Installing: /home/jasurbek/ros2_ws/install/turtlesim/local/lib/python3.10/dist-packages/turtlesim/msg/_color_s.c
[65.439s] -- Installing: /home/jasurbek/ros2_ws/install/turtlesim/local/lib/python3.10/dist-packages/turtlesim/turtlesim_s__rosidl_typesupport_introspection_c.cpython-310-x86_64-linux-gnu.so
[65.439s] -- Installing: /home/jasurbek/ros2_ws/install/turtlesim/local/lib/python3.10/dist-packages/turtlesim/turtlesim_s__rosidl_typesupport_c.cpython-310-x86_64-linux-gnu.so
[65.439s] -- Installing: /home/jasurbek/ros2_ws/install/turtlesim/local/lib/python3.10/dist-packages/turtlesim/_turtlesim_s.ep.rosidl_typesupport_introspection_c.c
[65.440s] -- Installing: /home/jasurbek/ros2_ws/install/turtlesim/local/lib/python3.10/dist-packages/turtlesim/srv
[65.440s] -- Installing: /home/jasurbek/ros2_ws/install/turtlesim/local/lib/python3.10/dist-packages/turtlesim/srv/_set_pen.py
[65.440s] -- Installing: /home/jasurbek/ros2_ws/install/turtlesim/local/lib/python3.10/dist-packages/turtlesim/srv/_teleport_absolute_s.c
[65.441s] -- Installing: /home/jasurbek/ros2_ws/install/turtlesim/local/lib/python3.10/dist-packages/turtlesim/srv/_teleport_relative.py
[65.441s] -- Installing: /home/jasurbek/ros2_ws/install/turtlesim/local/lib/python3.10/dist-packages/turtlesim/srv/_kill.py
[65.442s] -- Installing: /home/jasurbek/ros2_ws/install/turtlesim/local/lib/python3.10/dist-packages/turtlesim/srv/_kill_s.c
[65.442s] -- Installing: /home/jasurbek/ros2_ws/install/turtlesim/local/lib/python3.10/dist-packages/turtlesim/srv/_teleport_relative_s.c
[65.442s] -- Installing: /home/jasurbek/ros2_ws/install/turtlesim/local/lib/python3.10/dist-packages/turtlesim/srv/__init__.py
[65.442s] -- Installing: /home/jasurbek/ros2_ws/install/turtlesim/local/lib/python3.10/dist-packages/turtlesim/srv/_set_pen_s.c
[65.443s] -- Installing: /home/jasurbek/ros2_ws/install/turtlesim/local/lib/python3.10/dist-packages/turtlesim/srv/_spawn_s.c
[65.443s] -- Installing: /home/jasurbek/ros2_ws/install/turtlesim/local/lib/python3.10/dist-packages/turtlesim/srv/_teleport_absolute.py
[65.443s] -- Installing: /home/jasurbek/ros2_ws/install/turtlesim/local/lib/python3.10/dist-packages/turtlesim/srv/_spawn.py
[65.444s] -- Installing: /home/jasurbek/ros2_ws/install/turtlesim/local/lib/python3.10/dist-packages/turtlesim/__init__.py
[65.444s] -- Installing: /home/jasurbek/ros2_ws/install/turtlesim/local/lib/python3.10/dist-packages/turtlesim/_turtlesim_s.ep.rosidl_typesupport_c.c
[65.444s] -- Installing: /home/jasurbek/ros2_ws/install/turtlesim/local/lib/python3.10/dist-packages/turtlesim/action
[65.444s] -- Installing: /home/jasurbek/ros2_ws/install/turtlesim/local/lib/python3.10/dist-packages/turtlesim/action/_rotate_absolute.py
[65.445s] -- Installing: /home/jasurbek/ros2_ws/install/turtlesim/local/lib/python3.10/dist-packages/turtlesim/action/__init__.py
[65.445s] -- Installing: /home/jasurbek/ros2_ws/install/turtlesim/local/lib/python3.10/dist-packages/turtlesim/action/_rotate_absolute_s.c
[65.445s] -- Installing: /home/jasurbek/ros2_ws/install/turtlesim/local/lib/python3.10/dist-packages/turtlesim/_turtlesim_s.ep.rosidl_typesupport_fastrtps_c.c
[65.485s] Listing '/home/jasurbek/ros2_ws/install/turtlesim/local/lib/python3.10/dist-packages/turtlesim'...
[65.485s] Compiling '/home/jasurbek/ros2_ws/install/turtlesim/local/lib/python3.10/dist-packages/turtlesim/__init__.py'...
[65.485s] Listing '/home/jasurbek/ros2_ws/install/turtlesim/local/lib/python3.10/dist-packages/turtlesim/action'...
[65.485s] Compiling '/home/jasurbek/ros2_ws/install/turtlesim/local/lib/python3.10/dist-packages/turtlesim/action/__init__.py'...
[65.485s] Compiling '/home/jasurbek/ros2_ws/install/turtlesim/local/lib/python3.10/dist-packages/turtlesim/action/_rotate_absolute.py'...
[65.485s] Listing '/home/jasurbek/ros2_ws/install/turtlesim/local/lib/python3.10/dist-packages/turtlesim/msg'...
[65.485s] Compiling '/home/jasurbek/ros2_ws/install/turtlesim/local/lib/python3.10/dist-packages/turtlesim/msg/__init__.py'...
[65.485s] Compiling '/home/jasurbek/ros2_ws/install/turtlesim/local/lib/python3.10/dist-packages/turtlesim/msg/_color.py'...
[65.485s] Compiling '/home/jasurbek/ros2_ws/install/turtlesim/local/lib/python3.10/dist-packages/turtlesim/msg/_pose.py'...
[65.486s] Listing '/home/jasurbek/ros2_ws/install/turtlesim/local/lib/python3.10/dist-packages/turtlesim/srv'...
[65.486s] Compiling '/home/jasurbek/ros2_ws/install/turtlesim/local/lib/python3.10/dist-packages/turtlesim/srv/__init__.py'...
[65.486s] Compiling '/home/jasurbek/ros2_ws/install/turtlesim/local/lib/python3.10/dist-packages/turtlesim/srv/_kill.py'...
[65.486s] Compiling '/home/jasurbek/ros2_ws/install/turtlesim/local/lib/python3.10/dist-packages/turtlesim/srv/_set_pen.py'...
[65.486s] Compiling '/home/jasurbek/ros2_ws/install/turtlesim/local/lib/python3.10/dist-packages/turtlesim/srv/_spawn.py'...
[65.486s] Compiling '/home/jasurbek/ros2_ws/install/turtlesim/local/lib/python3.10/dist-packages/turtlesim/srv/_teleport_absolute.py'...
[65.486s] Compiling '/home/jasurbek/ros2_ws/install/turtlesim/local/lib/python3.10/dist-packages/turtlesim/srv/_teleport_relative.py'...
[65.489s] -- Installing: /home/jasurbek/ros2_ws/install/turtlesim/local/lib/python3.10/dist-packages/turtlesim/turtlesim_s__rosidl_typesupport_fastrtps_c.cpython-310-x86_64-linux-gnu.so
[65.489s] -- Set runtime path of "/home/jasurbek/ros2_ws/install/turtlesim/local/lib/python3.10/dist-packages/turtlesim/turtlesim_s__rosidl_typesupport_fastrtps_c.cpython-310-x86_64-linux-gnu.so" to ""
[65.490s] -- Installing: /home/jasurbek/ros2_ws/install/turtlesim/local/lib/python3.10/dist-packages/turtlesim/turtlesim_s__rosidl_typesupport_introspection_c.cpython-310-x86_64-linux-gnu.so
[65.490s] -- Set runtime path of "/home/jasurbek/ros2_ws/install/turtlesim/local/lib/python3.10/dist-packages/turtlesim/turtlesim_s__rosidl_typesupport_introspection_c.cpython-310-x86_64-linux-gnu.so" to ""
[65.491s] -- Installing: /home/jasurbek/ros2_ws/install/turtlesim/local/lib/python3.10/dist-packages/turtlesim/turtlesim_s__rosidl_typesupport_c.cpython-310-x86_64-linux-gnu.so
[65.492s] -- Set runtime path of "/home/jasurbek/ros2_ws/install/turtlesim/local/lib/python3.10/dist-packages/turtlesim/turtlesim_s__rosidl_typesupport_c.cpython-310-x86_64-linux-gnu.so" to ""
[65.493s] -- Installing: /home/jasurbek/ros2_ws/install/turtlesim/lib/libturtlesim__rosidl_generator_py.so
[65.493s] -- Set runtime path of "/home/jasurbek/ros2_ws/install/turtlesim/lib/libturtlesim__rosidl_generator_py.so" to ""
[65.493s] -- Installing: /home/jasurbek/ros2_ws/install/turtlesim/share/turtlesim/action/RotateAbsolute.idl
[65.494s] -- Installing: /home/jasurbek/ros2_ws/install/turtlesim/share/turtlesim/msg/Color.idl
[65.494s] -- Installing: /home/jasurbek/ros2_ws/install/turtlesim/share/turtlesim/msg/Pose.idl
[65.494s] -- Installing: /home/jasurbek/ros2_ws/install/turtlesim/share/turtlesim/srv/Kill.idl
[65.495s] -- Installing: /home/jasurbek/ros2_ws/install/turtlesim/share/turtlesim/srv/SetPen.idl
[65.495s] -- Installing: /home/jasurbek/ros2_ws/install/turtlesim/share/turtlesim/srv/Spawn.idl
[65.495s] -- Installing: /home/jasurbek/ros2_ws/install/turtlesim/share/turtlesim/srv/TeleportAbsolute.idl
[65.495s] -- Installing: /home/jasurbek/ros2_ws/install/turtlesim/share/turtlesim/srv/TeleportRelative.idl
[65.496s] -- Installing: /home/jasurbek/ros2_ws/install/turtlesim/share/turtlesim/action/RotateAbsolute.action
[65.496s] -- Installing: /home/jasurbek/ros2_ws/install/turtlesim/share/turtlesim/msg/Color.msg
[65.496s] -- Installing: /home/jasurbek/ros2_ws/install/turtlesim/share/turtlesim/msg/Pose.msg
[65.497s] -- Installing: /home/jasurbek/ros2_ws/install/turtlesim/share/turtlesim/srv/Kill.srv
[65.497s] -- Installing: /home/jasurbek/ros2_ws/install/turtlesim/share/turtlesim/srv/Kill_Request.msg
[65.497s] -- Installing: /home/jasurbek/ros2_ws/install/turtlesim/share/turtlesim/srv/Kill_Response.msg
[65.498s] -- Installing: /home/jasurbek/ros2_ws/install/turtlesim/share/turtlesim/srv/SetPen.srv
[65.498s] -- Installing: /home/jasurbek/ros2_ws/install/turtlesim/share/turtlesim/srv/SetPen_Request.msg
[65.498s] -- Installing: /home/jasurbek/ros2_ws/install/turtlesim/share/turtlesim/srv/SetPen_Response.msg
[65.499s] -- Installing: /home/jasurbek/ros2_ws/install/turtlesim/share/turtlesim/srv/Spawn.srv
[65.499s] -- Installing: /home/jasurbek/ros2_ws/install/turtlesim/share/turtlesim/srv/Spawn_Request.msg
[65.499s] -- Installing: /home/jasurbek/ros2_ws/install/turtlesim/share/turtlesim/srv/Spawn_Response.msg
[65.500s] -- Installing: /home/jasurbek/ros2_ws/install/turtlesim/share/turtlesim/srv/TeleportAbsolute.srv
[65.500s] -- Installing: /home/jasurbek/ros2_ws/install/turtlesim/share/turtlesim/srv/TeleportAbsolute_Request.msg
[65.500s] -- Installing: /home/jasurbek/ros2_ws/install/turtlesim/share/turtlesim/srv/TeleportAbsolute_Response.msg
[65.500s] -- Installing: /home/jasurbek/ros2_ws/install/turtlesim/share/turtlesim/srv/TeleportRelative.srv
[65.501s] -- Installing: /home/jasurbek/ros2_ws/install/turtlesim/share/turtlesim/srv/TeleportRelative_Request.msg
[65.501s] -- Installing: /home/jasurbek/ros2_ws/install/turtlesim/share/turtlesim/srv/TeleportRelative_Response.msg
[65.502s] -- Installing: /home/jasurbek/ros2_ws/install/turtlesim/lib/turtlesim/turtlesim_node
[65.512s] -- Set runtime path of "/home/jasurbek/ros2_ws/install/turtlesim/lib/turtlesim/turtlesim_node" to ""
[65.512s] -- Installing: /home/jasurbek/ros2_ws/install/turtlesim/lib/turtlesim/turtle_teleop_key
[65.514s] -- Set runtime path of "/home/jasurbek/ros2_ws/install/turtlesim/lib/turtlesim/turtle_teleop_key" to ""
[65.515s] -- Installing: /home/jasurbek/ros2_ws/install/turtlesim/lib/turtlesim/draw_square
[65.519s] -- Set runtime path of "/home/jasurbek/ros2_ws/install/turtlesim/lib/turtlesim/draw_square" to ""
[65.519s] -- Installing: /home/jasurbek/ros2_ws/install/turtlesim/lib/turtlesim/mimic
[65.524s] -- Set runtime path of "/home/jasurbek/ros2_ws/install/turtlesim/lib/turtlesim/mimic" to ""
[65.525s] -- Installing: /home/jasurbek/ros2_ws/install/turtlesim/share/turtlesim/images
[65.525s] -- Installing: /home/jasurbek/ros2_ws/install/turtlesim/share/turtlesim/images/rolling.png
[65.526s] -- Installing: /home/jasurbek/ros2_ws/install/turtlesim/share/turtlesim/images/dashing.png
[65.526s] -- Installing: /home/jasurbek/ros2_ws/install/turtlesim/share/turtlesim/images/eloquent.png
[65.527s] -- Installing: /home/jasurbek/ros2_ws/install/turtlesim/share/turtlesim/images/foxy.png
[65.527s] -- Installing: /home/jasurbek/ros2_ws/install/turtlesim/share/turtlesim/images/humble.png
[65.528s] -- Installing: /home/jasurbek/ros2_ws/install/turtlesim/share/turtlesim/images/galactic.png
[65.528s] -- Installing: /home/jasurbek/ros2_ws/install/turtlesim/share/turtlesim/images/ardent.png
[65.529s] -- Installing: /home/jasurbek/ros2_ws/install/turtlesim/share/turtlesim/images/bouncy.png
[65.529s] -- Installing: /home/jasurbek/ros2_ws/install/turtlesim/share/turtlesim/images/crystal.png
[65.530s] -- Installing: /home/jasurbek/ros2_ws/install/turtlesim/share/turtlesim/launch
[65.531s] -- Installing: /home/jasurbek/ros2_ws/install/turtlesim/share/turtlesim/launch/multisim.launch.py
[65.531s] -- Installing: /home/jasurbek/ros2_ws/install/turtlesim/share/ament_index/resource_index/package_run_dependencies/turtlesim
[65.532s] -- Installing: /home/jasurbek/ros2_ws/install/turtlesim/share/ament_index/resource_index/parent_prefix_path/turtlesim
[65.532s] -- Installing: /home/jasurbek/ros2_ws/install/turtlesim/share/turtlesim/environment/ament_prefix_path.sh
[65.533s] -- Installing: /home/jasurbek/ros2_ws/install/turtlesim/share/turtlesim/environment/ament_prefix_path.dsv
[65.533s] -- Installing: /home/jasurbek/ros2_ws/install/turtlesim/share/turtlesim/environment/path.sh
[65.533s] -- Installing: /home/jasurbek/ros2_ws/install/turtlesim/share/turtlesim/environment/path.dsv
[65.533s] -- Installing: /home/jasurbek/ros2_ws/install/turtlesim/share/turtlesim/local_setup.bash
[65.534s] -- Installing: /home/jasurbek/ros2_ws/install/turtlesim/share/turtlesim/local_setup.sh
[65.534s] -- Installing: /home/jasurbek/ros2_ws/install/turtlesim/share/turtlesim/local_setup.zsh
[65.534s] -- Installing: /home/jasurbek/ros2_ws/install/turtlesim/share/turtlesim/local_setup.dsv
[65.534s] -- Installing: /home/jasurbek/ros2_ws/install/turtlesim/share/turtlesim/package.dsv
[65.535s] -- Installing: /home/jasurbek/ros2_ws/install/turtlesim/share/ament_index/resource_index/packages/turtlesim
[65.535s] -- Installing: /home/jasurbek/ros2_ws/install/turtlesim/share/turtlesim/cmake/export_turtlesim__rosidl_generator_cExport.cmake
[65.535s] -- Installing: /home/jasurbek/ros2_ws/install/turtlesim/share/turtlesim/cmake/export_turtlesim__rosidl_generator_cExport-noconfig.cmake
[65.535s] -- Installing: /home/jasurbek/ros2_ws/install/turtlesim/share/turtlesim/cmake/export_turtlesim__rosidl_typesupport_fastrtps_cExport.cmake
[65.536s] -- Installing: /home/jasurbek/ros2_ws/install/turtlesim/share/turtlesim/cmake/export_turtlesim__rosidl_typesupport_fastrtps_cExport-noconfig.cmake
[65.536s] -- Installing: /home/jasurbek/ros2_ws/install/turtlesim/share/turtlesim/cmake/export_turtlesim__rosidl_generator_cppExport.cmake
[65.537s] -- Installing: /home/jasurbek/ros2_ws/install/turtlesim/share/turtlesim/cmake/export_turtlesim__rosidl_typesupport_fastrtps_cppExport.cmake
[65.537s] -- Installing: /home/jasurbek/ros2_ws/install/turtlesim/share/turtlesim/cmake/export_turtlesim__rosidl_typesupport_fastrtps_cppExport-noconfig.cmake
[65.537s] -- Installing: /home/jasurbek/ros2_ws/install/turtlesim/share/turtlesim/cmake/turtlesim__rosidl_typesupport_introspection_cExport.cmake
[65.537s] -- Installing: /home/jasurbek/ros2_ws/install/turtlesim/share/turtlesim/cmake/turtlesim__rosidl_typesupport_introspection_cExport-noconfig.cmake
[65.538s] -- Installing: /home/jasurbek/ros2_ws/install/turtlesim/share/turtlesim/cmake/turtlesim__rosidl_typesupport_cExport.cmake
[65.538s] -- Installing: /home/jasurbek/ros2_ws/install/turtlesim/share/turtlesim/cmake/turtlesim__rosidl_typesupport_cExport-noconfig.cmake
[65.538s] -- Installing: /home/jasurbek/ros2_ws/install/turtlesim/share/turtlesim/cmake/turtlesim__rosidl_typesupport_introspection_cppExport.cmake
[65.538s] -- Installing: /home/jasurbek/ros2_ws/install/turtlesim/share/turtlesim/cmake/turtlesim__rosidl_typesupport_introspection_cppExport-noconfig.cmake
[65.539s] -- Installing: /home/jasurbek/ros2_ws/install/turtlesim/share/turtlesim/cmake/turtlesim__rosidl_typesupport_cppExport.cmake
[65.540s] -- Installing: /home/jasurbek/ros2_ws/install/turtlesim/share/turtlesim/cmake/turtlesim__rosidl_typesupport_cppExport-noconfig.cmake
[65.540s] -- Installing: /home/jasurbek/ros2_ws/install/turtlesim/share/turtlesim/cmake/export_turtlesim__rosidl_generator_pyExport.cmake
[65.540s] -- Installing: /home/jasurbek/ros2_ws/install/turtlesim/share/turtlesim/cmake/export_turtlesim__rosidl_generator_pyExport-noconfig.cmake
[65.540s] -- Installing: /home/jasurbek/ros2_ws/install/turtlesim/share/turtlesim/cmake/rosidl_cmake-extras.cmake
[65.541s] -- Installing: /home/jasurbek/ros2_ws/install/turtlesim/share/turtlesim/cmake/ament_cmake_export_dependencies-extras.cmake
[65.542s] -- Installing: /home/jasurbek/ros2_ws/install/turtlesim/share/turtlesim/cmake/ament_cmake_export_include_directories-extras.cmake
[65.542s] -- Installing: /home/jasurbek/ros2_ws/install/turtlesim/share/turtlesim/cmake/ament_cmake_export_libraries-extras.cmake
[65.542s] -- Installing: /home/jasurbek/ros2_ws/install/turtlesim/share/turtlesim/cmake/ament_cmake_export_targets-extras.cmake
[65.542s] -- Installing: /home/jasurbek/ros2_ws/install/turtlesim/share/turtlesim/cmake/rosidl_cmake_export_typesupport_targets-extras.cmake
[65.543s] -- Installing: /home/jasurbek/ros2_ws/install/turtlesim/share/turtlesim/cmake/rosidl_cmake_export_typesupport_libraries-extras.cmake
[65.543s] -- Installing: /home/jasurbek/ros2_ws/install/turtlesim/share/turtlesim/cmake/turtlesimConfig.cmake
[65.543s] -- Installing: /home/jasurbek/ros2_ws/install/turtlesim/share/turtlesim/cmake/turtlesimConfig-version.cmake
[65.543s] -- Installing: /home/jasurbek/ros2_ws/install/turtlesim/share/turtlesim/package.xml
[65.545s] Invoked command in '/home/jasurbek/ros2_ws/build/turtlesim' returned '0': CMAKE_PREFIX_PATH=/opt/ros/humble /usr/bin/cmake --install /home/jasurbek/ros2_ws/build/turtlesim
