[0.047s] Invoking command in '/home/jasurbek/ros2_ws/build/examples_rclcpp_minimal_action_client': CMAKE_PREFIX_PATH=/opt/ros/humble /usr/bin/cmake /home/jasurbek/ros2_ws/src/examples/rclcpp/actions/minimal_action_client -DAMENT_CMAKE_SYMLINK_INSTALL=1 -DCMAKE_INSTALL_PREFIX=/home/jasurbek/ros2_ws/install/examples_rclcpp_minimal_action_client
[0.305s] -- The C compiler identification is GNU 11.2.0
[0.531s] -- The CXX compiler identification is GNU 11.2.0
[0.580s] -- Detecting C compiler ABI info
[0.759s] -- Detecting C compiler ABI info - done
[0.792s] -- Check for working C compiler: /usr/bin/cc - skipped
[0.793s] -- Detecting C compile features
[0.795s] -- Detecting C compile features - done
[0.813s] -- Detecting CXX compiler ABI info
[1.222s] -- Detecting CXX compiler ABI info - done
[1.269s] -- Check for working CXX compiler: /usr/bin/c++ - skipped
[1.270s] -- Detecting CXX compile features
[1.271s] -- Detecting CXX compile features - done
[1.284s] -- Found ament_cmake: 1.3.2 (/opt/ros/humble/share/ament_cmake/cmake)
[1.621s] -- Found Python3: /usr/bin/python3.10 (found version "3.10.6") found components: Interpreter 
[1.796s] -- Override CMake install command with custom implementation using symlinks instead of copying resources
[1.897s] -- Found example_interfaces: 0.9.3 (/opt/ros/humble/share/example_interfaces/cmake)
[2.066s] -- Found rosidl_generator_c: 3.1.3 (/opt/ros/humble/share/rosidl_generator_c/cmake)
[2.095s] -- Found rosidl_adapter: 3.1.3 (/opt/ros/humble/share/rosidl_adapter/cmake)
[2.140s] -- Found rosidl_generator_cpp: 3.1.3 (/opt/ros/humble/share/rosidl_generator_cpp/cmake)
[2.197s] -- Using all available rosidl_typesupport_c: rosidl_typesupport_fastrtps_c;rosidl_typesupport_introspection_c
[2.248s] -- Using all available rosidl_typesupport_cpp: rosidl_typesupport_fastrtps_cpp;rosidl_typesupport_introspection_cpp
[2.863s] -- Found rclcpp: 16.0.1 (/opt/ros/humble/share/rclcpp/cmake)
[3.053s] -- Found rmw_implementation_cmake: 6.1.0 (/opt/ros/humble/share/rmw_implementation_cmake/cmake)
[3.059s] -- Found rmw_fastrtps_cpp: 6.2.1 (/opt/ros/humble/share/rmw_fastrtps_cpp/cmake)
[3.440s] -- Found OpenSSL: /usr/lib/x86_64-linux-gnu/libcrypto.so (found version "3.0.2")  
[3.540s] -- Found FastRTPS: /opt/ros/humble/include  
[3.759s] -- Using RMW implementation 'rmw_fastrtps_cpp' as default
[4.308s] -- Found rclcpp_action: 16.0.1 (/opt/ros/humble/share/rclcpp_action/cmake)
[4.395s] -- Found ament_lint_auto: 0.12.4 (/opt/ros/humble/share/ament_lint_auto/cmake)
[4.624s] -- Added test 'copyright' to check source files copyright and LICENSE
[4.626s] -- Added test 'cppcheck' to perform static code analysis on C / C++ code
[4.627s] -- Configured cppcheck include dirs: 
[4.628s] -- Configured cppcheck exclude dirs and/or files: 
[4.629s] -- Added test 'cpplint' to check C / C++ code against the Google style
[4.629s] -- Configured cpplint exclude dirs and/or files: 
[4.630s] -- Added test 'lint_cmake' to check CMake code style
[4.644s] -- Added test 'uncrustify' to check C / C++ code style
[4.644s] -- Configured uncrustify additional arguments: 
[4.645s] -- Added test 'xmllint' to check XML markup files
[4.649s] -- Configuring done
[4.724s] -- Generating done
[4.729s] -- Build files have been written to: /home/jasurbek/ros2_ws/build/examples_rclcpp_minimal_action_client
[4.743s] Invoked command in '/home/jasurbek/ros2_ws/build/examples_rclcpp_minimal_action_client' returned '0': CMAKE_PREFIX_PATH=/opt/ros/humble /usr/bin/cmake /home/jasurbek/ros2_ws/src/examples/rclcpp/actions/minimal_action_client -DAMENT_CMAKE_SYMLINK_INSTALL=1 -DCMAKE_INSTALL_PREFIX=/home/jasurbek/ros2_ws/install/examples_rclcpp_minimal_action_client
[4.752s] Invoking command in '/home/jasurbek/ros2_ws/build/examples_rclcpp_minimal_action_client': CMAKE_PREFIX_PATH=/opt/ros/humble /usr/bin/cmake --build /home/jasurbek/ros2_ws/build/examples_rclcpp_minimal_action_client -- -j2 -l2
[4.894s] [ 12%] [32mBuilding CXX object CMakeFiles/action_client_not_composable.dir/not_composable.cpp.o[0m
[4.907s] [ 25%] [32mBuilding CXX object CMakeFiles/action_client_member_functions.dir/member_functions.cpp.o[0m
[28.115s] [ 37%] [32m[1mLinking CXX executable action_client_not_composable[0m
[28.782s] [ 50%] [32m[1mLinking CXX executable action_client_member_functions[0m
[28.989s] [ 50%] Built target action_client_not_composable
[29.410s] [ 50%] Built target action_client_member_functions
[29.457s] [ 62%] [32mBuilding CXX object CMakeFiles/action_client_not_composable_with_cancel.dir/not_composable_with_cancel.cpp.o[0m
[40.087s] [ 75%] [32m[1mLinking CXX executable action_client_not_composable_with_cancel[0m
[40.465s] [ 75%] Built target action_client_not_composable_with_cancel
[40.509s] [ 87%] [32mBuilding CXX object CMakeFiles/action_client_not_composable_with_feedback.dir/not_composable_with_feedback.cpp.o[0m
[49.618s] [100%] [32m[1mLinking CXX executable action_client_not_composable_with_feedback[0m
[49.924s] [100%] Built target action_client_not_composable_with_feedback
[49.947s] Invoked command in '/home/jasurbek/ros2_ws/build/examples_rclcpp_minimal_action_client' returned '0': CMAKE_PREFIX_PATH=/opt/ros/humble /usr/bin/cmake --build /home/jasurbek/ros2_ws/build/examples_rclcpp_minimal_action_client -- -j2 -l2
[50.013s] Invoking command in '/home/jasurbek/ros2_ws/build/examples_rclcpp_minimal_action_client': CMAKE_PREFIX_PATH=/opt/ros/humble /usr/bin/cmake --install /home/jasurbek/ros2_ws/build/examples_rclcpp_minimal_action_client
[50.029s] -- Install configuration: ""
[50.031s] -- Execute custom install script
[50.032s] -- Symlinking: /home/jasurbek/ros2_ws/install/examples_rclcpp_minimal_action_client/lib/examples_rclcpp_minimal_action_client/action_client_member_functions
[50.047s] -- Symlinking: /home/jasurbek/ros2_ws/install/examples_rclcpp_minimal_action_client/lib/examples_rclcpp_minimal_action_client/action_client_not_composable
[50.062s] -- Symlinking: /home/jasurbek/ros2_ws/install/examples_rclcpp_minimal_action_client/lib/examples_rclcpp_minimal_action_client/action_client_not_composable_with_cancel
[50.081s] -- Symlinking: /home/jasurbek/ros2_ws/install/examples_rclcpp_minimal_action_client/lib/examples_rclcpp_minimal_action_client/action_client_not_composable_with_feedback
[50.099s] -- Symlinking: /home/jasurbek/ros2_ws/install/examples_rclcpp_minimal_action_client/share/ament_index/resource_index/package_run_dependencies/examples_rclcpp_minimal_action_client
[50.115s] -- Symlinking: /home/jasurbek/ros2_ws/install/examples_rclcpp_minimal_action_client/share/ament_index/resource_index/parent_prefix_path/examples_rclcpp_minimal_action_client
[50.130s] -- Symlinking: /home/jasurbek/ros2_ws/install/examples_rclcpp_minimal_action_client/share/examples_rclcpp_minimal_action_client/environment/ament_prefix_path.sh
[50.148s] -- Symlinking: /home/jasurbek/ros2_ws/install/examples_rclcpp_minimal_action_client/share/examples_rclcpp_minimal_action_client/environment/ament_prefix_path.dsv
[50.169s] -- Symlinking: /home/jasurbek/ros2_ws/install/examples_rclcpp_minimal_action_client/share/examples_rclcpp_minimal_action_client/environment/path.sh
[50.186s] -- Symlinking: /home/jasurbek/ros2_ws/install/examples_rclcpp_minimal_action_client/share/examples_rclcpp_minimal_action_client/environment/path.dsv
[50.202s] -- Symlinking: /home/jasurbek/ros2_ws/install/examples_rclcpp_minimal_action_client/share/examples_rclcpp_minimal_action_client/local_setup.bash
[50.218s] -- Symlinking: /home/jasurbek/ros2_ws/install/examples_rclcpp_minimal_action_client/share/examples_rclcpp_minimal_action_client/local_setup.sh
[50.234s] -- Symlinking: /home/jasurbek/ros2_ws/install/examples_rclcpp_minimal_action_client/share/examples_rclcpp_minimal_action_client/local_setup.zsh
[50.250s] -- Symlinking: /home/jasurbek/ros2_ws/install/examples_rclcpp_minimal_action_client/share/examples_rclcpp_minimal_action_client/local_setup.dsv
[50.266s] -- Symlinking: /home/jasurbek/ros2_ws/install/examples_rclcpp_minimal_action_client/share/examples_rclcpp_minimal_action_client/package.dsv
[50.285s] -- Symlinking: /home/jasurbek/ros2_ws/install/examples_rclcpp_minimal_action_client/share/ament_index/resource_index/packages/examples_rclcpp_minimal_action_client
[50.300s] -- Symlinking: /home/jasurbek/ros2_ws/install/examples_rclcpp_minimal_action_client/share/examples_rclcpp_minimal_action_client/cmake/examples_rclcpp_minimal_action_clientConfig.cmake
[50.310s] -- Symlinking: /home/jasurbek/ros2_ws/install/examples_rclcpp_minimal_action_client/share/examples_rclcpp_minimal_action_client/cmake/examples_rclcpp_minimal_action_clientConfig-version.cmake
[50.320s] -- Symlinking: /home/jasurbek/ros2_ws/install/examples_rclcpp_minimal_action_client/share/examples_rclcpp_minimal_action_client/package.xml
[50.331s] Invoked command in '/home/jasurbek/ros2_ws/build/examples_rclcpp_minimal_action_client' returned '0': CMAKE_PREFIX_PATH=/opt/ros/humble /usr/bin/cmake --install /home/jasurbek/ros2_ws/build/examples_rclcpp_minimal_action_client
