[0.030s] Invoking command in '/home/jasurbek/ros2_ws/src/build/examples_rclcpp_minimal_action_server': CMAKE_PREFIX_PATH=${CMAKE_PREFIX_PATH}:/home/jasurbek/ros2_ws/install/launch_testing_examples:/home/jasurbek/ros2_ws/install/examples_rclpy_pointcloud_publisher:/home/jasurbek/ros2_ws/install/examples_rclpy_minimal_subscriber:/home/jasurbek/ros2_ws/install/examples_rclpy_minimal_service:/home/jasurbek/ros2_ws/install/examples_rclpy_minimal_publisher:/home/jasurbek/ros2_ws/install/examples_rclpy_minimal_client:/home/jasurbek/ros2_ws/install/examples_rclpy_minimal_action_server:/home/jasurbek/ros2_ws/install/examples_rclpy_minimal_action_client:/home/jasurbek/ros2_ws/install/examples_rclpy_guard_conditions:/home/jasurbek/ros2_ws/install/examples_rclpy_executors:/opt/ros/rolling:/opt/ros/humble /usr/bin/cmake --build /home/jasurbek/ros2_ws/src/build/examples_rclcpp_minimal_action_server -- -j2 -l2
[0.127s] [35m[1mConsolidate compiler generated dependencies of target action_server_member_functions[0m
[0.168s] [35m[1mConsolidate compiler generated dependencies of target action_server_not_composable[0m
[0.181s] [ 50%] Built target action_server_member_functions
[0.208s] [100%] Built target action_server_not_composable
[0.275s] Invoked command in '/home/jasurbek/ros2_ws/src/build/examples_rclcpp_minimal_action_server' returned '0': CMAKE_PREFIX_PATH=${CMAKE_PREFIX_PATH}:/home/jasurbek/ros2_ws/install/launch_testing_examples:/home/jasurbek/ros2_ws/install/examples_rclpy_pointcloud_publisher:/home/jasurbek/ros2_ws/install/examples_rclpy_minimal_subscriber:/home/jasurbek/ros2_ws/install/examples_rclpy_minimal_service:/home/jasurbek/ros2_ws/install/examples_rclpy_minimal_publisher:/home/jasurbek/ros2_ws/install/examples_rclpy_minimal_client:/home/jasurbek/ros2_ws/install/examples_rclpy_minimal_action_server:/home/jasurbek/ros2_ws/install/examples_rclpy_minimal_action_client:/home/jasurbek/ros2_ws/install/examples_rclpy_guard_conditions:/home/jasurbek/ros2_ws/install/examples_rclpy_executors:/opt/ros/rolling:/opt/ros/humble /usr/bin/cmake --build /home/jasurbek/ros2_ws/src/build/examples_rclcpp_minimal_action_server -- -j2 -l2
[0.342s] Invoking command in '/home/jasurbek/ros2_ws/src/build/examples_rclcpp_minimal_action_server': CMAKE_PREFIX_PATH=${CMAKE_PREFIX_PATH}:/home/jasurbek/ros2_ws/install/launch_testing_examples:/home/jasurbek/ros2_ws/install/examples_rclpy_pointcloud_publisher:/home/jasurbek/ros2_ws/install/examples_rclpy_minimal_subscriber:/home/jasurbek/ros2_ws/install/examples_rclpy_minimal_service:/home/jasurbek/ros2_ws/install/examples_rclpy_minimal_publisher:/home/jasurbek/ros2_ws/install/examples_rclpy_minimal_client:/home/jasurbek/ros2_ws/install/examples_rclpy_minimal_action_server:/home/jasurbek/ros2_ws/install/examples_rclpy_minimal_action_client:/home/jasurbek/ros2_ws/install/examples_rclpy_guard_conditions:/home/jasurbek/ros2_ws/install/examples_rclpy_executors:/opt/ros/rolling:/opt/ros/humble /usr/bin/cmake --install /home/jasurbek/ros2_ws/src/build/examples_rclcpp_minimal_action_server
[0.354s] -- Install configuration: ""
[0.355s] -- Up-to-date: /home/jasurbek/ros2_ws/src/install/examples_rclcpp_minimal_action_server/lib/examples_rclcpp_minimal_action_server/action_server_not_composable
[0.355s] -- Up-to-date: /home/jasurbek/ros2_ws/src/install/examples_rclcpp_minimal_action_server/lib/examples_rclcpp_minimal_action_server/action_server_member_functions
[0.356s] -- Up-to-date: /home/jasurbek/ros2_ws/src/install/examples_rclcpp_minimal_action_server/share/ament_index/resource_index/package_run_dependencies/examples_rclcpp_minimal_action_server
[0.356s] -- Up-to-date: /home/jasurbek/ros2_ws/src/install/examples_rclcpp_minimal_action_server/share/ament_index/resource_index/parent_prefix_path/examples_rclcpp_minimal_action_server
[0.357s] -- Up-to-date: /home/jasurbek/ros2_ws/src/install/examples_rclcpp_minimal_action_server/share/examples_rclcpp_minimal_action_server/environment/ament_prefix_path.sh
[0.357s] -- Up-to-date: /home/jasurbek/ros2_ws/src/install/examples_rclcpp_minimal_action_server/share/examples_rclcpp_minimal_action_server/environment/ament_prefix_path.dsv
[0.357s] -- Up-to-date: /home/jasurbek/ros2_ws/src/install/examples_rclcpp_minimal_action_server/share/examples_rclcpp_minimal_action_server/environment/path.sh
[0.358s] -- Up-to-date: /home/jasurbek/ros2_ws/src/install/examples_rclcpp_minimal_action_server/share/examples_rclcpp_minimal_action_server/environment/path.dsv
[0.358s] -- Up-to-date: /home/jasurbek/ros2_ws/src/install/examples_rclcpp_minimal_action_server/share/examples_rclcpp_minimal_action_server/local_setup.bash
[0.358s] -- Up-to-date: /home/jasurbek/ros2_ws/src/install/examples_rclcpp_minimal_action_server/share/examples_rclcpp_minimal_action_server/local_setup.sh
[0.360s] -- Up-to-date: /home/jasurbek/ros2_ws/src/install/examples_rclcpp_minimal_action_server/share/examples_rclcpp_minimal_action_server/local_setup.zsh
[0.360s] -- Up-to-date: /home/jasurbek/ros2_ws/src/install/examples_rclcpp_minimal_action_server/share/examples_rclcpp_minimal_action_server/local_setup.dsv
[0.361s] -- Installing: /home/jasurbek/ros2_ws/src/install/examples_rclcpp_minimal_action_server/share/examples_rclcpp_minimal_action_server/package.dsv
[0.362s] -- Up-to-date: /home/jasurbek/ros2_ws/src/install/examples_rclcpp_minimal_action_server/share/ament_index/resource_index/packages/examples_rclcpp_minimal_action_server
[0.371s] -- Up-to-date: /home/jasurbek/ros2_ws/src/install/examples_rclcpp_minimal_action_server/share/examples_rclcpp_minimal_action_server/cmake/examples_rclcpp_minimal_action_serverConfig.cmake
[0.372s] -- Up-to-date: /home/jasurbek/ros2_ws/src/install/examples_rclcpp_minimal_action_server/share/examples_rclcpp_minimal_action_server/cmake/examples_rclcpp_minimal_action_serverConfig-version.cmake
[0.372s] -- Up-to-date: /home/jasurbek/ros2_ws/src/install/examples_rclcpp_minimal_action_server/share/examples_rclcpp_minimal_action_server/package.xml
[0.373s] Invoked command in '/home/jasurbek/ros2_ws/src/build/examples_rclcpp_minimal_action_server' returned '0': CMAKE_PREFIX_PATH=${CMAKE_PREFIX_PATH}:/home/jasurbek/ros2_ws/install/launch_testing_examples:/home/jasurbek/ros2_ws/install/examples_rclpy_pointcloud_publisher:/home/jasurbek/ros2_ws/install/examples_rclpy_minimal_subscriber:/home/jasurbek/ros2_ws/install/examples_rclpy_minimal_service:/home/jasurbek/ros2_ws/install/examples_rclpy_minimal_publisher:/home/jasurbek/ros2_ws/install/examples_rclpy_minimal_client:/home/jasurbek/ros2_ws/install/examples_rclpy_minimal_action_server:/home/jasurbek/ros2_ws/install/examples_rclpy_minimal_action_client:/home/jasurbek/ros2_ws/install/examples_rclpy_guard_conditions:/home/jasurbek/ros2_ws/install/examples_rclpy_executors:/opt/ros/rolling:/opt/ros/humble /usr/bin/cmake --install /home/jasurbek/ros2_ws/src/build/examples_rclcpp_minimal_action_server
