[0.880s] Invoking command in '/home/jasurbek/ros2_ws/src/py_pubsub': PYTHONPATH=/home/jasurbek/ros2_ws/install/py_pubsub/lib/python3.10/site-packages:${PYTHONPATH} /usr/bin/python3 setup.py egg_info --egg-base ../../build/py_pubsub build --build-base /home/jasurbek/ros2_ws/build/py_pubsub/build install --prefix /home/jasurbek/ros2_ws/install/py_pubsub --record /home/jasurbek/ros2_ws/build/py_pubsub/install.log --single-version-externally-managed
[1.271s] running egg_info
[1.272s] writing ../../build/py_pubsub/py_pubsub.egg-info/PKG-INFO
[1.273s] writing dependency_links to ../../build/py_pubsub/py_pubsub.egg-info/dependency_links.txt
[1.274s] writing entry points to ../../build/py_pubsub/py_pubsub.egg-info/entry_points.txt
[1.275s] writing requirements to ../../build/py_pubsub/py_pubsub.egg-info/requires.txt
[1.275s] writing top-level names to ../../build/py_pubsub/py_pubsub.egg-info/top_level.txt
[1.277s] reading manifest file '../../build/py_pubsub/py_pubsub.egg-info/SOURCES.txt'
[1.279s] writing manifest file '../../build/py_pubsub/py_pubsub.egg-info/SOURCES.txt'
[1.279s] running build
[1.279s] running build_py
[1.280s] copying py_pubsub/subscriber_member_function.py -> /home/jasurbek/ros2_ws/build/py_pubsub/build/lib/py_pubsub
[1.281s] copying py_pubsub/publisher_member_function.py -> /home/jasurbek/ros2_ws/build/py_pubsub/build/lib/py_pubsub
[1.281s] running install
[1.282s] /usr/lib/python3/dist-packages/setuptools/command/install.py:34: SetuptoolsDeprecationWarning: setup.py install is deprecated. Use build and pip and other standards-based tools.
[1.282s]   warnings.warn(
[1.282s] running install_lib
[1.283s] copying /home/jasurbek/ros2_ws/build/py_pubsub/build/lib/py_pubsub/subscriber_member_function.py -> /home/jasurbek/ros2_ws/install/py_pubsub/lib/python3.10/site-packages/py_pubsub
[1.284s] copying /home/jasurbek/ros2_ws/build/py_pubsub/build/lib/py_pubsub/publisher_member_function.py -> /home/jasurbek/ros2_ws/install/py_pubsub/lib/python3.10/site-packages/py_pubsub
[1.288s] byte-compiling /home/jasurbek/ros2_ws/install/py_pubsub/lib/python3.10/site-packages/py_pubsub/subscriber_member_function.py to subscriber_member_function.cpython-310.pyc
[1.289s] byte-compiling /home/jasurbek/ros2_ws/install/py_pubsub/lib/python3.10/site-packages/py_pubsub/publisher_member_function.py to publisher_member_function.cpython-310.pyc
[1.290s] running install_data
[1.291s] running install_egg_info
[1.293s] removing '/home/jasurbek/ros2_ws/install/py_pubsub/lib/python3.10/site-packages/py_pubsub-0.0.0-py3.10.egg-info' (and everything under it)
[1.294s] Copying ../../build/py_pubsub/py_pubsub.egg-info to /home/jasurbek/ros2_ws/install/py_pubsub/lib/python3.10/site-packages/py_pubsub-0.0.0-py3.10.egg-info
[1.295s] running install_scripts
[1.322s] Installing listener script to /home/jasurbek/ros2_ws/install/py_pubsub/lib/py_pubsub
[1.323s] Installing talker script to /home/jasurbek/ros2_ws/install/py_pubsub/lib/py_pubsub
[1.324s] writing list of installed files to '/home/jasurbek/ros2_ws/build/py_pubsub/install.log'
[1.356s] Invoked command in '/home/jasurbek/ros2_ws/src/py_pubsub' returned '0': PYTHONPATH=/home/jasurbek/ros2_ws/install/py_pubsub/lib/python3.10/site-packages:${PYTHONPATH} /usr/bin/python3 setup.py egg_info --egg-base ../../build/py_pubsub build --build-base /home/jasurbek/ros2_ws/build/py_pubsub/build install --prefix /home/jasurbek/ros2_ws/install/py_pubsub --record /home/jasurbek/ros2_ws/build/py_pubsub/install.log --single-version-externally-managed
