[1.661s] Invoking command in '/home/jasurbek/ros2_ws/src/examples/rclpy/topics/minimal_publisher': PYTHONPATH=/home/jasurbek/ros2_ws/src/install/examples_rclpy_minimal_publisher/lib/python3.10/site-packages:${PYTHONPATH} /usr/bin/python3 setup.py egg_info --egg-base ../../../../build/examples_rclpy_minimal_publisher build --build-base /home/jasurbek/ros2_ws/src/build/examples_rclpy_minimal_publisher/build install --prefix /home/jasurbek/ros2_ws/src/install/examples_rclpy_minimal_publisher --record /home/jasurbek/ros2_ws/src/build/examples_rclpy_minimal_publisher/install.log --single-version-externally-managed
[2.392s] running egg_info
[2.394s] writing ../../../../build/examples_rclpy_minimal_publisher/examples_rclpy_minimal_publisher.egg-info/PKG-INFO
[2.395s] writing dependency_links to ../../../../build/examples_rclpy_minimal_publisher/examples_rclpy_minimal_publisher.egg-info/dependency_links.txt
[2.395s] writing entry points to ../../../../build/examples_rclpy_minimal_publisher/examples_rclpy_minimal_publisher.egg-info/entry_points.txt
[2.396s] writing requirements to ../../../../build/examples_rclpy_minimal_publisher/examples_rclpy_minimal_publisher.egg-info/requires.txt
[2.397s] writing top-level names to ../../../../build/examples_rclpy_minimal_publisher/examples_rclpy_minimal_publisher.egg-info/top_level.txt
[2.402s] reading manifest file '../../../../build/examples_rclpy_minimal_publisher/examples_rclpy_minimal_publisher.egg-info/SOURCES.txt'
[2.404s] writing manifest file '../../../../build/examples_rclpy_minimal_publisher/examples_rclpy_minimal_publisher.egg-info/SOURCES.txt'
[2.405s] running build
[2.405s] running build_py
[2.406s] running install
[2.407s] /usr/lib/python3/dist-packages/setuptools/command/install.py:34: SetuptoolsDeprecationWarning: setup.py install is deprecated. Use build and pip and other standards-based tools.
[2.407s]   warnings.warn(
[2.407s] running install_lib
[2.411s] running install_data
[2.413s] running install_egg_info
[2.417s] removing '/home/jasurbek/ros2_ws/src/install/examples_rclpy_minimal_publisher/lib/python3.10/site-packages/examples_rclpy_minimal_publisher-0.16.1-py3.10.egg-info' (and everything under it)
[2.418s] Copying ../../../../build/examples_rclpy_minimal_publisher/examples_rclpy_minimal_publisher.egg-info to /home/jasurbek/ros2_ws/src/install/examples_rclpy_minimal_publisher/lib/python3.10/site-packages/examples_rclpy_minimal_publisher-0.16.1-py3.10.egg-info
[2.421s] running install_scripts
[2.479s] Installing publisher_local_function script to /home/jasurbek/ros2_ws/src/install/examples_rclpy_minimal_publisher/lib/examples_rclpy_minimal_publisher
[2.480s] Installing publisher_member_function script to /home/jasurbek/ros2_ws/src/install/examples_rclpy_minimal_publisher/lib/examples_rclpy_minimal_publisher
[2.481s] Installing publisher_old_school script to /home/jasurbek/ros2_ws/src/install/examples_rclpy_minimal_publisher/lib/examples_rclpy_minimal_publisher
[2.482s] writing list of installed files to '/home/jasurbek/ros2_ws/src/build/examples_rclpy_minimal_publisher/install.log'
[2.538s] Invoked command in '/home/jasurbek/ros2_ws/src/examples/rclpy/topics/minimal_publisher' returned '0': PYTHONPATH=/home/jasurbek/ros2_ws/src/install/examples_rclpy_minimal_publisher/lib/python3.10/site-packages:${PYTHONPATH} /usr/bin/python3 setup.py egg_info --egg-base ../../../../build/examples_rclpy_minimal_publisher build --build-base /home/jasurbek/ros2_ws/src/build/examples_rclpy_minimal_publisher/build install --prefix /home/jasurbek/ros2_ws/src/install/examples_rclpy_minimal_publisher --record /home/jasurbek/ros2_ws/src/build/examples_rclpy_minimal_publisher/install.log --single-version-externally-managed
