[0.016s] Invoking command in '/home/jasurbek/ros2_ws/src/build/examples_rclcpp_minimal_composition': CMAKE_PREFIX_PATH=/opt/ros/rolling:/opt/ros/humble /usr/bin/cmake /home/jasurbek/ros2_ws/src/examples/rclcpp/composition/minimal_composition -DCMAKE_INSTALL_PREFIX=/home/jasurbek/ros2_ws/src/install/examples_rclcpp_minimal_composition
[0.139s] -- The C compiler identification is GNU 11.2.0
[0.241s] -- The CXX compiler identification is GNU 11.2.0
[0.259s] -- Detecting C compiler ABI info
[0.398s] -- Detecting C compiler ABI info - done
[0.424s] -- Check for working C compiler: /usr/bin/cc - skipped
[0.425s] -- Detecting C compile features
[0.426s] -- Detecting C compile features - done
[0.434s] -- Detecting CXX compiler ABI info
[0.591s] -- Detecting CXX compiler ABI info - done
[0.616s] -- Check for working CXX compiler: /usr/bin/c++ - skipped
[0.616s] -- Detecting CXX compile features
[0.618s] -- Detecting CXX compile features - done
[0.622s] -- Found ament_cmake: 1.5.0 (/opt/ros/rolling/share/ament_cmake/cmake)
[1.015s] -- Found Python3: /usr/bin/python3.10 (found version "3.10.6") found components: Interpreter 
[1.194s] -- Found rclcpp: 16.2.0 (/opt/ros/rolling/share/rclcpp/cmake)
[1.309s] -- Found rosidl_generator_c: 3.2.1 (/opt/ros/rolling/share/rosidl_generator_c/cmake)
[1.317s] -- Found rosidl_adapter: 3.2.1 (/opt/ros/rolling/share/rosidl_adapter/cmake)
[1.328s] -- Found rosidl_generator_cpp: 3.2.1 (/opt/ros/rolling/share/rosidl_generator_cpp/cmake)
[1.355s] -- Using all available rosidl_typesupport_c: rosidl_typesupport_fastrtps_c;rosidl_typesupport_introspection_c
[1.409s] -- Using all available rosidl_typesupport_cpp: rosidl_typesupport_fastrtps_cpp;rosidl_typesupport_introspection_cpp
[1.606s] -- Found rmw_implementation_cmake: 6.3.0 (/opt/ros/rolling/share/rmw_implementation_cmake/cmake)
[1.612s] -- Found rmw_fastrtps_cpp: 6.3.0 (/opt/ros/rolling/share/rmw_fastrtps_cpp/cmake)
[1.839s] -- Found OpenSSL: /usr/lib/x86_64-linux-gnu/libcrypto.so (found version "3.0.2")  
[1.899s] -- Found FastRTPS: /opt/ros/rolling/include  
[1.992s] -- Using RMW implementation 'rmw_fastrtps_cpp' as default
[2.416s] -- Found rclcpp_components: 16.2.0 (/opt/ros/rolling/share/rclcpp_components/cmake)
[2.622s] -- Found ament_lint_auto: 0.12.4 (/opt/ros/humble/share/ament_lint_auto/cmake)
[2.805s] -- Added test 'copyright' to check source files copyright and LICENSE
[2.807s] -- Added test 'cppcheck' to perform static code analysis on C / C++ code
[2.807s] -- Configured cppcheck include dirs: /home/jasurbek/ros2_ws/src/examples/rclcpp/composition/minimal_composition/include
[2.808s] -- Configured cppcheck exclude dirs and/or files: 
[2.810s] -- Added test 'cpplint' to check C / C++ code against the Google style
[2.810s] -- Configured cpplint exclude dirs and/or files: 
[2.811s] -- Added test 'lint_cmake' to check CMake code style
[2.813s] -- Added test 'uncrustify' to check C / C++ code style
[2.813s] -- Configured uncrustify additional arguments: 
[2.814s] -- Added test 'xmllint' to check XML markup files
[2.816s] -- Configuring done
[2.849s] -- Generating done
[2.855s] -- Build files have been written to: /home/jasurbek/ros2_ws/src/build/examples_rclcpp_minimal_composition
[2.878s] Invoked command in '/home/jasurbek/ros2_ws/src/build/examples_rclcpp_minimal_composition' returned '0': CMAKE_PREFIX_PATH=/opt/ros/rolling:/opt/ros/humble /usr/bin/cmake /home/jasurbek/ros2_ws/src/examples/rclcpp/composition/minimal_composition -DCMAKE_INSTALL_PREFIX=/home/jasurbek/ros2_ws/src/install/examples_rclcpp_minimal_composition
[2.881s] Invoking command in '/home/jasurbek/ros2_ws/src/build/examples_rclcpp_minimal_composition': CMAKE_PREFIX_PATH=/opt/ros/rolling:/opt/ros/humble /usr/bin/cmake --build /home/jasurbek/ros2_ws/src/build/examples_rclcpp_minimal_composition -- -j2 -l2
[2.980s] [ 11%] [32mBuilding CXX object CMakeFiles/composition_nodes.dir/src/publisher_node.cpp.o[0m
[13.175s] [ 22%] [32mBuilding CXX object CMakeFiles/composition_nodes.dir/src/subscriber_node.cpp.o[0m
[31.790s] [ 33%] [32m[1mLinking CXX shared library libcomposition_nodes.so[0m
[32.771s] [ 33%] Built target composition_nodes
[32.813s] [ 44%] [32mBuilding CXX object CMakeFiles/composition_publisher.dir/src/standalone_publisher.cpp.o[0m
[39.294s] [ 55%] [32m[1mLinking CXX executable composition_publisher[0m
[39.686s] [ 55%] Built target composition_publisher
[39.715s] [ 66%] [32mBuilding CXX object CMakeFiles/composition_subscriber.dir/src/standalone_subscriber.cpp.o[0m
[46.490s] [ 77%] [32m[1mLinking CXX executable composition_subscriber[0m
[46.856s] [ 77%] Built target composition_subscriber
[46.886s] [ 88%] [32mBuilding CXX object CMakeFiles/composition_composed.dir/src/composed.cpp.o[0m
[53.751s] [100%] [32m[1mLinking CXX executable composition_composed[0m
[54.105s] [100%] Built target composition_composed
[54.127s] Invoked command in '/home/jasurbek/ros2_ws/src/build/examples_rclcpp_minimal_composition' returned '0': CMAKE_PREFIX_PATH=/opt/ros/rolling:/opt/ros/humble /usr/bin/cmake --build /home/jasurbek/ros2_ws/src/build/examples_rclcpp_minimal_composition -- -j2 -l2
[54.197s] Invoking command in '/home/jasurbek/ros2_ws/src/build/examples_rclcpp_minimal_composition': CMAKE_PREFIX_PATH=/opt/ros/rolling:/opt/ros/humble /usr/bin/cmake --install /home/jasurbek/ros2_ws/src/build/examples_rclcpp_minimal_composition
[54.209s] -- Install configuration: ""
[54.210s] -- Installing: /home/jasurbek/ros2_ws/src/install/examples_rclcpp_minimal_composition/share/examples_rclcpp_minimal_composition/environment/library_path.sh
[54.210s] -- Installing: /home/jasurbek/ros2_ws/src/install/examples_rclcpp_minimal_composition/share/examples_rclcpp_minimal_composition/environment/library_path.dsv
[54.212s] -- Installing: /home/jasurbek/ros2_ws/src/install/examples_rclcpp_minimal_composition/lib/libcomposition_nodes.so
[54.230s] -- Set runtime path of "/home/jasurbek/ros2_ws/src/install/examples_rclcpp_minimal_composition/lib/libcomposition_nodes.so" to ""
[54.230s] -- Installing: /home/jasurbek/ros2_ws/src/install/examples_rclcpp_minimal_composition/lib/examples_rclcpp_minimal_composition/composition_publisher
[54.232s] -- Set runtime path of "/home/jasurbek/ros2_ws/src/install/examples_rclcpp_minimal_composition/lib/examples_rclcpp_minimal_composition/composition_publisher" to ""
[54.232s] -- Installing: /home/jasurbek/ros2_ws/src/install/examples_rclcpp_minimal_composition/lib/examples_rclcpp_minimal_composition/composition_subscriber
[54.234s] -- Set runtime path of "/home/jasurbek/ros2_ws/src/install/examples_rclcpp_minimal_composition/lib/examples_rclcpp_minimal_composition/composition_subscriber" to ""
[54.234s] -- Installing: /home/jasurbek/ros2_ws/src/install/examples_rclcpp_minimal_composition/lib/examples_rclcpp_minimal_composition/composition_composed
[54.236s] -- Set runtime path of "/home/jasurbek/ros2_ws/src/install/examples_rclcpp_minimal_composition/lib/examples_rclcpp_minimal_composition/composition_composed" to ""
[54.237s] -- Installing: /home/jasurbek/ros2_ws/src/install/examples_rclcpp_minimal_composition/share/ament_index/resource_index/package_run_dependencies/examples_rclcpp_minimal_composition
[54.238s] -- Installing: /home/jasurbek/ros2_ws/src/install/examples_rclcpp_minimal_composition/share/ament_index/resource_index/parent_prefix_path/examples_rclcpp_minimal_composition
[54.239s] -- Installing: /home/jasurbek/ros2_ws/src/install/examples_rclcpp_minimal_composition/share/examples_rclcpp_minimal_composition/environment/ament_prefix_path.sh
[54.239s] -- Installing: /home/jasurbek/ros2_ws/src/install/examples_rclcpp_minimal_composition/share/examples_rclcpp_minimal_composition/environment/ament_prefix_path.dsv
[54.240s] -- Installing: /home/jasurbek/ros2_ws/src/install/examples_rclcpp_minimal_composition/share/examples_rclcpp_minimal_composition/environment/path.sh
[54.241s] -- Installing: /home/jasurbek/ros2_ws/src/install/examples_rclcpp_minimal_composition/share/examples_rclcpp_minimal_composition/environment/path.dsv
[54.242s] -- Installing: /home/jasurbek/ros2_ws/src/install/examples_rclcpp_minimal_composition/share/examples_rclcpp_minimal_composition/local_setup.bash
[54.243s] -- Installing: /home/jasurbek/ros2_ws/src/install/examples_rclcpp_minimal_composition/share/examples_rclcpp_minimal_composition/local_setup.sh
[54.244s] -- Installing: /home/jasurbek/ros2_ws/src/install/examples_rclcpp_minimal_composition/share/examples_rclcpp_minimal_composition/local_setup.zsh
[54.245s] -- Installing: /home/jasurbek/ros2_ws/src/install/examples_rclcpp_minimal_composition/share/examples_rclcpp_minimal_composition/local_setup.dsv
[54.245s] -- Installing: /home/jasurbek/ros2_ws/src/install/examples_rclcpp_minimal_composition/share/examples_rclcpp_minimal_composition/package.dsv
[54.246s] -- Installing: /home/jasurbek/ros2_ws/src/install/examples_rclcpp_minimal_composition/share/ament_index/resource_index/packages/examples_rclcpp_minimal_composition
[54.247s] -- Installing: /home/jasurbek/ros2_ws/src/install/examples_rclcpp_minimal_composition/share/examples_rclcpp_minimal_composition/cmake/examples_rclcpp_minimal_compositionConfig.cmake
[54.248s] -- Installing: /home/jasurbek/ros2_ws/src/install/examples_rclcpp_minimal_composition/share/examples_rclcpp_minimal_composition/cmake/examples_rclcpp_minimal_compositionConfig-version.cmake
[54.249s] -- Installing: /home/jasurbek/ros2_ws/src/install/examples_rclcpp_minimal_composition/share/examples_rclcpp_minimal_composition/package.xml
[54.259s] Invoked command in '/home/jasurbek/ros2_ws/src/build/examples_rclcpp_minimal_composition' returned '0': CMAKE_PREFIX_PATH=/opt/ros/rolling:/opt/ros/humble /usr/bin/cmake --install /home/jasurbek/ros2_ws/src/build/examples_rclcpp_minimal_composition
