[0.032s] Invoking command in '/home/jasurbek/ros2_ws/src/build/examples_rclcpp_minimal_composition': CMAKE_PREFIX_PATH=${CMAKE_PREFIX_PATH}:/home/jasurbek/ros2_ws/install/launch_testing_examples:/home/jasurbek/ros2_ws/install/examples_rclpy_pointcloud_publisher:/home/jasurbek/ros2_ws/install/examples_rclpy_minimal_subscriber:/home/jasurbek/ros2_ws/install/examples_rclpy_minimal_service:/home/jasurbek/ros2_ws/install/examples_rclpy_minimal_publisher:/home/jasurbek/ros2_ws/install/examples_rclpy_minimal_client:/home/jasurbek/ros2_ws/install/examples_rclpy_minimal_action_server:/home/jasurbek/ros2_ws/install/examples_rclpy_minimal_action_client:/home/jasurbek/ros2_ws/install/examples_rclpy_guard_conditions:/home/jasurbek/ros2_ws/install/examples_rclpy_executors:/opt/ros/rolling:/opt/ros/humble /usr/bin/cmake --build /home/jasurbek/ros2_ws/src/build/examples_rclcpp_minimal_composition -- -j2 -l2
[0.136s] [35m[1mConsolidate compiler generated dependencies of target composition_nodes[0m
[0.181s] [ 33%] Built target composition_nodes
[0.205s] [35m[1mConsolidate compiler generated dependencies of target composition_publisher[0m
[0.234s] [35m[1mConsolidate compiler generated dependencies of target composition_subscriber[0m
[0.254s] [ 55%] Built target composition_publisher
[0.287s] [35m[1mConsolidate compiler generated dependencies of target composition_composed[0m
[0.306s] [ 77%] Built target composition_subscriber
[0.339s] [100%] Built target composition_composed
[0.367s] Invoked command in '/home/jasurbek/ros2_ws/src/build/examples_rclcpp_minimal_composition' returned '0': CMAKE_PREFIX_PATH=${CMAKE_PREFIX_PATH}:/home/jasurbek/ros2_ws/install/launch_testing_examples:/home/jasurbek/ros2_ws/install/examples_rclpy_pointcloud_publisher:/home/jasurbek/ros2_ws/install/examples_rclpy_minimal_subscriber:/home/jasurbek/ros2_ws/install/examples_rclpy_minimal_service:/home/jasurbek/ros2_ws/install/examples_rclpy_minimal_publisher:/home/jasurbek/ros2_ws/install/examples_rclpy_minimal_client:/home/jasurbek/ros2_ws/install/examples_rclpy_minimal_action_server:/home/jasurbek/ros2_ws/install/examples_rclpy_minimal_action_client:/home/jasurbek/ros2_ws/install/examples_rclpy_guard_conditions:/home/jasurbek/ros2_ws/install/examples_rclpy_executors:/opt/ros/rolling:/opt/ros/humble /usr/bin/cmake --build /home/jasurbek/ros2_ws/src/build/examples_rclcpp_minimal_composition -- -j2 -l2
[0.561s] Invoking command in '/home/jasurbek/ros2_ws/src/build/examples_rclcpp_minimal_composition': CMAKE_PREFIX_PATH=${CMAKE_PREFIX_PATH}:/home/jasurbek/ros2_ws/install/launch_testing_examples:/home/jasurbek/ros2_ws/install/examples_rclpy_pointcloud_publisher:/home/jasurbek/ros2_ws/install/examples_rclpy_minimal_subscriber:/home/jasurbek/ros2_ws/install/examples_rclpy_minimal_service:/home/jasurbek/ros2_ws/install/examples_rclpy_minimal_publisher:/home/jasurbek/ros2_ws/install/examples_rclpy_minimal_client:/home/jasurbek/ros2_ws/install/examples_rclpy_minimal_action_server:/home/jasurbek/ros2_ws/install/examples_rclpy_minimal_action_client:/home/jasurbek/ros2_ws/install/examples_rclpy_guard_conditions:/home/jasurbek/ros2_ws/install/examples_rclpy_executors:/opt/ros/rolling:/opt/ros/humble /usr/bin/cmake --install /home/jasurbek/ros2_ws/src/build/examples_rclcpp_minimal_composition
[0.575s] -- Install configuration: ""
[0.575s] -- Up-to-date: /home/jasurbek/ros2_ws/src/install/examples_rclcpp_minimal_composition/share/examples_rclcpp_minimal_composition/environment/library_path.sh
[0.576s] -- Up-to-date: /home/jasurbek/ros2_ws/src/install/examples_rclcpp_minimal_composition/share/examples_rclcpp_minimal_composition/environment/library_path.dsv
[0.577s] -- Up-to-date: /home/jasurbek/ros2_ws/src/install/examples_rclcpp_minimal_composition/lib/libcomposition_nodes.so
[0.578s] -- Up-to-date: /home/jasurbek/ros2_ws/src/install/examples_rclcpp_minimal_composition/lib/examples_rclcpp_minimal_composition/composition_publisher
[0.579s] -- Up-to-date: /home/jasurbek/ros2_ws/src/install/examples_rclcpp_minimal_composition/lib/examples_rclcpp_minimal_composition/composition_subscriber
[0.580s] -- Up-to-date: /home/jasurbek/ros2_ws/src/install/examples_rclcpp_minimal_composition/lib/examples_rclcpp_minimal_composition/composition_composed
[0.581s] -- Up-to-date: /home/jasurbek/ros2_ws/src/install/examples_rclcpp_minimal_composition/share/ament_index/resource_index/package_run_dependencies/examples_rclcpp_minimal_composition
[0.581s] -- Up-to-date: /home/jasurbek/ros2_ws/src/install/examples_rclcpp_minimal_composition/share/ament_index/resource_index/parent_prefix_path/examples_rclcpp_minimal_composition
[0.582s] -- Up-to-date: /home/jasurbek/ros2_ws/src/install/examples_rclcpp_minimal_composition/share/examples_rclcpp_minimal_composition/environment/ament_prefix_path.sh
[0.582s] -- Up-to-date: /home/jasurbek/ros2_ws/src/install/examples_rclcpp_minimal_composition/share/examples_rclcpp_minimal_composition/environment/ament_prefix_path.dsv
[0.583s] -- Up-to-date: /home/jasurbek/ros2_ws/src/install/examples_rclcpp_minimal_composition/share/examples_rclcpp_minimal_composition/environment/path.sh
[0.583s] -- Up-to-date: /home/jasurbek/ros2_ws/src/install/examples_rclcpp_minimal_composition/share/examples_rclcpp_minimal_composition/environment/path.dsv
[0.584s] -- Up-to-date: /home/jasurbek/ros2_ws/src/install/examples_rclcpp_minimal_composition/share/examples_rclcpp_minimal_composition/local_setup.bash
[0.584s] -- Up-to-date: /home/jasurbek/ros2_ws/src/install/examples_rclcpp_minimal_composition/share/examples_rclcpp_minimal_composition/local_setup.sh
[0.585s] -- Up-to-date: /home/jasurbek/ros2_ws/src/install/examples_rclcpp_minimal_composition/share/examples_rclcpp_minimal_composition/local_setup.zsh
[0.585s] -- Up-to-date: /home/jasurbek/ros2_ws/src/install/examples_rclcpp_minimal_composition/share/examples_rclcpp_minimal_composition/local_setup.dsv
[0.586s] -- Installing: /home/jasurbek/ros2_ws/src/install/examples_rclcpp_minimal_composition/share/examples_rclcpp_minimal_composition/package.dsv
[0.586s] -- Up-to-date: /home/jasurbek/ros2_ws/src/install/examples_rclcpp_minimal_composition/share/ament_index/resource_index/packages/examples_rclcpp_minimal_composition
[0.587s] -- Up-to-date: /home/jasurbek/ros2_ws/src/install/examples_rclcpp_minimal_composition/share/examples_rclcpp_minimal_composition/cmake/examples_rclcpp_minimal_compositionConfig.cmake
[0.587s] -- Up-to-date: /home/jasurbek/ros2_ws/src/install/examples_rclcpp_minimal_composition/share/examples_rclcpp_minimal_composition/cmake/examples_rclcpp_minimal_compositionConfig-version.cmake
[0.588s] -- Up-to-date: /home/jasurbek/ros2_ws/src/install/examples_rclcpp_minimal_composition/share/examples_rclcpp_minimal_composition/package.xml
[0.597s] Invoked command in '/home/jasurbek/ros2_ws/src/build/examples_rclcpp_minimal_composition' returned '0': CMAKE_PREFIX_PATH=${CMAKE_PREFIX_PATH}:/home/jasurbek/ros2_ws/install/launch_testing_examples:/home/jasurbek/ros2_ws/install/examples_rclpy_pointcloud_publisher:/home/jasurbek/ros2_ws/install/examples_rclpy_minimal_subscriber:/home/jasurbek/ros2_ws/install/examples_rclpy_minimal_service:/home/jasurbek/ros2_ws/install/examples_rclpy_minimal_publisher:/home/jasurbek/ros2_ws/install/examples_rclpy_minimal_client:/home/jasurbek/ros2_ws/install/examples_rclpy_minimal_action_server:/home/jasurbek/ros2_ws/install/examples_rclpy_minimal_action_client:/home/jasurbek/ros2_ws/install/examples_rclpy_guard_conditions:/home/jasurbek/ros2_ws/install/examples_rclpy_executors:/opt/ros/rolling:/opt/ros/humble /usr/bin/cmake --install /home/jasurbek/ros2_ws/src/build/examples_rclcpp_minimal_composition
