[1.673s] Invoking command in '/home/jasurbek/ros2_ws/src/examples/rclpy/services/minimal_service': PYTHONPATH=/home/jasurbek/ros2_ws/src/install/examples_rclpy_minimal_service/lib/python3.10/site-packages:${PYTHONPATH} /usr/bin/python3 setup.py egg_info --egg-base ../../../../build/examples_rclpy_minimal_service build --build-base /home/jasurbek/ros2_ws/src/build/examples_rclpy_minimal_service/build install --prefix /home/jasurbek/ros2_ws/src/install/examples_rclpy_minimal_service --record /home/jasurbek/ros2_ws/src/build/examples_rclpy_minimal_service/install.log --single-version-externally-managed
[2.368s] running egg_info
[2.369s] writing ../../../../build/examples_rclpy_minimal_service/examples_rclpy_minimal_service.egg-info/PKG-INFO
[2.370s] writing dependency_links to ../../../../build/examples_rclpy_minimal_service/examples_rclpy_minimal_service.egg-info/dependency_links.txt
[2.371s] writing entry points to ../../../../build/examples_rclpy_minimal_service/examples_rclpy_minimal_service.egg-info/entry_points.txt
[2.372s] writing requirements to ../../../../build/examples_rclpy_minimal_service/examples_rclpy_minimal_service.egg-info/requires.txt
[2.372s] writing top-level names to ../../../../build/examples_rclpy_minimal_service/examples_rclpy_minimal_service.egg-info/top_level.txt
[2.377s] reading manifest file '../../../../build/examples_rclpy_minimal_service/examples_rclpy_minimal_service.egg-info/SOURCES.txt'
[2.379s] writing manifest file '../../../../build/examples_rclpy_minimal_service/examples_rclpy_minimal_service.egg-info/SOURCES.txt'
[2.380s] running build
[2.381s] running build_py
[2.382s] running install
[2.382s] /usr/lib/python3/dist-packages/setuptools/command/install.py:34: SetuptoolsDeprecationWarning: setup.py install is deprecated. Use build and pip and other standards-based tools.
[2.382s]   warnings.warn(
[2.383s] running install_lib
[2.386s] running install_data
[2.387s] running install_egg_info
[2.391s] removing '/home/jasurbek/ros2_ws/src/install/examples_rclpy_minimal_service/lib/python3.10/site-packages/examples_rclpy_minimal_service-0.16.1-py3.10.egg-info' (and everything under it)
[2.392s] Copying ../../../../build/examples_rclpy_minimal_service/examples_rclpy_minimal_service.egg-info to /home/jasurbek/ros2_ws/src/install/examples_rclpy_minimal_service/lib/python3.10/site-packages/examples_rclpy_minimal_service-0.16.1-py3.10.egg-info
[2.395s] running install_scripts
[2.453s] Installing service script to /home/jasurbek/ros2_ws/src/install/examples_rclpy_minimal_service/lib/examples_rclpy_minimal_service
[2.453s] Installing service_member_function script to /home/jasurbek/ros2_ws/src/install/examples_rclpy_minimal_service/lib/examples_rclpy_minimal_service
[2.455s] writing list of installed files to '/home/jasurbek/ros2_ws/src/build/examples_rclpy_minimal_service/install.log'
[2.500s] Invoked command in '/home/jasurbek/ros2_ws/src/examples/rclpy/services/minimal_service' returned '0': PYTHONPATH=/home/jasurbek/ros2_ws/src/install/examples_rclpy_minimal_service/lib/python3.10/site-packages:${PYTHONPATH} /usr/bin/python3 setup.py egg_info --egg-base ../../../../build/examples_rclpy_minimal_service build --build-base /home/jasurbek/ros2_ws/src/build/examples_rclpy_minimal_service/build install --prefix /home/jasurbek/ros2_ws/src/install/examples_rclpy_minimal_service --record /home/jasurbek/ros2_ws/src/build/examples_rclpy_minimal_service/install.log --single-version-externally-managed
