[0.019s] Invoking command in '/home/jasurbek/ros2_ws/build/examples_rclcpp_minimal_service': CMAKE_PREFIX_PATH=/opt/ros/humble /usr/bin/cmake /home/jasurbek/ros2_ws/src/examples/rclcpp/services/minimal_service -DAMENT_CMAKE_SYMLINK_INSTALL=1 -DCMAKE_INSTALL_PREFIX=/home/jasurbek/ros2_ws/install/examples_rclcpp_minimal_service
[0.139s] -- The C compiler identification is GNU 11.2.0
[0.274s] -- The CXX compiler identification is GNU 11.2.0
[0.292s] -- Detecting C compiler ABI info
[0.423s] -- Detecting C compiler ABI info - done
[0.438s] -- Check for working C compiler: /usr/bin/cc - skipped
[0.439s] -- Detecting C compile features
[0.439s] -- Detecting C compile features - done
[0.445s] -- Detecting CXX compiler ABI info
[0.621s] -- Detecting CXX compiler ABI info - done
[0.646s] -- Check for working CXX compiler: /usr/bin/c++ - skipped
[0.647s] -- Detecting CXX compile features
[0.648s] -- Detecting CXX compile features - done
[0.656s] -- Found ament_cmake: 1.3.2 (/opt/ros/humble/share/ament_cmake/cmake)
[1.027s] -- Found Python3: /usr/bin/python3.10 (found version "3.10.6") found components: Interpreter 
[1.165s] -- Override CMake install command with custom implementation using symlinks instead of copying resources
[1.206s] -- Found example_interfaces: 0.9.3 (/opt/ros/humble/share/example_interfaces/cmake)
[1.300s] -- Found rosidl_generator_c: 3.1.3 (/opt/ros/humble/share/rosidl_generator_c/cmake)
[1.313s] -- Found rosidl_adapter: 3.1.3 (/opt/ros/humble/share/rosidl_adapter/cmake)
[1.330s] -- Found rosidl_generator_cpp: 3.1.3 (/opt/ros/humble/share/rosidl_generator_cpp/cmake)
[1.353s] -- Using all available rosidl_typesupport_c: rosidl_typesupport_fastrtps_c;rosidl_typesupport_introspection_c
[1.390s] -- Using all available rosidl_typesupport_cpp: rosidl_typesupport_fastrtps_cpp;rosidl_typesupport_introspection_cpp
[1.865s] -- Found rclcpp: 16.0.1 (/opt/ros/humble/share/rclcpp/cmake)
[1.991s] -- Found rmw_implementation_cmake: 6.1.0 (/opt/ros/humble/share/rmw_implementation_cmake/cmake)
[1.997s] -- Found rmw_fastrtps_cpp: 6.2.1 (/opt/ros/humble/share/rmw_fastrtps_cpp/cmake)
[2.173s] -- Found OpenSSL: /usr/lib/x86_64-linux-gnu/libcrypto.so (found version "3.0.2")  
[2.224s] -- Found FastRTPS: /opt/ros/humble/include  
[2.334s] -- Using RMW implementation 'rmw_fastrtps_cpp' as default
[2.797s] -- Found ament_lint_auto: 0.12.4 (/opt/ros/humble/share/ament_lint_auto/cmake)
[2.988s] -- Added test 'copyright' to check source files copyright and LICENSE
[2.993s] -- Added test 'cppcheck' to perform static code analysis on C / C++ code
[2.994s] -- Configured cppcheck include dirs: 
[2.995s] -- Configured cppcheck exclude dirs and/or files: 
[2.997s] -- Added test 'cpplint' to check C / C++ code against the Google style
[2.997s] -- Configured cpplint exclude dirs and/or files: 
[2.999s] -- Added test 'lint_cmake' to check CMake code style
[3.001s] -- Added test 'uncrustify' to check C / C++ code style
[3.001s] -- Configured uncrustify additional arguments: 
[3.002s] -- Added test 'xmllint' to check XML markup files
[3.005s] -- Configuring done
[3.025s] -- Generating done
[3.029s] -- Build files have been written to: /home/jasurbek/ros2_ws/build/examples_rclcpp_minimal_service
[3.050s] Invoked command in '/home/jasurbek/ros2_ws/build/examples_rclcpp_minimal_service' returned '0': CMAKE_PREFIX_PATH=/opt/ros/humble /usr/bin/cmake /home/jasurbek/ros2_ws/src/examples/rclcpp/services/minimal_service -DAMENT_CMAKE_SYMLINK_INSTALL=1 -DCMAKE_INSTALL_PREFIX=/home/jasurbek/ros2_ws/install/examples_rclcpp_minimal_service
[3.051s] Invoking command in '/home/jasurbek/ros2_ws/build/examples_rclcpp_minimal_service': CMAKE_PREFIX_PATH=/opt/ros/humble /usr/bin/cmake --build /home/jasurbek/ros2_ws/build/examples_rclcpp_minimal_service -- -j2 -l2
[3.153s] [ 50%] [32mBuilding CXX object CMakeFiles/service_main.dir/main.cpp.o[0m
[10.867s] [100%] [32m[1mLinking CXX executable service_main[0m
[11.153s] [100%] Built target service_main
[11.173s] Invoked command in '/home/jasurbek/ros2_ws/build/examples_rclcpp_minimal_service' returned '0': CMAKE_PREFIX_PATH=/opt/ros/humble /usr/bin/cmake --build /home/jasurbek/ros2_ws/build/examples_rclcpp_minimal_service -- -j2 -l2
[11.238s] Invoking command in '/home/jasurbek/ros2_ws/build/examples_rclcpp_minimal_service': CMAKE_PREFIX_PATH=/opt/ros/humble /usr/bin/cmake --install /home/jasurbek/ros2_ws/build/examples_rclcpp_minimal_service
[11.251s] -- Install configuration: ""
[11.252s] -- Execute custom install script
[11.253s] -- Symlinking: /home/jasurbek/ros2_ws/install/examples_rclcpp_minimal_service/lib/examples_rclcpp_minimal_service/service_main
[11.271s] -- Symlinking: /home/jasurbek/ros2_ws/install/examples_rclcpp_minimal_service/share/ament_index/resource_index/package_run_dependencies/examples_rclcpp_minimal_service
[11.290s] -- Symlinking: /home/jasurbek/ros2_ws/install/examples_rclcpp_minimal_service/share/ament_index/resource_index/parent_prefix_path/examples_rclcpp_minimal_service
[11.307s] -- Symlinking: /home/jasurbek/ros2_ws/install/examples_rclcpp_minimal_service/share/examples_rclcpp_minimal_service/environment/ament_prefix_path.sh
[11.323s] -- Symlinking: /home/jasurbek/ros2_ws/install/examples_rclcpp_minimal_service/share/examples_rclcpp_minimal_service/environment/ament_prefix_path.dsv
[11.333s] -- Symlinking: /home/jasurbek/ros2_ws/install/examples_rclcpp_minimal_service/share/examples_rclcpp_minimal_service/environment/path.sh
[11.347s] -- Symlinking: /home/jasurbek/ros2_ws/install/examples_rclcpp_minimal_service/share/examples_rclcpp_minimal_service/environment/path.dsv
[11.359s] -- Symlinking: /home/jasurbek/ros2_ws/install/examples_rclcpp_minimal_service/share/examples_rclcpp_minimal_service/local_setup.bash
[11.371s] -- Symlinking: /home/jasurbek/ros2_ws/install/examples_rclcpp_minimal_service/share/examples_rclcpp_minimal_service/local_setup.sh
[11.386s] -- Symlinking: /home/jasurbek/ros2_ws/install/examples_rclcpp_minimal_service/share/examples_rclcpp_minimal_service/local_setup.zsh
[11.402s] -- Symlinking: /home/jasurbek/ros2_ws/install/examples_rclcpp_minimal_service/share/examples_rclcpp_minimal_service/local_setup.dsv
[11.419s] -- Symlinking: /home/jasurbek/ros2_ws/install/examples_rclcpp_minimal_service/share/examples_rclcpp_minimal_service/package.dsv
[11.435s] -- Symlinking: /home/jasurbek/ros2_ws/install/examples_rclcpp_minimal_service/share/ament_index/resource_index/packages/examples_rclcpp_minimal_service
[11.450s] -- Symlinking: /home/jasurbek/ros2_ws/install/examples_rclcpp_minimal_service/share/examples_rclcpp_minimal_service/cmake/examples_rclcpp_minimal_serviceConfig.cmake
[11.459s] -- Symlinking: /home/jasurbek/ros2_ws/install/examples_rclcpp_minimal_service/share/examples_rclcpp_minimal_service/cmake/examples_rclcpp_minimal_serviceConfig-version.cmake
[11.470s] -- Symlinking: /home/jasurbek/ros2_ws/install/examples_rclcpp_minimal_service/share/examples_rclcpp_minimal_service/package.xml
[11.494s] Invoked command in '/home/jasurbek/ros2_ws/build/examples_rclcpp_minimal_service' returned '0': CMAKE_PREFIX_PATH=/opt/ros/humble /usr/bin/cmake --install /home/jasurbek/ros2_ws/build/examples_rclcpp_minimal_service
