[0.824s] Invoking command in '/home/jasurbek/ros2_ws/src/py_srvcli': PYTHONPATH=/home/jasurbek/ros2_ws/src/install/py_srvcli/lib/python3.10/site-packages:${PYTHONPATH} /usr/bin/python3 setup.py egg_info --egg-base ../build/py_srvcli build --build-base /home/jasurbek/ros2_ws/src/build/py_srvcli/build install --prefix /home/jasurbek/ros2_ws/src/install/py_srvcli --record /home/jasurbek/ros2_ws/src/build/py_srvcli/install.log --single-version-externally-managed
[1.163s] running egg_info
[1.164s] creating ../build/py_srvcli/py_srvcli.egg-info
[1.164s] writing ../build/py_srvcli/py_srvcli.egg-info/PKG-INFO
[1.165s] writing dependency_links to ../build/py_srvcli/py_srvcli.egg-info/dependency_links.txt
[1.165s] writing entry points to ../build/py_srvcli/py_srvcli.egg-info/entry_points.txt
[1.166s] writing requirements to ../build/py_srvcli/py_srvcli.egg-info/requires.txt
[1.166s] writing top-level names to ../build/py_srvcli/py_srvcli.egg-info/top_level.txt
[1.166s] writing manifest file '../build/py_srvcli/py_srvcli.egg-info/SOURCES.txt'
[1.169s] reading manifest file '../build/py_srvcli/py_srvcli.egg-info/SOURCES.txt'
[1.170s] writing manifest file '../build/py_srvcli/py_srvcli.egg-info/SOURCES.txt'
[1.170s] running build
[1.171s] running build_py
[1.171s] creating /home/jasurbek/ros2_ws/src/build/py_srvcli/build
[1.171s] creating /home/jasurbek/ros2_ws/src/build/py_srvcli/build/lib
[1.172s] creating /home/jasurbek/ros2_ws/src/build/py_srvcli/build/lib/py_srvcli
[1.172s] copying py_srvcli/service_member_function.py -> /home/jasurbek/ros2_ws/src/build/py_srvcli/build/lib/py_srvcli
[1.172s] copying py_srvcli/__init__.py -> /home/jasurbek/ros2_ws/src/build/py_srvcli/build/lib/py_srvcli
[1.173s] copying py_srvcli/client_member_function.py -> /home/jasurbek/ros2_ws/src/build/py_srvcli/build/lib/py_srvcli
[1.173s] running install
[1.174s] /usr/lib/python3/dist-packages/setuptools/command/install.py:34: SetuptoolsDeprecationWarning: setup.py install is deprecated. Use build and pip and other standards-based tools.
[1.174s]   warnings.warn(
[1.174s] running install_lib
[1.176s] creating /home/jasurbek/ros2_ws/src/install/py_srvcli/lib/python3.10/site-packages/py_srvcli
[1.176s] copying /home/jasurbek/ros2_ws/src/build/py_srvcli/build/lib/py_srvcli/service_member_function.py -> /home/jasurbek/ros2_ws/src/install/py_srvcli/lib/python3.10/site-packages/py_srvcli
[1.176s] copying /home/jasurbek/ros2_ws/src/build/py_srvcli/build/lib/py_srvcli/__init__.py -> /home/jasurbek/ros2_ws/src/install/py_srvcli/lib/python3.10/site-packages/py_srvcli
[1.177s] copying /home/jasurbek/ros2_ws/src/build/py_srvcli/build/lib/py_srvcli/client_member_function.py -> /home/jasurbek/ros2_ws/src/install/py_srvcli/lib/python3.10/site-packages/py_srvcli
[1.178s] byte-compiling /home/jasurbek/ros2_ws/src/install/py_srvcli/lib/python3.10/site-packages/py_srvcli/service_member_function.py to service_member_function.cpython-310.pyc
[1.178s] byte-compiling /home/jasurbek/ros2_ws/src/install/py_srvcli/lib/python3.10/site-packages/py_srvcli/__init__.py to __init__.cpython-310.pyc
[1.179s] byte-compiling /home/jasurbek/ros2_ws/src/install/py_srvcli/lib/python3.10/site-packages/py_srvcli/client_member_function.py to client_member_function.cpython-310.pyc
[1.180s] running install_data
[1.180s] creating /home/jasurbek/ros2_ws/src/install/py_srvcli/share/ament_index
[1.181s] creating /home/jasurbek/ros2_ws/src/install/py_srvcli/share/ament_index/resource_index
[1.181s] creating /home/jasurbek/ros2_ws/src/install/py_srvcli/share/ament_index/resource_index/packages
[1.182s] copying resource/py_srvcli -> /home/jasurbek/ros2_ws/src/install/py_srvcli/share/ament_index/resource_index/packages
[1.182s] copying package.xml -> /home/jasurbek/ros2_ws/src/install/py_srvcli/share/py_srvcli
[1.182s] running install_egg_info
[1.185s] Copying ../build/py_srvcli/py_srvcli.egg-info to /home/jasurbek/ros2_ws/src/install/py_srvcli/lib/python3.10/site-packages/py_srvcli-0.0.0-py3.10.egg-info
[1.186s] running install_scripts
[1.213s] Installing client script to /home/jasurbek/ros2_ws/src/install/py_srvcli/lib/py_srvcli
[1.214s] Installing service script to /home/jasurbek/ros2_ws/src/install/py_srvcli/lib/py_srvcli
[1.214s] writing list of installed files to '/home/jasurbek/ros2_ws/src/build/py_srvcli/install.log'
[1.256s] Invoked command in '/home/jasurbek/ros2_ws/src/py_srvcli' returned '0': PYTHONPATH=/home/jasurbek/ros2_ws/src/install/py_srvcli/lib/python3.10/site-packages:${PYTHONPATH} /usr/bin/python3 setup.py egg_info --egg-base ../build/py_srvcli build --build-base /home/jasurbek/ros2_ws/src/build/py_srvcli/build install --prefix /home/jasurbek/ros2_ws/src/install/py_srvcli --record /home/jasurbek/ros2_ws/src/build/py_srvcli/install.log --single-version-externally-managed
