[0.077s] Invoking command in '/home/jasurbek/ros2_ws/src/build/examples_rclcpp_multithreaded_executor': CMAKE_PREFIX_PATH=${CMAKE_PREFIX_PATH}:/home/jasurbek/ros2_ws/install/launch_testing_examples:/home/jasurbek/ros2_ws/install/examples_rclpy_pointcloud_publisher:/home/jasurbek/ros2_ws/install/examples_rclpy_minimal_subscriber:/home/jasurbek/ros2_ws/install/examples_rclpy_minimal_service:/home/jasurbek/ros2_ws/install/examples_rclpy_minimal_publisher:/home/jasurbek/ros2_ws/install/examples_rclpy_minimal_client:/home/jasurbek/ros2_ws/install/examples_rclpy_minimal_action_server:/home/jasurbek/ros2_ws/install/examples_rclpy_minimal_action_client:/home/jasurbek/ros2_ws/install/examples_rclpy_guard_conditions:/home/jasurbek/ros2_ws/install/examples_rclpy_executors:/opt/ros/rolling:/opt/ros/humble /usr/bin/cmake --build /home/jasurbek/ros2_ws/src/build/examples_rclcpp_multithreaded_executor -- -j2 -l2
[0.172s] [35m[1mConsolidate compiler generated dependencies of target multithreaded_executor[0m
[0.246s] [100%] Built target multithreaded_executor
[0.281s] Invoked command in '/home/jasurbek/ros2_ws/src/build/examples_rclcpp_multithreaded_executor' returned '0': CMAKE_PREFIX_PATH=${CMAKE_PREFIX_PATH}:/home/jasurbek/ros2_ws/install/launch_testing_examples:/home/jasurbek/ros2_ws/install/examples_rclpy_pointcloud_publisher:/home/jasurbek/ros2_ws/install/examples_rclpy_minimal_subscriber:/home/jasurbek/ros2_ws/install/examples_rclpy_minimal_service:/home/jasurbek/ros2_ws/install/examples_rclpy_minimal_publisher:/home/jasurbek/ros2_ws/install/examples_rclpy_minimal_client:/home/jasurbek/ros2_ws/install/examples_rclpy_minimal_action_server:/home/jasurbek/ros2_ws/install/examples_rclpy_minimal_action_client:/home/jasurbek/ros2_ws/install/examples_rclpy_guard_conditions:/home/jasurbek/ros2_ws/install/examples_rclpy_executors:/opt/ros/rolling:/opt/ros/humble /usr/bin/cmake --build /home/jasurbek/ros2_ws/src/build/examples_rclcpp_multithreaded_executor -- -j2 -l2
[0.370s] Invoking command in '/home/jasurbek/ros2_ws/src/build/examples_rclcpp_multithreaded_executor': CMAKE_PREFIX_PATH=${CMAKE_PREFIX_PATH}:/home/jasurbek/ros2_ws/install/launch_testing_examples:/home/jasurbek/ros2_ws/install/examples_rclpy_pointcloud_publisher:/home/jasurbek/ros2_ws/install/examples_rclpy_minimal_subscriber:/home/jasurbek/ros2_ws/install/examples_rclpy_minimal_service:/home/jasurbek/ros2_ws/install/examples_rclpy_minimal_publisher:/home/jasurbek/ros2_ws/install/examples_rclpy_minimal_client:/home/jasurbek/ros2_ws/install/examples_rclpy_minimal_action_server:/home/jasurbek/ros2_ws/install/examples_rclpy_minimal_action_client:/home/jasurbek/ros2_ws/install/examples_rclpy_guard_conditions:/home/jasurbek/ros2_ws/install/examples_rclpy_executors:/opt/ros/rolling:/opt/ros/humble /usr/bin/cmake --install /home/jasurbek/ros2_ws/src/build/examples_rclcpp_multithreaded_executor
[0.386s] -- Install configuration: ""
[0.387s] -- Up-to-date: /home/jasurbek/ros2_ws/src/install/examples_rclcpp_multithreaded_executor/lib/examples_rclcpp_multithreaded_executor/multithreaded_executor
[0.388s] -- Up-to-date: /home/jasurbek/ros2_ws/src/install/examples_rclcpp_multithreaded_executor/share/ament_index/resource_index/package_run_dependencies/examples_rclcpp_multithreaded_executor
[0.389s] -- Up-to-date: /home/jasurbek/ros2_ws/src/install/examples_rclcpp_multithreaded_executor/share/ament_index/resource_index/parent_prefix_path/examples_rclcpp_multithreaded_executor
[0.389s] -- Up-to-date: /home/jasurbek/ros2_ws/src/install/examples_rclcpp_multithreaded_executor/share/examples_rclcpp_multithreaded_executor/environment/ament_prefix_path.sh
[0.390s] -- Up-to-date: /home/jasurbek/ros2_ws/src/install/examples_rclcpp_multithreaded_executor/share/examples_rclcpp_multithreaded_executor/environment/ament_prefix_path.dsv
[0.390s] -- Up-to-date: /home/jasurbek/ros2_ws/src/install/examples_rclcpp_multithreaded_executor/share/examples_rclcpp_multithreaded_executor/environment/path.sh
[0.391s] -- Up-to-date: /home/jasurbek/ros2_ws/src/install/examples_rclcpp_multithreaded_executor/share/examples_rclcpp_multithreaded_executor/environment/path.dsv
[0.391s] -- Up-to-date: /home/jasurbek/ros2_ws/src/install/examples_rclcpp_multithreaded_executor/share/examples_rclcpp_multithreaded_executor/local_setup.bash
[0.392s] -- Up-to-date: /home/jasurbek/ros2_ws/src/install/examples_rclcpp_multithreaded_executor/share/examples_rclcpp_multithreaded_executor/local_setup.sh
[0.392s] -- Up-to-date: /home/jasurbek/ros2_ws/src/install/examples_rclcpp_multithreaded_executor/share/examples_rclcpp_multithreaded_executor/local_setup.zsh
[0.392s] -- Up-to-date: /home/jasurbek/ros2_ws/src/install/examples_rclcpp_multithreaded_executor/share/examples_rclcpp_multithreaded_executor/local_setup.dsv
[0.393s] -- Installing: /home/jasurbek/ros2_ws/src/install/examples_rclcpp_multithreaded_executor/share/examples_rclcpp_multithreaded_executor/package.dsv
[0.393s] -- Up-to-date: /home/jasurbek/ros2_ws/src/install/examples_rclcpp_multithreaded_executor/share/ament_index/resource_index/packages/examples_rclcpp_multithreaded_executor
[0.393s] -- Up-to-date: /home/jasurbek/ros2_ws/src/install/examples_rclcpp_multithreaded_executor/share/examples_rclcpp_multithreaded_executor/cmake/examples_rclcpp_multithreaded_executorConfig.cmake
[0.394s] -- Up-to-date: /home/jasurbek/ros2_ws/src/install/examples_rclcpp_multithreaded_executor/share/examples_rclcpp_multithreaded_executor/cmake/examples_rclcpp_multithreaded_executorConfig-version.cmake
[0.394s] -- Up-to-date: /home/jasurbek/ros2_ws/src/install/examples_rclcpp_multithreaded_executor/share/examples_rclcpp_multithreaded_executor/package.xml
[0.402s] Invoked command in '/home/jasurbek/ros2_ws/src/build/examples_rclcpp_multithreaded_executor' returned '0': CMAKE_PREFIX_PATH=${CMAKE_PREFIX_PATH}:/home/jasurbek/ros2_ws/install/launch_testing_examples:/home/jasurbek/ros2_ws/install/examples_rclpy_pointcloud_publisher:/home/jasurbek/ros2_ws/install/examples_rclpy_minimal_subscriber:/home/jasurbek/ros2_ws/install/examples_rclpy_minimal_service:/home/jasurbek/ros2_ws/install/examples_rclpy_minimal_publisher:/home/jasurbek/ros2_ws/install/examples_rclpy_minimal_client:/home/jasurbek/ros2_ws/install/examples_rclpy_minimal_action_server:/home/jasurbek/ros2_ws/install/examples_rclpy_minimal_action_client:/home/jasurbek/ros2_ws/install/examples_rclpy_guard_conditions:/home/jasurbek/ros2_ws/install/examples_rclpy_executors:/opt/ros/rolling:/opt/ros/humble /usr/bin/cmake --install /home/jasurbek/ros2_ws/src/build/examples_rclcpp_multithreaded_executor
