[0.013s] Invoking command in '/home/jasurbek/ros2_ws/build/examples_rclcpp_multithreaded_executor': CMAKE_PREFIX_PATH=/opt/ros/humble /usr/bin/cmake /home/jasurbek/ros2_ws/src/examples/rclcpp/executors/multithreaded_executor -DCMAKE_INSTALL_PREFIX=/home/jasurbek/ros2_ws/install/examples_rclcpp_multithreaded_executor
[0.035s] -- Found ament_cmake: 1.3.2 (/opt/ros/humble/share/ament_cmake/cmake)
[0.213s] -- Override CMake install command with custom implementation using symlinks instead of copying resources
[0.225s] -- Found rclcpp: 16.0.1 (/opt/ros/humble/share/rclcpp/cmake)
[0.274s] -- Found rosidl_generator_c: 3.1.3 (/opt/ros/humble/share/rosidl_generator_c/cmake)
[0.278s] -- Found rosidl_adapter: 3.1.3 (/opt/ros/humble/share/rosidl_adapter/cmake)
[0.288s] -- Found rosidl_generator_cpp: 3.1.3 (/opt/ros/humble/share/rosidl_generator_cpp/cmake)
[0.305s] -- Using all available rosidl_typesupport_c: rosidl_typesupport_fastrtps_c;rosidl_typesupport_introspection_c
[0.325s] -- Using all available rosidl_typesupport_cpp: rosidl_typesupport_fastrtps_cpp;rosidl_typesupport_introspection_cpp
[0.400s] -- Found rmw_implementation_cmake: 6.1.0 (/opt/ros/humble/share/rmw_implementation_cmake/cmake)
[0.402s] -- Found rmw_fastrtps_cpp: 6.2.1 (/opt/ros/humble/share/rmw_fastrtps_cpp/cmake)
[0.558s] -- Using RMW implementation 'rmw_fastrtps_cpp' as default
[0.777s] -- Found ament_lint_auto: 0.12.4 (/opt/ros/humble/share/ament_lint_auto/cmake)
[0.864s] -- Added test 'copyright' to check source files copyright and LICENSE
[0.865s] -- Added test 'cppcheck' to perform static code analysis on C / C++ code
[0.866s] -- Configured cppcheck include dirs: 
[0.866s] -- Configured cppcheck exclude dirs and/or files: 
[0.866s] -- Added test 'cpplint' to check C / C++ code against the Google style
[0.867s] -- Configured cpplint exclude dirs and/or files: 
[0.867s] -- Added test 'lint_cmake' to check CMake code style
[0.868s] -- Added test 'uncrustify' to check C / C++ code style
[0.868s] -- Configured uncrustify additional arguments: 
[0.868s] -- Added test 'xmllint' to check XML markup files
[0.871s] -- Configuring done
[0.888s] -- Generating done
[0.891s] -- Build files have been written to: /home/jasurbek/ros2_ws/build/examples_rclcpp_multithreaded_executor
[0.899s] Invoked command in '/home/jasurbek/ros2_ws/build/examples_rclcpp_multithreaded_executor' returned '0': CMAKE_PREFIX_PATH=/opt/ros/humble /usr/bin/cmake /home/jasurbek/ros2_ws/src/examples/rclcpp/executors/multithreaded_executor -DCMAKE_INSTALL_PREFIX=/home/jasurbek/ros2_ws/install/examples_rclcpp_multithreaded_executor
[0.902s] Invoking command in '/home/jasurbek/ros2_ws/build/examples_rclcpp_multithreaded_executor': CMAKE_PREFIX_PATH=/opt/ros/humble /usr/bin/cmake --build /home/jasurbek/ros2_ws/build/examples_rclcpp_multithreaded_executor -- -j2 -l2
[0.944s] [35m[1mConsolidate compiler generated dependencies of target multithreaded_executor[0m
[0.963s] [100%] Built target multithreaded_executor
[0.974s] Invoked command in '/home/jasurbek/ros2_ws/build/examples_rclcpp_multithreaded_executor' returned '0': CMAKE_PREFIX_PATH=/opt/ros/humble /usr/bin/cmake --build /home/jasurbek/ros2_ws/build/examples_rclcpp_multithreaded_executor -- -j2 -l2
[0.999s] Invoking command in '/home/jasurbek/ros2_ws/build/examples_rclcpp_multithreaded_executor': CMAKE_PREFIX_PATH=/opt/ros/humble /usr/bin/cmake --install /home/jasurbek/ros2_ws/build/examples_rclcpp_multithreaded_executor
[1.008s] -- Install configuration: ""
[1.009s] -- Execute custom install script
[1.011s] -- Up-to-date symlink: /home/jasurbek/ros2_ws/install/examples_rclcpp_multithreaded_executor/lib/examples_rclcpp_multithreaded_executor/multithreaded_executor
[1.011s] -- Up-to-date symlink: /home/jasurbek/ros2_ws/install/examples_rclcpp_multithreaded_executor/share/ament_index/resource_index/package_run_dependencies/examples_rclcpp_multithreaded_executor
[1.012s] -- Up-to-date symlink: /home/jasurbek/ros2_ws/install/examples_rclcpp_multithreaded_executor/share/ament_index/resource_index/parent_prefix_path/examples_rclcpp_multithreaded_executor
[1.013s] -- Up-to-date symlink: /home/jasurbek/ros2_ws/install/examples_rclcpp_multithreaded_executor/share/examples_rclcpp_multithreaded_executor/environment/ament_prefix_path.sh
[1.013s] -- Up-to-date symlink: /home/jasurbek/ros2_ws/install/examples_rclcpp_multithreaded_executor/share/examples_rclcpp_multithreaded_executor/environment/ament_prefix_path.dsv
[1.014s] -- Up-to-date symlink: /home/jasurbek/ros2_ws/install/examples_rclcpp_multithreaded_executor/share/examples_rclcpp_multithreaded_executor/environment/path.sh
[1.014s] -- Up-to-date symlink: /home/jasurbek/ros2_ws/install/examples_rclcpp_multithreaded_executor/share/examples_rclcpp_multithreaded_executor/environment/path.dsv
[1.015s] -- Up-to-date symlink: /home/jasurbek/ros2_ws/install/examples_rclcpp_multithreaded_executor/share/examples_rclcpp_multithreaded_executor/local_setup.bash
[1.015s] -- Up-to-date symlink: /home/jasurbek/ros2_ws/install/examples_rclcpp_multithreaded_executor/share/examples_rclcpp_multithreaded_executor/local_setup.sh
[1.016s] -- Up-to-date symlink: /home/jasurbek/ros2_ws/install/examples_rclcpp_multithreaded_executor/share/examples_rclcpp_multithreaded_executor/local_setup.zsh
[1.016s] -- Up-to-date symlink: /home/jasurbek/ros2_ws/install/examples_rclcpp_multithreaded_executor/share/examples_rclcpp_multithreaded_executor/local_setup.dsv
[1.017s] -- Symlinking: /home/jasurbek/ros2_ws/install/examples_rclcpp_multithreaded_executor/share/examples_rclcpp_multithreaded_executor/package.dsv
[1.027s] -- Up-to-date symlink: /home/jasurbek/ros2_ws/install/examples_rclcpp_multithreaded_executor/share/ament_index/resource_index/packages/examples_rclcpp_multithreaded_executor
[1.027s] -- Up-to-date symlink: /home/jasurbek/ros2_ws/install/examples_rclcpp_multithreaded_executor/share/examples_rclcpp_multithreaded_executor/cmake/examples_rclcpp_multithreaded_executorConfig.cmake
[1.028s] -- Up-to-date symlink: /home/jasurbek/ros2_ws/install/examples_rclcpp_multithreaded_executor/share/examples_rclcpp_multithreaded_executor/cmake/examples_rclcpp_multithreaded_executorConfig-version.cmake
[1.029s] -- Up-to-date symlink: /home/jasurbek/ros2_ws/install/examples_rclcpp_multithreaded_executor/share/examples_rclcpp_multithreaded_executor/package.xml
[1.034s] Invoked command in '/home/jasurbek/ros2_ws/build/examples_rclcpp_multithreaded_executor' returned '0': CMAKE_PREFIX_PATH=/opt/ros/humble /usr/bin/cmake --install /home/jasurbek/ros2_ws/build/examples_rclcpp_multithreaded_executor
