[1.331s] Invoking command in '/home/jasurbek/ros2_ws/build/examples_rclpy_guard_conditions': PYTHONPATH=/home/jasurbek/ros2_ws/install/examples_rclpy_guard_conditions/lib/python3.10/site-packages:${PYTHONPATH} /usr/bin/python3 setup.py develop --prefix /home/jasurbek/ros2_ws/install/examples_rclpy_guard_conditions --editable --build-directory /home/jasurbek/ros2_ws/build/examples_rclpy_guard_conditions/build --no-deps install_data --install-dir /home/jasurbek/ros2_ws/install/examples_rclpy_guard_conditions
[1.974s] running develop
[1.975s] /usr/lib/python3/dist-packages/setuptools/command/easy_install.py:158: EasyInstallDeprecationWarning: easy_install command is deprecated. Use build and pip and other standards-based tools.
[1.975s]   warnings.warn(
[1.977s] /usr/lib/python3/dist-packages/setuptools/command/install.py:34: SetuptoolsDeprecationWarning: setup.py install is deprecated. Use build and pip and other standards-based tools.
[1.977s]   warnings.warn(
[2.091s] /usr/lib/python3/dist-packages/pkg_resources/__init__.py:116: PkgResourcesDeprecationWarning: 1.1build1 is an invalid version and will not be supported in a future release
[2.091s]   warnings.warn(
[2.091s] /usr/lib/python3/dist-packages/pkg_resources/__init__.py:116: PkgResourcesDeprecationWarning: 0.1.43ubuntu1 is an invalid version and will not be supported in a future release
[2.092s]   warnings.warn(
[2.306s] running egg_info
[2.306s] creating examples_rclpy_guard_conditions.egg-info
[2.307s] writing examples_rclpy_guard_conditions.egg-info/PKG-INFO
[2.307s] writing dependency_links to examples_rclpy_guard_conditions.egg-info/dependency_links.txt
[2.307s] writing entry points to examples_rclpy_guard_conditions.egg-info/entry_points.txt
[2.308s] writing requirements to examples_rclpy_guard_conditions.egg-info/requires.txt
[2.308s] writing top-level names to examples_rclpy_guard_conditions.egg-info/top_level.txt
[2.309s] writing manifest file 'examples_rclpy_guard_conditions.egg-info/SOURCES.txt'
[2.312s] reading manifest file 'examples_rclpy_guard_conditions.egg-info/SOURCES.txt'
[2.314s] writing manifest file 'examples_rclpy_guard_conditions.egg-info/SOURCES.txt'
[2.318s] running build_ext
[2.318s] Creating /home/jasurbek/ros2_ws/install/examples_rclpy_guard_conditions/lib/python3.10/site-packages/examples-rclpy-guard-conditions.egg-link (link to .)
[2.322s] Installing trigger_guard_condition script to /home/jasurbek/ros2_ws/install/examples_rclpy_guard_conditions/lib/examples_rclpy_guard_conditions
[2.323s] 
[2.323s] Installed /home/jasurbek/ros2_ws/build/examples_rclpy_guard_conditions
[2.325s] running install_data
[2.325s] creating /home/jasurbek/ros2_ws/install/examples_rclpy_guard_conditions/share/ament_index
[2.325s] creating /home/jasurbek/ros2_ws/install/examples_rclpy_guard_conditions/share/ament_index/resource_index
[2.326s] creating /home/jasurbek/ros2_ws/install/examples_rclpy_guard_conditions/share/ament_index/resource_index/packages
[2.326s] copying resource/examples_rclpy_guard_conditions -> /home/jasurbek/ros2_ws/install/examples_rclpy_guard_conditions/share/ament_index/resource_index/packages
[2.326s] copying package.xml -> /home/jasurbek/ros2_ws/install/examples_rclpy_guard_conditions/share/examples_rclpy_guard_conditions
[2.387s] Invoked command in '/home/jasurbek/ros2_ws/build/examples_rclpy_guard_conditions' returned '0': PYTHONPATH=/home/jasurbek/ros2_ws/install/examples_rclpy_guard_conditions/lib/python3.10/site-packages:${PYTHONPATH} /usr/bin/python3 setup.py develop --prefix /home/jasurbek/ros2_ws/install/examples_rclpy_guard_conditions --editable --build-directory /home/jasurbek/ros2_ws/build/examples_rclpy_guard_conditions/build --no-deps install_data --install-dir /home/jasurbek/ros2_ws/install/examples_rclpy_guard_conditions
