[2.159s] Invoking command in '/home/jasurbek/ros2_ws/src/examples/rclpy/guard_conditions': PYTHONPATH=/home/jasurbek/ros2_ws/src/install/examples_rclpy_guard_conditions/lib/python3.10/site-packages:${PYTHONPATH} /usr/bin/python3 setup.py egg_info --egg-base ../../../build/examples_rclpy_guard_conditions build --build-base /home/jasurbek/ros2_ws/src/build/examples_rclpy_guard_conditions/build install --prefix /home/jasurbek/ros2_ws/src/install/examples_rclpy_guard_conditions --record /home/jasurbek/ros2_ws/src/build/examples_rclpy_guard_conditions/install.log --single-version-externally-managed
[2.858s] running egg_info
[2.860s] writing ../../../build/examples_rclpy_guard_conditions/examples_rclpy_guard_conditions.egg-info/PKG-INFO
[2.861s] writing dependency_links to ../../../build/examples_rclpy_guard_conditions/examples_rclpy_guard_conditions.egg-info/dependency_links.txt
[2.861s] writing entry points to ../../../build/examples_rclpy_guard_conditions/examples_rclpy_guard_conditions.egg-info/entry_points.txt
[2.862s] writing requirements to ../../../build/examples_rclpy_guard_conditions/examples_rclpy_guard_conditions.egg-info/requires.txt
[2.863s] writing top-level names to ../../../build/examples_rclpy_guard_conditions/examples_rclpy_guard_conditions.egg-info/top_level.txt
[2.868s] reading manifest file '../../../build/examples_rclpy_guard_conditions/examples_rclpy_guard_conditions.egg-info/SOURCES.txt'
[2.870s] writing manifest file '../../../build/examples_rclpy_guard_conditions/examples_rclpy_guard_conditions.egg-info/SOURCES.txt'
[2.871s] running build
[2.871s] running build_py
[2.872s] running install
[2.873s] /usr/lib/python3/dist-packages/setuptools/command/install.py:34: SetuptoolsDeprecationWarning: setup.py install is deprecated. Use build and pip and other standards-based tools.
[2.873s]   warnings.warn(
[2.874s] running install_lib
[2.877s] running install_data
[2.878s] running install_egg_info
[2.883s] removing '/home/jasurbek/ros2_ws/src/install/examples_rclpy_guard_conditions/lib/python3.10/site-packages/examples_rclpy_guard_conditions-0.16.1-py3.10.egg-info' (and everything under it)
[2.884s] Copying ../../../build/examples_rclpy_guard_conditions/examples_rclpy_guard_conditions.egg-info to /home/jasurbek/ros2_ws/src/install/examples_rclpy_guard_conditions/lib/python3.10/site-packages/examples_rclpy_guard_conditions-0.16.1-py3.10.egg-info
[2.886s] running install_scripts
[2.934s] Installing trigger_guard_condition script to /home/jasurbek/ros2_ws/src/install/examples_rclpy_guard_conditions/lib/examples_rclpy_guard_conditions
[2.935s] writing list of installed files to '/home/jasurbek/ros2_ws/src/build/examples_rclpy_guard_conditions/install.log'
[2.989s] Invoked command in '/home/jasurbek/ros2_ws/src/examples/rclpy/guard_conditions' returned '0': PYTHONPATH=/home/jasurbek/ros2_ws/src/install/examples_rclpy_guard_conditions/lib/python3.10/site-packages:${PYTHONPATH} /usr/bin/python3 setup.py egg_info --egg-base ../../../build/examples_rclpy_guard_conditions build --build-base /home/jasurbek/ros2_ws/src/build/examples_rclpy_guard_conditions/build install --prefix /home/jasurbek/ros2_ws/src/install/examples_rclpy_guard_conditions --record /home/jasurbek/ros2_ws/src/build/examples_rclpy_guard_conditions/install.log --single-version-externally-managed
