[0.020s] Invoking command in '/home/jasurbek/ros2_ws/build/examples_rclcpp_minimal_client': CMAKE_PREFIX_PATH=/opt/ros/humble /usr/bin/cmake /home/jasurbek/ros2_ws/src/examples/rclcpp/services/minimal_client -DAMENT_CMAKE_SYMLINK_INSTALL=1 -DCMAKE_INSTALL_PREFIX=/home/jasurbek/ros2_ws/install/examples_rclcpp_minimal_client
[0.142s] -- The C compiler identification is GNU 11.2.0
[0.229s] -- The CXX compiler identification is GNU 11.2.0
[0.241s] -- Detecting C compiler ABI info
[0.351s] -- Detecting C compiler ABI info - done
[0.376s] -- Check for working C compiler: /usr/bin/cc - skipped
[0.377s] -- Detecting C compile features
[0.378s] -- Detecting C compile features - done
[0.386s] -- Detecting CXX compiler ABI info
[0.530s] -- Detecting CXX compiler ABI info - done
[0.555s] -- Check for working CXX compiler: /usr/bin/c++ - skipped
[0.556s] -- Detecting CXX compile features
[0.557s] -- Detecting CXX compile features - done
[0.563s] -- Found ament_cmake: 1.3.2 (/opt/ros/humble/share/ament_cmake/cmake)
[0.909s] -- Found Python3: /usr/bin/python3.10 (found version "3.10.6") found components: Interpreter 
[1.038s] -- Override CMake install command with custom implementation using symlinks instead of copying resources
[1.075s] -- Found example_interfaces: 0.9.3 (/opt/ros/humble/share/example_interfaces/cmake)
[1.144s] -- Found rosidl_generator_c: 3.1.3 (/opt/ros/humble/share/rosidl_generator_c/cmake)
[1.152s] -- Found rosidl_adapter: 3.1.3 (/opt/ros/humble/share/rosidl_adapter/cmake)
[1.168s] -- Found rosidl_generator_cpp: 3.1.3 (/opt/ros/humble/share/rosidl_generator_cpp/cmake)
[1.206s] -- Using all available rosidl_typesupport_c: rosidl_typesupport_fastrtps_c;rosidl_typesupport_introspection_c
[1.255s] -- Using all available rosidl_typesupport_cpp: rosidl_typesupport_fastrtps_cpp;rosidl_typesupport_introspection_cpp
[1.679s] -- Found rclcpp: 16.0.1 (/opt/ros/humble/share/rclcpp/cmake)
[1.801s] -- Found rmw_implementation_cmake: 6.1.0 (/opt/ros/humble/share/rmw_implementation_cmake/cmake)
[1.805s] -- Found rmw_fastrtps_cpp: 6.2.1 (/opt/ros/humble/share/rmw_fastrtps_cpp/cmake)
[1.995s] -- Found OpenSSL: /usr/lib/x86_64-linux-gnu/libcrypto.so (found version "3.0.2")  
[2.046s] -- Found FastRTPS: /opt/ros/humble/include  
[2.172s] -- Using RMW implementation 'rmw_fastrtps_cpp' as default
[2.691s] -- Found ament_lint_auto: 0.12.4 (/opt/ros/humble/share/ament_lint_auto/cmake)
[2.893s] -- Added test 'copyright' to check source files copyright and LICENSE
[2.896s] -- Added test 'cppcheck' to perform static code analysis on C / C++ code
[2.896s] -- Configured cppcheck include dirs: 
[2.897s] -- Configured cppcheck exclude dirs and/or files: 
[2.899s] -- Added test 'cpplint' to check C / C++ code against the Google style
[2.899s] -- Configured cpplint exclude dirs and/or files: 
[2.901s] -- Added test 'lint_cmake' to check CMake code style
[2.903s] -- Added test 'uncrustify' to check C / C++ code style
[2.903s] -- Configured uncrustify additional arguments: 
[2.904s] -- Added test 'xmllint' to check XML markup files
[2.907s] -- Configuring done
[2.924s] -- Generating done
[2.929s] -- Build files have been written to: /home/jasurbek/ros2_ws/build/examples_rclcpp_minimal_client
[2.951s] Invoked command in '/home/jasurbek/ros2_ws/build/examples_rclcpp_minimal_client' returned '0': CMAKE_PREFIX_PATH=/opt/ros/humble /usr/bin/cmake /home/jasurbek/ros2_ws/src/examples/rclcpp/services/minimal_client -DAMENT_CMAKE_SYMLINK_INSTALL=1 -DCMAKE_INSTALL_PREFIX=/home/jasurbek/ros2_ws/install/examples_rclcpp_minimal_client
[2.951s] Invoking command in '/home/jasurbek/ros2_ws/build/examples_rclcpp_minimal_client': CMAKE_PREFIX_PATH=/opt/ros/humble /usr/bin/cmake --build /home/jasurbek/ros2_ws/build/examples_rclcpp_minimal_client -- -j2 -l2
[3.049s] [ 50%] [32mBuilding CXX object CMakeFiles/client_main.dir/main.cpp.o[0m
[11.203s] [100%] [32m[1mLinking CXX executable client_main[0m
[11.478s] [100%] Built target client_main
[11.497s] Invoked command in '/home/jasurbek/ros2_ws/build/examples_rclcpp_minimal_client' returned '0': CMAKE_PREFIX_PATH=/opt/ros/humble /usr/bin/cmake --build /home/jasurbek/ros2_ws/build/examples_rclcpp_minimal_client -- -j2 -l2
[11.554s] Invoking command in '/home/jasurbek/ros2_ws/build/examples_rclcpp_minimal_client': CMAKE_PREFIX_PATH=/opt/ros/humble /usr/bin/cmake --install /home/jasurbek/ros2_ws/build/examples_rclcpp_minimal_client
[11.566s] -- Install configuration: ""
[11.567s] -- Execute custom install script
[11.567s] -- Symlinking: /home/jasurbek/ros2_ws/install/examples_rclcpp_minimal_client/lib/examples_rclcpp_minimal_client/client_main
[11.586s] -- Symlinking: /home/jasurbek/ros2_ws/install/examples_rclcpp_minimal_client/share/ament_index/resource_index/package_run_dependencies/examples_rclcpp_minimal_client
[11.603s] -- Symlinking: /home/jasurbek/ros2_ws/install/examples_rclcpp_minimal_client/share/ament_index/resource_index/parent_prefix_path/examples_rclcpp_minimal_client
[11.625s] -- Symlinking: /home/jasurbek/ros2_ws/install/examples_rclcpp_minimal_client/share/examples_rclcpp_minimal_client/environment/ament_prefix_path.sh
[11.642s] -- Symlinking: /home/jasurbek/ros2_ws/install/examples_rclcpp_minimal_client/share/examples_rclcpp_minimal_client/environment/ament_prefix_path.dsv
[11.659s] -- Symlinking: /home/jasurbek/ros2_ws/install/examples_rclcpp_minimal_client/share/examples_rclcpp_minimal_client/environment/path.sh
[11.673s] -- Symlinking: /home/jasurbek/ros2_ws/install/examples_rclcpp_minimal_client/share/examples_rclcpp_minimal_client/environment/path.dsv
[11.684s] -- Symlinking: /home/jasurbek/ros2_ws/install/examples_rclcpp_minimal_client/share/examples_rclcpp_minimal_client/local_setup.bash
[11.699s] -- Symlinking: /home/jasurbek/ros2_ws/install/examples_rclcpp_minimal_client/share/examples_rclcpp_minimal_client/local_setup.sh
[11.713s] -- Symlinking: /home/jasurbek/ros2_ws/install/examples_rclcpp_minimal_client/share/examples_rclcpp_minimal_client/local_setup.zsh
[11.724s] -- Symlinking: /home/jasurbek/ros2_ws/install/examples_rclcpp_minimal_client/share/examples_rclcpp_minimal_client/local_setup.dsv
[11.741s] -- Symlinking: /home/jasurbek/ros2_ws/install/examples_rclcpp_minimal_client/share/examples_rclcpp_minimal_client/package.dsv
[11.758s] -- Symlinking: /home/jasurbek/ros2_ws/install/examples_rclcpp_minimal_client/share/ament_index/resource_index/packages/examples_rclcpp_minimal_client
[11.772s] -- Symlinking: /home/jasurbek/ros2_ws/install/examples_rclcpp_minimal_client/share/examples_rclcpp_minimal_client/cmake/examples_rclcpp_minimal_clientConfig.cmake
[11.783s] -- Symlinking: /home/jasurbek/ros2_ws/install/examples_rclcpp_minimal_client/share/examples_rclcpp_minimal_client/cmake/examples_rclcpp_minimal_clientConfig-version.cmake
[11.800s] -- Symlinking: /home/jasurbek/ros2_ws/install/examples_rclcpp_minimal_client/share/examples_rclcpp_minimal_client/package.xml
[11.823s] Invoked command in '/home/jasurbek/ros2_ws/build/examples_rclcpp_minimal_client' returned '0': CMAKE_PREFIX_PATH=/opt/ros/humble /usr/bin/cmake --install /home/jasurbek/ros2_ws/build/examples_rclcpp_minimal_client
