[0.022s] Invoking command in '/home/jasurbek/ros2_ws/src/build/examples_rclcpp_minimal_publisher': CMAKE_PREFIX_PATH=/opt/ros/rolling:/opt/ros/humble /usr/bin/cmake /home/jasurbek/ros2_ws/src/examples/rclcpp/topics/minimal_publisher -DCMAKE_INSTALL_PREFIX=/home/jasurbek/ros2_ws/src/install/examples_rclcpp_minimal_publisher
[0.152s] -- The C compiler identification is GNU 11.2.0
[0.282s] -- The CXX compiler identification is GNU 11.2.0
[0.299s] -- Detecting C compiler ABI info
[0.435s] -- Detecting C compiler ABI info - done
[0.455s] -- Check for working C compiler: /usr/bin/cc - skipped
[0.456s] -- Detecting C compile features
[0.457s] -- Detecting C compile features - done
[0.462s] -- Detecting CXX compiler ABI info
[0.629s] -- Detecting CXX compiler ABI info - done
[0.658s] -- Check for working CXX compiler: /usr/bin/c++ - skipped
[0.659s] -- Detecting CXX compile features
[0.661s] -- Detecting CXX compile features - done
[0.665s] -- Found ament_cmake: 1.5.0 (/opt/ros/rolling/share/ament_cmake/cmake)
[1.079s] -- Found Python3: /usr/bin/python3.10 (found version "3.10.6") found components: Interpreter 
[1.283s] -- Found rclcpp: 16.2.0 (/opt/ros/rolling/share/rclcpp/cmake)
[1.387s] -- Found rosidl_generator_c: 3.2.1 (/opt/ros/rolling/share/rosidl_generator_c/cmake)
[1.392s] -- Found rosidl_adapter: 3.2.1 (/opt/ros/rolling/share/rosidl_adapter/cmake)
[1.404s] -- Found rosidl_generator_cpp: 3.2.1 (/opt/ros/rolling/share/rosidl_generator_cpp/cmake)
[1.427s] -- Using all available rosidl_typesupport_c: rosidl_typesupport_fastrtps_c;rosidl_typesupport_introspection_c
[1.486s] -- Using all available rosidl_typesupport_cpp: rosidl_typesupport_fastrtps_cpp;rosidl_typesupport_introspection_cpp
[1.607s] -- Found rmw_implementation_cmake: 6.3.0 (/opt/ros/rolling/share/rmw_implementation_cmake/cmake)
[1.610s] -- Found rmw_fastrtps_cpp: 6.3.0 (/opt/ros/rolling/share/rmw_fastrtps_cpp/cmake)
[1.787s] -- Found OpenSSL: /usr/lib/x86_64-linux-gnu/libcrypto.so (found version "3.0.2")  
[1.847s] -- Found FastRTPS: /opt/ros/rolling/include  
[1.945s] -- Using RMW implementation 'rmw_fastrtps_cpp' as default
[2.341s] -- Found ament_lint_auto: 0.12.4 (/opt/ros/humble/share/ament_lint_auto/cmake)
[2.557s] -- Added test 'copyright' to check source files copyright and LICENSE
[2.560s] -- Added test 'cppcheck' to perform static code analysis on C / C++ code
[2.561s] -- Configured cppcheck include dirs: 
[2.561s] -- Configured cppcheck exclude dirs and/or files: 
[2.563s] -- Added test 'cpplint' to check C / C++ code against the Google style
[2.564s] -- Configured cpplint exclude dirs and/or files: 
[2.565s] -- Added test 'lint_cmake' to check CMake code style
[2.568s] -- Added test 'uncrustify' to check C / C++ code style
[2.568s] -- Configured uncrustify additional arguments: 
[2.568s] -- Added test 'xmllint' to check XML markup files
[2.570s] -- Configuring done
[2.623s] -- Generating done
[2.626s] -- Build files have been written to: /home/jasurbek/ros2_ws/src/build/examples_rclcpp_minimal_publisher
[2.644s] Invoked command in '/home/jasurbek/ros2_ws/src/build/examples_rclcpp_minimal_publisher' returned '0': CMAKE_PREFIX_PATH=/opt/ros/rolling:/opt/ros/humble /usr/bin/cmake /home/jasurbek/ros2_ws/src/examples/rclcpp/topics/minimal_publisher -DCMAKE_INSTALL_PREFIX=/home/jasurbek/ros2_ws/src/install/examples_rclcpp_minimal_publisher
[2.648s] Invoking command in '/home/jasurbek/ros2_ws/src/build/examples_rclcpp_minimal_publisher': CMAKE_PREFIX_PATH=/opt/ros/rolling:/opt/ros/humble /usr/bin/cmake --build /home/jasurbek/ros2_ws/src/build/examples_rclcpp_minimal_publisher -- -j2 -l2
[2.753s] [  8%] [32mBuilding CXX object CMakeFiles/publisher_lambda.dir/lambda.cpp.o[0m
[13.098s] [ 16%] [32m[1mLinking CXX executable publisher_lambda[0m
[13.482s] [ 16%] Built target publisher_lambda
[13.516s] [ 25%] [32mBuilding CXX object CMakeFiles/publisher_member_function.dir/member_function.cpp.o[0m
[23.598s] [ 33%] [32m[1mLinking CXX executable publisher_member_function[0m
[23.979s] [ 33%] Built target publisher_member_function
[24.015s] [ 41%] [32mBuilding CXX object CMakeFiles/publisher_member_function_with_type_adapter.dir/member_function_with_type_adapter.cpp.o[0m
[34.180s] [ 50%] [32m[1mLinking CXX executable publisher_member_function_with_type_adapter[0m
[34.505s] [ 50%] Built target publisher_member_function_with_type_adapter
[34.539s] [ 58%] [32mBuilding CXX object CMakeFiles/publisher_member_function_with_unique_network_flow_endpoints.dir/member_function_with_unique_network_flow_endpoints.cpp.o[0m
[44.649s] [ 66%] [32m[1mLinking CXX executable publisher_member_function_with_unique_network_flow_endpoints[0m
[45.055s] [ 66%] Built target publisher_member_function_with_unique_network_flow_endpoints
[45.098s] [ 75%] [32mBuilding CXX object CMakeFiles/publisher_wait_for_all_acked.dir/member_function_with_wait_for_all_acked.cpp.o[0m
[54.861s] [ 83%] [32m[1mLinking CXX executable publisher_wait_for_all_acked[0m
[55.203s] [ 83%] Built target publisher_wait_for_all_acked
[55.244s] [ 91%] [32mBuilding CXX object CMakeFiles/publisher_not_composable.dir/not_composable.cpp.o[0m
[64.697s] [100%] [32m[1mLinking CXX executable publisher_not_composable[0m
[65.066s] [100%] Built target publisher_not_composable
[65.087s] Invoked command in '/home/jasurbek/ros2_ws/src/build/examples_rclcpp_minimal_publisher' returned '0': CMAKE_PREFIX_PATH=/opt/ros/rolling:/opt/ros/humble /usr/bin/cmake --build /home/jasurbek/ros2_ws/src/build/examples_rclcpp_minimal_publisher -- -j2 -l2
[65.141s] Invoking command in '/home/jasurbek/ros2_ws/src/build/examples_rclcpp_minimal_publisher': CMAKE_PREFIX_PATH=/opt/ros/rolling:/opt/ros/humble /usr/bin/cmake --install /home/jasurbek/ros2_ws/src/build/examples_rclcpp_minimal_publisher
[65.156s] -- Install configuration: ""
[65.157s] -- Installing: /home/jasurbek/ros2_ws/src/install/examples_rclcpp_minimal_publisher/lib/examples_rclcpp_minimal_publisher/publisher_lambda
[65.160s] -- Set runtime path of "/home/jasurbek/ros2_ws/src/install/examples_rclcpp_minimal_publisher/lib/examples_rclcpp_minimal_publisher/publisher_lambda" to ""
[65.161s] -- Installing: /home/jasurbek/ros2_ws/src/install/examples_rclcpp_minimal_publisher/lib/examples_rclcpp_minimal_publisher/publisher_member_function
[65.163s] -- Set runtime path of "/home/jasurbek/ros2_ws/src/install/examples_rclcpp_minimal_publisher/lib/examples_rclcpp_minimal_publisher/publisher_member_function" to ""
[65.164s] -- Installing: /home/jasurbek/ros2_ws/src/install/examples_rclcpp_minimal_publisher/lib/examples_rclcpp_minimal_publisher/publisher_member_function_with_type_adapter
[65.167s] -- Set runtime path of "/home/jasurbek/ros2_ws/src/install/examples_rclcpp_minimal_publisher/lib/examples_rclcpp_minimal_publisher/publisher_member_function_with_type_adapter" to ""
[65.167s] -- Installing: /home/jasurbek/ros2_ws/src/install/examples_rclcpp_minimal_publisher/lib/examples_rclcpp_minimal_publisher/publisher_member_function_with_unique_network_flow_endpoints
[65.169s] -- Set runtime path of "/home/jasurbek/ros2_ws/src/install/examples_rclcpp_minimal_publisher/lib/examples_rclcpp_minimal_publisher/publisher_member_function_with_unique_network_flow_endpoints" to ""
[65.169s] -- Installing: /home/jasurbek/ros2_ws/src/install/examples_rclcpp_minimal_publisher/lib/examples_rclcpp_minimal_publisher/publisher_wait_for_all_acked
[65.171s] -- Set runtime path of "/home/jasurbek/ros2_ws/src/install/examples_rclcpp_minimal_publisher/lib/examples_rclcpp_minimal_publisher/publisher_wait_for_all_acked" to ""
[65.171s] -- Installing: /home/jasurbek/ros2_ws/src/install/examples_rclcpp_minimal_publisher/lib/examples_rclcpp_minimal_publisher/publisher_not_composable
[65.174s] -- Set runtime path of "/home/jasurbek/ros2_ws/src/install/examples_rclcpp_minimal_publisher/lib/examples_rclcpp_minimal_publisher/publisher_not_composable" to ""
[65.174s] -- Installing: /home/jasurbek/ros2_ws/src/install/examples_rclcpp_minimal_publisher/share/ament_index/resource_index/package_run_dependencies/examples_rclcpp_minimal_publisher
[65.175s] -- Installing: /home/jasurbek/ros2_ws/src/install/examples_rclcpp_minimal_publisher/share/ament_index/resource_index/parent_prefix_path/examples_rclcpp_minimal_publisher
[65.175s] -- Installing: /home/jasurbek/ros2_ws/src/install/examples_rclcpp_minimal_publisher/share/examples_rclcpp_minimal_publisher/environment/ament_prefix_path.sh
[65.176s] -- Installing: /home/jasurbek/ros2_ws/src/install/examples_rclcpp_minimal_publisher/share/examples_rclcpp_minimal_publisher/environment/ament_prefix_path.dsv
[65.176s] -- Installing: /home/jasurbek/ros2_ws/src/install/examples_rclcpp_minimal_publisher/share/examples_rclcpp_minimal_publisher/environment/path.sh
[65.176s] -- Installing: /home/jasurbek/ros2_ws/src/install/examples_rclcpp_minimal_publisher/share/examples_rclcpp_minimal_publisher/environment/path.dsv
[65.177s] -- Installing: /home/jasurbek/ros2_ws/src/install/examples_rclcpp_minimal_publisher/share/examples_rclcpp_minimal_publisher/local_setup.bash
[65.177s] -- Installing: /home/jasurbek/ros2_ws/src/install/examples_rclcpp_minimal_publisher/share/examples_rclcpp_minimal_publisher/local_setup.sh
[65.178s] -- Installing: /home/jasurbek/ros2_ws/src/install/examples_rclcpp_minimal_publisher/share/examples_rclcpp_minimal_publisher/local_setup.zsh
[65.178s] -- Installing: /home/jasurbek/ros2_ws/src/install/examples_rclcpp_minimal_publisher/share/examples_rclcpp_minimal_publisher/local_setup.dsv
[65.178s] -- Installing: /home/jasurbek/ros2_ws/src/install/examples_rclcpp_minimal_publisher/share/examples_rclcpp_minimal_publisher/package.dsv
[65.179s] -- Installing: /home/jasurbek/ros2_ws/src/install/examples_rclcpp_minimal_publisher/share/ament_index/resource_index/packages/examples_rclcpp_minimal_publisher
[65.179s] -- Installing: /home/jasurbek/ros2_ws/src/install/examples_rclcpp_minimal_publisher/share/examples_rclcpp_minimal_publisher/cmake/examples_rclcpp_minimal_publisherConfig.cmake
[65.180s] -- Installing: /home/jasurbek/ros2_ws/src/install/examples_rclcpp_minimal_publisher/share/examples_rclcpp_minimal_publisher/cmake/examples_rclcpp_minimal_publisherConfig-version.cmake
[65.180s] -- Installing: /home/jasurbek/ros2_ws/src/install/examples_rclcpp_minimal_publisher/share/examples_rclcpp_minimal_publisher/package.xml
[65.187s] Invoked command in '/home/jasurbek/ros2_ws/src/build/examples_rclcpp_minimal_publisher' returned '0': CMAKE_PREFIX_PATH=/opt/ros/rolling:/opt/ros/humble /usr/bin/cmake --install /home/jasurbek/ros2_ws/src/build/examples_rclcpp_minimal_publisher
