[1.643s] Invoking command in '/home/jasurbek/ros2_ws/src/examples/rclpy/topics/pointcloud_publisher': PYTHONPATH=/home/jasurbek/ros2_ws/src/install/examples_rclpy_pointcloud_publisher/lib/python3.10/site-packages:${PYTHONPATH} /usr/bin/python3 setup.py egg_info --egg-base ../../../../build/examples_rclpy_pointcloud_publisher build --build-base /home/jasurbek/ros2_ws/src/build/examples_rclpy_pointcloud_publisher/build install --prefix /home/jasurbek/ros2_ws/src/install/examples_rclpy_pointcloud_publisher --record /home/jasurbek/ros2_ws/src/build/examples_rclpy_pointcloud_publisher/install.log --single-version-externally-managed
[2.294s] running egg_info
[2.295s] writing ../../../../build/examples_rclpy_pointcloud_publisher/examples_rclpy_pointcloud_publisher.egg-info/PKG-INFO
[2.297s] writing dependency_links to ../../../../build/examples_rclpy_pointcloud_publisher/examples_rclpy_pointcloud_publisher.egg-info/dependency_links.txt
[2.298s] writing entry points to ../../../../build/examples_rclpy_pointcloud_publisher/examples_rclpy_pointcloud_publisher.egg-info/entry_points.txt
[2.300s] writing requirements to ../../../../build/examples_rclpy_pointcloud_publisher/examples_rclpy_pointcloud_publisher.egg-info/requires.txt
[2.302s] writing top-level names to ../../../../build/examples_rclpy_pointcloud_publisher/examples_rclpy_pointcloud_publisher.egg-info/top_level.txt
[2.307s] reading manifest file '../../../../build/examples_rclpy_pointcloud_publisher/examples_rclpy_pointcloud_publisher.egg-info/SOURCES.txt'
[2.310s] writing manifest file '../../../../build/examples_rclpy_pointcloud_publisher/examples_rclpy_pointcloud_publisher.egg-info/SOURCES.txt'
[2.311s] running build
[2.311s] running build_py
[2.312s] running install
[2.313s] /usr/lib/python3/dist-packages/setuptools/command/install.py:34: SetuptoolsDeprecationWarning: setup.py install is deprecated. Use build and pip and other standards-based tools.
[2.314s]   warnings.warn(
[2.319s] running install_lib
[2.321s] running install_data
[2.324s] running install_egg_info
[2.330s] removing '/home/jasurbek/ros2_ws/src/install/examples_rclpy_pointcloud_publisher/lib/python3.10/site-packages/examples_rclpy_pointcloud_publisher-0.16.1-py3.10.egg-info' (and everything under it)
[2.331s] Copying ../../../../build/examples_rclpy_pointcloud_publisher/examples_rclpy_pointcloud_publisher.egg-info to /home/jasurbek/ros2_ws/src/install/examples_rclpy_pointcloud_publisher/lib/python3.10/site-packages/examples_rclpy_pointcloud_publisher-0.16.1-py3.10.egg-info
[2.334s] running install_scripts
[2.383s] Installing pointcloud_publisher script to /home/jasurbek/ros2_ws/src/install/examples_rclpy_pointcloud_publisher/lib/examples_rclpy_pointcloud_publisher
[2.385s] writing list of installed files to '/home/jasurbek/ros2_ws/src/build/examples_rclpy_pointcloud_publisher/install.log'
[2.437s] Invoked command in '/home/jasurbek/ros2_ws/src/examples/rclpy/topics/pointcloud_publisher' returned '0': PYTHONPATH=/home/jasurbek/ros2_ws/src/install/examples_rclpy_pointcloud_publisher/lib/python3.10/site-packages:${PYTHONPATH} /usr/bin/python3 setup.py egg_info --egg-base ../../../../build/examples_rclpy_pointcloud_publisher build --build-base /home/jasurbek/ros2_ws/src/build/examples_rclpy_pointcloud_publisher/build install --prefix /home/jasurbek/ros2_ws/src/install/examples_rclpy_pointcloud_publisher --record /home/jasurbek/ros2_ws/src/build/examples_rclpy_pointcloud_publisher/install.log --single-version-externally-managed
