[0.047s] Invoking command in '/home/jasurbek/ros2_ws/src/build/examples_rclcpp_async_client': CMAKE_PREFIX_PATH=/opt/ros/rolling:/opt/ros/humble /usr/bin/cmake /home/jasurbek/ros2_ws/src/examples/rclcpp/services/async_client -DCMAKE_INSTALL_PREFIX=/home/jasurbek/ros2_ws/src/install/examples_rclcpp_async_client
[0.177s] -- The C compiler identification is GNU 11.2.0
[0.277s] -- The CXX compiler identification is GNU 11.2.0
[0.289s] -- Detecting C compiler ABI info
[0.438s] -- Detecting C compiler ABI info - done
[0.460s] -- Check for working C compiler: /usr/bin/cc - skipped
[0.461s] -- Detecting C compile features
[0.463s] -- Detecting C compile features - done
[0.471s] -- Detecting CXX compiler ABI info
[0.651s] -- Detecting CXX compiler ABI info - done
[0.674s] -- Check for working CXX compiler: /usr/bin/c++ - skipped
[0.675s] -- Detecting CXX compile features
[0.678s] -- Detecting CXX compile features - done
[0.698s] -- Found ament_cmake: 1.5.0 (/opt/ros/rolling/share/ament_cmake/cmake)
[1.139s] -- Found Python3: /usr/bin/python3.10 (found version "3.10.6") found components: Interpreter 
[1.338s] -- Found example_interfaces: 0.9.3 (/opt/ros/humble/share/example_interfaces/cmake)
[1.458s] -- Found rosidl_generator_c: 3.2.1 (/opt/ros/rolling/share/rosidl_generator_c/cmake)
[1.472s] -- Found rosidl_adapter: 3.2.1 (/opt/ros/rolling/share/rosidl_adapter/cmake)
[1.501s] -- Found rosidl_generator_cpp: 3.2.1 (/opt/ros/rolling/share/rosidl_generator_cpp/cmake)
[1.550s] -- Using all available rosidl_typesupport_c: rosidl_typesupport_fastrtps_c;rosidl_typesupport_introspection_c
[1.614s] -- Using all available rosidl_typesupport_cpp: rosidl_typesupport_fastrtps_cpp;rosidl_typesupport_introspection_cpp
[2.124s] -- Found rclcpp: 16.2.0 (/opt/ros/rolling/share/rclcpp/cmake)
[2.265s] -- Found rmw_implementation_cmake: 6.3.0 (/opt/ros/rolling/share/rmw_implementation_cmake/cmake)
[2.271s] -- Found rmw_fastrtps_cpp: 6.3.0 (/opt/ros/rolling/share/rmw_fastrtps_cpp/cmake)
[2.484s] -- Found OpenSSL: /usr/lib/x86_64-linux-gnu/libcrypto.so (found version "3.0.2")  
[2.545s] -- Found FastRTPS: /opt/ros/rolling/include  
[2.665s] -- Using RMW implementation 'rmw_fastrtps_cpp' as default
[3.277s] -- Found ament_lint_auto: 0.12.4 (/opt/ros/humble/share/ament_lint_auto/cmake)
[3.514s] -- Added test 'copyright' to check source files copyright and LICENSE
[3.517s] -- Added test 'cppcheck' to perform static code analysis on C / C++ code
[3.518s] -- Configured cppcheck include dirs: 
[3.518s] -- Configured cppcheck exclude dirs and/or files: 
[3.521s] -- Added test 'cpplint' to check C / C++ code against the Google style
[3.521s] -- Configured cpplint exclude dirs and/or files: 
[3.523s] -- Added test 'lint_cmake' to check CMake code style
[3.525s] -- Added test 'uncrustify' to check C / C++ code style
[3.525s] -- Configured uncrustify additional arguments: 
[3.527s] -- Added test 'xmllint' to check XML markup files
[3.530s] -- Configuring done
[3.563s] -- Generating done
[3.577s] -- Build files have been written to: /home/jasurbek/ros2_ws/src/build/examples_rclcpp_async_client
[3.621s] Invoked command in '/home/jasurbek/ros2_ws/src/build/examples_rclcpp_async_client' returned '0': CMAKE_PREFIX_PATH=/opt/ros/rolling:/opt/ros/humble /usr/bin/cmake /home/jasurbek/ros2_ws/src/examples/rclcpp/services/async_client -DCMAKE_INSTALL_PREFIX=/home/jasurbek/ros2_ws/src/install/examples_rclcpp_async_client
[3.625s] Invoking command in '/home/jasurbek/ros2_ws/src/build/examples_rclcpp_async_client': CMAKE_PREFIX_PATH=/opt/ros/rolling:/opt/ros/humble /usr/bin/cmake --build /home/jasurbek/ros2_ws/src/build/examples_rclcpp_async_client -- -j2 -l2
[3.873s] [ 50%] [32mBuilding CXX object CMakeFiles/client_main.dir/main.cpp.o[0m
[17.438s] [100%] [32m[1mLinking CXX executable client_main[0m
[18.086s] [100%] Built target client_main
[18.155s] Invoked command in '/home/jasurbek/ros2_ws/src/build/examples_rclcpp_async_client' returned '0': CMAKE_PREFIX_PATH=/opt/ros/rolling:/opt/ros/humble /usr/bin/cmake --build /home/jasurbek/ros2_ws/src/build/examples_rclcpp_async_client -- -j2 -l2
[18.407s] Invoking command in '/home/jasurbek/ros2_ws/src/build/examples_rclcpp_async_client': CMAKE_PREFIX_PATH=/opt/ros/rolling:/opt/ros/humble /usr/bin/cmake --install /home/jasurbek/ros2_ws/src/build/examples_rclcpp_async_client
[18.433s] -- Install configuration: ""
[18.443s] -- Installing: /home/jasurbek/ros2_ws/src/install/examples_rclcpp_async_client/lib/examples_rclcpp_async_client/client_main
[18.445s] -- Set runtime path of "/home/jasurbek/ros2_ws/src/install/examples_rclcpp_async_client/lib/examples_rclcpp_async_client/client_main" to ""
[18.446s] -- Installing: /home/jasurbek/ros2_ws/src/install/examples_rclcpp_async_client/share/ament_index/resource_index/package_run_dependencies/examples_rclcpp_async_client
[18.447s] -- Installing: /home/jasurbek/ros2_ws/src/install/examples_rclcpp_async_client/share/ament_index/resource_index/parent_prefix_path/examples_rclcpp_async_client
[18.448s] -- Installing: /home/jasurbek/ros2_ws/src/install/examples_rclcpp_async_client/share/examples_rclcpp_async_client/environment/ament_prefix_path.sh
[18.449s] -- Installing: /home/jasurbek/ros2_ws/src/install/examples_rclcpp_async_client/share/examples_rclcpp_async_client/environment/ament_prefix_path.dsv
[18.450s] -- Installing: /home/jasurbek/ros2_ws/src/install/examples_rclcpp_async_client/share/examples_rclcpp_async_client/environment/path.sh
[18.455s] -- Installing: /home/jasurbek/ros2_ws/src/install/examples_rclcpp_async_client/share/examples_rclcpp_async_client/environment/path.dsv
[18.455s] -- Installing: /home/jasurbek/ros2_ws/src/install/examples_rclcpp_async_client/share/examples_rclcpp_async_client/local_setup.bash
[18.455s] -- Installing: /home/jasurbek/ros2_ws/src/install/examples_rclcpp_async_client/share/examples_rclcpp_async_client/local_setup.sh
[18.456s] -- Installing: /home/jasurbek/ros2_ws/src/install/examples_rclcpp_async_client/share/examples_rclcpp_async_client/local_setup.zsh
[18.456s] -- Installing: /home/jasurbek/ros2_ws/src/install/examples_rclcpp_async_client/share/examples_rclcpp_async_client/local_setup.dsv
[18.456s] -- Installing: /home/jasurbek/ros2_ws/src/install/examples_rclcpp_async_client/share/examples_rclcpp_async_client/package.dsv
[18.457s] -- Installing: /home/jasurbek/ros2_ws/src/install/examples_rclcpp_async_client/share/ament_index/resource_index/packages/examples_rclcpp_async_client
[18.457s] -- Installing: /home/jasurbek/ros2_ws/src/install/examples_rclcpp_async_client/share/examples_rclcpp_async_client/cmake/examples_rclcpp_async_clientConfig.cmake
[18.458s] -- Installing: /home/jasurbek/ros2_ws/src/install/examples_rclcpp_async_client/share/examples_rclcpp_async_client/cmake/examples_rclcpp_async_clientConfig-version.cmake
[18.458s] -- Installing: /home/jasurbek/ros2_ws/src/install/examples_rclcpp_async_client/share/examples_rclcpp_async_client/package.xml
[18.462s] Invoked command in '/home/jasurbek/ros2_ws/src/build/examples_rclcpp_async_client' returned '0': CMAKE_PREFIX_PATH=/opt/ros/rolling:/opt/ros/humble /usr/bin/cmake --install /home/jasurbek/ros2_ws/src/build/examples_rclcpp_async_client
