[0.023s] Invoking command in '/home/jasurbek/ros2_ws/src/build/examples_rclcpp_minimal_client': CMAKE_PREFIX_PATH=/opt/ros/rolling:/opt/ros/humble /usr/bin/cmake /home/jasurbek/ros2_ws/src/examples/rclcpp/services/minimal_client -DCMAKE_INSTALL_PREFIX=/home/jasurbek/ros2_ws/src/install/examples_rclcpp_minimal_client
[0.161s] -- The C compiler identification is GNU 11.2.0
[0.302s] -- The CXX compiler identification is GNU 11.2.0
[0.316s] -- Detecting C compiler ABI info
[0.442s] -- Detecting C compiler ABI info - done
[0.469s] -- Check for working C compiler: /usr/bin/cc - skipped
[0.470s] -- Detecting C compile features
[0.471s] -- Detecting C compile features - done
[0.479s] -- Detecting CXX compiler ABI info
[0.640s] -- Detecting CXX compiler ABI info - done
[0.656s] -- Check for working CXX compiler: /usr/bin/c++ - skipped
[0.657s] -- Detecting CXX compile features
[0.658s] -- Detecting CXX compile features - done
[0.662s] -- Found ament_cmake: 1.5.0 (/opt/ros/rolling/share/ament_cmake/cmake)
[1.012s] -- Found Python3: /usr/bin/python3.10 (found version "3.10.6") found components: Interpreter 
[1.208s] -- Found example_interfaces: 0.9.3 (/opt/ros/humble/share/example_interfaces/cmake)
[1.296s] -- Found rosidl_generator_c: 3.2.1 (/opt/ros/rolling/share/rosidl_generator_c/cmake)
[1.307s] -- Found rosidl_adapter: 3.2.1 (/opt/ros/rolling/share/rosidl_adapter/cmake)
[1.328s] -- Found rosidl_generator_cpp: 3.2.1 (/opt/ros/rolling/share/rosidl_generator_cpp/cmake)
[1.364s] -- Using all available rosidl_typesupport_c: rosidl_typesupport_fastrtps_c;rosidl_typesupport_introspection_c
[1.414s] -- Using all available rosidl_typesupport_cpp: rosidl_typesupport_fastrtps_cpp;rosidl_typesupport_introspection_cpp
[1.905s] -- Found rclcpp: 16.2.0 (/opt/ros/rolling/share/rclcpp/cmake)
[2.037s] -- Found rmw_implementation_cmake: 6.3.0 (/opt/ros/rolling/share/rmw_implementation_cmake/cmake)
[2.042s] -- Found rmw_fastrtps_cpp: 6.3.0 (/opt/ros/rolling/share/rmw_fastrtps_cpp/cmake)
[2.238s] -- Found OpenSSL: /usr/lib/x86_64-linux-gnu/libcrypto.so (found version "3.0.2")  
[2.298s] -- Found FastRTPS: /opt/ros/rolling/include  
[2.405s] -- Using RMW implementation 'rmw_fastrtps_cpp' as default
[2.859s] -- Found ament_lint_auto: 0.12.4 (/opt/ros/humble/share/ament_lint_auto/cmake)
[3.051s] -- Added test 'copyright' to check source files copyright and LICENSE
[3.052s] -- Added test 'cppcheck' to perform static code analysis on C / C++ code
[3.053s] -- Configured cppcheck include dirs: 
[3.053s] -- Configured cppcheck exclude dirs and/or files: 
[3.054s] -- Added test 'cpplint' to check C / C++ code against the Google style
[3.055s] -- Configured cpplint exclude dirs and/or files: 
[3.056s] -- Added test 'lint_cmake' to check CMake code style
[3.057s] -- Added test 'uncrustify' to check C / C++ code style
[3.057s] -- Configured uncrustify additional arguments: 
[3.058s] -- Added test 'xmllint' to check XML markup files
[3.061s] -- Configuring done
[3.089s] -- Generating done
[3.095s] -- Build files have been written to: /home/jasurbek/ros2_ws/src/build/examples_rclcpp_minimal_client
[3.116s] Invoked command in '/home/jasurbek/ros2_ws/src/build/examples_rclcpp_minimal_client' returned '0': CMAKE_PREFIX_PATH=/opt/ros/rolling:/opt/ros/humble /usr/bin/cmake /home/jasurbek/ros2_ws/src/examples/rclcpp/services/minimal_client -DCMAKE_INSTALL_PREFIX=/home/jasurbek/ros2_ws/src/install/examples_rclcpp_minimal_client
[3.117s] Invoking command in '/home/jasurbek/ros2_ws/src/build/examples_rclcpp_minimal_client': CMAKE_PREFIX_PATH=/opt/ros/rolling:/opt/ros/humble /usr/bin/cmake --build /home/jasurbek/ros2_ws/src/build/examples_rclcpp_minimal_client -- -j2 -l2
[3.197s] [ 50%] [32mBuilding CXX object CMakeFiles/client_main.dir/main.cpp.o[0m
[11.368s] [100%] [32m[1mLinking CXX executable client_main[0m
[11.736s] [100%] Built target client_main
[11.757s] Invoked command in '/home/jasurbek/ros2_ws/src/build/examples_rclcpp_minimal_client' returned '0': CMAKE_PREFIX_PATH=/opt/ros/rolling:/opt/ros/humble /usr/bin/cmake --build /home/jasurbek/ros2_ws/src/build/examples_rclcpp_minimal_client -- -j2 -l2
[11.813s] Invoking command in '/home/jasurbek/ros2_ws/src/build/examples_rclcpp_minimal_client': CMAKE_PREFIX_PATH=/opt/ros/rolling:/opt/ros/humble /usr/bin/cmake --install /home/jasurbek/ros2_ws/src/build/examples_rclcpp_minimal_client
[11.830s] -- Install configuration: ""
[11.831s] -- Installing: /home/jasurbek/ros2_ws/src/install/examples_rclcpp_minimal_client/lib/examples_rclcpp_minimal_client/client_main
[11.833s] -- Set runtime path of "/home/jasurbek/ros2_ws/src/install/examples_rclcpp_minimal_client/lib/examples_rclcpp_minimal_client/client_main" to ""
[11.833s] -- Installing: /home/jasurbek/ros2_ws/src/install/examples_rclcpp_minimal_client/share/ament_index/resource_index/package_run_dependencies/examples_rclcpp_minimal_client
[11.834s] -- Installing: /home/jasurbek/ros2_ws/src/install/examples_rclcpp_minimal_client/share/ament_index/resource_index/parent_prefix_path/examples_rclcpp_minimal_client
[11.835s] -- Installing: /home/jasurbek/ros2_ws/src/install/examples_rclcpp_minimal_client/share/examples_rclcpp_minimal_client/environment/ament_prefix_path.sh
[11.835s] -- Installing: /home/jasurbek/ros2_ws/src/install/examples_rclcpp_minimal_client/share/examples_rclcpp_minimal_client/environment/ament_prefix_path.dsv
[11.835s] -- Installing: /home/jasurbek/ros2_ws/src/install/examples_rclcpp_minimal_client/share/examples_rclcpp_minimal_client/environment/path.sh
[11.836s] -- Installing: /home/jasurbek/ros2_ws/src/install/examples_rclcpp_minimal_client/share/examples_rclcpp_minimal_client/environment/path.dsv
[11.836s] -- Installing: /home/jasurbek/ros2_ws/src/install/examples_rclcpp_minimal_client/share/examples_rclcpp_minimal_client/local_setup.bash
[11.837s] -- Installing: /home/jasurbek/ros2_ws/src/install/examples_rclcpp_minimal_client/share/examples_rclcpp_minimal_client/local_setup.sh
[11.837s] -- Installing: /home/jasurbek/ros2_ws/src/install/examples_rclcpp_minimal_client/share/examples_rclcpp_minimal_client/local_setup.zsh
[11.837s] -- Installing: /home/jasurbek/ros2_ws/src/install/examples_rclcpp_minimal_client/share/examples_rclcpp_minimal_client/local_setup.dsv
[11.838s] -- Installing: /home/jasurbek/ros2_ws/src/install/examples_rclcpp_minimal_client/share/examples_rclcpp_minimal_client/package.dsv
[11.838s] -- Installing: /home/jasurbek/ros2_ws/src/install/examples_rclcpp_minimal_client/share/ament_index/resource_index/packages/examples_rclcpp_minimal_client
[11.839s] -- Installing: /home/jasurbek/ros2_ws/src/install/examples_rclcpp_minimal_client/share/examples_rclcpp_minimal_client/cmake/examples_rclcpp_minimal_clientConfig.cmake
[11.839s] -- Installing: /home/jasurbek/ros2_ws/src/install/examples_rclcpp_minimal_client/share/examples_rclcpp_minimal_client/cmake/examples_rclcpp_minimal_clientConfig-version.cmake
[11.839s] -- Installing: /home/jasurbek/ros2_ws/src/install/examples_rclcpp_minimal_client/share/examples_rclcpp_minimal_client/package.xml
[11.849s] Invoked command in '/home/jasurbek/ros2_ws/src/build/examples_rclcpp_minimal_client' returned '0': CMAKE_PREFIX_PATH=/opt/ros/rolling:/opt/ros/humble /usr/bin/cmake --install /home/jasurbek/ros2_ws/src/build/examples_rclcpp_minimal_client
